Solver command line: []

Read LP format model from file C:\Users\wlhlm\AppData\Local\Temp\tmpsdpkzsz1.pyomo.lp
Reading time = 2.90 seconds
objective: 959184 rows, 858479 columns, 2176806 nonzeros
Set parameter MIPGap to value 0.03
Gurobi Optimizer version 12.0.1 build v12.0.1rc0 (win64 - Windows 11.0 (26100.2))

CPU model: Intel(R) Core(TM) Ultra 7 258V, instruction set [SSE2|AVX|AVX2]
Thread count: 8 physical cores, 8 logical processors, using up to 8 threads

Non-default parameters:
MIPGap  0.03

Optimize a model with 959184 rows, 858479 columns and 2176806 nonzeros
Model fingerprint: 0xc1c21de7
Model has 8759 quadratic constraints
Variable types: 735840 continuous, 122639 integer (105120 binary)
Coefficient statistics:
  Matrix range     [6e-03, 2e+02]
  QMatrix range    [1e+00, 1e+00]
  Objective range  [1e-02, 5e+02]
  Bounds range     [1e+00, 3e+00]
  RHS range        [8e-05, 1e+04]
Presolve removed 768549 rows and 652308 columns
Presolve time: 1.75s
Presolved: 190635 rows, 206171 columns, 614120 nonzeros
Variable types: 142933 continuous, 63238 integer (63238 binary)
Performing another presolve...
Presolve removed 52564 rows and 52565 columns (presolve time = 7s)...
Presolve removed 52564 rows and 52565 columns
Presolve time: 7.05s
Deterministic concurrent LP optimizer: primal and dual simplex
Showing primal log only...


Root simplex log...

Iteration    Objective       Primal Inf.    Dual Inf.      Time
       0    2.4465637e+07   6.903943e+07   6.731846e+13     10s
Concurrent spin time: 0.14s

Solved with dual simplex

Root simplex log...

Iteration    Objective       Primal Inf.    Dual Inf.      Time
   39385    9.1145414e+05   0.000000e+00   0.000000e+00     13s

Root relaxation: objective 9.114541e+05, 39385 iterations, 3.47 seconds (5.20 work units)
Total elapsed time = 13.12s (DegenMoves)

    Nodes    |    Current Node    |     Objective Bounds      |     Work
 Expl Unexpl |  Obj  Depth IntInf | Incumbent    BestBd   Gap | It/Node Time

     0     0 911454.145    0  513          - 911454.145      -     -   16s
H    0     0                    1484336.6494 911454.145  38.6%     -   18s
     0     0 919989.589    0  555 1484336.65 919989.589  38.0%     -   21s
     0     0 920443.532    0  571 1484336.65 920443.532  38.0%     -   23s
     0     0 920443.532    0  574 1484336.65 920443.532  38.0%     -   23s
     0     0 923135.958    0  542 1484336.65 923135.958  37.8%     -   25s
     0     0 923291.489    0  501 1484336.65 923291.489  37.8%     -   26s
     0     0 923298.156    0  501 1484336.65 923298.156  37.8%     -   26s
     0     0 923298.156    0  503 1484336.65 923298.156  37.8%     -   26s
H    0     0                    1478063.1338 923906.230  37.5%     -   29s
H    0     0                    1470715.5981 923906.230  37.2%     -   29s
H    0     0                    1470111.8036 923906.230  37.2%     -   29s
     0     0 923906.230    0  494 1470111.80 923906.230  37.2%     -   29s
H    0     0                    1470044.9300 923947.438  37.1%     -   30s
     0     0 923947.438    0  505 1470044.93 923947.438  37.1%     -   30s
     0     0 923956.534    0  507 1470044.93 923956.534  37.1%     -   30s
H    0     0                    1456128.6450 923957.830  36.5%     -   31s
H    0     0                    1456124.4529 923957.830  36.5%     -   31s
H    0     0                    1449622.2401 923957.830  36.3%     -   31s
H    0     0                    1449505.3454 923957.830  36.3%     -   31s
     0     0 923957.830    0  512 1449505.35 923957.830  36.3%     -   31s
H    0     0                    1449338.9137 923957.830  36.2%     -   33s
     0     0 924125.313    0  507 1449338.91 924125.313  36.2%     -   33s
H    0     0                    1430786.2475 924125.313  35.4%     -   35s
     0     0 924230.875    0  513 1430786.25 924230.875  35.4%     -   35s
     0     0 924242.357    0  525 1430786.25 924242.357  35.4%     -   35s
     0     0 924242.397    0  519 1430786.25 924242.397  35.4%     -   36s
     0     0 924254.808    0  515 1430786.25 924254.808  35.4%     -   37s
     0     0 924255.544    0  520 1430786.25 924255.544  35.4%     -   38s
     0     0 924257.179    0  521 1430786.25 924257.179  35.4%     -   39s
H    0     0                    1417173.9900 924257.179  34.8%     -   40s
H    0     0                    1412423.2017 924257.179  34.6%     -   40s
H    0     0                    1412148.6529 924257.179  34.5%     -   40s
H    0     0                    1411739.6356 924257.179  34.5%     -   40s
H    0     0                    1411689.0521 924257.179  34.5%     -   41s
H    0     0                    1411455.4644 924257.179  34.5%     -   41s
H    0     0                    1411421.3875 924257.179  34.5%     -   41s
H    0     0                    1410909.8286 924257.179  34.5%     -   41s
     0     0 924257.179    0  521 1410909.83 924257.179  34.5%     -   42s
     0     0 924258.900    0  528 1410909.83 924258.900  34.5%     -   42s
     0     0 924258.914    0  527 1410909.83 924258.914  34.5%     -   43s
     0     0 924260.057    0  530 1410909.83 924260.057  34.5%     -   43s
     0     0 924260.897    0  428 1410909.83 924260.897  34.5%     -   45s
     0     2 924260.897    0  406 1410909.83 924260.897  34.5%     -   47s
    35    44 925381.667    6  418 1410909.83 924314.211  34.5%  82.2   51s
H   39    44                    1400598.8525 924314.211  34.0%  73.8   51s
H   41    44                    1393657.8632 924314.211  33.7%  72.7   51s
H   78    84                    1392991.1252 924314.211  33.6%  41.4   53s
H   81    84                    1391438.1156 924314.211  33.6%  40.2   53s
   143   168 925381.667   17  419 1391438.12 924314.211  33.6%  23.7   55s
H  184   193                    1387804.0754 924314.211  33.4%  19.1   59s
H  186   193                    1386287.2999 924314.211  33.3%  19.0   59s
H  187   193                    1381688.3936 924314.211  33.1%  18.9   59s
   209   220 925477.666   23  419 1381688.39 924314.211  33.1%  17.2   60s
   478   488 926157.004   60  416 1381688.39 924314.211  33.1%   8.2   65s
   773   854 926375.355   91  416 1381688.39 924314.211  33.1%   5.6   70s
   865   882 926382.074   99  415 1381688.39 924314.211  33.1%   5.4   96s
H  880   882                    1122645.0554 924314.211  17.7%   5.3   96s
H  881   890                    1120839.9451 924314.211  17.5%   5.3   97s
H  884   890                    1118092.6155 924314.211  17.3%   5.3   97s
H  886   890                    1117510.6785 924314.211  17.3%   5.3   97s
   944   953 926479.717  107  412 1117510.68 924314.211  17.3%   5.3  102s
H  945   953                    1117494.8020 924314.211  17.3%   5.3  102s
H  946   953                    1117214.6820 924314.211  17.3%   5.3  102s
H  950   953                    1116951.4300 924314.211  17.2%   5.2  102s
H  951   953                    1115537.5829 924314.211  17.1%   5.2  102s
  1179  1264 926714.556  125  411 1115537.58 924314.211  17.1%   5.6  105s
  1624  1763 927032.635  169  406 1115537.58 924314.211  17.1%   5.9  110s
  2011  2020 927137.869  211  406 1115537.58 924314.211  17.1%   6.4  116s
H 2012  2020                    1115423.7726 924314.211  17.1%   6.4  116s
H 2020  2028                    1099946.0122 924314.211  16.0%   6.4  119s
  2027  2142 927137.869  213  406 1099946.01 924314.211  16.0%   6.4  120s
  2572  2741 927182.928  258  399 1099946.01 924314.211  16.0%   6.3  125s
  3043  3052 927518.507  294  385 1099946.01 924314.211  16.0%   6.9  135s
H 3044  3052                    1099701.6421 924314.211  15.9%   6.9  135s
H 3300  3309                    1088241.8667 924314.211  15.1%   7.4  142s
H 3301  3309                    1085486.2476 924314.211  14.8%   7.4  142s
  3493  3619 928135.270  338  375 1085486.25 924314.211  14.8%   7.5  145s
  4081  4282 928407.602  408  371 1085486.25 924314.211  14.8%   7.5  151s
  4549  4720 928450.210  453  364 1085486.25 924314.211  14.8%   7.7  155s
  5194  5473 928579.489  521  361 1085486.25 924314.211  14.8%   7.9  162s
  5788  5805 928532.491  575  359 1085486.25 924314.211  14.8%   7.5  170s
H 5789  5805                    1067287.5028 924314.211  13.4%   7.5  170s
H 5790  5805                    1063620.8218 924314.211  13.1%   7.5  170s
H 5801  5805                    1056508.6148 924314.211  12.5%   7.5  170s
H 5802  5805                    1053981.6705 924314.211  12.3%   7.5  171s
  6036  6478 928532.491  596  359 1053981.67 924314.211  12.3%   7.3  178s
  6477  6951 928534.364  626  361 1053981.67 924314.211  12.3%   6.9  180s
H 7349  7350                    1051679.4733 924314.211  12.1%   6.6  189s
H 7349  7350                    1051467.3089 924314.211  12.1%   6.6  191s
H 7349  7350                    1051373.9283 924314.211  12.1%   6.6  192s
H 7349  7350                    1051284.6155 924314.211  12.1%   6.6  193s
H 7349  7350                    1041657.0008 924314.211  11.3%   6.6  196s
H 7349  7350                    1039337.3625 924314.211  11.1%   6.6  197s
H 7349  7350                    1038552.2087 924314.211  11.0%   6.6  199s
H 7349  7350                    1029314.3016 924314.211  10.2%   6.6  201s
  7350  7351 929146.435  676 18480 1029314.30 924314.211  10.2%   6.6  210s
  7352  7352 924443.880    5  489 1029314.30 924314.211  10.2%   6.6  222s
  7353  7353 930019.086  673  568 1029314.30 924314.211  10.2%   6.6  225s
  7359  7357 929263.402  606  493 1029314.30 924324.727  10.2%   6.6  230s
  7365  7361 929001.707  702  520 1029314.30 925330.764  10.1%   6.6  236s
H 7369  6995                    1029271.1180 925642.476  10.1%   6.6  241s
H 7370  6645                    1029202.4516 925944.547  10.0%   6.6  243s
  7375  6649 928518.725  533  510 1029202.45 925944.547  10.0%   6.6  246s
H 7380  6319                    1029110.3470 926062.736  10.0%   6.6  252s
H 7381  6003                    1028768.6616 926130.962  10.0%   6.6  255s
  7392  6010 928711.331  678  502 1028768.66 926199.832  10.0%   6.6  260s
  7396  6013 927173.136  227  500 1028768.66 926210.652  10.0%   6.5  267s
  7401  6016 928532.491  556  523 1028768.66 926220.063  10.0%   6.5  270s
  7408  6021 928864.225  629  530 1028768.66 926243.555  10.0%   6.5  275s
  7414  6025 929363.336  498  521 1028768.66 926288.382  10.0%   6.5  280s
H 7416  5724                    1028285.0902 926288.382  9.92%   6.5  283s
  7419  5726 927751.406  265  525 1028285.09 926288.382  9.92%   6.5  287s
  7423  5729 928527.674  343  534 1028285.09 926289.592  9.92%   6.5  291s
  7428  5732 928714.668   72  540 1028285.09 926305.597  9.92%   6.5  295s
H 7435  5449                    1027299.3786 926317.202  9.83%   6.5  301s
  7440  5452 926321.422   31  534 1027299.38 926321.422  9.83%   6.5  306s
H 7442  5178                    1027117.3145 926322.559  9.81%   6.5  311s
H 7442  4918                    1026404.2884 926322.559  9.75%   6.5  312s
H 7442  4670                    1026000.9561 926322.559  9.72%   6.5  313s
H 7442  4435                    1025916.3359 926322.559  9.71%   6.5  314s
  7443  4436 927742.117  277  530 1025916.34 926322.559  9.71%   6.5  315s
  7446  4438 926323.177   28  535 1025916.34 926323.177  9.71%   6.5  320s
  7452  4443 926323.177    5  573 1025916.34 926323.177  9.71%  15.9  332s
  7453  4444 930019.086  673  583 1025916.34 926323.177  9.71%  15.9  335s
  7460  4449 928588.986  556  498 1025916.34 926323.177  9.71%  15.9  340s
H 7460  4226                    1025866.4990 926331.303  9.70%  15.9  340s
H 7460  4014                    1025744.1479 926331.303  9.69%  15.9  340s
H 7460  3814                    1023043.2310 926391.306  9.45%  15.9  343s
  7462  3815 928505.052  459  501 1023043.23 926391.306  9.45%  15.9  345s
  7466  3818 928376.321  401  502 1023043.23 926391.306  9.45%  15.9  351s
  7469  3820 928007.193  258  508 1023043.23 926391.306  9.45%  15.9  355s
  7473  3822 926391.306  155  516 1023043.23 926391.306  9.45%  15.9  362s
  7476  3824 927138.066  178  513 1023043.23 926391.306  9.45%  15.9  366s
  7480  3827 929328.947  712  520 1023043.23 926391.306  9.45%  15.8  370s
  7486  3831 929144.423  660  515 1023043.23 926391.306  9.45%  15.8  376s
  7490  3834 929326.609  436  530 1023043.23 926391.306  9.45%  15.8  380s
H 7490  3641                    1022363.1813 926391.306  9.39%  15.8  380s
  7496  3645 927173.136  227  530 1022363.18 926391.306  9.39%  15.8  385s
  7499  3647 928719.026  536  521 1022363.18 926391.306  9.39%  15.8  391s
H 7500  3464                    1021195.5059 926391.306  9.28%  15.8  392s
H 7500  3290                    1021184.9314 926391.306  9.28%  15.8  392s
  7503  3292 928113.621  349  515 1021184.93 926391.306  9.28%  15.8  396s
  7507  3295 928612.381  551  525 1021184.93 926391.306  9.28%  15.8  400s
H 7509  3130                    1019980.3767 926391.306  9.18%  15.8  401s
H 7510  2973                    1019974.5982 926391.306  9.18%  15.8  405s
H 7510  2824                    1019932.7415 926391.306  9.17%  15.8  405s
H 7510  2682                    1018639.4082 926391.306  9.06%  15.8  405s
H 7510  2546                    1018519.2140 926391.306  9.05%  15.8  405s
H 7510  2418                    1018425.5527 926391.306  9.04%  15.8  405s
H 7510  2296                    1017645.6523 926391.306  8.97%  15.8  405s
H 7510  2180                    1015110.3415 926391.306  8.74%  15.8  405s
H 7511  2071                    1013278.1629 926391.306  8.57%  15.8  408s
  7514  2073 929363.336  498  521 1013278.16 926391.306  8.57%  15.8  410s
  7519  2076 927751.406  265  516 1013278.16 926392.621  8.57%  15.8  415s
  7525  2080 926397.000  109  516 1013278.16 926397.000  8.57%  15.7  421s
  7528  2082 928714.668   72  519 1013278.16 926402.074  8.57%  15.7  425s
  7532  2085 927387.978  279  521 1013278.16 926402.074  8.57%  15.7  433s
  7534  2086 928423.553  547  410 1013278.16 926402.074  8.57%  15.7  442s
H 7534  1981                    1013239.6047 926402.074  8.57%  15.7  445s
H 7534  1880                    1013239.2238 926402.074  8.57%  15.7  446s
H 7534  1785                    1008555.6720 926402.074  8.15%  15.7  446s
H 7534  1694                    1005950.1356 926402.074  7.91%  15.7  446s
H 7534  1608                    1005950.1280 926402.074  7.91%  15.7  446s
H 7534  1526                    1005950.1226 926402.074  7.91%  15.7  448s
H 7534  1448                    1005940.4424 926402.074  7.91%  15.7  448s
H 7534  1374                    1005842.8336 926402.074  7.90%  15.7  448s
H 7534  1304                    1005839.5002 926402.074  7.90%  15.7  448s
H 7534  1238                    1005835.3022 926402.074  7.90%  15.7  449s
H 7534  1174                    1005713.6099 926402.074  7.89%  15.7  449s
H 7534  1114                    1005713.5969 926402.074  7.89%  15.7  449s
  7535  1115 928159.021  487  410 1005713.60 926402.074  7.89%  15.7  450s
  7542  1128 930018.139   29  416 1005713.60 926487.404  7.88%  25.0  455s
H 7618  1122                    1005712.8822 926571.029  7.87%  25.1  461s
  7657  1148 932962.247   38  407 1005712.88 926571.029  7.87%  25.4  465s
H 7683  1106                    1005589.7769 926571.029  7.86%  25.3  468s
H 7702  1072                    1005414.7402 926571.029  7.84%  25.4  470s
H 7705  1022                    1004611.0101 926571.029  7.77%  25.4  471s
  7782  1076 932826.276   45  399 1004611.01 926571.029  7.77%  25.5  475s
  7849  1121 932873.110   49  388 1004611.01 926571.029  7.77%  25.8  484s
H 7854  1072                    1004507.8117 926571.029  7.76%  25.9  484s
  7857  1092 932834.742   50  387 1004507.81 926571.029  7.76%  25.9  485s
  7886  1099 933314.241   51  380 1004507.81 926571.029  7.76%  25.8  497s
  7894  1104 932853.523   52  384 1004507.81 926571.029  7.76%  25.8  503s
  7910  1115 932866.107   53  379 1004507.81 926571.029  7.76%  25.8  506s
  7926  1125 932866.614   54  379 1004507.81 926571.029  7.76%  25.8  510s
  7950  1141 933476.184   55  379 1004507.81 926571.029  7.76%  25.7  517s
  7966  1152 933813.778   56  379 1004507.81 926571.029  7.76%  25.7  521s
  7982  1163 933849.723   57  379 1004507.81 926571.029  7.76%  25.6  527s
H 7990  1151                    1002554.9335 926571.029  7.58%  25.6  529s
H 8025  1106                    1002083.3342 926571.029  7.54%  25.6  533s
H 8026  1066                    1001801.9226 926571.029  7.51%  25.6  533s
H 8027  1028                    1001715.5134 926571.029  7.50%  25.6  533s
H 8028   991                    1001528.3569 926571.029  7.48%  25.6  533s
  8067  1042 932905.913   63  361 1001528.36 926571.029  7.48%  25.6  536s
H 8135  1035                    1001334.3090 926571.029  7.47%  25.7  543s
H 8136  1002                    998805.66631 926571.029  7.23%  25.7  543s
  8147  1039 932941.806   67  354 998805.666 926571.029  7.23%  25.7  545s
  8288  1147 932987.871   75  352 998805.666 926571.029  7.23%  26.7  552s
  8392  1223 933073.751   81  352 998805.666 926571.029  7.23%  27.1  557s
  8459  1282 933026.985   86  351 998805.666 926571.029  7.23%  27.3  561s
  8548  1355 933080.099   91  336 998805.666 926571.029  7.23%  27.3  565s
  8653  1329 933095.302   98  322 998805.666 926571.029  7.23%  27.8  577s
H 8654  1298                    997847.43267 926571.029  7.14%  27.8  577s
H 8657  1267                    996164.11957 926571.029  6.99%  27.8  577s
  8662  1383 933148.412   98  327 996164.120 926571.029  6.99%  27.8  580s
  8869  1515 933345.898  109  310 996164.120 926571.029  6.99%  28.2  587s
  8981  1643 933289.483  117  290 996164.120 926571.029  6.99%  28.3  590s
  9291  1870 933287.881  136  271 996164.120 926571.029  6.99%  28.0  596s
  9637  2184 933298.995  157  256 996164.120 926571.029  6.99%  27.6  603s
  9808  2273 934551.683  168  252 996164.120 926571.029  6.99%  27.3  609s
H 9872  2273                    996160.14366 926571.029  6.99%  27.5  609s
  9897  2424 934420.674  177  252 996160.144 926571.029  6.99%  27.4  613s
 10052  2599 934985.972  185  258 996160.144 926571.029  6.99%  27.3  616s
 10227  2752 935641.075  196  254 996160.144 926571.029  6.99%  27.5  623s
H10241  2752                    996151.33802 926571.029  6.98%  27.6  623s
H10288  2752                    996149.67736 926571.029  6.98%  27.8  623s
H10348  2752                    995566.31088 926571.029  6.93%  27.9  623s
 10382  2887 934016.015  204  253 995566.311 926571.029  6.93%  28.1  627s
 10529  3032 infeasible  213      995566.311 926571.029  6.93%  28.9  630s
H10823  3183                    987094.02613 926571.029  6.13%  31.9  645s
 10969  3438 934049.667  242  253 987094.026 926571.029  6.13%  33.4  652s
 11086  3592 934049.667  249  253 987094.026 926571.029  6.13%  34.4  656s
 11240  3756 935773.914  259  254 987094.026 926571.029  6.13%  35.7  661s
 11430  3967 935775.106  272  251 987094.026 926571.029  6.13%  36.5  665s
 11643  4187 935775.473  284  249 987094.026 926571.029  6.13%  36.3  671s
 11863  4350 938315.897  294  253 987094.026 926571.029  6.13%  35.9  682s
H11897  4350                    987089.47176 926571.029  6.13%  35.9  682s
H11898  4350                    987086.57033 926571.029  6.13%  35.9  682s
 12026  4358 935984.314  311  246 987086.570 926571.029  6.13%  35.8  693s
H12028  4358                    987086.53998 926571.029  6.13%  35.7  693s
H12032  4358                    987086.44496 926571.029  6.13%  35.7  693s
 12034  4645 936002.847  312  246 987086.445 926571.029  6.13%  35.7  698s
 12321  4927 937443.663  335  246 987086.445 926571.029  6.13%  35.5  704s
 12603  5205 936396.586  358  246 987086.445 926571.029  6.13%  35.2  710s
H12881  5213                    987080.60279 926571.029  6.13%  35.0  723s
H12883  5213                    982733.58311 926571.029  5.71%  35.0  723s
 12889  5221 936487.092  380  246 982733.583 926571.029  5.71%  35.0  734s
H12892  5221                    982724.45815 926571.029  5.71%  35.0  734s
 12897  5498 938582.388  380  246 982724.458 926571.029  5.71%  35.0  742s
 13174  5804 936690.475  398  245 982724.458 926571.029  5.71%  34.7  748s
 13506  6104 937361.206  422  246 982724.458 926571.029  5.71%  34.1  756s
 13812  6430 937432.128  443  243 982724.458 926571.029  5.71%  33.9  763s
H14138  6438                    982724.19005 926571.029  5.71%  35.1  785s
H14142  6438                    982724.05399 926571.029  5.71%  35.1  785s
 14146  6677 938311.746  461  242 982724.054 926571.029  5.71%  35.1  793s
 14385  6989 939049.027  474  244 982724.054 926571.029  5.71%  36.6  800s
 14697  7351 937731.966  490  238 982724.054 926571.029  5.71%  38.7  808s
 15083  7758 941012.355  512  242 982724.054 926571.029  5.71%  40.4  821s
 15568  7766 940382.936  541  244 982724.054 926571.029  5.71%  41.2  841s
H15569  7766                    982724.02989 926571.029  5.71%  41.2  841s
 15576  8171 940879.872  541  243 982724.030 926571.029  5.71%  41.2  850s
 16009  8179 941712.692  568  243 982724.030 926571.029  5.71%  40.9  867s
H16016  8179                    982716.23297 926571.029  5.71%  40.9  867s
 16017  8308 940471.642  569  242 982716.233 926571.029  5.71%  40.9  874s
 16146  8768 940515.271  577  235 982716.233 926571.029  5.71%  40.8  884s
 16375  8768 934898.692  570  233 982716.233 926571.029  5.71%  40.5  885s
 16606  9195 940714.151  606  228 982716.233 926571.029  5.71%  40.2  894s
 17033  9203 940830.315  634  218 982716.233 926571.029  5.71%  40.1  935s
H17039  9203                    982711.30445 926571.029  5.71%  40.1  935s
H17040  9203                    982645.24518 926571.029  5.71%  40.1  935s
 17041  9211 940701.416  635  221 982645.245 926571.029  5.71%  40.1  959s
 17049  9219 940720.904  635  223 982645.245 926571.029  5.71%  40.1  980s
 17057  9227 940701.416  636  221 982645.245 926571.029  5.71%  40.1 1011s
 17065  9576 940969.208  636  226 982645.245 926571.029  5.71%  40.1 1027s
 17416 10023 940949.232  654  222 982645.245 926571.029  5.71%  39.7 1040s
 17863 10507 940973.863  685  225 982645.245 926571.029  5.71%  39.6 1051s
 18347 10634 941056.046  715  228 982645.245 926571.029  5.71%  40.7 1109s
H18393 10634                    982496.56765 926571.029  5.69%  41.0 1109s
H18434 10634                    982267.06528 926571.029  5.67%  41.4 1109s
 18474 10937 941390.833  738  227 982267.065 926571.029  5.67%  41.7 1135s
H18508 10937                    982257.67895 926571.029  5.67%  42.1 1135s
H18562 10937                    982257.58673 926571.029  5.67%  42.4 1135s
H18776 10937                    982255.45303 926571.029  5.67%  45.0 1135s
 18777 11480 943113.678  755  227 982255.453 926571.029  5.67%  45.0 1149s
 19322 12113 941576.842  788  220 982255.453 926571.029  5.67%  47.7 1165s
 19969 12636 941704.676  819  217 982255.453 926571.029  5.67%  47.5 1180s
 20498 13240 942625.724  847  209 982255.453 926571.029  5.67%  48.4 1198s
 21116 14067 942781.544  882  205 982255.453 926571.029  5.67%  48.1 1215s
 21949 14714 943247.519  934  201 982255.453 926571.029  5.67%  49.7 1233s
 22615 14947 944494.800  969  198 982255.453 926571.029  5.67%  49.3 1373s
H22618 14947                    980933.31583 926571.029  5.54%  49.3 1373s
H22850 14955                    980922.59672 926571.029  5.54%  49.3 1437s
H22851 14955                    980921.80695 926571.029  5.54%  49.3 1437s
H22852 14955                    980849.99264 926571.029  5.53%  49.3 1437s
H22856 14955                    980849.27416 926571.029  5.53%  49.3 1437s
H22858 14963                    980722.64608 926571.029  5.52%  49.2 1492s
H22865 14963                    980715.06256 926571.029  5.52%  49.3 1492s
 22866 15629 944326.666  982  200 980715.063 926571.029  5.52%  49.3 1510s
 23532 16364 945921.017 1027  198 980715.063 926571.029  5.52%  49.3 1530s
H24272 16590                    980643.72741 926571.029  5.51%  48.6 1643s
 24498 17454 944593.235 1073  195 980643.727 926571.029  5.51%  48.4 1664s
 24714 17454 937435.024 1128  179 980643.727 926571.029  5.51%  48.1 1665s
 25362 18314 944930.666 1127  190 980643.727 926571.029  5.51%  47.4 1684s
 26226 19153 944944.770 1181  186 980643.727 926571.029  5.51%  46.1 1701s
 27077 19929 945954.572 1235  184 980643.727 926571.029  5.51%  45.4 1719s
 27855 20520 946318.182 1284  188 980643.727 926571.029  5.51%  45.8 1762s
H27928 20520                    980641.17535 926571.029  5.51%  45.8 1762s
H28076 20520                    980640.26485 926571.029  5.51%  45.8 1763s
H28298 20520                    980637.72464 926571.029  5.51%  45.9 1763s
 28447 21384 948059.171 1321  177 980637.725 926571.029  5.51%  45.9 1787s
 29311 22242 947017.964 1375  173 980637.725 926571.029  5.51%  45.3 1819s
H30171 22242                    980635.56995 926571.029  5.51%  44.2 2120s
H30171 22242                    978394.43053 926571.029  5.30%  44.2 2130s
 30172 22243 937980.751  967 18480 978394.431 926571.029  5.30%  44.2 2187s
 30174 22244 937056.845  272  507 978394.431 926571.029  5.30%  44.2 2200s
 30176 22246 939203.443  417  458 978394.431 926571.029  5.30%  44.2 2205s
 30182 22250 938018.858  335  507 978394.431 927271.415  5.23%  44.2 2210s
 30185 22252 940598.256 1150  525 978394.431 927325.389  5.22%  44.1 2215s
 30187 22253 935387.760  490  527 978394.431 927325.968  5.22%  44.1 2224s
 30188 22254 941089.610  698  538 978394.431 927342.771  5.22%  44.1 2226s
H30191 21142                    978394.43019 927345.998  5.22%  44.1 2238s
 30193 21143 936116.854  218  548 978394.430 927365.391  5.22%  44.1 2240s
 30199 21147 946226.938 1431  559 978394.430 927384.317  5.21%  44.1 2254s
 30200 21148 937838.882  845  570 978394.430 927440.232  5.21%  44.1 2255s
H30204 20092                    978378.47988 927482.755  5.20%  44.1 2271s
H30207 19089                    978313.18471 927510.103  5.19%  44.1 2284s
 30209 19091 945398.229 1054  586 978313.185 927511.511  5.19%  44.1 2285s
 30213 19093 938281.090  833  592 978313.185 927512.219  5.19%  44.1 2299s
 30214 19094 936618.601  717  589 978313.185 927513.899  5.19%  44.1 2300s
 30218 19097 945977.657 1259  599 978313.185 927514.819  5.19%  44.1 2316s
H30220 18142                    978310.95896 927518.160  5.19%  44.1 2318s
H30220 17234                    978154.45514 927518.160  5.18%  44.1 2318s
H30221 16373                    978151.65389 927518.227  5.18%  44.1 2331s
H30222 15553                    978151.65346 927518.621  5.18%  44.1 2333s
H30222 14775                    977858.32939 927518.621  5.15%  44.1 2340s
 30225 14777 935707.763  520  595 977858.329 927519.267  5.15%  44.1 2352s
 30228 14779 931838.941  342  616 977858.329 927520.459  5.15%  44.1 2363s
H30231 14041                    977817.27137 927538.859  5.14%  44.1 2373s
 30234 14043 938626.728 1277  609 977817.271 927540.454  5.14%  44.1 2375s
 30235 14044 933917.789   46  612 977817.271 927540.552  5.14%  44.1 2383s
H30235 13340                    977817.24789 927541.689  5.14%  44.1 2386s
H30237 12673                    973978.57176 927542.344  4.77%  44.1 2395s
H30237 12038                    972883.44659 927542.344  4.66%  44.1 2395s
 30240 12040 948034.732 1013  619 972883.447 927542.430  4.66%  44.1 2407s
H30240 11437                    972622.81558 927542.649  4.63%  44.1 2409s
H30240 10864                    972622.19134 927542.649  4.63%  44.1 2410s
 30242 10866 941617.196  579  633 972622.191 927542.751  4.63%  44.1 2421s
H30243 10322                    972445.24835 927542.927  4.62%  44.1 2431s
H30244  9805                    972445.13231 927543.008  4.62%  44.1 2431s
H30244  9314                    971974.39959 927543.008  4.57%  44.1 2433s
H30244  8847                    971973.15111 927543.008  4.57%  44.1 2436s
H30245  8404                    965259.28970 927543.096  3.91%  44.1 2447s
H30248  7985                    965044.55114 927544.049  3.89%  44.1 2457s
H30248  7584                    964907.84258 927544.049  3.87%  44.1 2457s
H30252  7205                    964894.95450 927597.599  3.87%  44.0 2469s
H30252  6844                    964779.74240 927597.599  3.85%  44.0 2469s
H30252  6500                    964579.71969 927597.599  3.83%  44.0 2469s
H30252  6174                    964436.41824 927597.599  3.82%  44.0 2469s
H30252  5864                    964245.82291 927597.599  3.80%  44.0 2469s
 30254  5866 937492.547 1111  623 964245.823 927598.273  3.80%  44.0 2470s
H30254  5571                    963605.07482 927598.406  3.74%  44.0 2470s
H30255  5291                    961819.39325 927598.478  3.56%  44.0 2483s
 30258  5293 940491.036  622  629 961819.393 927600.571  3.56%  44.0 2497s
 30260  5295 940410.196 1240  632 961819.393 927600.571  3.56%  44.0 2509s
H30260  5029                    961679.56349 927606.087  3.54%  44.0 2512s
 30263  5031 940858.133  722  640 961679.563 927609.778  3.54%  44.0 2522s
H30265  4779                    961660.18931 927616.012  3.54%  44.0 2535s
H30265  4538                    961651.97959 927616.012  3.54%  44.0 2535s
H30265  4310                    961582.74601 927616.012  3.53%  44.0 2535s
H30265  4093                    961563.79898 927616.012  3.53%  44.0 2535s
H30265  3886                    961562.37278 927616.012  3.53%  44.0 2535s
H30266  3692                    961471.87221 927616.012  3.52%  44.0 2538s
 30267  3692 942129.988  764  640 961471.872 927616.012  3.52%  44.0 2541s
 30268  3693 939682.844  467  636 961471.872 927616.012  3.52%  44.0 2550s
 30270  3694 938672.254  976  635 961471.872 927616.034  3.52%  44.0 2562s
H30270  3507                    961465.92364 927616.037  3.52%  44.0 2565s
 30272  3509 937980.751  967  637 961465.924 927616.040  3.52%  44.0 2578s
 30274  3510 937056.845  272  644 961465.924 927616.040  3.52%  44.0 2589s
 30275  3511 943323.268  844  650 961465.924 927616.042  3.52%  44.0 2590s
H30275  3334                    961427.03576 927616.059  3.52%  44.0 2604s
 30277  3335 938013.319  973  646 961427.036 927616.059  3.52%  44.0 2605s
 30278  3336 944295.768 1003  646 961427.036 927616.059  3.52%  44.0 2622s
H30278  3167                    961384.87494 927616.059  3.51%  44.0 2625s
H30278  3007                    961364.25011 927616.059  3.51%  44.0 2626s
 30279  3007 927786.333  188  647 961364.250 927616.059  3.51%  44.0 2630s
 30280  3008 942717.542  784  648 961364.250 927616.059  3.51%  44.0 2639s
 30281  3009 937361.206  422  475 961364.250 927616.059  3.51%  44.0 2665s
 30282  3009 938018.858  335  531 961364.250 927616.062  3.51%  44.0 2678s
H30282  2857                    961293.76932 927857.379  3.48%  44.0 2690s
 30283  2858 946996.119 1287  509 961293.769 927857.379  3.48%  44.0 2718s
 30285  2859 940598.256 1150  559 961293.769 927857.610  3.48%  44.0 2727s
 30287  2861 935387.760  490  586 961293.769 927857.767  3.48%  44.0 2740s
 30290  2863 938905.162  448  589 961293.769 927858.721  3.48%  44.0 2751s
 30292  2864 934692.371  565  597 961293.769 927859.001  3.48%  44.0 2767s
 30294  2865 935800.065  512  598 961293.769 927859.160  3.48%  44.0 2780s
 30296  2867 934536.115  640  594 961293.769 927859.275  3.48%  44.0 2793s
 30298  2868 928239.068  151  603 961293.769 927859.556  3.48%  44.0 2795s
H30298  2722                    961293.76867 927859.600  3.48%  44.0 2804s
H30298  2584                    960470.34769 927859.600  3.40%  44.0 2804s
H30298  2453                    959859.21140 927859.600  3.33%  44.0 2804s
H30298  2328                    959739.16155 927859.600  3.32%  44.0 2804s
H30298  2209                    959697.81850 927859.600  3.32%  44.0 2804s
 30300  2210 937838.882  845  608 959697.818 927859.633  3.32%  44.0 2806s
 30301  2211 941977.838  736  610 959697.818 927859.659  3.32%  44.0 2815s
 30303  2212 935676.973  488  616 959697.818 927869.950  3.32%  44.0 2833s
 30304  2213 944897.305 1234  612 959697.818 927869.950  3.32%  44.0 2835s
 30305  2214 938627.779 1192  605 959697.818 927869.950  3.32%  44.0 2846s
H30305  2102                    959209.23328 927874.785  3.27%  44.0 2848s
 30307  2103 936941.564  369  615 959209.233 927874.785  3.27%  44.0 2865s
H30308  1996                    958861.21403 927875.865  3.23%  44.0 2877s
 30312  1998 933980.861  316  616 958861.214 927887.504  3.23%  44.0 2889s
 30313  1999 938281.090  833  619 958861.214 927905.928  3.23%  44.0 2890s
 30315  2000 942740.877  809  616 958861.214 927905.936  3.23%  44.0 2901s
 30317  2002 944553.206 1371  616 958861.214 927907.606  3.23%  44.0 2914s
 30318  2002 945977.657 1259  621 958861.214 927907.606  3.23%  44.0 2915s
H30318  1899                    958613.05944 927907.606  3.20%  44.0 2932s
H30318  1802                    958591.08762 927907.606  3.20%  44.0 2932s
H30318  1709                    958591.08507 927907.606  3.20%  44.0 2932s
H30318  1622                    958591.06456 927907.606  3.20%  44.0 2933s
 30320  1624 939523.315  975  617 958591.065 927907.606  3.20%  44.0 2953s
 30321  1624 927907.606  113  618 958591.065 927907.606  3.20%  43.9 2963s
 30323  1626 945214.819  535  620 958591.065 927907.606  3.20%  43.9 2974s
 30324  1626 936215.289  237  619 958591.065 927907.606  3.20%  43.9 2975s
 30325  1627 935707.763  520  617 958591.065 927907.606  3.20%  43.9 2985s
H30325  1543                    958573.98685 927907.606  3.20%  43.9 2988s
 30327  1544 937034.817  188  618 958573.987 927907.606  3.20%  43.9 2998s
 30329  1546 940096.433 1153  620 958573.987 927907.606  3.20%  43.9 3010s
 30331  1547 935241.718  629  626 958573.987 927907.606  3.20%  43.9 3023s
H30332  1468                    958361.56263 927907.606  3.18%  43.9 3035s
 30335  1470 933917.789   46  621 958361.563 927907.652  3.18%  43.9 3046s
 30337  1471 937137.711  834  630 958361.563 927907.652  3.18%  43.9 3059s
 30338  1472 937426.362  715  639 958361.563 927907.652  3.18%  43.9 3060s
 30339  1472 939539.390 1083  637 958361.563 927907.652  3.18%  43.9 3080s
 30341  1474 935419.511  597  632 958361.563 927907.652  3.18%  43.9 3105s
 30343  1475 934678.080  459  639 958361.563 927907.652  3.18%  43.9 3126s
 30344  1476 938018.354  455  638 958361.563 927907.652  3.18%  43.9 3140s
 30345  1476 938919.557 1108  640 958361.563 927907.652  3.18%  43.9 3154s
 30346  1477 935184.424  582  638 958361.563 927907.652  3.18%  43.9 3155s
 30347  1478 943842.563 1114  640 958361.563 927907.652  3.18%  43.9 3167s
 30349  1479 953065.601 1428  637 958361.563 927907.652  3.18%  43.9 3179s
 30350  1480 940143.846 1087  639 958361.563 927907.704  3.18%  43.9 3181s
 30351  1480 945031.425  998  642 958361.563 927907.723  3.18%  43.9 3194s
 30352  1481 939977.967 1152  644 958361.563 927907.770  3.18%  43.9 3195s
 30353  1482 929557.888  163  642 958361.563 927907.827  3.18%  43.9 3211s
 30355  1483 929419.583  179  641 958361.563 927908.006  3.18%  43.9 3233s
 30357  1484 944949.764  950  643 958361.563 927908.029  3.18%  43.9 3245s
 30359  1486 944816.488 1258  638 958361.563 927908.589  3.18%  43.9 3259s
 30360  1486 940410.196 1240  644 958361.563 927908.589  3.18%  43.9 3260s
H30360  1408                    958274.92186 927908.589  3.17%  43.9 3272s
 30366  1412 934907.203  692  644 958274.922 927910.488  3.17%  43.9 3287s
 30372  1416 937980.751  967  645 958274.922 927914.886  3.17%  43.9 3290s
 30373  1417 937183.859 1050  647 958274.922 927914.896  3.17%  43.9 3312s
 30375  1418 943323.268  844  639 958274.922 928240.596  3.13%  43.9 3336s
 30377  1420 938013.319  973  634 958274.922 928240.944  3.13%  43.9 3349s
 30378  1420 944295.768 1003  633 958274.922 928241.207  3.13%  43.9 3351s
 30379  1421 928241.259  188  635 958274.922 928241.259  3.13%  43.9 3364s
 30380  1422 942717.542  784  636 958274.922 928241.270  3.13%  43.9 3384s
 30381  1422 937361.206  422  637 958274.922 928241.305  3.13%  43.9 3401s
 30383  1424 946996.119 1287  637 958274.922 928241.514  3.13%  43.9 3413s
 30385  1425 940598.256 1150  636 958274.922 928241.560  3.13%  43.9 3425s
 30387  1426 935387.760  490  634 958274.922 928241.858  3.13%  43.9 3437s
 30389  1428 942070.261  782  636 958274.922 928241.858  3.13%  43.9 3452s
 30391  1429 932846.244  436  643 958274.922 928241.858  3.13%  43.8 3467s
 30393  1430 936116.854  218  643 958274.922 928241.858  3.13%  43.8 3479s
 30394  1431 935800.065  512  645 958274.922 928242.651  3.13%  43.8 3481s
 30395  1432 941081.797 1171  644 958274.922 928242.651  3.13%  43.8 3496s
 30397  1433 929691.104  271  646 958274.922 928242.651  3.13%  43.8 3512s
 30399  1434 946226.938 1431  645 958274.922 928242.651  3.13%  43.8 3527s
 30400  1435 937838.882  845  535 958274.922 928242.651  3.13%  43.8 3556s
 30401  1436 941977.838  736  588 958274.922 928242.651  3.13%  43.8 3578s
 30402  1436 928242.651   93  600 958274.922 928242.651  3.13%  43.8 3580s
 30403  1437 935676.973  488  613 958274.922 928242.651  3.13%  43.8 3605s
H30404  1362                    958242.07157 928242.651  3.13%  43.8 3623s
H30404  1290                    957969.72730 928242.651  3.10%  43.8 3623s
H30404  1222                    957969.70633 928242.651  3.10%  43.8 3623s
H30406  1158                    957481.29951 928243.530  3.05%  43.8 3625s
H30406  1096                    957456.96606 928243.530  3.05%  43.8 3638s
H30406  1037                    957453.60182 928243.530  3.05%  43.8 3638s
H30406   982                    957094.64202 928243.530  3.01%  43.8 3638s
H30407   929                    956925.47298 928243.798  3.00%  43.8 3675s

Cutting planes:
  Learned: 1
  Gomory: 356
  Cover: 297
  Implied bound: 117
  Projected implied bound: 139
  MIR: 745
  Mixing: 27
  StrongCG: 1
  Flow cover: 717
  Flow path: 6
  RLT: 28
  Relax-and-lift: 113

Explored 30407 nodes (1498386 simplex iterations) in 3679.07 seconds (2454.41 work units)
Thread count was 8 (of 8 available processors)

Solution count 10: 956925 957095 957454 ... 958574

Optimal solution found (tolerance 3.00e-02)
Best objective 9.569254729825e+05, best bound 9.282437984264e+05, gap 2.9973%

