Solver command line: []

Read LP format model from file C:\Users\wlhlm\AppData\Local\Temp\tmpy4j1687q.pyomo.lp
Reading time = 2.24 seconds
objective: 915384 rows, 823439 columns, 2080446 nonzeros
Set parameter MIPGap to value 0.02
Gurobi Optimizer version 12.0.1 build v12.0.1rc0 (win64 - Windows 11.0 (26100.2))

CPU model: Intel(R) Core(TM) Ultra 7 258V, instruction set [SSE2|AVX|AVX2]
Thread count: 8 physical cores, 8 logical processors, using up to 8 threads

Non-default parameters:
MIPGap  0.02

Optimize a model with 915384 rows, 823439 columns and 2080446 nonzeros
Model fingerprint: 0xfc4dd0c5
Model has 8759 quadratic constraints
Variable types: 700800 continuous, 122639 integer (105120 binary)
Coefficient statistics:
  Matrix range     [6e-03, 2e+02]
  QMatrix range    [1e+00, 1e+00]
  Objective range  [1e-02, 5e+02]
  Bounds range     [1e+00, 3e+00]
  RHS range        [8e-05, 1e+04]
Presolve removed 730525 rows and 612287 columns
Presolve time: 1.35s
Presolved: 184859 rows, 211152 columns, 595038 nonzeros
Variable types: 154180 continuous, 56972 integer (56972 binary)
Performing another presolve...
Presolve removed 52555 rows and 52556 columns
Presolve time: 4.55s
Deterministic concurrent LP optimizer: primal and dual simplex
Showing primal log only...


Root simplex log...

Iteration    Objective       Primal Inf.    Dual Inf.      Time
       0    2.4471546e+07   6.583599e+06   5.396835e+13      7s
Concurrent spin time: 0.00s

Solved with dual simplex

Root simplex log...

Iteration    Objective       Primal Inf.    Dual Inf.      Time
   38422    9.1059500e+05   0.000000e+00   0.000000e+00      9s
Extra simplex iterations after uncrush: 2

Root relaxation: objective 9.105950e+05, 38422 iterations, 2.51 seconds (5.06 work units)
Total elapsed time = 9.15s (DegenMoves)

    Nodes    |    Current Node    |     Objective Bounds      |     Work
 Expl Unexpl |  Obj  Depth IntInf | Incumbent    BestBd   Gap | It/Node Time

     0     0 910594.998    0  563          - 910594.998      -     -   11s
H    0     0                    1572875.5674 910594.998  42.1%     -   13s
H    0     0                    1565369.5969 910594.998  41.8%     -   15s
H    0     0                    1563808.4106 910594.998  41.8%     -   18s
     0     0 918479.851    0  515 1563808.41 918479.851  41.3%     -   18s
     0     0 919851.956    0  512 1563808.41 919851.956  41.2%     -   19s
     0     0 919851.956    0  510 1563808.41 919851.956  41.2%     -   19s
     0     0 919851.956    0  510 1563808.41 919851.956  41.2%     -   19s
     0     0 921984.929    0  460 1563808.41 921984.929  41.0%     -   20s
     0     0 922166.865    0  450 1563808.41 922166.865  41.0%     -   21s
     0     0 922180.710    0  447 1563808.41 922180.710  41.0%     -   21s
     0     0 922187.436    0  446 1563808.41 922187.436  41.0%     -   21s
     0     0 922187.436    0  450 1563808.41 922187.436  41.0%     -   21s
H    0     0                    1560674.2370 922523.715  40.9%     -   23s
H    0     0                    1557086.1789 922523.715  40.8%     -   23s
H    0     0                    1556702.7319 922523.715  40.7%     -   23s
     0     0 922523.715    0  468 1556702.73 922523.715  40.7%     -   23s
H    0     0                    1556418.6314 922624.953  40.7%     -   24s
     0     0 922624.953    0  471 1556418.63 922624.953  40.7%     -   24s
     0     0 922630.096    0  479 1556418.63 922630.096  40.7%     -   24s
     0     0 922645.742    0  472 1556418.63 922645.742  40.7%     -   24s
     0     0 922652.536    0  471 1556418.63 922652.536  40.7%     -   25s
     0     0 922652.536    0  472 1556418.63 922652.536  40.7%     -   25s
H    0     0                    1525253.0457 922652.536  39.5%     -   27s
H    0     0                    1523650.4282 922652.536  39.4%     -   27s
H    0     0                    1523406.7105 922652.536  39.4%     -   27s
H    0     0                    1523400.1020 922652.536  39.4%     -   27s
H    0     0                    1523377.8465 922652.536  39.4%     -   27s
H    0     0                    1523377.7124 922652.536  39.4%     -   27s
H    0     0                    1523363.4178 922652.536  39.4%     -   27s
     0     0 922743.109    0  467 1523363.42 922743.109  39.4%     -   27s
H    0     0                    1510319.2678 922757.082  38.9%     -   28s
H    0     0                    1510288.3258 922757.082  38.9%     -   28s
     0     0 922849.192    0  466 1510288.33 922849.192  38.9%     -   28s
     0     0 922853.205    0  474 1510288.33 922853.205  38.9%     -   28s
     0     0 922854.876    0  474 1510288.33 922854.876  38.9%     -   28s
     0     0 922870.829    0  465 1510288.33 922870.829  38.9%     -   29s
     0     0 922871.084    0  467 1510288.33 922871.084  38.9%     -   29s
     0     0 922875.822    0  465 1510288.33 922875.822  38.9%     -   30s
H    0     0                    1503198.0703 922875.822  38.6%     -   30s
     0     0 922880.534    0  464 1503198.07 922880.534  38.6%     -   31s
     0     0 922881.227    0  467 1503198.07 922881.227  38.6%     -   31s
     0     0 922881.376    0  469 1503198.07 922881.376  38.6%     -   31s
     0     0 922885.266    0  469 1503198.07 922885.266  38.6%     -   32s
     0     0 922885.266    0  469 1503198.07 922885.266  38.6%     -   32s
     0     0 922885.266    0  372 1503198.07 922885.266  38.6%     -   33s
H    0     0                    1492684.8319 922885.266  38.2%     -   34s
H    0     0                    1492465.7125 922885.266  38.2%     -   34s
H    0     0                    1492379.2646 922885.266  38.2%     -   34s
H    0     2                    1461860.9730 922885.266  36.9%     -   36s
     0     2 922885.266    0  367 1461860.97 922885.266  36.9%     -   36s
H   43    48                    1457003.6605 922903.757  36.7%  64.2   38s
    78    87 923304.433    9  385 1457003.66 922903.757  36.7%  43.1   40s
H   83    87                    1456909.5201 922903.757  36.7%  40.7   40s
H  182   186                    1454819.2865 922903.757  36.6%  20.0   43s
   209   218 923305.733   21  386 1454819.29 922903.757  36.6%  17.8   47s
H  217   226                    1419697.2040 922903.757  35.0%  17.2   49s
H  221   226                    1411467.1101 922903.757  34.6%  17.0   49s
   233   242 923305.733   23  386 1411467.11 922903.757  34.6%  16.2   50s
   414   424 923467.804   43  387 1411467.11 922903.757  34.6%  10.3   55s
   762   894 924194.789   89  388 1411467.11 922903.757  34.6%   6.1   60s
  1260  1294 924354.617  137  384 1411467.11 922903.757  34.6%   5.5   67s
H 1262  1294                    1389566.5094 922903.757  33.6%   5.5   67s
  1587  1638 924739.592  169  387 1389566.51 922903.757  33.6%   5.4   70s
H 2016  2022                    1389369.5644 922903.757  33.6%   5.1   74s
  2021  2174 925601.970  214  384 1389369.56 922903.757  33.6%   5.1   76s
  2568  2742 925690.031  270  388 1389369.56 922903.757  33.6%   5.9   80s
H 2886  2889                    1363570.8600 922903.757  32.3%   5.9   85s
  2888  2897 925728.635  299  394 1363570.86 922903.757  32.3%   5.9   92s
  2896  2905 925741.251  300  392 1363570.86 922903.757  32.3%   5.9  103s
  2904  2913 925741.251  301  392 1363570.86 922903.757  32.3%   5.9  105s
  2928  2937 925741.279  303  395 1363570.86 922903.757  32.3%   6.0  110s
  2952  2961 925741.251  304  392 1363570.86 922903.757  32.3%   6.0  115s
  2976  2985 925741.279  306  395 1363570.86 922903.757  32.3%   6.0  121s
  2992  3001 925744.337  308  397 1363570.86 922903.757  32.3%   6.0  126s
H 3000  3109                    1362655.9500 922903.757  32.3%   6.0  128s
  3257  3330 925864.204  334  397 1362655.95 922903.757  32.3%   6.5  134s
H 3274  3330                    1355158.8569 922903.757  31.9%   6.5  134s
  3329  3483 925873.988  341  397 1355158.86 922903.757  31.9%   6.6  135s
H 3489  3501                    1351302.2676 922903.757  31.7%   6.7  137s
  3690  3874 926032.500  370  386 1351302.27 922903.757  31.7%   7.0  141s
  4292  4499 926603.262  418  350 1351302.27 922903.757  31.7%   7.2  146s
  4498  4595 926612.456  445  350 1351302.27 922903.757  31.7%   7.3  151s
H 4547  4595                    1348223.2449 922903.757  31.5%   7.3  151s
  4594  4770 926612.456  446  350 1348223.24 922903.757  31.5%   7.3  155s
H 4769  4807                    1334429.0114 922903.757  30.8%   7.1  161s
  5086  5335 926786.644  496  353 1334429.01 922903.757  30.8%   7.1  166s
  5463  5810 927081.549  538  337 1334429.01 922903.757  30.8%   7.6  172s
  5809  5985 927107.484  575  337 1334429.01 922903.757  30.8%   7.3  178s
H 5983  5985                    1334417.5796 922903.757  30.8%   7.2  178s
  5984  6206 927252.689  606  337 1334417.58 922903.757  30.8%   7.2  180s
  6205  6680 927252.689  627  337 1334417.58 922903.757  30.8%   7.1  185s
H 7219  7220                    1316358.6297 922903.757  29.9%   6.4  193s
  7220  7221 926995.468  446 15347 1316358.63 922903.757  29.9%   6.4  213s
  7222  7222 926605.061  417  554 1316358.63 922903.757  29.9%   6.4  222s
  7223  7223 926285.999  491  530 1316358.63 922903.757  29.9%   6.4  225s
  7231  7228 927446.848  518  440 1316358.63 923045.570  29.9%   6.4  230s
  7236  7232 925424.120  190  482 1316358.63 924101.713  29.8%   6.4  236s
H 7241  6872                    1315879.8721 924178.601  29.8%   6.4  240s
H 7241  6528                    1310064.4847 924178.601  29.5%   6.4  240s
H 7241  6202                    1310016.3540 924178.601  29.5%   6.4  240s
H 7241  5891                    1310007.0120 924178.601  29.5%   6.4  240s
H 7242  5597                    1307384.3498 924437.279  29.3%   6.4  241s
H 7242  5317                    1306494.4877 924437.279  29.2%   6.4  241s
H 7242  5051                    1305692.4746 924437.279  29.2%   6.4  241s
  7249  5055 925136.925  266  451 1305692.47 924671.785  29.2%   6.4  245s
H 7252  4803                    1305200.8379 924686.590  29.2%   6.4  249s
H 7252  4563                    1305197.8154 924686.590  29.2%   6.4  249s
H 7253  4335                    1302317.6467 924828.388  29.0%   6.4  251s
H 7253  4117                    1301978.9197 924828.388  29.0%   6.4  252s
H 7253  3911                    1301871.9826 924828.388  29.0%   6.4  252s
H 7253  3715                    1301818.5025 924828.388  29.0%   6.4  252s
  7259  3719 927252.689  620  486 1301818.50 924830.589  29.0%   6.4  255s
  7267  3724 926148.794  316  487 1301818.50 924916.982  29.0%   6.4  260s
H 7267  3537                    1291849.8657 924933.557  28.4%   6.4  262s
H 7267  3359                    1290720.3705 924933.557  28.3%   6.4  262s
  7272  3363 926133.601  286  501 1290720.37 924952.431  28.3%   6.4  266s
  7277  3366 925424.319  224  521 1290720.37 924971.154  28.3%   6.4  271s
  7281  3369 926293.673  341  507 1290720.37 924986.936  28.3%   6.3  276s
  7288  3373 926978.454  713  511 1290720.37 925305.235  28.3%   6.3  280s
H 7294  3207                    1285089.0369 925406.178  28.0%   6.3  283s
H 7294  3045                    1282489.3002 925406.178  27.8%   6.3  283s
H 7296  2894                    1282483.0580 925406.630  27.8%   6.3  285s
H 7296  2748                    1282471.8200 925406.630  27.8%   6.3  285s
H 7300  2611                    1277828.2271 925418.289  27.6%   6.3  290s
H 7300  2479                    1277812.5245 925418.289  27.6%   6.3  290s
H 7300  2354                    1277395.2295 925418.289  27.6%   6.3  290s
H 7300  2235                    1276956.9241 925418.289  27.5%   6.3  290s
H 7300  2122                    1275122.7023 925418.289  27.4%   6.3  290s
H 7300  2014                    1273927.2423 925418.289  27.4%   6.3  290s
  7306  2018 927915.745  699  532 1273927.24 925479.217  27.4%   6.3  296s
  7310  2021 926274.405  406  529 1273927.24 925489.637  27.4%   6.3  300s
  7316  2025 925534.500  127  536 1273927.24 925534.500  27.3%   6.3  306s
  7324  2030 925789.574  404  556 1273927.24 925554.871  27.3%   6.3  311s
  7331  2035 927446.848  518  548 1273927.24 925558.587  27.3%   6.3  315s
  7335  2038 927479.897  619  558 1273927.24 925561.160  27.3%   6.3  321s
  7340  2041 925567.222  233  547 1273927.24 925567.222  27.3%   6.3  325s
H 7343  1939                    1269417.9935 925574.793  27.1%   6.3  329s
H 7343  1840                    1268516.9500 925574.793  27.0%   6.3  329s
H 7343  1746                    1268462.0148 925574.793  27.0%   6.3  331s
H 7343  1656                    1268455.0454 925574.793  27.0%   6.3  331s
H 7343  1572                    1268325.7649 925574.793  27.0%   6.3  331s
H 7343  1491                    1268106.9892 925574.793  27.0%   6.3  331s
H 7343  1414                    1268076.4602 925574.793  27.0%   6.3  331s
H 7343  1341                    1268045.0847 925574.793  27.0%   6.3  332s
  7346  1343 925611.125  304  541 1268045.08 925576.940  27.0%   6.3  335s
  7354  1348 927517.222  652  545 1268045.08 925590.620  27.0%   6.3  340s
  7363  1354 927491.561  763  553 1268045.08 925624.989  27.0%   6.3  345s
  7369  1358 925632.873   18  546 1268045.08 925632.873  27.0%   6.3  350s
H 7375  1292                    1266192.0455 925647.658  26.9%   6.3  354s
H 7375  1225                    1266152.7122 925647.658  26.9%   6.3  354s
H 7375  1161                    1265536.0171 925647.658  26.9%   6.3  354s
  7377  1163 925656.259  224  547 1265536.02 925656.259  26.9%   6.3  355s
H 7377  1102                    1264757.6581 925657.701  26.8%   6.3  355s
  7382  1105 925657.946  239  552 1264757.66 925657.946  26.8%   6.3  360s
H 7383  1048                    1256273.1904 925660.511  26.3%   6.3  361s
  7387  1050 925660.530  278  552 1256273.19 925660.530  26.3%   6.3  365s
  7391  1053 927160.143  463  552 1256273.19 925660.612  26.3%   6.3  371s
  7392  1054 925661.252  317  441 1256273.19 925661.252  26.3%   6.3  375s
H 7397  1001                    1251562.8986 925664.586  26.0%   6.2  382s
H 7397   948                    1251020.8327 925664.586  26.0%   6.2  385s
H 7397   898                    1251020.6986 925664.586  26.0%   6.2  387s
  7402   901 926539.892  535  502 1251020.70 925666.639  26.0%   6.2  391s
  7407   905 926494.014  468  506 1251020.70 925668.235  26.0%   6.2  396s
  7413   910 926742.012  561  554 1251020.70 925668.235  26.0%  14.7  406s
  7415   912 925668.235  205  472 1251020.70 925668.235  26.0%  14.7  410s
H 7419   868                    1250983.6636 925668.235  26.0%  14.7  413s
  7426   873 925668.235   11  489 1250983.66 925668.235  26.0%  14.7  416s
H 7426   829                    1243607.5917 925682.042  25.6%  14.7  416s
H 7426   787                    1243472.7172 925682.042  25.6%  14.7  417s
H 7426   747                    1241528.9906 925682.042  25.4%  14.7  419s
  7428   748 927092.097  606  489 1241528.99 925682.042  25.4%  14.7  423s
  7430   750 926094.340  445  505 1241528.99 925698.493  25.4%  14.7  425s
H 7430   713                    1241516.8606 925698.536  25.4%  14.7  427s
H 7430   677                    1238896.3324 925698.536  25.3%  14.7  427s
H 7430   642                    1238768.6947 925698.536  25.3%  14.7  427s
  7434   644 927099.484  554  491 1238768.69 925718.772  25.3%  14.7  430s
H 7435   613                    1236572.3447 925719.937  25.1%  14.7  432s
H 7435   582                    1234818.3614 925719.937  25.0%  14.7  432s
H 7435   552                    1233515.4108 925719.937  25.0%  14.7  432s
H 7435   524                    1232167.1938 925719.937  24.9%  14.7  432s
H 7435   498                    1232079.0506 925719.937  24.9%  14.7  432s
H 7435   472                    1232076.8477 925719.937  24.9%  14.7  432s
H 7435   448                    1231885.2517 925719.937  24.9%  14.7  432s
  7437   449 925719.937   37  494 1231885.25 925719.937  24.9%  14.7  435s
  7441   452 925719.937  163  508 1231885.25 925719.937  24.9%  14.7  441s
  7444   454 925720.211  291  517 1231885.25 925720.211  24.9%  14.7  445s
  7447   456 926582.376  531  518 1231885.25 925722.470  24.9%  14.7  450s
  7452   459 926662.263  387  525 1231885.25 925724.108  24.9%  14.7  455s
  7455   461 925724.108  114  526 1231885.25 925724.108  24.9%  14.7  461s
  7457   463 925724.108  319  437 1231885.25 925724.108  24.9%  14.6  469s
H 7457   439                    1213622.2697 925724.108  23.7%  14.6  470s
H 7457   417                    1210832.6807 925724.108  23.5%  14.6  471s
H 7457   395                    1202942.6608 925724.108  23.0%  14.6  471s
H 7457   374                    1200503.0707 925724.108  22.9%  14.6  472s
H 7457   355                    1198513.0461 925724.108  22.8%  14.6  472s
H 7457   336                    1195909.5081 925724.108  22.6%  14.6  472s
  7459   340 925908.528   19  430 1195909.51 925724.168  22.6%  22.2  476s
  7481   374 926853.026   23  433 1195909.51 925776.610  22.6%  22.2  480s
  7549   407 926880.642   28  420 1195909.51 925776.610  22.6%  22.3  485s
H 7552   389                    1194458.4955 925776.610  22.5%  22.3  485s
H 7574   389                    1194172.7130 925776.610  22.5%  22.4  488s
H 7575   372                    1192544.2109 925776.610  22.4%  22.4  488s
H 7578   356                    1188304.0576 925776.610  22.1%  22.3  488s
H 7580   342                    1187933.0183 925776.610  22.1%  22.4  488s
  7590   361 926932.908   30  412 1187933.02 925776.610  22.1%  22.4  490s
H 7622   361                    1187920.9391 925776.610  22.1%  22.3  493s
H 7623   347                    1185371.5539 925776.610  21.9%  22.3  493s
H 7625   335                    1183097.0740 925776.610  21.7%  22.3  493s
H 7627   322                    1181325.8348 925776.610  21.6%  22.3  493s
  7645   348 926909.551   34  405 1181325.83 925776.610  21.6%  22.4  495s
  7722   391 926926.743   39  399 1181325.83 925776.610  21.6%  22.6  502s
H 7725   379                    1179226.2376 925776.610  21.5%  22.7  502s
H 7728   367                    1177596.5574 925776.610  21.4%  22.8  502s
  7762   407 926934.346   41  398 1177596.56 925776.610  21.4%  23.0  505s
  7839   455 932279.859   46  397 1177596.56 925776.610  21.4%  22.9  511s
  7896   485 926964.520   50  400 1177596.56 925776.610  21.4%  22.9  529s
  7904   491 926981.260   50  390 1177596.56 925776.610  21.4%  22.9  532s
  7920   501 927746.366   51  398 1177596.56 925776.610  21.4%  22.9  536s
  7936   512 928946.338   52  398 1177596.56 925776.610  21.4%  22.8  542s
  7953   521 927261.237   53  397 1177596.56 925776.610  21.4%  22.8  547s
  7961   527 927028.283   54  398 1177596.56 925776.610  21.4%  22.8  550s
  7978   536 927042.320   55  397 1177596.56 925776.610  21.4%  22.8  556s
  7986   539 927096.476   55  396 1177596.56 925776.610  21.4%  22.8  560s
H 8014   555                    1176453.9652 925776.610  21.3%  22.8  564s
  8020   571 927255.541   57  387 1176453.97 925776.610  21.3%  22.8  570s
H 8021   571                    1170455.2409 925776.610  20.9%  22.8  570s
H 8029   571                    1170344.5371 925776.610  20.9%  22.8  570s
H 8094   631                    1170054.7960 925776.610  20.9%  22.7  585s
H 8095   631                    1161929.1961 925776.610  20.3%  22.7  585s
H 8101   631                    1157393.1418 925776.610  20.0%  22.7  585s
  8226   825 927060.903   70  385 1157393.14 925776.610  20.0%  22.5  591s
  8404  1039 927233.149   80  377 1157393.14 925776.610  20.0%  22.3  596s
  8631  1312 927206.718   95  345 1157393.14 925776.610  20.0%  22.1  600s
  9054  1701 927233.671  121  314 1157393.14 925776.610  20.0%  21.7  606s
H 9178  1745                    1156932.9787 925776.610  20.0%  21.8  611s
H 9180  1745                    1153729.6676 925776.610  19.8%  21.8  611s
  9340  1987 927240.757  137  280 1153729.67 925776.610  19.8%  21.8  616s
  9600  2268 927316.766  151  271 1153729.67 925776.610  19.8%  22.3  621s
H 9889  2407                    1153707.4001 925776.610  19.8%  22.8  635s
H 9890  2407                    1153354.4788 925776.610  19.7%  22.8  635s
H 9891  2407                    1147887.6255 925776.610  19.3%  22.8  635s
 10044  2678 929432.675  181  254 1147887.63 925776.610  19.3%  23.2  640s
 10285  2910 927836.876  200  252 1147887.63 925776.610  19.3%  25.0  646s
 10513  3136 927840.228  216  252 1147887.63 925776.610  19.3%  27.3  651s
 10736  3363 929582.157  230  258 1147887.63 925776.610  19.3%  29.4  657s
 10857  3494 929582.157  239  259 1147887.63 925776.610  19.3%  30.4  661s
 11009  3624 929587.031  248  252 1147887.63 925776.610  19.3%  31.3  669s
H11037  3624                    1144996.9968 925776.610  19.1%  31.2  669s
 11139  3874 930129.673  262  244 1144997.00 925776.610  19.1%  31.2  673s
H11407  3882                    1139502.5559 925776.610  18.8%  31.2  693s
 11415  4123 929864.848  276  237 1139502.56 925776.610  18.8%  31.2  698s
 11664  4378 931190.891  290  237 1139502.56 925776.610  18.8%  30.9  702s
 11919  4614 930653.783  305  238 1139502.56 925776.610  18.8%  30.7  708s
 12157  4876 930671.731  318  235 1139502.56 925776.610  18.8%  30.4  714s
 12421  5128 930737.373  332  234 1139502.56 925776.610  18.8%  30.1  725s
H12462  5128                    1139349.5627 925776.610  18.7%  30.1  725s
H12673  5136                    1137759.3485 925776.610  18.6%  29.9  737s
 12681  5493 930764.949  353  234 1137759.35 925776.610  18.6%  29.9  743s
 13038  5923 931427.816  370  230 1137759.35 925776.610  18.6%  29.5  749s
 13468  6252 931751.138  389  226 1137759.35 925776.610  18.6%  29.1  755s
H13798  6260                    1137030.8271 925776.610  18.6%  28.9  773s
H13799  6260                    1028236.8162 925776.610  10.0%  28.9  773s
 13806  6626 931943.595  404  216 1028236.82 925776.610  10.0%  28.9  779s
H14175  6634                    1023835.7615 925776.610  9.58%  28.6  818s
H14177  6634                    1023691.8150 925776.610  9.56%  28.6  818s
H14178  6634                    1023312.1636 925776.610  9.53%  28.6  818s
H14182  6634                    1023280.2368 925776.610  9.53%  28.6  818s
 14183  7047 931915.894  429  207 1023280.24 925776.610  9.53%  28.6  824s
 14610  7383 932000.459  454  206 1023280.24 925776.610  9.53%  28.2  831s
 14946  7391 932192.676  470  203 1023280.24 925776.610  9.53%  28.1  852s
 14954  8255 932065.286  471  200 1023280.24 925776.610  9.53%  28.1  989s
H15062  8255                    1001546.4775 925776.610  7.57%  28.4  989s
H15818  9119                    1001540.9032 925776.610  7.56%  28.0 1079s
H15926  9119                    1000966.1767 925776.610  7.51%  28.1 1079s
H16034  9119                    1000133.8317 925776.610  7.43%  28.1 1079s
H16250  9119                    998341.82510 925776.610  7.27%  28.2 1079s
H16466  9119                    998238.02629 925776.610  7.26%  28.3 1079s
 16682  9981 932739.458  579  191 998238.026 925776.610  7.26%  28.4 1097s
 17546 10291 933978.679  633  187 998238.026 925776.610  7.26%  28.0 1163s
H17564 10291                    991406.91575 925776.610  6.62%  28.0 1164s
 17858 11151 936443.472  636  186 991406.916 925776.610  6.62%  27.8 1179s
 18722 12013 934543.925  690  184 991406.916 925776.610  6.62%  27.4 1194s
 19586 12858 935295.188  744  176 991406.916 925776.610  6.62%  27.6 1209s
H20445 12866                    991329.50316 925776.610  6.61%  27.5 1250s
H20452 12866                    991096.63776 925776.610  6.59%  27.5 1250s
 20453 13706 935165.671  799  170 991096.638 925776.610  6.59%  27.5 1266s
 21295 14537 936508.704  853  167 991096.638 925776.610  6.59%  26.6 1282s
H22126 14615                    989434.13072 925776.610  6.43%  26.0 1406s
H22150 14615                    988760.79976 925776.610  6.37%  26.0 1406s
 22204 15437 936783.077  919  167 988760.800 925776.610  6.37%  26.0 1423s
 23030 16242 937743.203  973  163 988760.800 925776.610  6.37%  26.1 1442s
 23837 17057 937900.163 1027  160 988760.800 925776.610  6.37%  26.4 1458s
 24662 17838 939610.144 1077  156 988760.800 925776.610  6.37%  26.7 1477s
 25449 18438 940376.668 1120  158 988760.800 925776.610  6.37%  27.3 1515s
H25523 18438                    988623.38933 925776.610  6.36%  27.4 1515s
 26049 19293 939867.837 1158  156 988623.389 925776.610  6.36%  27.8 1530s
H26904 19557                    988623.38304 925776.610  6.36%  28.5 1661s
H26955 19557                    988069.87597 925776.610  6.30%  28.5 1661s
H26992 19557                    986062.41874 925776.610  6.11%  28.6 1661s
 27168 20362 941609.063 1237  153 986062.419 925776.610  6.11%  28.9 1680s
 27973 21192 941403.931 1291  157 986062.419 925776.610  6.11%  30.8 1706s
 28807 21633 941611.965 1345  151 986062.419 925776.610  6.11%  30.8 1779s
 29164 21633 947931.689 1343  153 986062.419 925776.610  6.11%  30.6 1780s
 29252 22487 940752.417 1346  148 986062.419 925776.610  6.11%  30.6 1814s
H30110 22487                    985943.18890 925776.610  6.10%  30.1 2113s
H30110 22487                    985795.00256 925776.610  6.09%  30.1 2117s
H30110 22487                    984429.85840 925776.610  5.96%  30.1 2127s
H30110 22487                    984350.71283 925776.610  5.95%  30.1 2132s
 30111 22488 937179.811  974 15347 984350.713 925776.610  5.95%  30.1 2157s
 30113 22489 941697.649 1373  554 984350.713 925776.610  5.95%  30.1 2165s
 30115 22491 939679.116  505  494 984350.713 925776.610  5.95%  30.1 2170s
 30123 22496 941685.740 1140  537 984350.713 927133.576  5.81%  30.1 2176s
 30126 22498 940219.797 1347  561 984350.713 927170.306  5.81%  30.1 2186s
 30130 22501 939100.146  685  578 984350.713 927181.226  5.81%  30.1 2201s
H30130 21375                    984286.42594 927190.769  5.80%  30.1 2202s
 30135 21378 929482.692  209  588 984286.426 927200.490  5.80%  30.0 2213s
H30137 20310                    984083.54794 927203.804  5.78%  30.0 2227s
H30138 19295                    983983.99193 927232.537  5.77%  30.0 2229s
 30140 19296 934483.841  774  601 983983.992 927243.084  5.77%  30.0 2230s
H30142 18332                    983688.27486 927247.512  5.74%  30.0 2241s
 30145 18334 934113.738  543  585 983688.275 927267.962  5.74%  30.0 2245s
H30146 17417                    983643.95245 927270.793  5.73%  30.0 2260s
H30146 16545                    983624.52576 927270.793  5.73%  30.0 2260s
H30146 15718                    983623.23670 927270.793  5.73%  30.0 2260s
H30147 14932                    983610.41780 927271.542  5.73%  30.0 2262s
H30147 14185                    983586.11809 927271.542  5.73%  30.0 2262s
H30149 13476                    983575.66257 927271.542  5.72%  30.0 2272s
H30149 12801                    983575.21173 927271.542  5.72%  30.0 2272s
H30149 12161                    983541.44374 927271.542  5.72%  30.0 2272s
H30149 11552                    983540.99289 927271.542  5.72%  30.0 2272s
H30149 10974                    983480.65227 927271.542  5.72%  30.0 2272s
H30149 10424                    983480.20142 927271.542  5.72%  30.0 2272s
H30151  9904                    983044.06182 927276.131  5.67%  30.0 2283s
 30152  9904 932865.215  485  585 983044.062 927276.131  5.67%  30.0 2286s
 30153  9905 936571.752  854  595 983044.062 927317.949  5.67%  30.0 2292s
 30156  9907 931651.893  461  580 983044.062 927347.471  5.67%  30.0 2302s
 30158  9908 936497.961  907  593 983044.062 927347.552  5.67%  30.0 2314s
 30159  9909 928599.811  238  587 983044.062 927366.333  5.66%  30.0 2316s
H30161  9414                    982795.12396 927368.075  5.64%  30.0 2326s
H30161  8942                    982716.87369 927368.075  5.63%  30.0 2326s
H30161  8494                    982715.56009 927368.075  5.63%  30.0 2326s
H30161  8069                    982709.20013 927368.075  5.63%  30.0 2326s
H30161  7664                    982702.60254 927368.075  5.63%  30.0 2327s
 30163  7666 947302.119 1420  580 982702.603 927384.332  5.63%  30.0 2330s
 30167  7668 938608.646 1133  594 982702.603 927386.161  5.63%  30.0 2344s
H30167  7284                    982676.71514 927407.108  5.62%  30.0 2347s
 30170  7286 937326.769  553  580 982676.715 927416.578  5.62%  30.0 2361s
H30173  6923                    982507.07482 927448.706  5.60%  30.0 2375s
H30173  6575                    982006.43434 927448.706  5.56%  30.0 2375s
H30173  6246                    982004.71724 927448.706  5.56%  30.0 2375s
H30173  5932                    981916.69940 927448.706  5.55%  30.0 2375s
 30177  5935 927451.210  181  573 981916.699 927451.210  5.55%  30.0 2390s
 30179  5936 942105.392 1327  583 981916.699 927451.797  5.55%  30.0 2402s
H30179  5638                    981611.13767 927451.797  5.52%  30.0 2408s
H30179  5355                    981377.98028 927451.797  5.49%  30.0 2408s
 30180  5356 931516.211  417  586 981377.980 927451.797  5.49%  30.0 2413s
 30181  5357 942218.581 1393  586 981377.980 927451.797  5.49%  30.0 2422s
 30183  5358 941620.106  840  590 981377.980 927451.797  5.49%  30.0 2433s
H30183  5089                    981256.25070 927453.057  5.48%  30.0 2438s
H30183  4833                    981193.82670 927453.057  5.48%  30.0 2440s
 30185  4834 937804.392  562  602 981193.827 927453.057  5.48%  30.0 2452s
 30188  4836 940529.644  814  620 981193.827 927458.617  5.48%  30.0 2464s
H30188  4593                    981193.81875 927458.617  5.48%  30.0 2469s
H30188  4362                    980701.82295 927458.617  5.43%  30.0 2480s
H30188  4143                    980563.07420 927458.617  5.42%  30.0 2480s
 30190  4145 940747.092  702  613 980563.074 927458.617  5.42%  30.0 2493s
 30192  4146 933978.822  739  615 980563.074 927458.617  5.42%  30.0 2503s
 30193  4147 927675.104  163  468 980563.074 927675.104  5.39%  30.0 2524s
 30194  4147 939157.915 1124  517 980563.074 927675.104  5.39%  30.0 2532s
 30196  4149 932304.926  596  553 980563.074 927676.094  5.39%  30.0 2543s
 30198  4150 927676.133  114  558 980563.074 927676.133  5.39%  30.0 2553s
 30200  4151 931223.235  325  558 980563.074 927676.170  5.39%  30.0 2563s
 30201  4152 927676.179  135  487 980563.074 927676.179  5.39%  30.0 2582s
H30201  3943                    979261.32697 927676.179  5.27%  30.0 2591s
H30201  3744                    979261.21736 927676.179  5.27%  30.0 2591s
 30204  3746 932039.836  605  547 979261.217 927676.247  5.27%  30.0 2600s
H30204  3557                    979256.66102 927676.262  5.27%  30.0 2604s
H30204  3378                    979057.44946 927676.262  5.25%  30.0 2606s
 30205  3379 942659.638 1335  544 979057.449 927676.262  5.25%  30.0 2621s
 30206  3379 932911.103  514  549 979057.449 927676.262  5.25%  30.0 2629s
 30207  3380 934030.390  517  480 979057.449 927676.262  5.25%  30.0 2652s
H30207  3209                    978496.55727 927676.262  5.19%  30.0 2652s
 30208  3210 930584.315  343  525 978496.557 927676.262  5.19%  30.0 2662s
 30209  3210 933648.363  607  485 978496.557 927676.262  5.19%  30.0 2683s
 30210  3211 937153.491  923  519 978496.557 927676.262  5.19%  30.0 2692s
 30211  3212 937179.811  974  501 978496.557 927676.307  5.19%  30.0 2713s
 30212  3212 944436.443 1155  543 978496.557 927676.308  5.19%  30.0 2722s
 30215  3214 939679.116  505  573 978496.557 927676.819  5.19%  30.0 2734s
 30216  3215 932688.721  600  567 978496.557 927676.987  5.19%  30.0 2736s
 30217  3216 936342.677  382  572 978496.557 927677.074  5.19%  30.0 2757s
H30217  3053                    972246.95894 927677.142  4.58%  30.0 2757s
H30217  2899                    972181.01222 927677.142  4.58%  30.0 2791s
H30217  2752                    972071.08052 927677.142  4.57%  30.0 2792s
 30218  2752 942416.673  959  566 972071.081 927677.142  4.57%  30.0 2799s
H30218  2613                    971872.94043 927677.142  4.55%  30.0 2799s
 30219  2614 930668.719  361  566 971872.940 927677.142  4.55%  30.0 2809s
 30220  2615 931513.412  497  564 971872.940 927677.188  4.55%  30.0 2811s
 30221  2615 935215.276  787  569 971872.940 927677.192  4.55%  30.0 2825s
 30223  2617 941685.740 1140  567 971872.940 927677.462  4.55%  30.0 2836s
 30225  2618 934216.347  219  576 971872.940 927677.480  4.55%  30.0 2848s
 30226  2619 940219.797 1347  516 971872.940 927677.490  4.55%  30.0 2875s
H30226  2486                    971811.59392 927677.494  4.54%  30.0 2885s
H30226  2360                    971308.40515 927677.494  4.49%  30.0 2885s
H30226  2240                    971287.52069 927677.494  4.49%  30.0 2885s
H30226  2126                    970786.14241 927677.494  4.44%  30.0 2885s
 30229  2128 933283.341  193  572 970786.142 927677.495  4.44%  30.0 2897s
 30232  2130 940026.409  720  582 970786.142 927680.013  4.44%  30.0 2911s
 30235  2132 929482.692  209  580 970786.142 927680.781  4.44%  29.9 2924s
 30236  2132 931474.077  463  570 970786.142 927680.852  4.44%  29.9 2926s
H30236  2023                    970784.31153 927680.894  4.44%  29.9 2937s
H30236  1920                    970574.05095 927680.894  4.42%  29.9 2937s
H30236  1822                    970492.37094 927680.894  4.41%  29.9 2937s
 30239  1824 934112.288  810  572 970492.371 927681.025  4.41%  29.9 2950s
 30241  1826 937728.652  698  572 970492.371 927681.174  4.41%  29.9 2963s
 30242  1826 944550.112 1146  581 970492.371 927681.186  4.41%  29.9 2965s
 30243  1827 927681.252   78  582 970492.371 927681.252  4.41%  29.9 2977s
H30243  1733                    970358.85627 927681.279  4.40%  29.9 2998s
H30243  1644                    970295.80803 927681.279  4.39%  29.9 3009s
H30243  1560                    969823.25835 927681.279  4.35%  29.9 3009s
 30244  1561 945264.832 1389  585 969823.258 927681.279  4.35%  29.9 3017s
 30245  1561 934113.738  543  584 969823.258 927681.303  4.35%  29.9 3026s
 30248  1563 932383.213  112  582 969823.258 927682.285  4.35%  29.9 3037s
 30250  1565 932461.887  134  586 969823.258 927682.285  4.35%  29.9 3049s
 30251  1565 930337.743  321  586 969823.258 927682.285  4.35%  29.9 3050s
 30253  1567 936571.752  854  583 969823.258 927682.407  4.35%  29.9 3063s
 30255  1568 937582.470  540  582 969823.258 927682.738  4.35%  29.9 3077s
 30257  1569 934986.424  813  587 969823.258 927682.742  4.35%  29.9 3092s
 30258  1570 936497.961  907  526 969823.258 927682.742  4.35%  29.9 3116s
 30259  1571 928599.811  238  559 969823.258 927682.742  4.35%  29.9 3127s
 30261  1572 934518.384  799  572 969823.258 927684.532  4.34%  29.9 3139s
 30262  1573 937262.383 1020  571 969823.258 927684.532  4.34%  29.9 3140s
H30262  1492                    969151.04388 927684.565  4.28%  29.9 3140s
H30262  1415                    969145.42572 927684.565  4.28%  29.9 3153s
H30262  1341                    969105.47436 927684.565  4.27%  29.9 3153s
H30263  1272                    968479.64780 927684.618  4.21%  29.9 3167s
H30263  1206                    968479.48922 927684.618  4.21%  29.9 3167s
 30264  1207 928886.167  164  517 968479.489 927684.618  4.21%  29.9 3178s
H30264  1144                    968444.02637 927684.683  4.21%  29.9 3188s
H30264  1084                    968317.43258 927684.683  4.20%  29.9 3188s
H30264  1027                    968305.41749 927684.683  4.20%  29.9 3188s
H30264   973                    967885.51168 927684.683  4.15%  29.9 3188s
H30264   922                    966949.15168 927684.683  4.06%  29.9 3188s
H30264   873                    966770.12184 927684.683  4.04%  29.9 3188s
H30265   828                    966769.31181 927685.562  4.04%  29.9 3192s
H30266   784                    966688.11701 927685.584  4.03%  29.9 3193s
H30266   742                    966611.33549 927685.584  4.03%  29.9 3193s
 30267   743 938608.646 1133  569 966611.335 927685.584  4.03%  29.9 3203s
 30269   744 935726.659  292  580 966611.335 927685.708  4.03%  29.9 3214s
H30269   704                    966594.85323 927685.712  4.03%  29.9 3220s
H30269   666                    966581.05789 927685.712  4.02%  29.9 3222s
 30271   668 946120.802 1271  583 966581.058 927685.778  4.02%  29.9 3234s
 30272   668 931701.703  539  586 966581.058 927685.805  4.02%  29.9 3236s
 30273   669 927685.852   59  588 966581.058 927685.852  4.02%  29.9 3251s
H30273   633                    966528.15577 927685.859  4.02%  29.9 3257s
H30273   599                    966506.50161 927685.859  4.02%  29.9 3262s
H30273   566                    966388.63400 927685.859  4.00%  29.9 3268s
 30275   567 937871.756  586  584 966388.634 927685.908  4.00%  29.9 3282s
 30277   569 927685.997  181  585 966388.634 927685.997  4.00%  29.9 3296s
 30279   570 942105.392 1327  585 966388.634 927686.080  4.00%  29.9 3311s
 30281   571 942218.581 1393  584 966388.634 927686.144  4.00%  29.9 3327s
H30282   541                    965401.10858 927686.224  3.91%  29.9 3346s
H30282   511                    965399.32274 927686.224  3.91%  29.9 3346s
H30282   482                    965390.76933 927686.224  3.91%  29.9 3346s
H30282   455                    965388.24153 927686.224  3.91%  29.9 3347s
 30285   457 937804.392  562  586 965388.242 927686.234  3.91%  29.9 3359s
H30285   432                    965386.89674 927686.967  3.91%  29.9 3362s
H30285   407                    964449.33675 927686.967  3.81%  29.9 3365s
H30285   384                    964397.52483 927686.967  3.81%  29.9 3370s
 30286   385 934319.455  784  585 964397.525 927686.967  3.81%  29.9 3384s
 30287   385 929129.985  276  587 964397.525 927686.967  3.81%  29.9 3396s
 30288   386 940529.644  814  584 964397.525 927686.967  3.81%  29.9 3411s
 30290   387 940747.092  702  584 964397.525 927686.967  3.81%  29.9 3426s
 30291   388 930889.833  310  533 964397.525 927686.967  3.81%  29.9 3455s
H30291   365                    962815.80735 927686.967  3.65%  29.9 3475s
 30293   366 927686.967  163  533 962815.807 927686.967  3.65%  29.9 3514s
 30296   370 932304.926  596 15347 962815.807 927686.967  3.65%  32.7 3515s
 30298   371 927686.967  114  562 962815.807 927686.967  3.65%  32.7 3524s
 30299   372 939890.334  720  548 962815.807 927686.967  3.65%  32.7 3527s
 30302   374 927686.967   92  502 962815.807 927686.967  3.65%  32.7 3530s
 30309   379 933648.363  607  555 962815.807 927687.127  3.65%  32.7 3535s
 30311   380 937179.811  974  581 962815.807 927701.965  3.65%  32.7 3545s
H30313   361                    962786.44053 927711.132  3.64%  32.7 3558s
H30315   345                    962786.43693 927721.275  3.64%  32.7 3569s
H30315   327                    962130.98493 927721.275  3.58%  32.7 3569s
 30317   328 936342.677  382  587 962130.985 927725.020  3.58%  32.7 3571s
 30319   329 930668.719  361  587 962130.985 927725.545  3.58%  32.7 3582s
H30319   312                    962126.13247 927740.714  3.57%  32.7 3582s
 30322   314 947997.425 1316  579 962126.132 927755.592  3.57%  32.7 3585s
 30324   316 940408.658 1127  581 962126.132 927755.849  3.57%  32.7 3596s
H30325   300                    962118.25808 927765.946  3.57%  32.7 3598s
 30328   302 941755.811 1350  597 962118.258 927767.085  3.57%  32.6 3609s
 30329   303 933283.341  193  595 962118.258 927771.430  3.57%  32.6 3610s
 30331   304 937746.791  964  598 962118.258 927771.608  3.57%  32.6 3624s
 30332   305 940026.409  720  599 962118.258 927775.906  3.57%  32.6 3625s
H30334   290                    961735.50387 927784.102  3.53%  32.6 3641s
H30334   275                    961692.09614 927784.102  3.53%  32.6 3641s
H30335   261                    960501.23904 927793.601  3.41%  32.6 3643s
H30335   248                    959942.36892 927793.601  3.35%  32.6 3644s
 30338   250 928937.070  198  621 959942.369 927801.166  3.35%  32.6 3645s
 30340   251 934483.841  774  624 959942.369 927803.472  3.35%  32.6 3658s
H30340   237                    959448.37217 927811.408  3.30%  32.6 3660s
 30344   240 945264.832 1389  618 959448.372 927816.503  3.30%  32.6 3673s
H30344   227                    959363.47553 927818.114  3.29%  32.6 3677s
 30347   229 928571.182  207  633 959363.476 927818.114  3.29%  32.6 3689s
 30348   230 932383.213  112  623 959363.476 927828.613  3.29%  32.6 3690s
 30352   232 932865.215  485  627 959363.476 927829.770  3.29%  32.6 3702s
H30352   220                    958498.49890 927830.280  3.20%  32.6 3706s
 30354   222 927830.327   27  633 958498.499 927830.327  3.20%  32.6 3720s
 30356   223 931651.893  461  639 958498.499 927830.857  3.20%  32.6 3734s
 30357   224 934986.424  813  629 958498.499 927832.494  3.20%  32.6 3737s
 30359   225 928599.811  238  633 958498.499 927833.012  3.20%  32.6 3749s
H30359   212                    958219.83036 927835.022  3.17%  32.6 3751s
 30362   214 937262.383 1020  639 958219.830 927835.383  3.17%  32.6 3760s
H30362   203                    958110.62037 927839.210  3.16%  32.6 3765s
H30362   191                    957721.16803 927839.210  3.12%  32.6 3766s
H30362   181                    957685.27786 927839.210  3.12%  32.6 3771s
 30365   183 928939.012  203  633 957685.278 927839.210  3.12%  32.6 3780s
 30370   186 937326.769  553  623 957685.278 927840.086  3.12%  32.6 3792s
H30370   175                    957523.37757 927855.623  3.10%  32.6 3799s
H30370   165                    957498.64841 927855.623  3.10%  32.6 3799s
 30371   166 946120.802 1271  621 957498.648 927855.623  3.10%  32.6 3800s
 30373   167 927855.623   59  623 957498.648 927855.623  3.10%  32.6 3810s
 30375   169 937871.756  586  615 957498.648 927855.623  3.10%  32.6 3821s
 30377   170 927855.623  181  623 957498.648 927855.623  3.10%  32.6 3833s
 30381   173 942218.581 1393  629 957498.648 927859.323  3.10%  32.6 3835s
 30382   173 940951.085 1260  628 957498.648 927859.327  3.10%  32.6 3844s
 30383   174 941620.106  840  632 957498.648 927859.327  3.10%  32.6 3845s
 30385   175 937804.392  562  626 957498.648 927861.551  3.10%  32.6 3853s
 30386   176 934319.455  784  627 957498.648 927861.551  3.10%  32.6 3855s
 30387   177 929129.985  276  631 957498.648 927861.551  3.10%  32.6 3868s
 30388   177 940529.644  814  634 957498.648 927864.093  3.09%  32.6 3886s
 30389   178 942072.493 1324  632 957498.648 927864.093  3.09%  32.6 3895s
 30391   179 930889.833  310  632 957498.648 927864.093  3.09%  32.6 3907s
 30392   180 933978.822  739  490 957498.648 927864.093  3.09%  32.6 3931s
 30393   181 927864.093  163  543 957498.648 927864.093  3.09%  32.6 3944s
 30394   181 939157.915 1124  557 957498.648 927865.066  3.09%  32.6 3945s
 30398   184 927871.169  114  571 957498.648 927871.169  3.09%  32.6 3955s
 30400   185 931223.235  325  577 957498.648 927872.847  3.09%  32.6 3965s
 30402   187 927873.656   92  572 957498.648 927873.656  3.09%  32.6 3976s
 30403   187 931369.717  463  575 957498.648 927873.658  3.09%  32.6 4012s
 30404   188 932039.836  605  576 957498.648 927873.658  3.09%  32.6 4035s
 30407   190 934030.390  517  581 957498.648 927873.958  3.09%  32.6 4057s
 30408   191 930584.315  343  498 957498.648 927873.978  3.09%  32.6 4083s
 30409   191 933648.363  607  542 957498.648 927873.998  3.09%  32.6 4107s
 30412   193 944436.443 1155  566 957498.648 927874.121  3.09%  32.6 4133s
 30413   194 941697.649 1373  566 957498.648 927874.121  3.09%  32.6 4135s
 30414   195 951293.885 1236  567 957498.648 927874.121  3.09%  32.6 4146s
 30416   196 932688.721  600  569 957498.648 927874.121  3.09%  32.6 4157s
 30417   197 936342.677  382  483 957498.648 927874.122  3.09%  32.6 4179s
 30418   197 942416.673  959  536 957498.648 927874.122  3.09%  32.6 4197s
 30420   199 931513.412  497  553 957498.648 927874.192  3.09%  32.5 4209s
 30421   199 935215.276  787  560 957498.648 927874.196  3.09%  32.5 4210s
 30422   200 947997.425 1316  561 957498.648 927874.265  3.09%  32.5 4220s
 30424   201 940408.658 1127  568 957498.648 927875.094  3.09%  32.5 4232s
H30424   189                    957115.80728 927875.585  3.06%  32.5 4252s
 30427   191 930756.136  343  563 957115.807 927876.330  3.05%  32.5 4264s
 30428   192 941755.811 1350  568 957115.807 927877.290  3.05%  32.5 4265s
 30429   193 933283.341  193  567 957115.807 927877.354  3.05%  32.5 4286s
 30431   194 937746.791  964  573 957115.807 927877.684  3.05%  32.5 4297s
H30432   183                    955601.03265 927877.755  2.90%  32.5 4310s
H30433   171                    955574.24527 927877.941  2.90%  32.5 4323s
H30433   160                    955574.13856 927877.941  2.90%  32.5 4323s
H30436   152                    955470.34516 927878.561  2.89%  32.5 4336s
H30436   142                    955428.97012 927878.561  2.88%  32.5 4336s
 30439   144 934112.288  810  580 955428.970 927878.634  2.88%  32.5 4347s
 30441   146 937728.652  698  581 955428.970 927878.988  2.88%  32.5 4357s
 30443   147 927879.029   78  589 955428.970 927879.029  2.88%  32.5 4368s
 30444   148 945264.832 1389  585 955428.970 927879.764  2.88%  32.5 4370s
 30445   148 934113.738  543  587 955428.970 927879.825  2.88%  32.5 4380s
 30447   150 928571.182  207  579 955428.970 927880.046  2.88%  32.5 4392s
 30449   151 939149.388 1164  590 955428.970 927880.344  2.88%  32.5 4405s
 30451   152 930337.743  321  588 955428.970 927880.761  2.88%  32.5 4419s
 30452   153 932865.215  485  588 955428.970 927880.761  2.88%  32.5 4421s
 30453   154 936571.752  854  591 955428.970 927880.761  2.88%  32.5 4431s
 30454   154 927880.761   27  588 955428.970 927880.761  2.88%  32.5 4444s
H30454   144                    955367.79460 927880.804  2.88%  32.5 4456s
H30454   134                    955367.17036 927880.804  2.88%  32.5 4456s
H30455   125                    954980.84037 927880.804  2.84%  32.5 4490s
H30455   116                    954848.44569 927880.804  2.82%  32.5 4505s
 30456   117 931651.893  461  511 954848.446 927880.804  2.82%  32.5 4516s
 30457   117 934986.424  813  563 954848.446 927880.804  2.82%  32.5 4530s
 30461   120 934518.384  799  596 954848.446 927880.921  2.82%  32.5 4536s
 30464   122 928886.167  164  597 954848.446 927881.054  2.82%  32.5 4540s
 30467   124 938608.646 1133  603 954848.446 927881.068  2.82%  32.5 4545s
 30470   126 937326.769  553  520 954848.446 927881.068  2.82%  32.5 4552s
 30472   127 931701.703  539  526 954848.446 927881.102  2.82%  32.5 4559s
 30473   128 927881.102   59  564 954848.446 927881.102  2.82%  32.5 4561s
 30476   130 932720.628  630  584 954848.446 927881.349  2.82%  32.5 4566s
 30479   132 942105.392 1327  587 954848.446 927881.456  2.82%  32.5 4570s
 30483   135 941620.106  840  581 954848.446 927881.989  2.82%  32.5 4576s
 30486   137 934319.455  784  576 954848.446 927882.037  2.82%  32.5 4580s
 30489   139 942072.493 1324  579 954848.446 927882.037  2.82%  32.5 4586s
 30490   139 940747.092  702  531 954848.446 927882.037  2.82%  32.5 4593s
 30491   140 930889.833  310  554 954848.446 927882.037  2.82%  32.5 4596s
 30492   141 933978.822  739  524 954848.446 927882.037  2.82%  32.5 4604s
 30493   141 927882.037  163  515 954848.446 927882.037  2.82%  32.5 4612s
H30493   131                    954717.19627 927882.037  2.81%  32.5 4613s
H30493   121                    954715.43853 927882.037  2.81%  32.5 4614s
H30493   112                    954609.31773 927882.037  2.80%  32.5 4615s
 30494   113 939157.915 1124  515 954609.318 927882.037  2.80%  32.5 4620s
 30501   127 930806.826   39  513 954609.318 927884.063  2.80%  35.1 4626s
 30541   153 930966.228   43  516 954609.318 927884.228  2.80%  35.2 4631s
 30549   161 930980.272   43  515 954609.318 927884.228  2.80%  35.2 4636s
H30552   151                    954600.85612 927884.228  2.80%  35.2 4636s
H30554   141                    954598.16045 927884.228  2.80%  35.2 4636s
 30600   183 930990.306   46  513 954598.160 927884.228  2.80%  35.2 4640s
H30616   177                    954497.03349 927884.228  2.79%  35.2 4648s
 30640   201 931000.667   49  505 954497.033 927884.228  2.79%  35.1 4650s
 30665   216 931000.667   50  504 954497.033 927884.228  2.79%  35.1 4656s
H30673   206                    954386.19238 927884.228  2.78%  35.1 4656s
 30695   223 931070.163   52  505 954386.192 927884.228  2.78%  35.1 4661s
H30703   220                    954248.85958 927884.228  2.76%  35.1 4692s
H30705   218                    953723.55805 927884.228  2.71%  35.1 4692s
H30709   218                    953458.88494 927884.228  2.68%  35.1 4692s
 30711   226 931002.859   53  497 953458.885 927884.228  2.68%  35.1 4707s
H30716   226                    953458.87986 927884.228  2.68%  35.1 4707s
H30718   226                    953441.40622 927884.228  2.68%  35.1 4707s
 30736   251 931002.873   55  498 953441.406 927884.228  2.68%  35.1 4711s
H30744   259                    953413.84799 927884.228  2.68%  35.1 4736s
H30746   259                    953339.62432 927884.228  2.67%  35.1 4736s
H30751   259                    953337.75160 927884.228  2.67%  35.1 4736s
 30786   317 931011.028   58  497 953337.752 927884.228  2.67%  35.1 4740s
 30860   393 931028.738   63  476 953337.752 927884.228  2.67%  35.1 4745s
 30935   474 931610.653   67  468 953337.752 927884.228  2.67%  35.0 4750s
 31032   576 931114.142   73  472 953337.752 927884.228  2.67%  35.0 4756s
 31102   643 931161.122   78  472 953337.752 927884.228  2.67%  35.0 4761s
 31136   651 931529.071   80  462 953337.752 927884.228  2.67%  35.0 4776s
H31144   659                    953310.19337 927884.228  2.67%  35.0 4802s
H31145   659                    953055.65087 927884.228  2.64%  35.0 4802s
 31152   667 931219.327   81  462 953055.651 927884.228  2.64%  35.0 4820s
 31160   675 931173.402   82  464 953055.651 927884.228  2.64%  35.0 4862s
H31166   675                    953053.11524 927884.228  2.64%  35.0 4862s
 31168   715 931225.034   82  466 953053.115 927884.228  2.64%  35.0 4865s
 31253   806 931286.104   88  459 953053.115 927884.228  2.64%  35.1 4872s
 31299   858 931386.483   91  448 953053.115 927884.228  2.64%  35.1 4875s
 31409   972 931532.127   98  448 953053.115 927884.228  2.64%  35.1 4883s
H31465   980                    953053.11113 927884.228  2.64%  35.0 4897s
 31473  1038 931320.316  103  445 953053.111 927884.228  2.64%  35.0 4901s
 31531  1090 932571.549  106  446 953053.111 927884.228  2.64%  35.1 4906s
 31583  1155 932322.636  109  444 953053.111 927884.228  2.64%  35.1 4910s
 31649  1224 931331.911  114  454 953053.111 927884.228  2.64%  35.1 4916s
 31724  1293 931348.964  119  449 953053.111 927884.228  2.64%  35.1 4921s
 31793  1373 931417.681  124  442 953053.111 927884.228  2.64%  35.1 4926s
 31881  1459 931452.189  129  438 953053.111 927884.228  2.64%  35.1 4931s
 31969  1553 932230.913  134  434 953053.111 927884.228  2.64%  35.0 4937s
 32065  1651 932168.708  140  423 953053.111 927884.228  2.64%  35.1 4942s
 32164  1777 932180.481  147  415 953053.111 927884.228  2.64%  35.1 4948s
 32292  1900 932207.253  156  403 953053.111 927884.228  2.64%  35.1 4953s
 32417  2030 932355.421  164  382 953053.111 927884.228  2.64%  35.1 4959s
 32547  2038 932537.430  171  375 953053.111 927884.228  2.64%  35.2 4970s
 32555  2046 932409.592  172  381 953053.111 927884.228  2.64%  35.2 4986s
 32563  2054 932410.951  172  385 953053.111 927884.228  2.64%  35.2 4999s
 32571  2062 932410.977  173  381 953053.111 927884.228  2.64%  35.2 5013s
 32579  2108 932462.017  173  376 953053.111 927884.228  2.64%  35.2 5026s
 32625  2226 932501.832  180  360 953053.111 927884.228  2.64%  35.2 5034s
 32753  2391 932490.664  189  359 953053.111 927884.228  2.64%  35.2 5042s
 32920  2559 932514.221  197  353 953053.111 927884.228  2.64%  35.3 5050s
 33088  2734 932512.284  206  345 953053.111 927884.228  2.64%  35.3 5057s
 33263  2901 933075.523  216  336 953053.111 927884.228  2.64%  35.2 5064s
 33432  3114 932597.647  227  330 953053.111 927884.228  2.64%  35.2 5071s
 33645  3316 932671.859  241  317 953053.111 927884.228  2.64%  35.3 5078s
 33855  3536 932696.862  255  301 953053.111 927884.228  2.64%  35.3 5088s
 34093  3779 932742.644  269  287 953053.111 927884.228  2.64%  35.2 5096s
 34342  4022 932738.078  283  278 953053.111 927884.228  2.64%  35.0 5105s
 34589  4030 934341.400  296  273 953053.111 927884.228  2.64%  34.9 5123s
 34597  4038 932888.438  297  274 953053.111 927884.228  2.64%  34.9 5154s
 34605  4046 934341.400  297  273 953053.111 927884.228  2.64%  34.9 5176s
H34607  4046                    953053.11058 927884.228  2.64%  34.9 5176s
H34608  4046                    953053.11039 927884.228  2.64%  34.9 5176s
 34613  4272 932888.888  298  273 953053.110 927884.228  2.64%  34.9 5185s
 34843  4506 932936.766  311  266 953053.110 927884.228  2.64%  34.8 5195s
 35081  4746 933132.204  324  265 953053.110 927884.228  2.64%  34.9 5205s
 35321  4993 933144.326  337  263 953053.110 927884.228  2.64%  35.3 5215s
 35568  5233 934796.626  352  263 953053.110 927884.228  2.64%  35.8 5225s
 35808  5500 933153.752  368  263 953053.110 927884.228  2.64%  36.2 5236s
 36091  5912 934863.823  386  263 953053.110 927884.228  2.64%  36.4 5247s
 36509  6362 936101.279  412  265 953053.110 927884.228  2.64%  36.2 5258s
 36961  6787 935011.728  445  254 953053.110 927884.228  2.64%  36.0 5271s
H37386  6852                    953053.10231 927884.228  2.64%  35.9 5318s
 37453  7364 936055.278  473  255 953053.102 927884.228  2.64%  35.9 5329s
 37979  7886 936466.023  510  235 953053.102 927884.228  2.64%  35.7 5341s
 38507  7893 935789.795  540  230 953053.102 927884.228  2.64%  35.5 5401s
 38516  7901 935513.468  541  229 953053.102 927884.228  2.64%  35.5 5439s
 38524  7924 936303.468  541  231 953053.102 927884.228  2.64%  35.5 5469s
 38547  7988 935614.233  542  229 953053.102 927884.228  2.64%  35.5 5494s
 38613  8081 935520.563  543  233 953053.102 927884.228  2.64%  35.5 5521s
 38708  8610 935601.443  543  229 953053.102 927884.228  2.64%  35.4 5537s
 39239  9234 936284.233  573  229 953053.102 927884.228  2.64%  35.3 5553s
 39865  9725 938212.051  611  220 953053.102 927884.228  2.64%  35.2 5575s
 40358 10340 937525.096  645  218 953053.102 927884.228  2.64%  35.3 5590s
 40975 10573 937685.488  681  208 953053.102 927884.228  2.64%  35.5 5620s
 41208 10581 937785.225  694  206 953053.102 927884.228  2.64%  35.7 5658s
 41216 10876 938195.448  694  206 953053.102 927884.228  2.64%  35.7 5685s
 41511 11571 938207.684  715  208 953053.102 927884.228  2.64%  35.8 5700s
 42206 12155 937843.499  746  205 953053.102 927884.228  2.64%  36.0 5768s
 42790 12856 940434.035  782  197 953053.102 927884.228  2.64%  36.0 5815s
 43491 13654 938326.804  823  201 953053.102 927884.228  2.64%  35.8 5835s
 44291 13662 939470.446  861  198 953053.102 927884.228  2.64%  35.8 5907s
 44299 13694 938333.183  862  192 953053.102 927884.228  2.64%  35.8 5955s
 44331 14299 938878.666  862  198 953053.102 927884.228  2.64%  35.8 5986s
 44940 15163 938532.726  888  189 953053.102 927884.228  2.64%  35.8 6012s
 45804 15785 939085.528  942  189 953053.102 927884.228  2.64%  35.5 6031s
 46426 16484 938773.917  983  189 953053.102 927884.228  2.64%  35.2 6050s
 47125 17018 939125.470 1026  186 953053.102 927884.228  2.64%  35.1 6132s
 47677 17631 939386.207 1060  180 953053.102 927884.228  2.64%  35.1 6214s
 48302 18434 940277.035 1098  177 953053.102 927884.228  2.64%  35.1 6234s
 49016 18434 939010.481 1144  172 953053.102 927884.228  2.64%  34.8 6235s
 49105 19292 940337.543 1152  174 953053.102 927884.228  2.64%  34.8 6252s
 49965 20102 940480.961 1206  171 953053.102 927884.228  2.64%  34.8 6270s
H50777 20152                    953051.54672 927884.228  2.64%  35.1 6283s
 50827 20999 940513.311 1262  173 953051.547 927884.228  2.64%  35.1 6303s
 51674 21804 942773.822 1316  170 953051.547 927884.228  2.64%  35.3 6322s
 52535 22481 940820.815 1370  160 953051.547 927884.228  2.64%  35.5 6342s
 53253 23175 941878.708 1423  156 953051.547 927884.228  2.64%  36.1 6364s
 53983 23857 942889.573 1473  158 953051.547 927884.228  2.64%  36.6 6425s
H54701 23865                    952983.46609 927884.228  2.63%  36.6 6571s
H54706 23865                    952931.69264 927884.228  2.63%  36.6 6571s
 54709 24500 942199.755 1520  150 952931.693 927884.228  2.63%  36.6 6607s
 55344 25273 942275.221 1574  142 952931.693 927884.228  2.63%  36.4 6638s
 56127 26103 943037.140 1628  142 952931.693 927884.228  2.63%  36.0 6664s
 56235 26103 940900.825 1691  140 952931.693 927884.228  2.63%  36.0 6665s
 56966 26903 943231.386 1682  141 952931.693 927884.228  2.63%  35.6 6689s
 57796 27440 944339.198 1736  140 952931.693 927884.228  2.63%  35.3 6776s
H58121 27440                    952931.69040 927884.228  2.63%  35.2 6776s
 58339 28232 945702.241 1790  139 952931.690 927884.228  2.63%  35.1 6801s
 59136 29017 946479.084 1842  133 952931.690 927884.228  2.63%  35.1 6828s
 59921 29025 946778.110 1888  132 952931.690 927884.228  2.63%  35.2 6986s
 59929 29334 946603.855 1889  134 952931.690 927884.228  2.63%  35.2 7311s
H60061 29334                    952788.41245 927884.228  2.61%  35.3 7311s

Cutting planes:
  Learned: 1
  Gomory: 305
  Cover: 426
  Implied bound: 133
  Projected implied bound: 214
  Clique: 1
  MIR: 905
  Mixing: 32
  StrongCG: 1
  Flow cover: 694
  RLT: 46
  Relax-and-lift: 120

Explored 60238 nodes (2182951 simplex iterations) in 7312.82 seconds (4311.41 work units)
Thread count was 8 (of 8 available processors)

Solution count 10: 952788 952788 952932 ... 953310

Solve interrupted
Best objective 9.527884124530e+05, best bound 9.278842280483e+05, gap 2.6138%

