Solver command line: []

Read LP format model from file C:\Users\wlhlm\AppData\Local\Temp\tmpapz4tjhi.pyomo.lp
Reading time = 38.06 seconds
objective: 967944 rows, 858479 columns, 78914406 nonzeros
Set parameter MIPGap to value 0.03
Gurobi Optimizer version 12.0.1 build v12.0.1rc0 (win64 - Windows 11.0 (26100.2))

CPU model: Intel(R) Core(TM) Ultra 7 258V, instruction set [SSE2|AVX|AVX2]
Thread count: 8 physical cores, 8 logical processors, using up to 8 threads

Non-default parameters:
MIPGap  0.03

Optimize a model with 967944 rows, 858479 columns and 78914406 nonzeros
Model fingerprint: 0x15766139
Model has 8759 quadratic constraints
Variable types: 735840 continuous, 122639 integer (105120 binary)
Coefficient statistics:
  Matrix range     [6e-03, 2e+02]
  QMatrix range    [1e+00, 1e+00]
  Objective range  [1e-02, 5e+02]
  Bounds range     [1e+00, 3e+00]
  RHS range        [8e-05, 1e+04]
Presolve removed 157680 rows and 140160 columns (presolve time = 11s)...
Presolve removed 582508 rows and 477387 columns (presolve time = 16s)...
Presolve removed 621895 rows and 512429 columns (presolve time = 20s)...
Presolve removed 643758 rows and 529949 columns (presolve time = 25s)...
Presolve removed 661697 rows and 536810 columns (presolve time = 31s)...
Presolve removed 666759 rows and 541872 columns (presolve time = 36s)...
Presolve removed 666759 rows and 541872 columns (presolve time = 40s)...
Presolve removed 666759 rows and 541872 columns (presolve time = 49s)...
Presolve removed 675518 rows and 541872 columns (presolve time = 58s)...
Presolve removed 675518 rows and 541872 columns (presolve time = 62s)...
Presolve removed 675518 rows and 541873 columns (presolve time = 65s)...
Presolve removed 675518 rows and 541873 columns (presolve time = 74s)...
Presolve removed 771049 rows and 646049 columns
Presolve time: 74.67s
Presolved: 196895 rows, 212430 columns, 620386 nonzeros
Variable types: 149192 continuous, 63238 integer (63238 binary)
Performing another presolve...
Presolve removed 52564 rows and 52565 columns (presolve time = 7s)...
Presolve removed 52564 rows and 52565 columns
Presolve time: 6.57s
Deterministic concurrent LP optimizer: primal and dual simplex
Showing primal log only...


Root simplex log...

Iteration    Objective       Primal Inf.    Dual Inf.      Time
       0    2.4450133e+07   6.971068e+07   6.724018e+13     83s
   75798    1.3563465e+07   6.132338e+03   7.335499e+09     85s
Concurrent spin time: 0.50s (can be avoided by choosing Method=3)

Solved with dual simplex

Root simplex log...

Iteration    Objective       Primal Inf.    Dual Inf.      Time
   42176    9.4732586e+05   0.000000e+00   0.000000e+00     86s

Root relaxation: objective 9.473259e+05, 42176 iterations, 3.38 seconds (6.19 work units)
Total elapsed time = 86.02s (DegenMoves)

    Nodes    |    Current Node    |     Objective Bounds      |     Work
 Expl Unexpl |  Obj  Depth IntInf | Incumbent    BestBd   Gap | It/Node Time

     0     0 947325.861    0  567          - 947325.861      -     -   88s
H    0     0                    1.680634e+07 947377.924  94.4%     -   93s
     0     0 954746.882    0  659 1.6806e+07 954746.882  94.3%     -   94s
     0     0 954818.401    0  672 1.6806e+07 954818.401  94.3%     -   96s
     0     0 954821.045    0  671 1.6806e+07 954821.045  94.3%     -   97s
     0     0 954824.754    0  674 1.6806e+07 954824.754  94.3%     -   97s
     0     0 954824.754    0  675 1.6806e+07 954824.754  94.3%     -   97s
     0     0 957569.300    0  663 1.6806e+07 957569.300  94.3%     -   99s
H    0     0                    1.680419e+07 957569.300  94.3%     -  100s
     0     0 957895.436    0  598 1.6804e+07 957895.436  94.3%     -  100s
     0     0 957952.129    0  580 1.6804e+07 957952.129  94.3%     -  101s
     0     0 958021.476    0  577 1.6804e+07 958021.476  94.3%     -  101s
     0     0 958021.507    0  579 1.6804e+07 958021.507  94.3%     -  101s
     0     0 958570.415    0  563 1.6804e+07 958570.415  94.3%     -  105s
     0     0 958645.716    0  570 1.6804e+07 958645.716  94.3%     -  106s
     0     0 958675.089    0  572 1.6804e+07 958675.089  94.3%     -  106s
     0     0 958688.015    0  572 1.6804e+07 958688.015  94.3%     -  106s
     0     0 958688.574    0  574 1.6804e+07 958688.574  94.3%     -  107s
     0     0 958804.995    0  544 1.6804e+07 958804.995  94.3%     -  110s
     0     0 958859.535    0  563 1.6804e+07 958859.535  94.3%     -  111s
     0     0 958864.700    0  571 1.6804e+07 958864.700  94.3%     -  111s
     0     0 958865.485    0  570 1.6804e+07 958865.485  94.3%     -  111s
     0     0 958878.932    0  575 1.6804e+07 958878.932  94.3%     -  113s
     0     0 958880.013    0  569 1.6804e+07 958880.013  94.3%     -  113s
     0     0 958881.300    0  576 1.6804e+07 958881.300  94.3%     -  115s
H    0     0                    1.634476e+07 958881.300  94.1%     -  120s
H    0     0                    1.634029e+07 958881.300  94.1%     -  120s
H    0     0                    1.606159e+07 958881.300  94.0%     -  120s
H    0     0                    1.605163e+07 958881.300  94.0%     -  120s
H    0     0                    1.604942e+07 958881.300  94.0%     -  121s
H    0     0                    1.604912e+07 958881.300  94.0%     -  121s
H    0     0                    1.604908e+07 958881.300  94.0%     -  121s
H    0     0                    1.604907e+07 958881.300  94.0%     -  121s
H    0     0                    1.604891e+07 958881.300  94.0%     -  122s
H    0     0                    1.604870e+07 958881.300  94.0%     -  122s
H    0     0                    1.604867e+07 958881.300  94.0%     -  122s
H    0     0                    1.604853e+07 958881.300  94.0%     -  122s
H    0     0                    1.604852e+07 958881.300  94.0%     -  122s
     0     0 958884.150    0  576 1.6049e+07 958884.150  94.0%     -  122s
     0     0 958884.289    0  576 1.6049e+07 958884.289  94.0%     -  123s
     0     0 958893.694    0  576 1.6049e+07 958893.694  94.0%     -  124s
     0     0 958897.264    0  584 1.6049e+07 958897.264  94.0%     -  125s
     0     0 958897.306    0  581 1.6049e+07 958897.306  94.0%     -  125s
     0     0 958907.334    0  576 1.6049e+07 958907.334  94.0%     -  126s
     0     0 958948.807    0  467 1.6049e+07 958948.807  94.0%     -  128s
     0     2 958948.807    0  449 1.6049e+07 958948.807  94.0%     -  130s
H   53    63                    1.597937e+07 958948.807  94.0%  60.4  134s
    62    79 959917.653    9  519 1.5979e+07 958948.807  94.0%  52.2  135s
H   78    87                    1.576000e+07 958948.807  93.9%  42.0  142s
H   80    87                    1.548658e+07 958948.807  93.8%  41.0  142s
H   82    87                    1.545288e+07 958948.807  93.8%  40.0  142s
H   84    87                    1.545145e+07 958948.807  93.8%  39.1  142s
   143   166 959917.653   15  520 1.5451e+07 958948.807  93.8%  24.4  145s
H  312   321                    1.544012e+07 958948.807  93.8%  13.0  150s
   359   368 960013.652   29  519 1.5440e+07 958948.807  93.8%  11.4  161s
   391   400 960079.724   33  519 1.5440e+07 958948.807  93.8%  10.6  165s
   431   440 960079.724   38  519 1.5440e+07 958948.807  93.8%   9.7  170s
   463   472 960085.651   42  519 1.5440e+07 958948.807  93.8%   9.2  176s
   495   504 960109.940   46  519 1.5440e+07 958948.807  93.8%   9.2  180s
   521   539 960403.710   49  516 1.5440e+07 958948.807  93.8%   8.8  185s
H  582   643                    1.518120e+07 958948.807  93.7%   8.0  188s
H  591   643                    1.514662e+07 958948.807  93.7%   7.9  188s
H  600   643                    1.500876e+07 958948.807  93.6%   7.8  188s
   642   651 960681.876   65  516 1.5009e+07 958948.807  93.6%   7.4  194s
H  643   651                    1.481192e+07 958948.807  93.5%   7.3  194s
H  645   651                    1.478185e+07 958948.807  93.5%   7.3  194s
   650   707 960681.876   66  516 1.4782e+07 958948.807  93.5%   7.3  195s
   706   715 960681.876   73  516 1.4782e+07 958948.807  93.5%   6.8  202s
   714   723 960681.876   74  516 1.4782e+07 958948.807  93.5%   6.7  208s
   722   731 960681.876   75  516 1.4782e+07 958948.807  93.5%   6.6  214s
   730   739 960681.876   76  516 1.4782e+07 958948.807  93.5%   6.6  218s
   738   747 960681.876   77  516 1.4782e+07 958948.807  93.5%   6.5  223s
   746   755 960681.876   78  516 1.4782e+07 958948.807  93.5%   6.5  227s
   754   770 960718.887   79  516 1.4782e+07 958948.807  93.5%   6.4  231s
   803   910 960782.357   81  516 1.4782e+07 958948.807  93.5%   6.1  237s
   917  1055 960782.357   83  516 1.4782e+07 958948.807  93.5%   5.7  242s
  1054  1220 960782.357   84  516 1.4782e+07 958948.807  93.5%   5.2  245s
  1554  1736 960888.659  125  510 1.4782e+07 958948.807  93.5%   4.7  250s
  1743  1752 960954.831  143  510 1.4782e+07 958948.807  93.5%   4.5  257s
  1751  1760 960961.480  144  510 1.4782e+07 958948.807  93.5%   4.5  263s
  1759  1768 960994.408  145  508 1.4782e+07 958948.807  93.5%   4.5  267s
  1767  1778 960994.408  146  508 1.4782e+07 958948.807  93.5%   4.5  270s
H 1773  1778                    1.256648e+07 958948.807  92.4%   4.5  270s
  2150  2291 961894.368  198  475 1.2566e+07 958948.807  92.4%   5.4  275s
  2674  2866 961967.082  243  455 1.2566e+07 958948.807  92.4%   5.4  281s
  3013  3154 962027.020  275  452 1.2566e+07 958948.807  92.4%   6.0  285s
  3349  3620 962081.878  306  443 1.2566e+07 958948.807  92.4%   7.4  290s
  3985  4220 962535.091  364  429 1.2566e+07 958948.807  92.4%   7.6  297s
  4219  4506 962630.673  386  426 1.2566e+07 958948.807  92.4%   7.6  300s
  4804  5068 963113.695  449  418 1.2566e+07 958948.807  92.4%   7.6  306s
  5067  5477 963145.717  473  419 1.2566e+07 958948.807  92.4%   7.4  311s
  5726  5917 963484.147  545  405 1.2566e+07 958948.807  92.4%   7.2  316s
  6186  6416 964873.100  591  394 1.2566e+07 958948.807  92.4%   8.0  322s
  6415  6942 963922.859  608  385 1.2566e+07 958948.807  92.4%   8.2  328s
  6941  7289 964131.506  666  376 1.2566e+07 958948.807  92.4%   7.8  332s
H 7288  7289                    1.255971e+07 958948.807  92.4%   7.7  336s
H 7288  7289                    1.255769e+07 958948.807  92.4%   7.7  336s
H 7288  7289                    1.213584e+07 958948.807  92.1%   7.7  341s
H 7288  7289                    1.209218e+07 958948.807  92.1%   7.7  343s
H 7288  7289                    1.137479e+07 958948.807  91.6%   7.7  345s
H 7288  7289                    1.131736e+07 958948.807  91.5%   7.7  348s
H 7288  7289                    1.009405e+07 958948.807  90.5%   7.7  351s
H 7288  7289                    1.000809e+07 958948.807  90.4%   7.7  360s
H 7288  7289                    9180834.2140 958948.807  89.6%   7.7  365s
  7289  7290 963830.264  660 18480 9180834.21 958948.807  89.6%   7.7  371s
H 7290  6926                    9177300.7573 958948.807  89.6%   7.7  378s
  7292  6927 963205.964  564  631 9177300.76 958948.807  89.6%   7.7  382s
  7293  6928 963425.554  617  591 9177300.76 958948.807  89.6%   7.7  388s
  7297  6930 959573.999   26  563 9177300.76 958960.777  89.6%   7.7  390s
  7299  6932 961858.186  353  546 9177300.76 959559.467  89.5%   7.7  395s
  7305  6936 960679.889  128  561 9177300.76 959688.885  89.5%   7.6  401s
  7307  6937 961976.343  331  585 9177300.76 960251.702  89.5%   7.6  405s
  7310  6939 963237.871  546  592 9177300.76 960280.018  89.5%   7.6  410s
  7317  6944 960516.528   10  605 9177300.76 960516.528  89.5%   7.6  415s
H 7317  6596                    9032500.6814 960639.217  89.4%   7.6  415s
H 7317  6266                    9030720.7474 960639.217  89.4%   7.6  415s
H 7317  5952                    9027925.5488 960639.217  89.4%   7.6  415s
H 7318  5654                    9027077.2267 960665.344  89.4%   7.6  417s
H 7318  5371                    9023916.5088 960665.344  89.4%   7.6  417s
  7322  5374 963012.910  521  596 9023916.51 960675.934  89.4%   7.6  420s
H 7322  5105                    8995554.9847 960842.669  89.3%   7.6  421s
  7327  5108 960881.833  169  605 8995554.98 960881.833  89.3%   7.6  427s
  7329  5110 962308.778  450  585 8995554.98 961373.361  89.3%   7.6  430s
H 7332  4855                    8877072.7262 961377.809  89.2%   7.6  433s
H 7332  4612                    8875376.7821 961377.809  89.2%   7.6  433s
H 7332  4380                    8874933.4738 961377.809  89.2%   7.6  433s
H 7333  4161                    8874173.1137 961450.706  89.2%   7.6  433s
H 7333  3952                    8873371.3067 961450.706  89.2%   7.6  433s
H 7333  3753                    8873354.3869 961450.706  89.2%   7.6  433s
H 7333  3565                    8822558.1827 961461.836  89.1%   7.6  435s
H 7333  3386                    8822170.9321 961461.836  89.1%   7.6  435s
  7340  3391 964277.774  733  609 8822170.93 961504.742  89.1%   7.6  440s
H 7343  3222                    8789631.8027 961520.165  89.1%   7.6  441s
H 7343  3060                    8789436.4155 961520.165  89.1%   7.6  444s
H 7343  2906                    8788984.1004 961520.165  89.1%   7.6  444s
H 7344  2761                    8687334.4242 961532.388  88.9%   7.6  445s
H 7344  2622                    8686781.7281 961532.388  88.9%   7.6  445s
  7351  2626 963803.204  622  628 8686781.73 961535.372  88.9%   7.6  451s
  7356  2630 963430.207  546  640 8686781.73 961577.505  88.9%   7.6  457s
H 7356  2498                    8574797.8115 961584.511  88.8%   7.6  458s
H 7356  2372                    8571790.3984 961584.511  88.8%   7.6  458s
  7360  2374 961590.901   14  660 8571790.40 961590.901  88.8%   7.6  460s
  7364  2377 961603.091  113  660 8571790.40 961603.091  88.8%   7.6  468s
  7366  2378 962298.311   53  659 8571790.40 961608.552  88.8%   7.6  470s
  7371  2382 962152.548  357  667 8571790.40 961611.978  88.8%   7.6  478s
H 7373  2262                    8022538.8491 961615.279  88.0%   7.6  483s
  7377  2265 961616.034  248  660 8022538.85 961616.034  88.0%   7.6  486s
H 7377  2150                    7930920.8491 961617.614  87.9%   7.6  488s
H 7377  2041                    7928553.0620 961617.614  87.9%   7.6  488s
  7380  2043 961701.276  235  643 7928553.06 961617.972  87.9%   7.6  490s
H 7384  1941                    7928552.0810 961619.689  87.9%   7.6  495s
H 7384  1843                    7834337.9478 961619.689  87.7%   7.6  495s
H 7384  1749                    7833452.7689 961619.689  87.7%   7.6  495s
  7390  1753 961620.955  220  655 7833452.77 961620.955  87.7%   7.6  500s
  7396  1758 961621.708   45  591 7833452.77 961621.708  87.7%  16.6  512s
H 7397  1671                    7832519.1471 961621.708  87.7%  16.6  519s
  7398  1672 961971.637  253  572 7832519.15 961621.708  87.7%  16.6  520s
H 7404  1592                    7649435.6090 961621.708  87.4%  16.6  527s
H 7404  1512                    7643332.2284 961621.708  87.4%  16.6  527s
H 7404  1436                    7642882.9194 961621.708  87.4%  16.6  527s
H 7404  1364                    7641734.6600 961621.708  87.4%  16.6  527s
H 7404  1296                    7641731.4194 961621.708  87.4%  16.6  527s
H 7404  1231                    7641721.8983 961621.708  87.4%  16.6  527s
H 7404  1169                    7641668.9288 961621.708  87.4%  16.6  527s
H 7404  1110                    7641588.9925 961621.708  87.4%  16.6  527s
H 7404  1055                    7641535.8889 961621.708  87.4%  16.6  527s
H 7405  1002                    7566182.0316 961635.214  87.3%  16.6  531s
  7407  1004 961976.343  331  624 7566182.03 961635.214  87.3%  16.6  535s
  7408  1004 961635.214   30  622 7566182.03 961635.214  87.3%  16.6  540s
  7415  1009 961718.448  208  635 7566182.03 961694.798  87.3%  16.6  546s
H 7415   958                    7316405.9518 961698.024  86.9%  16.6  547s
  7419   961 962380.178  358  644 7316405.95 961699.073  86.9%  16.6  551s
  7424   964 961705.310  196  647 7316405.95 961705.310  86.9%  16.6  557s
  7427   966 961716.607  169  632 7316405.95 961716.607  86.9%  16.6  561s
  7430   968 962079.014  331  637 7316405.95 961721.464  86.9%  16.6  565s
  7436   972 964722.407  619  641 7316405.95 961736.564  86.9%  16.5  570s
  7438   973 961738.484  135  637 7316405.95 961738.484  86.9%  16.5  575s
  7443   977 961752.196  322  630 7316405.95 961752.196  86.9%  16.5  580s
  7447   979 963227.956  493  630 7316405.95 961807.417  86.9%  16.5  585s
  7451   982 963803.204  622  641 7316405.95 961811.813  86.9%  16.5  592s
H 7451   932                    7285524.3608 961812.209  86.8%  16.5  593s
H 7451   884                    7285041.6856 961812.209  86.8%  16.5  593s
H 7451   839                    7225443.8279 961812.209  86.7%  16.5  594s
H 7451   796                    7224829.4831 961812.209  86.7%  16.5  594s
H 7451   755                    7224571.2065 961812.209  86.7%  16.5  595s
H 7451   717                    7223879.6714 961812.209  86.7%  16.5  595s
H 7451   680                    7223717.1244 961812.209  86.7%  16.5  595s
H 7451   645                    7223709.0852 961812.209  86.7%  16.5  595s
H 7451   612                    7223606.8746 961812.209  86.7%  16.5  595s
H 7451   580                    7223601.6314 961812.209  86.7%  16.5  595s
H 7451   550                    7223598.6130 961812.209  86.7%  16.5  595s
H 7454   523                    7183120.6504 961812.510  86.6%  16.5  602s
  7456   524 963430.207  546  628 7183120.65 961812.556  86.6%  16.5  608s
  7458   526 961974.914  362  627 7183120.65 961815.762  86.6%  16.5  611s
  7460   527 961816.034   14  631 7183120.65 961816.034  86.6%  16.5  615s
  7464   530 961824.679  113  637 7183120.65 961824.679  86.6%  16.5  620s
  7471   534 962152.548  357  638 7183120.65 962019.072  86.6%  16.5  625s
  7472   535 962019.072  395  637 7183120.65 962019.072  86.6%  16.5  630s
  7475   537 962478.070  407  637 7183120.65 962019.633  86.6%  16.5  635s
H 7476   510                    7078799.4207 962019.633  86.4%  16.5  639s
H 7476   483                    7078788.5089 962019.633  86.4%  16.5  639s
H 7476   458                    7078782.6069 962019.633  86.4%  16.5  639s
H 7476   433                    7071582.8651 962019.633  86.4%  16.5  640s
H 7476   410                    7069446.7346 962019.633  86.4%  16.5  642s
H 7476   389                    7056702.7166 962019.633  86.4%  16.5  642s
H 7476   368                    7050210.0966 962019.633  86.4%  16.5  642s
H 7476   348                    6884217.5266 962019.633  86.0%  16.5  643s
  7478   349 963633.366  647  638 6884217.53 962019.633  86.0%  16.4  645s
  7479   350 963624.052  465  542 6884217.53 962019.633  86.0%  16.4  650s
  7482   352 963960.878  637  613 6884217.53 962019.633  86.0%  16.4  656s
  7488   357 962859.987  493  591 6884217.53 962020.488  86.0%  25.3  668s
  7489   358 963830.264  660  644 6884217.53 962020.488  86.0%  25.3  670s
  7490   359 962020.488  220  573 6884217.53 962020.488  86.0%  25.3  675s
H 7499   346                    6779733.0410 962020.488  85.8%  25.3  680s
  7501   347 962020.973  264  597 6779733.04 962020.973  85.8%  25.3  685s
  7505   350 962029.781  128  605 6779733.04 962029.781  85.8%  25.3  690s
H 7505   332                    6721017.6959 962029.781  85.7%  25.3  692s
H 7505   315                    6672495.5385 962029.781  85.6%  25.3  692s
H 7505   299                    6668792.1844 962029.781  85.6%  25.3  692s
H 7505   284                    6668312.2735 962029.781  85.6%  25.3  692s
H 7505   269                    6667778.6714 962029.781  85.6%  25.3  692s
H 7505   256                    6666725.0876 962029.781  85.6%  25.3  693s
H 7505   242                    6665102.7996 962029.781  85.6%  25.3  693s
H 7505   230                    6663303.7244 962029.781  85.6%  25.3  693s
H 7505   218                    6662896.0741 962029.781  85.6%  25.3  693s
H 7505   207                    6662881.6711 962029.781  85.6%  25.3  693s
H 7505   196                    6662880.8948 962029.781  85.6%  25.3  693s
  7507   197 962029.781  331  607 6662880.89 962029.781  85.6%  25.3  698s
  7509   198 962580.758  455  616 6662880.89 962029.781  85.6%  25.2  704s
  7510   199 963237.871  546  619 6662880.89 962029.781  85.6%  25.2  706s
  7513   201 962030.492  228  620 6662880.89 962030.492  85.6%  25.2  710s
  7517   204 962032.438   10  618 6662880.89 962032.438  85.6%  25.2  716s
  7519   205 962380.178  358  623 6662880.89 962033.373  85.6%  25.2  720s
H 7521   195                    6650265.7076 962035.531  85.5%  25.2  724s
  7522   196 963012.910  521  621 6650265.71 962035.531  85.5%  25.2  725s
  7526   199 963668.708  553  635 6650265.71 962037.799  85.5%  25.2  732s
  7528   200 962038.221   24  630 6650265.71 962038.221  85.5%  25.2  736s
  7532   203 962043.493   22  619 6650265.71 962043.493  85.5%  25.2  741s
H 7532   192                    6623221.1934 962045.349  85.5%  25.2  742s
H 7532   182                    6622620.3343 962045.349  85.5%  25.2  742s
  7536   184 964722.407  619  621 6622620.33 962045.750  85.5%  25.2  745s
  7538   186 962045.841  135  623 6622620.33 962045.841  85.5%  25.1  752s
H 7538   176                    6598810.7652 962046.244  85.4%  25.1  753s
  7541   178 962046.693  224  624 6598810.77 962046.693  85.4%  25.1  757s
  7545   180 962048.072  175  633 6598810.77 962048.072  85.4%  25.1  761s
H 7545   170                    6588600.0229 962052.579  85.4%  25.1  763s
H 7545   160                    6565890.6533 962052.579  85.3%  25.1  763s
H 7545   151                    6563718.0461 962052.579  85.3%  25.1  763s
  7548   153 963370.673  513  623 6563718.05 962052.935  85.3%  25.1  765s
  7552   156 963541.205  656  624 6563718.05 962055.234  85.3%  25.1  770s
H 7552   147                    6563443.9735 962055.457  85.3%  25.1  772s
H 7552   139                    6532741.8491 962055.457  85.3%  25.1  772s
H 7552   131                    6532292.7611 962055.457  85.3%  25.1  772s
H 7552   123                    6529947.1868 962055.457  85.3%  25.1  772s
  7554   124 962055.458  194  629 6529947.19 962055.458  85.3%  25.1  776s
  7558   127 962055.541  362  530 6529947.19 962055.541  85.3%  25.1  787s
H 7558   120                    6529284.2901 962055.541  85.3%  25.1  788s
H 7558   112                    6475059.7019 962055.541  85.1%  25.1  788s
H 7558   105                    6472822.8575 962055.541  85.1%  25.1  788s
H 7559   102                    6435153.5473 962055.541  85.0%  33.7  790s
  7582   132 962976.636   47  543 6435153.55 962065.886  85.0%  33.9  795s
H 7601   128                    6435152.8434 962065.886  85.0%  33.9  797s
H 7639   150                    6413148.4585 962065.886  85.0%  33.9  805s
H 7641   143                    6388379.5236 962065.886  84.9%  33.9  805s
H 7642   138                    6367366.4538 962065.886  84.9%  33.9  805s
  7721   201 963008.887   56  535 6367366.45 962065.886  84.9%  33.8  810s
  7776   237 963134.397   59  526 6367366.45 962065.886  84.9%  33.7  818s
  7801   251 963034.115   61  528 6367366.45 962065.886  84.9%  33.9  821s
  7809   259 965443.165   61  524 6367366.45 962065.886  84.9%  34.0  831s
  7825   275 963215.514   62  524 6367366.45 962065.886  84.9%  34.1  835s
  7849   299 963056.745   64  518 6367366.45 962065.886  84.9%  34.3  841s
  7865   315 963063.469   65  517 6367366.45 962065.886  84.9%  34.4  846s
  7881   331 963068.127   66  516 6367366.45 962065.886  84.9%  34.4  852s
  7889   339 963161.396   66  517 6367366.45 962065.886  84.9%  34.4  855s
  7905   355 966961.178   67  513 6367366.45 962065.886  84.9%  34.4  860s
H 7914   363                    5994481.0885 962065.886  84.0%  34.4  864s
  7921   387 963598.455   68  518 5994481.09 962065.886  84.0%  34.5  866s
H 7945   395                    4478764.5049 962065.886  78.5%  34.5  873s
H 7949   395                    4469632.3607 962065.886  78.5%  34.6  874s
  7953   426 963094.953   70  504 4469632.36 962065.886  78.5%  34.6  875s
  8046   523 963202.095   76  482 4469632.36 962065.886  78.5%  34.9  881s
  8114   595 963201.014   81  465 4469632.36 962065.886  78.5%  35.0  885s
  8177   648 963378.337   85  450 4469632.36 962065.886  78.5%  35.1  890s
  8282   771 963316.277   93  436 4469632.36 962065.886  78.5%  35.2  897s
  8371   860 963342.083   98  436 4469632.36 962065.886  78.5%  35.1  902s
  8418   913 963346.669  101  419 4469632.36 962065.886  78.5%  35.0  905s
  8538  1026 963459.409  109  409 4469632.36 962065.886  78.5%  35.0  911s
  8653  1163 963469.216  118  406 4469632.36 962065.886  78.5%  35.1  917s
  8727  1272 963517.161  121  401 4469632.36 962065.886  78.5%  35.3  921s
H 8982  1426                    4205706.7572 962065.886  77.1%  35.1  935s
H 8983  1426                    4095581.2225 962065.886  76.5%  35.1  935s
H 8985  1426                    3453764.7602 962065.886  72.1%  35.1  935s
  9126  1652 963643.316  143  364 3453764.76 962065.886  72.1%  35.1  941s
  9264  1706 963689.872  154  346 3453764.76 962065.886  72.1%  35.5  955s
H 9265  1706                    1604007.4166 962065.886  40.0%  35.5  955s
H 9266  1706                    1568168.4892 962065.886  38.7%  35.5  955s
H 9268  1706                    1561033.1225 962065.886  38.4%  35.5  955s
H 9269  1706                    1543285.6722 962065.886  37.7%  35.5  955s
  9458  2099 963693.736  166  342 1543285.67 962065.886  37.7%  35.0  963s
  9665  2315 964941.828  179  337 1543285.67 962065.886  37.7%  34.5  967s
  9881  2323 963895.681  192  318 1543285.67 962065.886  37.7%  33.9  978s
H 9884  2323                    1540370.9449 962065.886  37.5%  33.9  978s
  9889  2477 964054.959  193  319 1540370.94 962065.886  37.5%  33.9  981s
 10043  2706 963722.978  202  313 1540370.94 962065.886  37.5%  33.7  986s
 10272  2991 963726.719  217  310 1540370.94 962065.886  37.5%  33.1  990s
 10792  3452 963767.106  249  299 1540370.94 962065.886  37.5%  32.5  998s
 11018  3460 965452.719  265  289 1540370.94 962065.886  37.5%  32.2 1010s
 11026  3468 963834.827  266  288 1540370.94 962065.886  37.5%  32.2 1029s
H11027  3468                    1534145.8956 962065.886  37.3%  32.2 1029s
H11028  3468                    1506449.4548 962065.886  36.1%  32.2 1029s
 11034  3674 964271.487  266  289 1506449.45 962065.886  36.1%  32.2 1033s
 11240  3707 963920.034  281  283 1506449.45 962065.886  36.1%  32.2 1045s
 11273  3715 964563.450  283  282 1506449.45 962065.886  36.1%  32.2 1069s
H11281  3723                    1450627.3956 962065.886  33.7%  32.2 1086s
H11282  3723                    1447767.5074 962065.886  33.5%  32.2 1087s
H11284  3723                    1424794.0321 962065.886  32.5%  32.2 1087s
 11289  3951 964567.620  284  282 1424794.03 962065.886  32.5%  32.2 1091s
 11517  3959 965448.568  298  282 1424794.03 962065.886  32.5%  32.2 1105s
H11525  3967                    1372606.9297 962065.886  29.9%  32.2 1132s
H11527  3967                    1371881.7839 962065.886  29.9%  32.2 1132s
 11533  4203 965448.568  299  282 1371881.78 962065.886  29.9%  32.2 1137s
 11779  4415 967162.867  316  279 1371881.78 962065.886  29.9%  32.4 1147s
H11805  4415                    1371356.8813 962065.886  29.8%  32.5 1147s
H11994  4415                    1361118.5563 962065.886  29.3%  33.6 1147s
 11995  4630 965532.898  330  280 1361118.56 962065.886  29.3%  33.6 1152s
 12212  4843 965536.397  344  280 1361118.56 962065.886  29.3%  34.9 1158s
 12425  5119 965536.446  357  280 1361118.56 962065.886  29.3%  36.2 1163s
 12715  5472 967815.622  375  276 1361118.56 962065.886  29.3%  37.8 1170s
 13091  5750 967575.930  399  268 1361118.56 962065.886  29.3%  37.5 1176s
 13372  5981 967821.880  412  270 1361118.56 962065.886  29.3%  38.5 1183s
 13603  6192 968622.780  426  270 1361118.56 962065.886  29.3%  40.7 1190s
 13814  6405 967495.101  439  272 1361118.56 962065.886  29.3%  42.8 1196s
 14027  6579 969616.761  450  271 1361118.56 962065.886  29.3%  45.8 1204s
 14217  6889 969715.547  465  271 1361118.56 962065.886  29.3%  47.0 1211s
 14531  7190 971052.156  482  272 1361118.56 962065.886  29.3%  47.3 1222s
H14832  7198                    1342385.6477 962065.886  28.3%  47.3 1266s
H14833  7198                    1332236.2709 962065.886  27.8%  47.3 1266s
H14834  7198                    1320502.1582 962065.886  27.1%  47.3 1266s
H14836  7198                    1317798.7127 962065.886  27.0%  47.3 1266s
H14837  7198                    1303067.6775 962065.886  26.2%  47.3 1266s
H14839  7198                    1112677.1597 962065.886  13.5%  47.3 1266s
 14840  8018 970114.215  500  268 1112677.16 962065.886  13.5%  47.3 1284s
 15664  8451 infeasible  551      1112677.16 962065.886  13.5%  48.6 1292s
 16109  8459 972649.937  578  264 1112677.16 962065.886  13.5%  48.3 1315s
H16114  8459                    1111924.8817 962065.886  13.5%  48.3 1315s
 16117  8854 971040.848  579  262 1111924.88 962065.886  13.5%  48.3 1323s
 16512  9198 971855.451  608  258 1111924.88 962065.886  13.5%  48.2 1331s
 16856  9535 971416.737  628  253 1111924.88 962065.886  13.5%  48.4 1340s
 17209 10025 972396.124  647  254 1111924.88 962065.886  13.5%  48.3 1349s
 17704 10490 974541.392  685  250 1111924.88 962065.886  13.5%  48.0 1359s
 18198 11016 973018.123  719  244 1111924.88 962065.886  13.5%  47.4 1369s
 18728 11487 973739.172  757  241 1111924.88 962065.886  13.5%  46.9 1379s
 19211 11969 975883.704  790  237 1111924.88 962065.886  13.5%  45.9 1390s
 19693 12445 974355.909  821  234 1111924.88 962065.886  13.5%  45.1 1403s
 20169 12453 975015.748  849  235 1111924.88 962065.886  13.5%  44.3 1438s
H20170 12453                    1111916.8448 962065.886  13.5%  44.3 1438s
 20177 12991 976973.177  849  234 1111916.84 962065.886  13.5%  44.3 1450s
 20715 13583 975060.915  880  234 1111916.84 962065.886  13.5%  44.5 1464s
H21313 13591                    1108187.3612 962065.886  13.2%  44.1 1513s
H21321 13599                    1108063.8459 962065.886  13.2%  44.1 1554s
H21328 13599                    1107970.2587 962065.886  13.2%  44.1 1554s
 21329 14242 975277.316  915  229 1107970.26 962065.886  13.2%  44.1 1568s
 21976 14643 976861.354  959  225 1107970.26 962065.886  13.2%  43.7 1580s
H22391 14651                    1103004.4084 962065.886  12.8%  45.6 1645s
H22397 14651                    1055900.1437 962065.886  8.89%  45.6 1645s
 22399 15270 975717.274  985  226 1055900.14 962065.886  8.89%  45.6 1662s
 23022 15470 975905.527 1021  221 1055900.14 962065.886  8.89%  44.7 1675s
 23222 16198 975968.235 1034  223 1055900.14 962065.886  8.89%  44.4 1692s
 23975 16833 977548.404 1081  219 1055900.14 962065.886  8.89%  43.5 1710s
 24660 17562 979293.693 1124  215 1055900.14 962065.886  8.89%  42.9 1729s
 25417 18296 979176.918 1173  220 1055900.14 962065.886  8.89%  42.2 1747s
 26151 18304 980823.911 1219  221 1055900.14 962065.886  8.89%  41.8 1828s
H26152 18304                    1054571.5272 962065.886  8.77%  41.8 1828s
 26159 19034 979714.001 1220  220 1054571.53 962065.886  8.77%  41.8 1845s
 26891 19816 980270.915 1271  209 1054571.53 962065.886  8.77%  42.6 1864s
H27675 19824                    1050819.2524 962065.886  8.45%  42.5 1968s
H27677 19823                    1049268.0936 962065.886  8.31%  42.5 1968s
H27683 19831                    1049233.0898 962065.886  8.31%  42.5 2038s
H27684 19831                    1049061.0082 962065.886  8.29%  42.5 2038s
H27687 19831                    1049015.6082 962065.886  8.29%  42.5 2038s
H27690 19831                    1047479.9948 962065.886  8.15%  42.5 2038s
 27691 20627 982516.011 1323  211 1047479.99 962065.886  8.15%  42.5 2053s
 28511 21441 982643.484 1375  206 1047479.99 962065.886  8.15%  42.0 2070s
H29327 21441                    1047479.9116 962065.886  8.15%  41.3 2394s
H29327 21441                    1047462.2711 962065.886  8.15%  41.3 2400s
H29327 21441                    1045371.3868 962065.886  7.97%  41.3 2402s
H29327 21441                    1045174.9871 962065.886  7.95%  41.3 2421s
H29327 21441                    1044780.8839 962065.886  7.92%  41.3 2424s
H29327 21441                    1043569.1454 962065.886  7.81%  41.3 2428s
H29327 21441                    1043052.5150 962065.886  7.76%  41.3 2436s
 29328 21442 963138.322  248 18480 1043052.51 962065.886  7.76%  41.3 2459s
H29329 20370                    1043052.4245 962065.886  7.76%  41.3 2468s
 29331 20371 979906.029 1247  628 1043052.42 962065.886  7.76%  41.3 2472s
 29333 20372 975972.106  990  559 1043052.42 962069.690  7.76%  41.3 2475s
 29338 20376 980914.046 1222  635 1043052.42 962572.083  7.72%  41.3 2480s
 29344 20380 970844.708  602  659 1043052.42 962748.033  7.70%  41.3 2485s
H29348 19363                    1043051.0379 962748.033  7.70%  41.3 2499s
 29350 19365 971083.019  597  670 1043051.04 962748.033  7.70%  41.3 2501s
H29352 18397                    1043050.7974 962748.033  7.70%  41.3 2515s
H29353 17478                    1042487.0263 962748.033  7.65%  41.3 2518s
H29353 16603                    1042457.3059 962748.033  7.65%  41.3 2518s
H29353 15773                    1042418.5175 962748.033  7.64%  41.3 2518s
 29357 15775 976633.782  842  711 1042418.52 962748.033  7.64%  41.3 2534s
 29358 15776 979339.770 1108  720 1042418.52 962748.033  7.64%  41.3 2536s
H29361 14988                    1041123.3028 962748.033  7.53%  41.3 2552s
H29361 14238                    1040469.7421 962748.033  7.47%  41.3 2559s
H29361 13526                    1039200.5354 962748.033  7.36%  41.3 2559s
H29361 12849                    1039199.1672 962748.033  7.36%  41.3 2559s
H29361 12206                    1039134.0720 962748.033  7.35%  41.3 2559s
H29361 11595                    1039094.9959 962748.033  7.35%  41.3 2559s
H29361 11015                    1039091.5267 962748.033  7.35%  41.3 2559s
H29362 10464                    1039091.2194 962748.033  7.35%  41.3 2561s
H29362  9941                    1038976.1829 962748.033  7.34%  41.3 2562s
H29362  9443                    1038965.9009 962748.033  7.34%  41.3 2564s
H29362  8970                    1038963.5768 962748.033  7.34%  41.3 2564s
H29362  8521                    1038931.2858 962748.033  7.33%  41.3 2565s
 29368  8525 973513.098  839  742 1038931.29 962750.310  7.33%  41.3 2585s
H29368  8098                    1036726.1925 962750.787  7.14%  41.3 2589s
 29370  8099 981976.978 1159  741 1036726.19 962750.912  7.14%  41.3 2591s
 29372  8100 969589.416  535  739 1036726.19 962751.094  7.14%  41.3 2605s
H29372  7695                    1036651.2837 962759.027  7.13%  41.3 2607s
 29373  7696 981978.548 1424  744 1036651.28 962759.027  7.13%  41.3 2610s
 29375  7697 972426.328  644  765 1036651.28 962759.154  7.13%  41.3 2629s
 29376  7698 973604.920  847  771 1036651.28 962760.597  7.13%  41.3 2631s
 29377  7699 969964.262  495  778 1036651.28 962760.597  7.13%  41.3 2648s
H29377  7313                    1036338.0124 962874.080  7.09%  41.3 2652s
H29377  6946                    1035554.5447 962874.080  7.02%  41.3 2652s
H29377  6598                    1035554.1095 962874.080  7.02%  41.3 2653s
H29379  6268                    1034791.6196 962874.080  6.95%  41.3 2666s
 29383  6271 973204.514  774  776 1034791.62 962874.626  6.95%  41.3 2685s
 29384  6271 969300.389  475  778 1034791.62 962875.334  6.95%  41.3 2695s
 29387  6273 982732.001 1407  785 1034791.62 962875.711  6.95%  41.3 2712s
H29389  5961                    1034749.7955 962876.529  6.95%  41.3 2729s
H29389  5661                    1034540.0525 962876.529  6.93%  41.3 2729s
H29389  5377                    1034525.8500 962876.529  6.93%  41.3 2729s
H29389  5107                    1034525.1101 962876.529  6.93%  41.3 2729s
 29391  5108 979329.764 1129  814 1034525.11 962877.782  6.93%  41.3 2732s
 29392  5109 964809.158  316  819 1034525.11 962877.782  6.93%  41.3 2748s
 29393  5109 963248.833  107  812 1034525.11 962880.660  6.93%  41.2 2750s
 29395  5111 963144.924   64  823 1034525.11 962880.947  6.93%  41.2 2766s
H29397  4856                    1034483.4911 962882.128  6.92%  41.2 2784s
H29397  4612                    1034483.4900 962882.128  6.92%  41.2 2784s
 29399  4613 966908.399  399  835 1034483.49 962883.420  6.92%  41.2 2787s
H29399  4381                    1032500.4653 962883.567  6.74%  41.2 2787s
H29399  4161                    1030724.3263 962883.567  6.58%  41.2 2787s
H29400  3952                    1030190.3113 962883.590  6.53%  41.2 2806s
H29401  3754                    1030189.8888 962884.184  6.53%  41.2 2810s
H29401  3565                    1030189.1670 962884.184  6.53%  41.2 2811s
H29401  3386                    1030186.2029 962884.184  6.53%  41.2 2815s
 29402  3386 981176.374 1403  832 1030186.20 962884.184  6.53%  41.2 2822s
 29404  3388 963639.249  144  842 1030186.20 962884.644  6.53%  41.2 2835s
H29405  3217                    1028530.8757 962885.191  6.38%  41.2 2838s
H29405  3055                    1028529.0013 962885.191  6.38%  41.2 2838s
H29405  2901                    1028518.3908 962885.191  6.38%  41.2 2838s
H29405  2755                    1028505.4023 962885.191  6.38%  41.2 2838s
H29406  2616                    1028478.1057 962885.283  6.38%  41.2 2852s
H29406  2484                    1028453.8914 962885.283  6.38%  41.2 2852s
H29406  2359                    1028437.9570 962885.283  6.37%  41.2 2852s
H29406  2240                    1028370.9436 962885.283  6.37%  41.2 2852s
H29406  2126                    1028265.4084 962885.283  6.36%  41.2 2852s
H29406  2019                    1028215.3766 962885.283  6.35%  41.2 2852s
H29406  1916                    1028210.7174 962885.283  6.35%  41.2 2852s
H29406  1819                    1028209.7661 962885.283  6.35%  41.2 2852s
H29407  1728                    1028206.7361 962886.037  6.35%  41.2 2856s
H29407  1640                    1028206.4361 962886.037  6.35%  41.2 2857s
H29407  1557                    1028206.2132 962886.037  6.35%  41.2 2859s
H29407  1478                    1028205.1074 962886.037  6.35%  41.2 2859s
H29407  1402                    1027340.6365 962886.037  6.27%  41.2 2864s
 29408  1402 972347.719  638  842 1027340.64 962886.037  6.27%  41.2 2865s
 29410  1404 972177.784  740  840 1027340.64 962886.088  6.27%  41.2 2878s
 29411  1404 963676.474  237  836 1027340.64 962886.338  6.27%  41.2 2880s
 29413  1406 976414.851 1066  851 1027340.64 962888.153  6.27%  41.2 2893s
H29413  1335                    1027334.5861 962891.618  6.27%  41.2 2897s
H29413  1267                    1027334.1598 962891.618  6.27%  41.2 2898s
 29414  1267 976564.272 1063  855 1027334.16 962891.618  6.27%  41.2 2904s
 29416  1269 963738.195  133  853 1027334.16 962893.054  6.27%  41.2 2905s
 29418  1270 967481.267  346  855 1027334.16 962893.197  6.27%  41.2 2925s
 29421  1272 978863.739 1177  845 1027334.16 962896.861  6.27%  41.2 2940s
H29421  1206                    1027332.0948 962900.587  6.27%  41.2 2956s
H29421  1144                    1027264.6769 962900.587  6.27%  41.2 2966s
 29423  1145 962900.613  117  860 1027264.68 962900.613  6.27%  41.2 2979s
 29424  1146 975541.748  661  856 1027264.68 962903.600  6.27%  41.2 2981s
 29425  1147 978807.731 1261  858 1027264.68 962903.628  6.27%  41.2 2994s
 29426  1147 968393.532  367  867 1027264.68 962904.955  6.27%  41.2 2995s
 29428  1149 963138.322  248  869 1027264.68 962904.955  6.27%  41.2 3007s
 29429  1149 972905.277  799  868 1027264.68 962907.171  6.26%  41.2 3010s
 29431  1151 979906.029 1247  865 1027264.68 962907.788  6.26%  41.2 3022s
 29433  1152 975972.106  990  868 1027264.68 962907.995  6.26%  41.2 3037s
 29435  1153 970569.424  581  867 1027264.68 962911.327  6.26%  41.2 3040s
H29435  1094                    1026755.8264 962911.332  6.22%  41.2 3053s
H29435  1037                    1026755.7203 962911.332  6.22%  41.2 3053s
H29435   984                    1026587.9309 962911.332  6.20%  41.2 3053s
H29435   933                    1026587.9305 962911.332  6.20%  41.2 3053s
H29435   884                    1026299.7863 962911.332  6.18%  41.2 3053s
H29436   839                    1026224.8775 962911.780  6.17%  41.2 3057s
H29436   795                    1026222.8472 962911.780  6.17%  41.2 3058s
H29436   754                    1026221.3725 962911.780  6.17%  41.2 3075s
 29438   755 980914.046 1222  866 1026221.37 962911.783  6.17%  41.2 3092s
 29440   757 971696.988  608  868 1026221.37 962911.819  6.17%  41.2 3111s
 29442   758 975719.801  802  867 1026221.37 962912.300  6.17%  41.2 3132s
H29443   719                    1025716.1322 962913.082  6.12%  41.2 3150s
H29443   681                    1022793.8480 962913.082  5.85%  41.2 3150s
H29443   645                    1022740.2218 962913.082  5.85%  41.2 3150s
H29443   611                    1022677.9578 962913.082  5.84%  41.2 3150s
H29443   578                    1022605.0982 962913.082  5.84%  41.2 3150s
H29443   548                    1022597.8778 962913.082  5.84%  41.2 3150s
H29443   518                    1022575.4897 962913.082  5.83%  41.2 3151s
H29443   490                    1022573.9328 962913.082  5.83%  41.2 3151s
 29446   492 972522.703  709  866 1022573.93 962914.245  5.83%  41.2 3169s
 29447   492 974804.803  988  868 1022573.93 962914.245  5.83%  41.2 3171s
 29448   493 976109.757  871  866 1022573.93 962914.245  5.83%  41.2 3196s
 29449   494 975499.259  845  866 1022573.93 962914.812  5.83%  41.2 3217s
 29450   494 971083.019  597  867 1022573.93 962914.816  5.83%  41.2 3247s
 29451   495 972297.145  732  869 1022573.93 962914.897  5.83%  41.2 3250s
 29452   496 963509.059   93  871 1022573.93 962914.899  5.83%  41.2 3276s
 29454   497 967142.298  346  866 1022573.93 962915.007  5.83%  41.2 3296s
 29456   498 979203.482 1194  865 1022573.93 962915.008  5.83%  41.2 3318s
 29457   499 976633.782  842  868 1022573.93 962915.008  5.83%  41.2 3332s
 29458   500 979339.770 1108  870 1022573.93 962915.008  5.83%  41.2 3348s
 29459   500 970887.148  515  877 1022573.93 962915.008  5.83%  41.2 3350s
 29460   501 963000.433   52  880 1022573.93 962915.008  5.83%  41.2 3368s
H29460   474                    1022198.3814 962915.008  5.80%  41.2 3389s
H29460   448                    1022140.4848 962915.008  5.79%  41.2 3389s
H29460   424                    1022137.9304 962915.008  5.79%  41.2 3389s
 29461   425 963109.707  198  688 1022137.93 962915.008  5.79%  41.2 3407s
 29462   425 967596.619  366  761 1022137.93 962915.008  5.79%  41.2 3423s
 29463   426 963527.804  222  701 1022137.93 962915.046  5.79%  41.2 3464s
 29464   427 967547.839  399  765 1022137.93 962915.279  5.79%  41.2 3465s
H29464   403                    1022136.2264 962915.279  5.79%  41.2 3483s
H29464   381                    1022130.8633 962915.279  5.79%  41.2 3483s
H29464   359                    1022130.4793 962915.279  5.79%  41.2 3483s
 29466   360 979669.786 1159  787 1022130.48 962918.581  5.79%  41.1 3555s
H29466   340                    1020704.5639 962918.999  5.66%  41.1 3555s
H29466   321                    1019985.5040 962918.999  5.59%  41.1 3555s
H29466   302                    1019491.8611 962918.999  5.55%  41.1 3555s
 29468   303 973513.098  839  803 1019491.86 962919.002  5.55%  41.1 3582s
 29470   305 981976.978 1159  809 1019491.86 962921.743  5.55%  41.1 3585s
 29471   305 975323.208  882  813 1019491.86 962921.743  5.55%  41.1 3607s
H29473   289                    1019486.6823 962922.327  5.55%  41.1 3641s
H29473   273                    1019486.5103 962922.327  5.55%  41.1 3641s
H29473   257                    1019450.9286 962922.327  5.55%  41.1 3641s
H29473   241                    1018308.6496 962922.327  5.44%  41.1 3641s
 29475   242 972426.328  644  813 1018308.65 962922.649  5.44%  41.1 3645s
 29477   243 969964.262  495  817 1018308.65 962922.832  5.44%  41.1 3677s
 29479   245 967184.871  376  819 1018308.65 962923.316  5.44%  41.1 3697s
 29481   246 980661.456 1226  804 1018308.65 962924.283  5.44%  41.1 3736s
 29483   247 973204.514  774  819 1018308.65 962924.410  5.44%  41.1 3770s
 29485   249 974994.011  884  828 1018308.65 962924.488  5.44%  41.1 3803s
 29487   250 982732.001 1407  825 1018308.65 962924.588  5.44%  41.1 3823s
 29488   251 980375.614 1180  823 1018308.65 962924.911  5.44%  41.1 3825s
 29489   251 982966.327 1437  828 1018308.65 962924.951  5.44%  41.1 3847s
H29489   236                    1018295.4558 962925.309  5.44%  41.1 3868s
H29489   221                    1018276.2406 962925.309  5.44%  41.1 3895s
H29489   208                    1016104.7660 962925.309  5.23%  41.1 3902s
H29489   195                    1016102.5694 962925.309  5.23%  41.1 3920s
H29489   182                    1016089.2075 962925.309  5.23%  41.1 3925s
H29489   170                    1016051.9859 962925.309  5.23%  41.1 3983s
 29490   171 969806.962  465  811 1016051.99 962925.309  5.23%  41.1 3986s
 29491   172 979329.764 1129  821 1016051.99 962925.309  5.23%  41.1 4006s
 29494   174 967924.994  362  828 1016051.99 962925.422  5.23%  41.1 4027s
 29496   175 971544.263  564  825 1016051.99 962929.606  5.23%  41.1 4048s
 29497   176 976321.314 1013  826 1016051.99 962929.859  5.23%  41.1 4051s
 29498   176 978705.022 1236  831 1016051.99 962929.859  5.23%  41.1 4074s
 29499   177 966908.399  399  834 1016051.99 962929.997  5.23%  41.1 4076s
 29502   179 981176.374 1403  832 1016051.99 962931.247  5.23%  41.1 4103s
 29503   180 974345.187  902  831 1016051.99 962931.588  5.23%  41.1 4106s
 29505   181 967539.724  398  840 1016051.99 962931.795  5.23%  41.1 4130s
 29509   184 978804.094 1110  845 1016051.99 962934.615  5.23%  41.1 4164s
 29510   184 972177.784  740  845 1016051.99 962935.122  5.23%  41.1 4166s
 29511   185 963676.474  237  838 1016051.99 962935.192  5.23%  41.1 4186s
 29513   186 976414.851 1066  838 1016051.99 962935.336  5.23%  41.1 4205s
 29516   188 963738.195  133  840 1016051.99 962935.817  5.23%  41.1 4242s
 29518   190 967481.267  346  849 1016051.99 962941.777  5.23%  41.1 4245s
 29519   190 977373.694  922  849 1016051.99 962941.852  5.23%  41.1 4273s
 29520   191 963694.064  165  834 1016051.99 962943.927  5.23%  41.1 4275s
 29521   192 978863.739 1177  847 1016051.99 962943.977  5.23%  41.1 4310s
 29523   193 962944.829  117  850 1016051.99 962944.829  5.23%  41.1 4319s
 29524   194 975541.748  661  850 1016051.99 962944.865  5.23%  41.1 4344s
 29525   194 978807.731 1261  843 1016051.99 962948.954  5.23%  41.1 4346s
 29527   196 973264.992  862  846 1016051.99 962949.249  5.23%  41.1 4373s
 29528   196 963138.322  248  846 1016051.99 962950.933  5.23%  41.1 4376s
 29529   197 972905.277  799  841 1016051.99 962951.048  5.23%  41.1 4382s
 29530   198 964760.674  235  849 1016051.99 962951.071  5.23%  41.1 4396s
 29532   199 971570.228  605  848 1016051.99 962951.713  5.23%  41.1 4414s
 29533   200 975972.106  990  853 1016051.99 962951.713  5.23%  41.1 4415s
H29533   187                    1014857.3983 962951.713  5.11%  41.1 4430s
H29536   176                    1014843.3452 962958.471  5.11%  41.1 4460s
H29538   165                    1014839.5997 962958.785  5.11%  41.0 4503s
 29540   166 971696.988  608  848 1014839.60 962958.843  5.11%  41.0 4506s
H29540   154                    1014556.6846 962959.313  5.09%  41.0 4513s
H29540   142                    1013582.5897 962959.313  4.99%  41.0 4513s
 29542   144 975719.801  802  853 1013582.59 962959.545  4.99%  41.0 4516s
H29542   134                    1013374.3518 962959.597  4.97%  41.0 4563s
H29542   123                    1010158.9225 962959.597  4.67%  41.0 4564s
H29542   114                    1010158.0280 962959.597  4.67%  41.0 4564s
H29542   104                    1009781.4298 962959.597  4.64%  41.0 4564s
H29542    96                    1009560.5804 962959.597  4.62%  41.0 4564s
 29544    97 970844.708  602  857 1009560.58 962959.687  4.62%  41.0 4565s
H29544    88                    1009556.6805 962959.721  4.62%  41.0 4630s
H29544    80                    1009555.7846 962959.721  4.62%  41.0 4630s
H29544    72                    1009555.4224 962959.721  4.62%  41.0 4631s
H29546    66                    1009543.2183 962959.885  4.61%  41.0 4667s
 29549    68 975499.259  845  858 1009543.22 962959.907  4.61%  41.0 4689s
 29550    69 971083.019  597  863 1009543.22 962959.939  4.61%  41.0 4691s
 29551    70 972297.145  732  863 1009543.22 962959.945  4.61%  41.0 4708s
H29551    63                    1008627.5736 962959.998  4.53%  41.0 4723s
H29551    56                    1008619.0588 962959.998  4.53%  41.0 4766s
H29551    49                    1008609.6223 962959.998  4.53%  41.0 4789s
 29552    49 963509.059   93  868 1008609.62 962959.998  4.53%  41.0 4791s
 29553    50 981644.793 1357  864 1008609.62 962960.046  4.53%  41.0 4809s
 29554    51 967142.298  346  867 1008609.62 962960.333  4.53%  41.0 4811s
 29555    51 974412.228  789  869 1008609.62 962960.333  4.53%  41.0 4833s
 29556    52 979203.482 1194  867 1008609.62 962960.333  4.53%  41.0 4835s
 29557    53 976633.782  842  869 1008609.62 962960.333  4.53%  41.0 4861s
 29559    54 970887.148  515  863 1008609.62 962963.765  4.53%  41.0 4885s
 29561    55 963109.707  198  863 1008609.62 962963.959  4.53%  41.0 4910s
 29563    57 963527.804  222  873 1008609.62 962964.487  4.53%  41.0 4935s
 29566    59 979669.786 1159  872 1008609.62 962965.116  4.53%  41.0 4958s
 29567    59 975500.347  890  877 1008609.62 962965.121  4.53%  41.0 4960s
 29568    60 973513.098  839  876 1008609.62 962965.152  4.53%  41.0 4976s
 29570    61 981976.978 1159  875 1008609.62 962965.293  4.53%  41.0 5001s
 29572    63 969589.416  535  871 1008609.62 962965.904  4.53%  41.0 5026s
H29572    56                    1008607.5626 962965.904  4.53%  41.0 5046s
H29572    49                    1008603.3002 962965.904  4.52%  41.0 5046s
H29572    43                    1008601.7550 962965.904  4.52%  41.0 5059s
H29572    37                    1008495.7843 962965.904  4.51%  41.0 5067s
H29572    31                    1007223.5660 962965.904  4.39%  41.0 5105s
 29573    31 981978.548 1424  875 1007223.57 962965.904  4.39%  41.0 5116s
 29574    32 962965.904   96  877 1007223.57 962965.904  4.39%  41.0 5132s
 29576    33 973604.920  847  869 1007223.57 962965.904  4.39%  41.0 5149s
 29577    34 969964.262  495  870 1007223.57 962993.474  4.39%  41.0 5151s
 29579    35 967184.871  376  877 1007223.57 962993.656  4.39%  41.0 5167s
 29580    36 963489.285  107  881 1007223.57 962994.360  4.39%  41.0 5180s
 29583    38 973204.514  774  877 1007223.57 962996.316  4.39%  41.0 5214s
 29584    39 969300.389  475  848 1007223.57 963205.236  4.37%  41.0 5216s
 29587    41 982732.001 1407  850 1007223.57 963228.812  4.37%  41.0 5273s
 29588    41 980375.614 1180  849 1007223.57 963238.910  4.37%  41.0 5279s
 29589    42 982966.327 1437  851 1007223.57 963239.015  4.37%  41.0 5311s
 29591    43 979329.764 1129  846 1007223.57 963239.191  4.37%  41.0 5337s
H29591    36                    1007223.1682 963239.320  4.37%  41.0 5341s
H29591    30                    1007185.5404 963239.320  4.36%  41.0 5349s
H29591    24                    1007166.7708 963239.320  4.36%  41.0 5358s
H29591    18                    1007158.7340 963239.320  4.36%  41.0 5367s
H29591    13                    1007156.1013 963239.320  4.36%  41.0 5373s
H29591     8                    1007150.7296 963239.320  4.36%  41.0 5384s
H29591     3                    1007149.3770 963239.320  4.36%  41.0 5384s
 29592     4 964809.158  316  843 1007149.38 963239.320  4.36%  41.0 5406s
 29593     5 963248.833  107  852 1007149.38 963239.320  4.36%  41.0 5467s
 29595     6 963239.438   64  852 1007149.38 963239.438  4.36%  41.0 5495s
H29595     1                    1007015.9477 963239.464  4.35%  41.0 5517s
H29595     0                    1006941.2194 963239.464  4.34%  41.0 5536s
H29595     0                    1006925.8940 963239.464  4.34%  41.0 5536s
H29595     0                    1006923.7787 963239.464  4.34%  41.0 5546s
H29595     0                    1006913.1166 963239.464  4.34%  41.0 5569s
H29595     0                    1006738.9782 963239.464  4.32%  41.0 5570s
 29597     0 976321.314 1013  857 1006738.98 963239.481  4.32%  41.0 5601s
H29597     0                    1006738.9776 963239.555  4.32%  41.0 5607s
H29597     0                    1006738.7570 963239.555  4.32%  41.0 5613s
H29597     0                    1006029.3915 963239.555  4.25%  41.0 5618s
H29597     0                    1006029.3804 963239.555  4.25%  41.0 5636s
 29598     0 978705.022 1236  850 1006029.38 963239.555  4.25%  41.0 5647s
 29599     0 966908.399  399  853 1006029.38 963239.602  4.25%  41.0 5670s
H29599     0                    1006029.3056 963239.716  4.25%  41.0 5715s
H29599     0                    1006022.1961 963239.716  4.25%  41.0 5747s
H29599     0                    1005961.5601 963239.716  4.25%  41.0 5759s
H29599     0                    1005958.0898 963239.716  4.25%  41.0 5765s
H29599     0                    1005957.8642 963239.716  4.25%  41.0 5781s
H29599     0                    1005957.4643 963239.716  4.25%  41.0 5822s
 29600     0 963239.716  155  858 1005957.46 963239.716  4.25%  41.0 5841s
 29601     0 974631.158  899  858 1005957.46 963239.716  4.25%  41.0 5872s
 29606     3 978876.421 1205  602 1005957.46 963239.721  4.25%  43.9 5885s
 29608     5 972347.719  638  564 1005957.46 963239.721  4.25%  43.9 5892s
 29610     6 972177.784  740  586 1005957.46 963239.721  4.25%  43.9 5896s
 29615     9 978527.114 1097  736 1005957.46 963239.721  4.25%  43.9 5900s
 29622    14 973766.959  899  776 1005957.46 963239.721  4.25%  43.9 5905s
 29623    15 963239.733  117  784 1005957.46 963239.733  4.25%  43.9 5923s
 29624    15 975541.748  661  781 1005957.46 963246.886  4.25%  43.9 5925s
H29624    13                    1005957.3147 963246.886  4.25%  43.9 5926s
H29624    12                    1005927.3092 963246.886  4.24%  43.9 5926s
H29627    13                    1005897.7616 963246.886  4.24%  43.9 5944s
H29627    12                    1005680.7157 963246.886  4.22%  43.9 5944s
H29628    12                    1005255.5497 963250.976  4.18%  43.9 5947s
 29635    17 970569.424  581  804 1005255.55 963257.545  4.18%  43.9 5963s
 29636    17 979143.330 1135  823 1005255.55 963262.344  4.18%  43.9 5965s
 29640    20 971696.988  608  831 1005255.55 963282.672  4.18%  43.9 5983s
H29640    18                    1005255.1769 963289.370  4.17%  43.9 5985s
H29644    20                    1005138.3332 963292.317  4.16%  43.9 6003s
 29646    21 972522.703  709  830 1005138.33 963293.791  4.16%  43.9 6005s
 29649    23 975499.259  845  833 1005138.33 963294.146  4.16%  43.9 6024s
 29650    24 971083.019  597  814 1005138.33 963299.192  4.16%  43.9 6033s
 29654    26 967142.298  346  825 1005138.33 963300.137  4.16%  43.8 6055s
H29658    26                    1003341.7917 963302.638  3.99%  43.8 6073s
H29658    24                    1003054.9777 963302.638  3.96%  43.8 6078s
H29659    23                    1003054.3335 963303.881  3.96%  43.8 6081s
H29660    21                    1003052.8913 963311.063  3.96%  43.8 6081s
H29660    19                    1002771.8353 963311.063  3.94%  43.8 6082s
H29662    19                    1002771.8240 963311.448  3.94%  43.8 6098s
H29662    17                    1002759.0151 963311.448  3.93%  43.8 6098s
H29662    15                    1002754.9612 963311.448  3.93%  43.8 6098s
H29662    13                    1002702.0239 963311.448  3.93%  43.8 6098s
 29664    14 967547.839  399  848 1002702.02 963313.163  3.93%  43.8 6100s
 29666    15 979669.786 1159  849 1002702.02 963313.535  3.93%  43.8 6114s
 29667    16 975500.347  890  848 1002702.02 963314.502  3.93%  43.8 6118s
H29667    14                    1002689.4920 963314.502  3.93%  43.8 6127s
 29670    16 981976.978 1159  853 1002689.49 963314.654  3.93%  43.8 6146s
H29671    15                    1002684.6805 963318.074  3.93%  43.8 6148s
 29674    17 963318.263   96  851 1002684.68 963318.263  3.93%  43.8 6164s
 29675    17 972426.328  644  851 1002684.68 963318.532  3.93%  43.8 6167s
H29676    16                    1002651.6234 963318.624  3.92%  43.8 6182s
 29679    18 967184.871  376  852 1002651.62 963318.930  3.92%  43.8 6205s
H29679    16                    1002520.6469 963319.142  3.91%  43.8 6210s
 29681    17 980661.456 1226  846 1002520.65 963319.550  3.91%  43.8 6215s
 29682    18 967195.920  374  854 1002520.65 963319.578  3.91%  43.8 6235s
 29684    19 969300.389  475  855 1002520.65 963320.440  3.91%  43.8 6256s
 29685    20 974994.011  884  852 1002520.65 963320.975  3.91%  43.8 6269s
 29688    22 980375.614 1180  858 1002520.65 963322.468  3.91%  43.8 6270s
 29689    23 982966.327 1437  857 1002520.65 963322.508  3.91%  43.8 6288s
 29690    23 969806.962  465  858 1002520.65 963323.182  3.91%  43.8 6290s
 29691    24 979329.764 1129  857 1002520.65 963323.223  3.91%  43.8 6306s
 29693    25 963323.856  107  864 1002520.65 963323.856  3.91%  43.8 6323s
 29694    26 967924.994  362  854 1002520.65 963356.543  3.91%  43.8 6325s
 29695    27 963356.640   64  860 1002520.65 963356.640  3.91%  43.8 6342s
 29696    27 971544.263  564  858 1002520.65 963358.441  3.91%  43.8 6354s
 29697    28 976321.314 1013  858 1002520.65 963358.441  3.91%  43.8 6372s
 29698    29 978705.022 1236  860 1002520.65 963358.441  3.91%  43.8 6375s
 29699    29 966908.399  399  866 1002520.65 963358.441  3.91%  43.8 6402s
H29699    26                    1002080.8245 963358.441  3.86%  43.8 6407s
 29701    28 974631.158  899  869 1002080.82 963358.441  3.86%  43.8 6436s
H29702    25                    1000949.1051 963358.441  3.76%  43.8 6464s
H29702    22                    1000670.5952 963358.441  3.73%  43.8 6464s
H29702    19                    1000658.4632 963358.441  3.73%  43.8 6464s
H29702    17                    1000553.2579 963358.441  3.72%  43.8 6464s
H29702    14                    999896.28648 963358.441  3.65%  43.8 6464s
 29704    16 963639.249  144  864 999896.286 963359.232  3.65%  43.8 6466s
H29704    14                    999815.65975 963359.478  3.65%  43.8 6467s
H29704    11                    999622.09267 963359.478  3.63%  43.8 6467s
 29707    13 963359.616   82  870 999622.093 963359.616  3.63%  43.8 6489s
 29708    13 972347.719  638  861 999622.093 963360.315  3.63%  43.8 6490s
 29711    15 963676.474  237  869 999622.093 963360.596  3.63%  43.8 6507s
H29711    13                    999621.46843 963361.038  3.63%  43.8 6514s
 29712    14 975810.294  986  863 999621.468 963361.038  3.63%  43.8 6527s
 29714    15 976564.272 1063  867 999621.468 963361.038  3.63%  43.8 6543s
 29715    16 978527.114 1097  870 999621.468 963361.049  3.63%  43.8 6545s
H29715    13                    999603.53313 963361.075  3.63%  43.8 6568s
H29716    11                    999472.31827 963361.374  3.61%  43.8 6575s
H29716     9                    999471.60729 963361.374  3.61%  43.8 6579s
 29717     9 974964.654  761  871 999471.607 963361.374  3.61%  43.8 6589s
H29717     7                    999065.87280 963363.543  3.57%  43.8 6589s
 29718     8 967481.267  346  873 999065.873 963363.543  3.57%  43.8 6590s
 29719     9 977373.694  922  873 999065.873 963363.549  3.57%  43.7 6613s
 29721    10 978863.739 1177  874 999065.873 963363.561  3.57%  43.7 6635s
 29724    12 975541.748  661  876 999065.873 963364.128  3.57%  43.7 6661s
 29727    14 973264.992  862  873 999065.873 963365.949  3.57%  43.7 6685s
 29729    15 972905.277  799  880 999065.873 963365.949  3.57%  43.7 6713s
 29730    16 964760.674  235  878 999065.873 963367.484  3.57%  43.7 6715s
H29731    14                    999064.57995 963367.791  3.57%  43.7 6743s
H29731    11                    998876.56529 963367.791  3.55%  43.7 6743s
 29733    12 975972.106  990  887 998876.565 963368.030  3.55%  43.7 6761s
 29734    13 965448.568  300  887 998876.565 963368.031  3.55%  43.7 6795s
 29736    14 979143.330 1135  888 998876.565 963368.055  3.55%  43.7 6823s
 29737    15 978706.447 1124  889 998876.565 963368.059  3.55%  43.7 6825s
 29738    15 980914.046 1222  888 998876.565 963368.146  3.55%  43.7 6848s
 29739    16 981924.281 1432  884 998876.565 963369.370  3.55%  43.7 6850s
 29741    17 976252.432  782  889 998876.565 963369.574  3.55%  43.7 6873s
 29743    19 964918.593  308  890 998876.565 963370.712  3.55%  43.7 6875s
 29744    19 970844.708  602  891 998876.565 963370.712  3.55%  43.7 6892s
 29746    21 972522.703  709  896 998876.565 963371.161  3.55%  43.7 6911s
 29748    22 976109.757  871  893 998876.565 963371.960  3.55%  43.7 6926s
 29750    23 971083.019  597  896 998876.565 963371.960  3.55%  43.7 6930s
H29750    19                    998875.94105 963371.960  3.55%  43.7 6944s
H29750    16                    998874.06833 963371.960  3.55%  43.7 6944s
H29750    13                    998870.53863 963371.960  3.55%  43.7 6979s
H29750     9                    998870.46852 963371.960  3.55%  43.7 6991s
H29750     6                    998870.14141 963371.960  3.55%  43.7 6991s
 29751     7 972297.145  732  718 998870.141 963371.960  3.55%  43.7 7011s
 29753     8 981644.793 1357  731 998870.141 963371.960  3.55%  43.7 7025s
 29755    10 974412.228  789  805 998870.141 963371.960  3.55%  43.7 7030s
 29758    12 979339.770 1108  818 998870.141 963371.960  3.55%  43.7 7037s
 29760    13 963372.043   52  822 998870.141 963372.043  3.55%  43.7 7041s
 29763    15 963527.804  222  829 998870.141 963372.576  3.55%  43.7 7045s
 29767    18 975500.347  890  829 998870.141 963373.291  3.55%  43.7 7050s
 29770    20 981976.978 1159  830 998870.141 963373.543  3.55%  43.7 7055s
 29772    21 969589.416  535  826 998870.141 963373.551  3.55%  43.7 7060s
 29774    22 963373.903   96  827 998870.141 963373.903  3.55%  43.7 7065s
 29777    24 969964.262  495  826 998870.141 963374.086  3.55%  43.7 7070s
 29779    26 967184.871  376  834 998870.141 963374.101  3.55%  43.7 7075s
 29782    28 967195.920  374  830 998870.141 963374.122  3.55%  43.7 7081s
 29783    28 973204.514  774  829 998870.141 963374.122  3.55%  43.7 7088s
 29784    29 969300.389  475  729 998870.141 963374.122  3.55%  43.7 7105s
 29785    30 974994.011  884  783 998870.141 963374.122  3.55%  43.7 7111s
 29786    30 978385.122 1091  742 998870.141 963374.122  3.55%  43.7 7121s
 29788    32 980375.614 1180  754 998870.141 963374.122  3.55%  43.6 7132s
 29789    32 982966.327 1437  754 998870.141 963374.122  3.55%  43.6 7141s
H29789    28                    998866.32829 963374.122  3.55%  43.6 7143s
H29789    23                    998866.32759 963374.122  3.55%  43.6 7144s
H29789    19                    998508.76923 963374.122  3.52%  43.6 7144s
 29790    20 969806.962  465  754 998508.769 963376.058  3.52%  43.6 7154s
 29791    24 963376.058   71  735 998508.769 963376.058  3.52%  46.8 7159s
 29793    27 963677.427   72  748 998508.769 963376.058  3.52%  46.8 7160s
 29813    58 963815.203   75  745 998508.769 963378.726  3.52%  46.8 7166s
 29835    59 963815.714   77  730 998508.769 963378.726  3.52%  46.8 7171s
H29843    62                    998477.76548 963378.726  3.52%  46.8 7196s
H29845    62                    998477.23669 963378.726  3.52%  46.8 7196s
 29871    95 964217.704   79  706 998477.237 963378.726  3.52%  46.8 7200s
 29914   133 963923.002   82  714 998477.237 963378.726  3.52%  46.8 7205s
 29948   167 963877.750   84  724 998477.237 963378.726  3.52%  46.8 7211s
 29956   175 963838.995   84  717 998477.237 963378.726  3.52%  46.8 7238s
 29964   192 963841.742   85  709 998477.237 963378.726  3.52%  46.8 7240s
 29981   208 963863.786   86  701 998477.237 963378.726  3.52%  46.8 7245s
 29997   218 963878.544   87  685 998477.237 963378.726  3.52%  46.8 7270s
H30006   218                    998416.55611 963378.726  3.51%  46.8 7270s
 30045   274 964434.434   90  683 998416.556 963378.726  3.51%  46.8 7276s
 30082   315 964559.747   92  671 998416.556 963378.726  3.51%  46.8 7281s
 30128   355 963977.345   95  661 998416.556 963378.726  3.51%  46.8 7285s
 30184   419 963877.645   99  651 998416.556 963378.726  3.51%  46.8 7291s
 30232   466 963880.182  102  644 998416.556 963378.726  3.51%  46.8 7296s
 30281   522 964059.064  105  634 998416.556 963378.726  3.51%  46.8 7301s
 30311   555 963911.576  107  632 998416.556 963378.726  3.51%  46.8 7305s
 30374   625 963943.999  111  622 998416.556 963378.726  3.51%  46.8 7312s
 30414   656 964148.295  113  615 998416.556 963378.726  3.51%  46.7 7315s
 30480   723 964027.199  117  608 998416.556 963378.726  3.51%  46.8 7322s
 30512   764 964008.048  119  597 998416.556 963378.726  3.51%  46.7 7326s
 30553   803 964144.202  121  594 998416.556 963378.726  3.51%  46.7 7330s
 30634   888 964539.592  126  579 998416.556 963378.726  3.51%  46.8 7338s
 30677   926 964204.221  129  587 998416.556 963378.726  3.51%  46.8 7343s
 30715   975 964168.035  132  588 998416.556 963378.726  3.51%  46.8 7349s
 30764   983 964187.776  135  583 998416.556 963378.726  3.51%  46.7 7376s
H30765   983                    998416.14087 963378.726  3.51%  46.7 7376s
 30772  1034 964202.489  135  581 998416.141 963378.726  3.51%  46.7 7381s
 30823  1093 964237.912  138  576 998416.141 963378.726  3.51%  46.7 7386s
 30882  1156 964258.177  142  569 998416.141 963378.726  3.51%  46.6 7393s
 30945  1209 964284.387  146  560 998416.141 963378.726  3.51%  46.6 7399s
 30998  1217 964260.143  150  556 998416.141 963378.726  3.51%  46.5 7424s
H31001  1217                    998413.73347 963378.726  3.51%  46.5 7424s
H31002  1217                    998296.09465 963378.726  3.50%  46.5 7424s
 31006  1284 964414.512  150  548 998296.095 963378.726  3.50%  46.5 7430s
 31073  1348 964468.544  154  546 998296.095 963378.726  3.50%  46.5 7436s
 31137  1411 964275.227  159  546 998296.095 963378.726  3.50%  46.5 7442s
 31200  1487 964344.390  163  531 998296.095 963378.726  3.50%  46.4 7448s
 31276  1560 964385.035  168  527 998296.095 963378.726  3.50%  46.4 7455s
 31349  1626 964462.442  173  518 998296.095 963378.726  3.50%  46.4 7461s
 31415  1711 964392.766  179  504 998296.095 963378.726  3.50%  46.5 7469s
H31500  1719                    998262.32772 963378.726  3.49%  46.6 7503s
H31501  1719                    998115.68929 963378.726  3.48%  46.6 7503s
H31506  1719                    998038.33018 963378.726  3.47%  46.6 7503s
 31508  1820 964442.598  185  505 998038.330 963378.726  3.47%  46.7 7513s
 31609  1928 964958.940  191  489 998038.330 963378.726  3.47%  46.7 7523s
 31717  2029 964466.692  198  480 998038.330 963378.726  3.47%  46.7 7533s
 31818  2140 964506.440  204  478 998038.330 963378.726  3.47%  46.7 7543s
 31929  2266 964523.245  210  459 998038.330 963378.726  3.47%  46.6 7554s
 32055  2346 964728.344  218  461 998038.330 963378.726  3.47%  46.6 7563s
 32135  2518 964563.880  223  459 998038.330 963378.726  3.47%  46.5 7575s
 32307  2712 964561.363  234  454 998038.330 963378.726  3.47%  46.4 7588s
H32501  2720                    998032.48033 963378.726  3.47%  46.2 7623s
H32505  2720                    998026.15873 963378.726  3.47%  46.2 7623s
H32506  2720                    997971.30007 963378.726  3.47%  46.2 7623s
 32509  2906 964588.216  247  438 997971.300 963378.726  3.47%  46.2 7637s
 32695  3120 964599.729  258  410 997971.300 963378.726  3.47%  46.1 7651s
 32909  3128 964629.614  271  401 997971.300 963378.726  3.47%  45.9 7676s
H32912  3128                    997967.85790 963378.726  3.47%  45.9 7676s
H32916  3128                    997966.21390 963378.726  3.47%  45.9 7676s
 32917  3354 964609.475  272  401 997966.214 963378.726  3.47%  45.9 7690s
 33143  3593 964627.827  286  393 997966.214 963378.726  3.47%  45.7 7705s
 33386  3816 964634.116  300  362 997966.214 963378.726  3.47%  45.4 7719s
 33621  4073 964719.063  316  358 997966.214 963378.726  3.47%  45.2 7735s
 33878  4278 964792.859  331  352 997966.214 963378.726  3.47%  45.0 7751s
H34083  4286                    997966.17437 963378.726  3.47%  44.8 7792s
H34084  4286                    997850.48461 963378.726  3.45%  44.8 7792s
 34091  4294 964742.803  345  344 997850.485 963378.726  3.45%  44.8 7837s
H34092  4294                    997838.56730 963378.726  3.45%  44.8 7837s
H34093  4294                    997823.29125 963378.726  3.45%  44.7 7837s
H34094  4294                    997445.62220 963378.726  3.42%  44.7 7837s
 34099  4591 964742.845  346  341 997445.622 963378.726  3.42%  44.7 7854s
 34396  4599 964757.803  366  313 997445.622 963378.726  3.42%  44.4 7907s
H34398  4599                    997443.68702 963378.726  3.42%  44.4 7907s
H34399  4599                    997265.21683 963378.726  3.40%  44.4 7907s
 34404  4687 965238.349  366  311 997265.217 963378.726  3.40%  44.4 7976s
 34492  4922 964758.710  372  316 997265.217 963378.726  3.40%  44.3 8007s
 34727  5217 965300.148  386  319 997265.217 963378.726  3.40%  44.1 8027s
 35022  5225 965072.408  404  313 997265.217 963378.726  3.40%  44.0 8075s
 35030  5384 965929.758  404  317 997265.217 963378.726  3.40%  44.0 8112s
 35189  5784 965930.122  415  313 997265.217 963378.726  3.40%  43.9 8129s
H35589  5792                    996111.77137 963378.726  3.29%  43.8 8196s
H35596  5792                    995755.68155 963378.726  3.25%  43.8 8196s
 35597  6150 965085.935  437  308 995755.682 963378.726  3.25%  43.8 8215s
 35955  6521 966700.417  458  304 995755.682 963378.726  3.25%  43.9 8232s
 36326  6887 965110.387  480  306 995755.682 963378.726  3.25%  44.6 8248s
 36692  6895 966800.213  501  303 995755.682 963378.726  3.25%  45.7 8309s
H36693  6895                    995296.80820 963378.726  3.21%  45.7 8310s
H36694  6895                    995221.16310 963378.726  3.20%  45.7 8310s
 36700  7340 965110.387  502  306 995221.163 963378.726  3.20%  45.7 8327s
 37157  7347 966823.310  535  302 995221.163 963378.726  3.20%  46.1 8406s
H37159  7347                    995024.22952 963378.726  3.18%  46.1 8406s
H37163  7347                    995011.39547 963378.726  3.18%  46.1 8406s
 37166  7864 967795.614  535  302 995011.395 963378.726  3.18%  46.1 8428s
 37689  8376 969216.818  570  296 995011.395 963378.726  3.18%  45.9 8450s
 38210  8876 968778.086  608  292 995011.395 963378.726  3.18%  45.8 8472s
H38730  8884                    995002.69647 963378.726  3.18%  45.9 8526s
H38731  8884                    994983.43344 963378.726  3.18%  45.9 8526s
 38738  9408 969118.053  643  291 994983.433 963378.726  3.18%  45.9 8552s
 39274  9822 971312.182  679  288 994983.433 963378.726  3.18%  45.9 8597s
H39441  9822                    994939.11240 963378.726  3.17%  46.0 8598s
 39692 10307 971342.506  707  292 994939.112 963378.726  3.17%  46.0 8625s
H40181 10315                    994938.78882 963378.726  3.17%  46.2 8731s
H40183 10315                    994631.60326 963378.726  3.14%  46.2 8731s
 40189 10913 971382.767  737  282 994631.603 963378.726  3.14%  46.2 8757s
 40791 11401 971899.996  785  284 994631.603 963378.726  3.14%  46.4 8783s
 41279 11409 972372.654  812  275 994631.603 963378.726  3.14%  47.0 8929s
H41287 11417                    994627.06049 963378.726  3.14%  47.0 9057s
H41288 11417                    994345.96144 963378.726  3.11%  47.0 9057s
H41295 11777                    994311.48040 963378.726  3.11%  47.0 9167s
 41657 12404 972460.552  828  273 994311.480 963378.726  3.11%  47.4 9200s
 42285 12936 972209.189  854  282 994311.480 963378.726  3.11%  47.5 9227s
H42847 12944                    994311.39028 963378.726  3.11%  48.4 9322s
H42851 12944                    994295.64015 963378.726  3.11%  48.4 9322s
H42853 12944                    993820.54969 963378.726  3.06%  48.4 9322s
H42855 12952                    993596.95031 963378.726  3.04%  48.4 9455s
 42863 13412 973410.361  906  283 993596.950 963378.726  3.04%  48.4 9480s
 43323 14196 972340.428  929  279 993596.950 963378.726  3.04%  49.6 9511s
 44107 14993 972848.054  980  270 993596.950 963378.726  3.04%  49.2 9547s
 44930 15629 972753.447 1032  263 993596.950 963378.726  3.04%  49.7 9573s
H45622 15636                    993488.06061 963378.726  3.03%  49.5 9688s
H45624 15636                    993462.07482 963378.726  3.03%  49.5 9688s
 45631 16302 973441.724 1084  251 993462.075 963378.726  3.03%  49.5 9718s
 46315 16860 974506.050 1135  249 993462.075 963378.726  3.03%  49.4 9745s
 46875 17540 975860.671 1183  247 993462.075 963378.726  3.03%  49.5 9776s
 47559 18244 975231.315 1222  247 993462.075 963378.726  3.03%  49.6 9812s
 48265 18931 976558.136 1273  244 993462.075 963378.726  3.03%  49.8 9845s
 48958 19739 978647.226 1324  240 993462.075 963378.726  3.03%  50.2 9878s
 49768 20439 978377.208 1376  230 993462.075 963378.726  3.03%  49.7 9918s
 50502 21150 978916.777 1427  230 993462.075 963378.726  3.03%  49.5 9957s
H51227 21157                    993403.10887 963378.726  3.02%  49.3 10150s
 51236 21358 979321.413 1466  227 993403.109 963378.726  3.02%  49.4 10294s
H51237 21358                    993168.41088 963378.726  3.00%  49.4 10294s

Cutting planes:
  Gomory: 329
  Cover: 342
  Implied bound: 99
  Projected implied bound: 201
  MIR: 1278
  Mixing: 33
  Flow cover: 867
  Flow path: 4
  RLT: 36
  Relax-and-lift: 98

Explored 51447 nodes (2610427 simplex iterations) in 10302.82 seconds (5219.44 work units)
Thread count was 8 (of 8 available processors)

Solution count 10: 993168 993168 993403 ... 994311

Optimal solution found (tolerance 3.00e-02)
Best objective 9.931684108825e+05, best bound 9.633787256699e+05, gap 2.9995%

