Solver command line: ['/usr/local/bin/gurobi.sh']

Set parameter WLSAccessID
Set parameter WLSSecret
Set parameter LicenseID to value 2606900
Academic license 2606900 - for non-commercial use only - registered to so___@htwk-leipzig.de
Read LP format model from file /var/folders/jf/5sh4zzv94dxbcz8g7tg2jq5h0000gn/T/tmpfl_wgrbr.pyomo.lp
Reading time = 2.10 seconds
objective: 967944 rows, 875999 columns, 2168046 nonzeros
Set parameter MIPGap to value 0.02
Gurobi Optimizer version 12.0.1 build v12.0.1rc0 (mac64[rosetta2] - Darwin 24.4.0 24E263)

CPU model: Apple M3
Thread count: 8 physical cores, 8 logical processors, using up to 8 threads

Non-default parameters:
MIPGap  0.02

Academic license 2606900 - for non-commercial use only - registered to so___@htwk-leipzig.de
Optimize a model with 967944 rows, 875999 columns and 2168046 nonzeros
Model fingerprint: 0x098a921e
Model has 8759 quadratic constraints
Variable types: 753360 continuous, 122639 integer (105120 binary)
Coefficient statistics:
  Matrix range     [6e-03, 2e+02]
  QMatrix range    [1e+00, 1e+00]
  Objective range  [1e-02, 5e+02]
  Bounds range     [1e+00, 3e+00]
  RHS range        [8e-05, 1e+04]
Presolve removed 774312 rows and 656082 columns
Presolve time: 0.43s
Presolved: 193632 rows, 219917 columns, 612600 nonzeros
Variable types: 145423 continuous, 74494 integer (65734 binary)
Performing another presolve...
Presolve removed 70079 rows and 70079 columns
Presolve time: 4.74s
Deterministic concurrent LP optimizer: primal and dual simplex
Showing primal log only...


Root simplex log...

Iteration    Objective       Primal Inf.    Dual Inf.      Time
       0    2.4483615e+07   7.185436e+06   8.062442e+13      6s
Concurrent spin time: 0.62s (can be avoided by choosing Method=3)

Solved with dual simplex

Root simplex log...

Iteration    Objective       Primal Inf.    Dual Inf.      Time
   32974   -4.6301687e+06   0.000000e+00   0.000000e+00      8s

Root relaxation: objective -4.630169e+06, 32974 iterations, 2.65 seconds (4.17 work units)
Total elapsed time = 8.50s (DegenMoves)

    Nodes    |    Current Node    |     Objective Bounds      |     Work
 Expl Unexpl |  Obj  Depth IntInf | Incumbent    BestBd   Gap | It/Node Time

     0     0 -4630168.7    0  549          - -4630168.7      -     -    9s
H    0     0                    -3944165.203 -4630168.7  17.4%     -   11s
     0     0 -4623967.4    0  520 -3944165.2 -4623967.4  17.2%     -   13s
     0     0 -4622414.8    0  505 -3944165.2 -4622414.8  17.2%     -   13s
     0     0 -4622369.6    0  509 -3944165.2 -4622369.6  17.2%     -   13s
     0     0 -4622369.6    0  509 -3944165.2 -4622369.6  17.2%     -   13s
     0     0 -4619973.2    0  479 -3944165.2 -4619973.2  17.1%     -   14s
     0     0 -4619105.9    0  441 -3944165.2 -4619105.9  17.1%     -   14s
     0     0 -4619044.3    0  440 -3944165.2 -4619044.3  17.1%     -   14s
     0     0 -4619041.8    0  442 -3944165.2 -4619041.8  17.1%     -   14s
     0     0 -4618622.5    0  475 -3944165.2 -4618622.5  17.1%     -   16s
H    0     0                    -3951609.204 -4618576.5  16.9%     -   17s
     0     0 -4618576.5    0  461 -3951609.2 -4618576.5  16.9%     -   17s
     0     0 -4618551.5    0  471 -3951609.2 -4618551.5  16.9%     -   17s
     0     0 -4618551.5    0  478 -3951609.2 -4618551.5  16.9%     -   17s
H    0     0                    -3987269.435 -4618551.5  15.8%     -   18s
H    0     0                    -3994565.426 -4618551.5  15.6%     -   18s
H    0     0                    -3994623.760 -4618551.5  15.6%     -   18s
H    0     0                    -3994647.227 -4618551.5  15.6%     -   18s
H    0     0                    -3994665.496 -4618551.5  15.6%     -   18s
H    0     0                    -3994672.490 -4618551.5  15.6%     -   18s
     0     0 -4618405.2    0  481 -3994672.5 -4618405.2  15.6%     -   18s
H    0     0                    -4001641.910 -4618405.2  15.4%     -   19s
H    0     0                    -4008194.047 -4618288.0  15.2%     -   19s
H    0     0                    -4015357.111 -4618288.0  15.0%     -   19s
     0     0 -4618288.0    0  480 -4015357.1 -4618288.0  15.0%     -   19s
H    0     0                    -4015397.023 -4618244.9  15.0%     -   19s
H    0     0                    -4015398.480 -4618244.9  15.0%     -   19s
     0     0 -4618244.9    0  479 -4015398.5 -4618244.9  15.0%     -   19s
     0     0 -4618233.6    0  486 -4015398.5 -4618233.6  15.0%     -   19s
     0     0 -4618233.2    0  487 -4015398.5 -4618233.2  15.0%     -   20s
     0     0 -4618215.4    0  480 -4015398.5 -4618215.4  15.0%     -   20s
     0     0 -4618213.2    0  486 -4015398.5 -4618213.2  15.0%     -   20s
     0     0 -4618175.2    0  481 -4015398.5 -4618175.2  15.0%     -   21s
H    0     0                    -4042586.075 -4618175.2  14.2%     -   21s
     0     0 -4618173.3    0  486 -4042586.1 -4618173.3  14.2%     -   21s
     0     0 -4618172.8    0  486 -4042586.1 -4618172.8  14.2%     -   22s
     0     0 -4618165.7    0  489 -4042586.1 -4618165.7  14.2%     -   22s
     0     0 -4618165.7    0  490 -4042586.1 -4618165.7  14.2%     -   22s
H    0     0                    -4060550.504 -4618165.7  13.7%     -   23s
H    0     0                    -4064120.750 -4618165.7  13.6%     -   23s
H    0     0                    -4064220.529 -4618165.7  13.6%     -   23s
H    0     0                    -4064229.975 -4618165.7  13.6%     -   23s
H    0     0                    -4064235.230 -4618165.7  13.6%     -   23s
H    0     0                    -4064347.359 -4618165.7  13.6%     -   24s
     0     0 -4618165.7    0  490 -4064347.4 -4618165.7  13.6%     -   24s
     0     0 -4618165.7    0  379 -4064347.4 -4618165.7  13.6%     -   25s
     0     0 -4618165.7    0  403 -4064347.4 -4618165.7  13.6%     -   26s
     0     0 -4618165.7    0  402 -4064347.4 -4618165.7  13.6%     -   26s
     0     0 -4618165.7    0  398 -4064347.4 -4618165.7  13.6%     -   27s
     0     2 -4618165.7    0  392 -4064347.4 -4618165.7  13.6%     -   28s
    23    54 -4614034.1    5  436 -4064347.4 -4618165.7  13.6%  64.9   30s
H   61    74                    -4093661.675 -4618165.7  12.8%  26.1   31s
   190   392 -4613943.1   19  418 -4093661.7 -4618165.7  12.8%  11.8   35s
H  540   622                    -4098408.156 -4618165.7  12.7%   5.3   37s
H  621   797                    -4103016.346 -4618165.7  12.6%   4.9   39s
H  700   797                    -4103173.215 -4618165.7  12.6%   4.6   39s
   796  1335 -4613444.1   70  419 -4103173.2 -4618165.7  12.6%   4.2   41s
  1538  1659 -4612396.9  146  405 -4103173.2 -4618165.7  12.6%   5.0   46s
H 1541  1659                    -4112069.320 -4618165.7  12.3%   5.0   46s
H 1657  1659                    -4287036.834 -4618165.7  7.72%   4.8   46s
H 2051  2325                    -4288188.970 -4618165.7  7.70%   5.1   49s
H 2080  2325                    -4297823.046 -4618165.7  7.45%   5.1   49s
H 2290  2325                    -4298140.177 -4618165.7  7.45%   5.0   49s
  2324  2553 -4611343.8  240  389 -4298140.2 -4618165.7  7.45%   5.0   51s
  3184  3193 -4610888.5  345  378 -4298140.2 -4618165.7  7.45%   4.7   58s
H 3191  3193                    -4298176.009 -4618165.7  7.44%   4.7   58s
H 3192  3331                    -4309748.952 -4618165.7  7.16%   4.7   59s
H 3261  3331                    -4310492.723 -4618165.7  7.14%   4.7   59s
H 3279  3331                    -4313592.591 -4618165.7  7.06%   4.7   60s
H 3646  3847                    -4319931.711 -4618165.7  6.90%   4.6   62s
H 3716  3847                    -4328369.798 -4618165.7  6.70%   4.6   62s
H 3768  3847                    -4332917.048 -4618165.7  6.58%   4.6   62s
  4105  4367 -4610707.0  438  364 -4332917.0 -4618165.7  6.58%   4.6   65s
H 4782  4791                    -4335705.356 -4618165.7  6.51%   5.4   71s
H 4789  4791                    -4338036.660 -4618165.7  6.46%   5.4   71s
H 4790  4959                    -4348080.811 -4618165.7  6.21%   5.4   73s
H 4818  4959                    -4352023.375 -4618165.7  6.12%   5.4   73s
  5258  5526 -4610222.7  566  361 -4352023.4 -4618165.7  6.12%   5.7   75s
H 5650  5659                    -4352030.071 -4618165.7  6.12%   6.2   79s
H 5651  5659                    -4353899.081 -4618165.7  6.07%   6.2   79s
H 5656  5659                    -4361812.362 -4618165.7  5.88%   6.2   79s
  5658  5987 -4610125.3  603  362 -4361812.4 -4618165.7  5.88%   6.2   80s
  6761  6770 -4608299.9  721  345 -4361812.4 -4618165.7  5.88%   5.8   89s
H 6762  6770                    -4361812.401 -4618165.7  5.88%   5.8   89s
H 6763  6770                    -4363616.993 -4618165.7  5.83%   5.8   89s
H 6765  6770                    -4364051.350 -4618165.7  5.82%   5.8   89s
H 6769  6778                    -4364057.889 -4618165.7  5.82%   5.8   94s
H 6770  6778                    -4364066.872 -4618165.7  5.82%   5.8   94s
H 6771  6778                    -4364071.552 -4618165.7  5.82%   5.8   94s
H 6772  6778                    -4364173.724 -4618165.7  5.82%   5.8   94s
  6777  7002 -4608299.9  722  345 -4364173.7 -4618165.7  5.82%   5.8   96s
H 7540  7541                    -4366486.052 -4618165.7  5.76%   5.7  101s
H 7540  7541                    -4375585.918 -4618165.7  5.54%   5.7  101s
H 7540  7541                    -4382731.563 -4618165.7  5.37%   5.7  102s
H 7540  7541                    -4385715.375 -4618165.7  5.30%   5.7  103s
H 7540  7541                    -4402744.648 -4618165.7  4.89%   5.7  104s
H 7540  7541                    -4403473.928 -4618165.7  4.88%   5.7  105s
H 7540  7541                    -4405880.026 -4618165.7  4.82%   5.7  107s
H 7540  7541                    -4442063.709 -4618165.7  3.96%   5.7  109s
  7541  7542 -4614797.7   64 15347 -4442063.7 -4618165.7  3.96%   5.7  113s
  7543  7543 -4612891.2  675  546 -4442063.7 -4618165.7  3.96%   5.7  119s
  7544  7544 -4615998.7   47  511 -4442063.7 -4618165.7  3.96%   5.7  121s
  7556  7552 -4610158.1  597  489 -4442063.7 -4617506.4  3.95%   5.7  125s
H 7560  7176                    -4442189.000 -4617207.5  3.94%   5.7  127s
H 7560  6817                    -4444082.038 -4617207.5  3.90%   5.7  127s
H 7561  6476                    -4444082.242 -4616965.5  3.89%   5.7  128s
  7567  6480 -4614090.5  398  495 -4444082.2 -4616608.6  3.88%   5.7  130s
H 7569  6157                    -4444355.418 -4616573.7  3.87%   5.7  131s
H 7569  5849                    -4444377.682 -4616573.7  3.87%   5.7  131s
H 7570  5556                    -4444768.849 -4616426.9  3.86%   5.7  133s
H 7575  5282                    -4446614.681 -4616250.5  3.81%   5.7  136s
H 7578  5019                    -4446764.457 -4616179.9  3.81%   5.7  139s
H 7579  4767                    -4447050.498 -4616164.6  3.80%   5.7  139s
  7581  4769 -4616096.4  122  523 -4447050.5 -4616155.1  3.80%   5.7  140s
H 7589  4535                    -4453139.178 -4615925.1  3.66%   5.7  144s
  7592  4537 -4614353.8  382  545 -4453139.2 -4615887.3  3.65%   5.7  145s
  7603  4544 -4612926.5  538  548 -4453139.2 -4615834.3  3.65%   5.7  150s
  7615  4552 -4614011.6  486  556 -4453139.2 -4615715.0  3.65%   5.7  155s
H 7619  4326                    -4453972.911 -4615625.9  3.63%   5.7  160s
  7637  4338 -4612824.4  633  567 -4453972.9 -4615381.9  3.62%   5.7  165s
  7648  4345 -4613404.9  615  572 -4453972.9 -4615341.4  3.62%   5.7  170s
  7654  4349 -4609442.3  662  571 -4453972.9 -4615246.9  3.62%   5.6  175s
  7660  4354 -4614280.5  444  544 -4453972.9 -4615246.9  3.62%  13.0  182s
  7666  4358 -4615246.9  118  499 -4453972.9 -4615246.9  3.62%  13.0  185s
H 7669  4141                    -4454017.805 -4615246.9  3.62%  13.0  185s
H 7671  3936                    -4456982.513 -4615205.6  3.55%  13.0  187s
H 7671  3739                    -4457896.179 -4615205.6  3.53%  13.0  187s
H 7671  3552                    -4457960.265 -4615205.6  3.53%  13.0  188s
H 7671  3374                    -4457968.235 -4615205.6  3.53%  13.0  188s
H 7671  3205                    -4458039.054 -4615205.6  3.53%  13.0  188s
H 7673  3045                    -4458827.564 -4615205.6  3.51%  13.0  188s
H 7673  2893                    -4463830.752 -4615205.6  3.39%  13.0  189s
H 7673  2748                    -4467266.814 -4615205.6  3.31%  13.0  189s
H 7673  2610                    -4473787.387 -4615205.6  3.16%  13.0  189s
H 7673  2479                    -4473842.855 -4615205.6  3.16%  13.0  189s
H 7673  2355                    -4473844.703 -4615205.6  3.16%  13.0  189s
  7675  2356 -4614096.9  490  516 -4473844.7 -4615205.6  3.16%  13.0  190s
H 7676  2239                    -4474006.603 -4615205.6  3.16%  13.0  191s
H 7676  2127                    -4474429.526 -4615205.6  3.15%  13.0  191s
H 7677  2021                    -4474742.602 -4615205.6  3.14%  13.0  193s
  7681  2023 -4615183.0  122  524 -4474742.6 -4615183.0  3.14%  13.0  195s
H 7684  1923                    -4474870.187 -4615042.2  3.13%  13.0  197s
H 7685  1828                    -4475303.441 -4615021.6  3.12%  13.0  198s
  7688  1830 -4614101.5  484  523 -4475303.4 -4614955.6  3.12%  13.0  200s
H 7695  1742                    -4475330.425 -4614847.2  3.12%  12.9  203s
H 7696  1654                    -4475332.383 -4614847.2  3.12%  12.9  204s
H 7698  1573                    -4475395.786 -4614844.7  3.12%  12.9  206s
  7708  1579 -4613445.5  500  559 -4475395.8 -4614807.0  3.12%  12.9  210s
H 7710  1501                    -4476831.782 -4614801.0  3.08%  12.9  213s
H 7711  1425                    -4477813.529 -4614801.0  3.06%  12.9  214s
  7714  1427 -4611444.5  235  552 -4477813.5 -4614791.9  3.06%  12.9  215s
  7719  1431 -4609857.4  641  555 -4477813.5 -4614788.5  3.06%  12.9  220s
  7726  1436 -4612328.8  607  544 -4477813.5 -4614787.4  3.06%  19.8  228s
  7727  1437 -4614787.4   72  505 -4477813.5 -4614787.4  3.06%  19.8  230s
  7739  1445 -4613234.1  699  534 -4477813.5 -4614765.8  3.06%  19.8  235s
H 7741  1373                    -4477829.235 -4614761.6  3.06%  19.8  236s
  7748  1378 -4613404.9  615  538 -4477829.2 -4614738.2  3.06%  19.8  240s
H 7748  1309                    -4477829.344 -4614736.8  3.06%  19.8  241s
H 7749  1244                    -4479628.025 -4614736.5  3.02%  19.8  241s
H 7752  1183                    -4479628.133 -4614727.8  3.02%  19.8  245s
H 7753  1123                    -4482229.128 -4614726.6  2.96%  19.8  245s
H 7753  1067                    -4484026.067 -4614726.6  2.91%  19.8  245s
  7759  1071 -4614714.7  204  450 -4484026.1 -4614714.7  2.91%  19.7  253s
H 7759  1016                    -4493307.087 -4614714.7  2.70%  19.7  254s
H 7759   965                    -4493315.311 -4614714.7  2.70%  19.7  254s
H 7759   916                    -4493322.310 -4614714.7  2.70%  19.7  254s
H 7759   870                    -4493470.747 -4614714.7  2.70%  19.7  255s
  7763   878 -4613695.5   29  438 -4493470.7 -4614714.5  2.70%  26.8  260s
H 7816   873                    -4493473.572 -4614713.3  2.70%  26.8  263s
H 7818   831                    -4493481.207 -4614713.3  2.70%  26.8  263s
  7856   858 -4613123.1   37  466 -4493481.2 -4614713.3  2.70%  26.9  265s
  7980   941 -4612945.0   45  452 -4493481.2 -4614713.3  2.70%  26.7  270s
H 8016   922                    -4493484.032 -4614713.3  2.70%  26.6  274s
H 8018   883                    -4493489.322 -4614713.3  2.70%  26.6  274s
H 8019   847                    -4493649.502 -4614713.3  2.69%  26.6  274s
  8021   857 -4612188.9   47  453 -4493649.5 -4614713.3  2.69%  26.6  275s
  8144   953 -4612790.7   55  439 -4493649.5 -4614713.3  2.69%  26.5  280s
H 8272   987                    -4496350.047 -4614713.3  2.63%  26.8  292s
H 8273   954                    -4499197.917 -4614713.3  2.57%  26.8  292s
H 8276   922                    -4524442.088 -4614713.3  2.00%  26.8  292s

Cutting planes:
  Gomory: 269
  Cover: 422
  Implied bound: 98
  Projected implied bound: 158
  MIR: 557
  Mixing: 16
  StrongCG: 1
  Flow cover: 482
  RLT: 34
  Relax-and-lift: 126

Explored 8280 nodes (275196 simplex iterations) in 292.57 seconds (404.65 work units)
Thread count was 8 (of 8 available processors)

Solution count 10: -4.52444e+06 -4.4992e+06 -4.49635e+06 ... -4.49332e+06

Optimal solution found (tolerance 2.00e-02)
Best objective -4.524442087567e+06, best bound -4.614713266852e+06, gap 1.9952%

