Solver command line: []

Read LP format model from file C:\Users\wlhlm\AppData\Local\Temp\tmpgdxbk869.pyomo.lp
Reading time = 2.30 seconds
objective: 961824 rows, 860831 columns, 2182782 nonzeros
Set parameter MIPGap to value 0.03
Gurobi Optimizer version 12.0.1 build v12.0.1rc0 (win64 - Windows 11.0 (26100.2))

CPU model: Intel(R) Core(TM) Ultra 7 258V, instruction set [SSE2|AVX|AVX2]
Thread count: 8 physical cores, 8 logical processors, using up to 8 threads

Non-default parameters:
MIPGap  0.03

Optimize a model with 961824 rows, 860831 columns and 2182782 nonzeros
Model fingerprint: 0x1841436d
Model has 8783 quadratic constraints
Variable types: 737856 continuous, 122975 integer (105408 binary)
Coefficient statistics:
  Matrix range     [6e-03, 2e+02]
  QMatrix range    [1e+00, 1e+00]
  Objective range  [1e-02, 4e+02]
  Bounds range     [1e+00, 3e+00]
  RHS range        [8e-05, 1e+04]
Presolve removed 770693 rows and 654116 columns
Presolve time: 1.59s
Presolved: 191131 rows, 206715 columns, 615749 nonzeros
Variable types: 143314 continuous, 63401 integer (63401 binary)
Performing another presolve...
Presolve removed 52708 rows and 52709 columns
Presolve time: 4.01s
Deterministic concurrent LP optimizer: primal and dual simplex
Showing primal log only...


Root simplex log...

Iteration    Objective       Primal Inf.    Dual Inf.      Time
       0    2.1263652e+07   6.930912e+07   6.748193e+13      7s
   83929    1.0948046e+07   9.296489e+02   6.796178e+08     10s
Concurrent spin time: 0.00s

Solved with dual simplex

Root simplex log...

Iteration    Objective       Primal Inf.    Dual Inf.      Time
   62131    7.5439395e+06   0.000000e+00   0.000000e+00     10s

Root relaxation: objective 7.543940e+06, 62131 iterations, 3.93 seconds (6.79 work units)
Total elapsed time = 10.31s (DegenMoves)

    Nodes    |    Current Node    |     Objective Bounds      |     Work
 Expl Unexpl |  Obj  Depth IntInf | Incumbent    BestBd   Gap | It/Node Time

     0     0 7543939.54    0  560          - 7543939.54      -     -   12s
H    0     0                    7949350.4527 7543939.54  5.10%     -   14s
H    0     0                    7949345.2536 7543939.54  5.10%     -   16s
     0     0 7547963.99    0  663 7949345.25 7547963.99  5.05%     -   18s
     0     0 7548320.60    0  650 7949345.25 7548320.60  5.04%     -   19s
     0     0 7548337.64    0  652 7949345.25 7548337.64  5.04%     -   19s
     0     0 7548344.87    0  652 7949345.25 7548344.87  5.04%     -   19s
     0     0 7549575.59    0  643 7949345.25 7549575.59  5.03%     -   21s
     0     0 7549969.39    0  546 7949345.25 7549969.39  5.02%     -   21s
     0     0 7550063.18    0  531 7949345.25 7550063.18  5.02%     -   22s
     0     0 7550064.18    0  537 7949345.25 7550064.18  5.02%     -   22s
     0     0 7550508.88    0  523 7949345.25 7550508.88  5.02%     -   24s
H    0     0                    7945531.7781 7550596.78  4.97%     -   25s
H    0     0                    7945426.3942 7550596.78  4.97%     -   25s
H    0     0                    7945226.2520 7550596.78  4.97%     -   25s
     0     0 7550596.78    0  515 7945226.25 7550596.78  4.97%     -   25s
     0     0 7550624.66    0  521 7945226.25 7550624.66  4.97%     -   26s
     0     0 7550626.21    0  527 7945226.25 7550626.21  4.97%     -   26s
H    0     0                    7945092.0023 7550626.60  4.96%     -   26s
     0     0 7550626.60    0  527 7945092.00 7550626.60  4.96%     -   26s
H    0     0                    7941662.0192 7550626.60  4.92%     -   28s
H    0     0                    7941651.4733 7550626.60  4.92%     -   28s
H    0     0                    7936707.4665 7550626.60  4.86%     -   28s
H    0     0                    7936421.7149 7550626.60  4.86%     -   28s
     0     0 7550910.89    0  538 7936421.71 7550910.89  4.86%     -   28s
H    0     0                    7925982.7900 7550911.05  4.73%     -   29s
H    0     0                    7925594.8863 7550911.05  4.73%     -   29s
H    0     0                    7925543.3306 7550911.05  4.73%     -   29s
H    0     0                    7925371.2321 7550911.05  4.72%     -   29s
H    0     0                    7925281.5320 7550911.05  4.72%     -   29s
H    0     0                    7925280.2430 7550911.05  4.72%     -   29s
     0     0 7550963.43    0  530 7925280.24 7550963.43  4.72%     -   30s
     0     0 7550968.69    0  531 7925280.24 7550968.69  4.72%     -   30s
     0     0 7550974.71    0  535 7925280.24 7550974.71  4.72%     -   30s
     0     0 7550975.19    0  540 7925280.24 7550975.19  4.72%     -   30s
     0     0 7551001.15    0  526 7925280.24 7551001.15  4.72%     -   31s
     0     0 7551005.29    0  521 7925280.24 7551005.29  4.72%     -   32s
     0     0 7551008.19    0  529 7925280.24 7551008.19  4.72%     -   32s
     0     0 7551008.42    0  534 7925280.24 7551008.42  4.72%     -   32s
     0     0 7551053.65    0  535 7925280.24 7551053.65  4.72%     -   33s
H    0     0                    7921098.0989 7551053.66  4.67%     -   34s
H    0     0                    7917409.4784 7551053.66  4.63%     -   34s
H    0     0                    7917407.0958 7551053.66  4.63%     -   34s
H    0     0                    7917240.7950 7551053.66  4.63%     -   34s
     0     0 7551056.29    0  537 7917240.79 7551056.29  4.63%     -   34s
     0     0 7551056.29    0  542 7917240.79 7551056.29  4.63%     -   34s
     0     0 7551056.34    0  545 7917240.79 7551056.34  4.63%     -   35s
     0     0 7551056.65    0  546 7917240.79 7551056.65  4.63%     -   35s
     0     0 7551056.65    0  546 7917240.79 7551056.65  4.63%     -   36s
H    0     0                    7907057.5864 7551056.65  4.50%     -   37s
H    0     0                    7906112.0477 7551056.65  4.49%     -   37s
H    0     0                    7905773.1991 7551056.65  4.49%     -   37s
H    0     0                    7905736.3950 7551056.65  4.49%     -   37s
H    0     0                    7905565.5585 7551056.65  4.48%     -   37s
     0     0 7551056.65    0  550 7905565.56 7551056.65  4.48%     -   38s
     0     0 7551056.65    0  485 7905565.56 7551056.65  4.48%     -   39s
     0     2 7551056.65    0  466 7905565.56 7551056.65  4.48%     -   42s
    23    56 7551867.14    5  509 7905565.56 7551063.16  4.48%   116   45s
H   55    64                    7898961.9325 7551063.16  4.40%  54.8   47s
H   56    64                    7889895.7003 7551063.16  4.29%  53.8   47s
   106   143 7551898.09   12  491 7889895.70 7551063.16  4.29%  32.7   50s
   327   462 7552018.74   28  481 7889895.70 7551063.16  4.29%  16.1   56s
   660   771 7552070.13   54  474 7889895.70 7551063.16  4.29%  10.8   62s
H  686   771                    7888484.3283 7551063.16  4.28%  10.6   62s
   770   992 7552157.82   76  468 7888484.33 7551063.16  4.28%  10.0   67s
H  816   992                    7857729.7501 7551063.16  3.90%   9.9   67s
   991  1176 7552370.91   99  472 7857729.75 7551063.16  3.90%  10.5   75s
H 1013  1176                    7854019.4852 7551063.16  3.86%  10.5   75s
  1550  1841 7552460.91  152  471 7854019.49 7551063.16  3.86%   9.9   82s
  1840  2231 7552850.10  193  468 7854019.49 7551063.16  3.86%   9.1   85s
H 2230  2239                    7854016.3421 7551063.16  3.86%   8.2   91s
H 2233  2239                    7853014.1342 7551063.16  3.85%   8.2   91s
  2453  2607 7553023.71  251  461 7853014.13 7551063.16  3.85%   7.8   97s
H 2454  2607                    7852959.6597 7551063.16  3.84%   7.8   97s
H 2472  2607                    7851541.9957 7551063.16  3.83%   7.8   97s
H 2491  2607                    7851335.2443 7551063.16  3.82%   7.8   97s
  2606  2780 7553029.12  264  465 7851335.24 7551063.16  3.82%   7.7  100s
H 2617  2780                    7848380.4240 7551063.16  3.79%   7.7  100s
H 2682  2780                    7847851.2445 7551063.16  3.78%   7.7  100s
H 3065  3074                    7847851.2341 7551063.16  3.78%   8.6  111s
H 3071  3074                    7847834.9508 7551063.16  3.78%   8.7  111s
H 3073  3244                    7845779.8704 7551063.16  3.76%   8.7  114s
H 3091  3244                    7843883.4273 7551063.16  3.73%   8.8  114s
H 3138  3244                    7843164.2262 7551063.16  3.72%   8.8  114s
H 3213  3244                    7843005.9574 7551063.16  3.72%   8.8  114s
  3243  3451 7553322.29  316  464 7843005.96 7551063.16  3.72%   9.0  117s
H 3263  3451                    7839499.5999 7551063.16  3.68%   9.1  117s
  3763  4049 7553412.12  367  403 7839499.60 7551063.16  3.68%   8.7  121s
H 4048  4166                    7835019.2574 7551063.16  3.62%   8.2  125s
H 4063  4166                    7832443.3471 7551063.16  3.59%   8.1  125s
H 4080  4166                    7830835.1112 7551063.16  3.57%   8.1  125s
H 4096  4166                    7827987.1080 7551063.16  3.54%   8.1  125s
H 4111  4166                    7824542.6631 7551063.16  3.50%   8.1  125s
  4453  4704 7553708.00  420  397 7824542.66 7551063.16  3.50%   8.4  131s
  5021  5363 7553901.82  467  375 7824542.66 7551063.16  3.50%   8.5  137s
  5362  5371 7554138.27  511  367 7824542.66 7551063.16  3.50%   8.7  143s
H 5364  5371                    7822833.5536 7551063.16  3.47%   8.7  143s
H 5370  5568                    7814683.0921 7551063.16  3.37%   8.7  147s
H 5395  5568                    7811854.0208 7551063.16  3.34%   8.7  147s
H 5421  5568                    7810735.5299 7551063.16  3.32%   8.7  147s
  5567  5853 7554355.15  533  364 7810735.53 7551063.16  3.32%   8.5  150s
  6192  6502 7554546.45  587  359 7810735.53 7551063.16  3.32%   8.6  158s
H 6501  6510                    7810711.3536 7551063.16  3.32%   8.4  165s
H 6508  6510                    7810700.9510 7551063.16  3.32%   8.4  165s
  6509  6849 7554689.07  612  355 7810700.95 7551063.16  3.32%   8.4  170s
H 6574  6849                    7800756.8000 7551063.16  3.20%   8.4  170s
H 6619  6849                    7799188.5028 7551063.16  3.18%   8.3  170s
H 6665  6849                    7796481.9440 7551063.16  3.15%   8.4  170s
  6848  7193 7554951.53  667  350 7796481.94 7551063.16  3.15%   8.3  176s
H 7192  7320                    7649651.7238 7551063.16  1.29%   8.7  187s
H 7242  7320                    7649420.2664 7551063.16  1.29%   8.7  187s

Cutting planes:
  Learned: 9
  Gomory: 200
  Cover: 303
  Implied bound: 157
  MIR: 923
  Flow cover: 670
  Flow path: 28
  Network: 3
  RLT: 34
  Relax-and-lift: 214

Explored 7319 nodes (148259 simplex iterations) in 188.24 seconds (185.43 work units)
Thread count was 8 (of 8 available processors)

Solution count 10: 7.64942e+06 7.64965e+06 7.79648e+06 ... 7.82454e+06

Optimal solution found (tolerance 3.00e-02)
Best objective 7.649420266434e+06, best bound 7.551063164857e+06, gap 1.2858%

