Solver command line: ['C:\\gurobi1002\\win64\\bin\\gurobi.bat']

Set parameter Username
Academic license - for non-commercial use only - expires 2024-08-20
Read LP format model from file C:\Users\mhafeman\AppData\Local\Temp\tmpttp3hsma.pyomo.lp
Reading time = 4.87 seconds
obj: 983809 rows, 931103 columns, 2389234 nonzeros
Set parameter TimeLimit to value 180
Set parameter MIPGap to value 0.01
Gurobi Optimizer version 10.0.2 build v10.0.2rc0 (win64)

CPU model: AMD Ryzen 7 3800X 8-Core Processor, instruction set [SSE2|AVX|AVX2]
Thread count: 8 physical cores, 16 logical processors, using up to 16 threads

Optimize a model with 983809 rows, 931103 columns and 2389234 nonzeros
Model fingerprint: 0x31d4c3bd
Model has 26351 quadratic constraints
Variable types: 790560 continuous, 140543 integer (122976 binary)
Coefficient statistics:
  Matrix range     [1e-04, 3e+02]
  QMatrix range    [5e-01, 3e+00]
  QLMatrix range   [3e-04, 1e+00]
  Objective range  [1e-02, 4e+02]
  Bounds range     [1e+00, 3e+00]
  RHS range        [1e-03, 1e+04]
Presolve removed 939890 rows and 843265 columns (presolve time = 9s) ...
Presolve removed 895972 rows and 834482 columns
Presolve time: 8.64s
Presolved: 122973 rows, 105405 columns, 325002 nonzeros
Variable types: 70270 continuous, 35135 integer (35135 binary)
Deterministic concurrent LP optimizer: primal and dual simplex
Showing first log only...


Root simplex log...

Iteration    Objective       Primal Inf.    Dual Inf.      Time
       0    2.5130517e+07   2.538857e+06   3.584479e+13      9s
   44335    5.9978845e+04   0.000000e+00   9.442646e+07     10s
   49142   -2.2874513e+06   0.000000e+00   0.000000e+00     10s
Concurrent spin time: 7.76s

Solved with primal simplex

Use crossover to convert LP symmetric solution to basic solution...

Root crossover log...

      36 DPushes remaining with DInf 0.0000000e+00                18s
       0 DPushes remaining with DInf 0.0000000e+00                18s

    1318 PPushes remaining with PInf 0.0000000e+00                18s
       0 PPushes remaining with PInf 0.0000000e+00                18s

  Push phase complete: Pinf 0.0000000e+00, Dinf 4.3928988e-10     18s


Root simplex log...

Iteration    Objective       Primal Inf.    Dual Inf.      Time
   50499   -2.2874513e+06   0.000000e+00   0.000000e+00     18s
   50499   -2.2874513e+06   0.000000e+00   0.000000e+00     18s

Root relaxation: objective -2.287451e+06, 50499 iterations, 8.98 seconds (1.78 work units)

    Nodes    |    Current Node    |     Objective Bounds      |     Work
 Expl Unexpl |  Obj  Depth IntInf | Incumbent    BestBd   Gap | It/Node Time

     0     0 -2287451.3    0  388          - -2287451.3      -     -   19s
     0     0 -2282928.8    0  670          - -2282928.8      -     -   20s
H    0     0                    -1974621.313 -2282928.8  15.6%     -   21s
     0     0 -2281105.0    0  710 -1974621.3 -2281105.0  15.5%     -   21s
     0     0 -2281105.0    0  710 -1974621.3 -2281105.0  15.5%     -   22s
     0     0 -2273065.9    0  604 -1974621.3 -2273065.9  15.1%     -   23s
H    0     0                    -2042841.877 -2273065.9  11.3%     -   23s
     0     0 -2269897.3    0  575 -2042841.9 -2269897.3  11.1%     -   24s
     0     0 -2269771.9    0  585 -2042841.9 -2269771.9  11.1%     -   24s
     0     0 -2266145.7    0  546 -2042841.9 -2266145.7  10.9%     -   26s
H    0     0                    -2098476.560 -2266145.7  7.99%     -   27s
     0     0 -2264897.4    0  532 -2098476.6 -2264897.4  7.93%     -   27s
     0     0 -2264796.4    0  548 -2098476.6 -2264796.4  7.93%     -   27s
     0     0 -2263837.1    0  551 -2098476.6 -2263837.1  7.88%     -   29s
     0     0 -2263298.5    0  566 -2098476.6 -2263298.5  7.85%     -   29s
     0     0 -2263237.9    0  579 -2098476.6 -2263237.9  7.85%     -   30s
     0     0 -2262997.7    0  592 -2098476.6 -2262997.7  7.84%     -   30s
     0     0 -2262749.8    0  581 -2098476.6 -2262749.8  7.83%     -   31s
     0     0 -2262742.2    0  591 -2098476.6 -2262742.2  7.83%     -   31s
     0     0 -2262563.2    0  595 -2098476.6 -2262563.2  7.82%     -   32s
     0     0 -2262541.3    0  602 -2098476.6 -2262541.3  7.82%     -   32s
     0     0 -2262482.1    0  608 -2098476.6 -2262482.1  7.82%     -   33s
     0     0 -2262482.1    0  494 -2098476.6 -2262482.1  7.82%     -   34s
H    0     0                    -2126028.990 -2262482.1  6.42%     -   36s
     0     2 -2262482.1    0  489 -2126029.0 -2262482.1  6.42%     -   39s
     3     8 -2262319.2    2  554 -2126029.0 -2262371.3  6.41%   999   40s
H   31    40                    -2126054.067 -2262237.3  6.41%   166   44s
H   33    40                    -2126251.593 -2262237.3  6.40%   157   44s
    47    56 -2261484.6    7  553 -2126251.6 -2262237.3  6.40%   114   45s
   103   118 -2261169.8   12  531 -2126251.6 -2262113.3  6.39%  57.3   50s
H  104   118                    -2126624.830 -2262113.3  6.37%  56.7   50s
H  114   118                    -2127759.881 -2262113.3  6.31%  52.7   50s
H  117   126                    -2178780.043 -2262113.3  3.82%  51.5   55s
H  142   158                    -2178857.829 -2262113.3  3.82%  43.7   59s
H  144   158                    -2179920.580 -2262113.3  3.77%  43.2   59s
H  146   158                    -2180614.514 -2262113.3  3.74%  42.7   59s
   157   178 -2260818.7   17  511 -2180614.5 -2262113.3  3.74%  40.2   61s
   234   252 -2260646.6   24  488 -2180614.5 -2262113.3  3.74%  29.1   65s
   318   343 -2260166.6   29  469 -2180614.5 -2262113.3  3.74%  22.8   70s
H  366   375                    -2183471.400 -2262113.3  3.60%  20.5   78s
   405   436 -2259498.2   38  445 -2183471.4 -2262113.3  3.60%  18.9   81s
   463   495 -2259415.7   44  421 -2183471.4 -2262113.3  3.60%  17.1   85s
   552   581 -2259326.1   52  403 -2183471.4 -2262113.3  3.60%  15.0   90s
   682   753 -2258985.8   66  367 -2183471.4 -2262113.3  3.60%  13.0   95s
H  852   861                    -2183490.758 -2262113.3  3.60%  11.3  102s
H  854   861                    -2183492.915 -2262113.3  3.60%  11.3  102s
H  856   861                    -2183582.897 -2262113.3  3.60%  11.3  102s
H  859   861                    -2183679.252 -2262113.3  3.59%  11.2  102s
   958  1089 -2258169.7   98  330 -2183679.3 -2262113.3  3.59%  10.4  105s
  1322  1422 -2257507.2  135  290 -2183679.3 -2262113.3  3.59%   8.4  110s
  1656  1756 -2257228.1  153  290 -2183679.3 -2262113.3  3.59%   7.1  116s
H 1899  1942                    -2183687.116 -2262113.3  3.59%   6.4  121s
H 1902  1942                    -2183913.525 -2262113.3  3.58%   6.4  121s
H 1906  1942                    -2185992.815 -2262113.3  3.48%   6.4  121s
H 1912  1942                    -2186874.836 -2262113.3  3.44%   6.4  121s
H 1975  2095                    -2187929.260 -2262113.3  3.39%   6.3  124s
  2096  2247 -2256734.7  205  289 -2187929.3 -2262113.3  3.39%   6.0  126s
  2362  2466 -2255283.2  246  285 -2187929.3 -2262113.3  3.39%   5.6  131s
  2588  2725 -2253513.2  265  288 -2187929.3 -2262113.3  3.39%   5.3  137s
  2726  2864 -2253074.3  275  286 -2187929.3 -2262113.3  3.39%   5.1  140s
H 3010  3042                    -2192171.606 -2262113.3  3.19%   4.8  147s
H 3024  3042                    -2192657.073 -2262113.3  3.17%   4.8  147s
  3043  3175 -2251905.1  309  283 -2192657.1 -2262113.3  3.17%   4.8  150s
H 3293  3300                    -2195952.300 -2262113.3  3.01%   4.5  162s
  3301  3421 -2249742.1  338  279 -2195952.3 -2262113.3  3.01%   4.5  165s
  3593  3783 -2248887.0  372  280 -2195952.3 -2262113.3  3.01%   4.3  173s
H 3784  3888                    -2195957.733 -2262113.3  3.01%   4.2  176s
H 3798  3888                    -2195970.687 -2262113.3  3.01%   4.2  176s
H 3854  3888                    -2196472.395 -2262113.3  2.99%   4.2  176s
H 3875  3888                    -2196619.029 -2262113.3  2.98%   4.2  176s
  3889  4098 -2245966.7  432  266 -2196619.0 -2262113.3  2.98%   4.2  180s

Cutting planes:
  Learned: 1
  Gomory: 83
  Lift-and-project: 4
  Cover: 217
  Implied bound: 52
  MIR: 827
  Flow cover: 468
  Network: 3
  RLT: 39
  Relax-and-lift: 75

Explored 4099 nodes (90848 simplex iterations) in 180.32 seconds (99.84 work units)
Thread count was 16 (of 16 available processors)

Solution count 10: -2.19662e+06 -2.19647e+06 -2.19597e+06 ... -2.18391e+06

Time limit reached
Best objective -2.196619028956e+06, best bound -2.262113313030e+06, gap 2.9816%

