Solver command line: ['C:\\gurobi1002\\win64\\bin\\gurobi.bat']

Set parameter Username
Academic license - for non-commercial use only - expires 2024-08-20
Read LP format model from file C:\Users\mhafeman\AppData\Local\Temp\tmpuztr87ze.pyomo.lp
Reading time = 4.77 seconds
obj: 983809 rows, 931103 columns, 2389234 nonzeros
Set parameter TimeLimit to value 3600
Set parameter MIPGap to value 0.01
Gurobi Optimizer version 10.0.2 build v10.0.2rc0 (win64)

CPU model: AMD Ryzen 7 3800X 8-Core Processor, instruction set [SSE2|AVX|AVX2]
Thread count: 8 physical cores, 16 logical processors, using up to 16 threads

Optimize a model with 983809 rows, 931103 columns and 2389234 nonzeros
Model fingerprint: 0x31d4c3bd
Model has 26351 quadratic constraints
Variable types: 790560 continuous, 140543 integer (122976 binary)
Coefficient statistics:
  Matrix range     [1e-04, 3e+02]
  QMatrix range    [5e-01, 3e+00]
  QLMatrix range   [3e-04, 1e+00]
  Objective range  [1e-02, 4e+02]
  Bounds range     [1e+00, 3e+00]
  RHS range        [1e-03, 1e+04]
Presolve removed 939890 rows and 843265 columns (presolve time = 9s) ...
Presolve removed 895972 rows and 834482 columns
Presolve time: 8.72s
Presolved: 122973 rows, 105405 columns, 325002 nonzeros
Variable types: 70270 continuous, 35135 integer (35135 binary)
Deterministic concurrent LP optimizer: primal and dual simplex
Showing first log only...


Root simplex log...

Iteration    Objective       Primal Inf.    Dual Inf.      Time
       0    2.5130517e+07   2.538857e+06   3.584479e+13     10s
   40593    3.2839819e+06   0.000000e+00   4.038372e+07     10s
   49142   -2.2874513e+06   0.000000e+00   0.000000e+00     10s
Concurrent spin time: 12.20s

Solved with primal simplex

Use crossover to convert LP symmetric solution to basic solution...

Root crossover log...

      36 DPushes remaining with DInf 0.0000000e+00                22s
       0 DPushes remaining with DInf 0.0000000e+00                22s

    1318 PPushes remaining with PInf 0.0000000e+00                23s
       0 PPushes remaining with PInf 0.0000000e+00                23s

  Push phase complete: Pinf 0.0000000e+00, Dinf 4.3928988e-10     23s


Root simplex log...

Iteration    Objective       Primal Inf.    Dual Inf.      Time
   50499   -2.2874513e+06   0.000000e+00   0.000000e+00     23s
   50499   -2.2874513e+06   0.000000e+00   0.000000e+00     23s

Root relaxation: objective -2.287451e+06, 50499 iterations, 13.41 seconds (1.78 work units)

    Nodes    |    Current Node    |     Objective Bounds      |     Work
 Expl Unexpl |  Obj  Depth IntInf | Incumbent    BestBd   Gap | It/Node Time

     0     0 -2287451.3    0  388          - -2287451.3      -     -   24s
     0     0 -2282928.8    0  670          - -2282928.8      -     -   25s
H    0     0                    -1974621.313 -2282928.8  15.6%     -   25s
     0     0 -2281105.0    0  710 -1974621.3 -2281105.0  15.5%     -   26s
     0     0 -2281105.0    0  710 -1974621.3 -2281105.0  15.5%     -   26s
     0     0 -2273065.9    0  604 -1974621.3 -2273065.9  15.1%     -   27s
H    0     0                    -2042841.877 -2273065.9  11.3%     -   28s
     0     0 -2269897.3    0  575 -2042841.9 -2269897.3  11.1%     -   28s
     0     0 -2269771.9    0  585 -2042841.9 -2269771.9  11.1%     -   28s
     0     0 -2266145.7    0  546 -2042841.9 -2266145.7  10.9%     -   30s
H    0     0                    -2098476.560 -2266145.7  7.99%     -   31s
     0     0 -2264897.4    0  532 -2098476.6 -2264897.4  7.93%     -   31s
     0     0 -2264796.4    0  548 -2098476.6 -2264796.4  7.93%     -   31s
     0     0 -2263837.1    0  551 -2098476.6 -2263837.1  7.88%     -   33s
     0     0 -2263298.5    0  566 -2098476.6 -2263298.5  7.85%     -   34s
     0     0 -2263237.9    0  579 -2098476.6 -2263237.9  7.85%     -   34s
     0     0 -2262997.7    0  592 -2098476.6 -2262997.7  7.84%     -   34s
     0     0 -2262749.8    0  581 -2098476.6 -2262749.8  7.83%     -   35s
     0     0 -2262742.2    0  591 -2098476.6 -2262742.2  7.83%     -   35s
     0     0 -2262563.2    0  595 -2098476.6 -2262563.2  7.82%     -   36s
     0     0 -2262541.3    0  602 -2098476.6 -2262541.3  7.82%     -   36s
     0     0 -2262482.1    0  608 -2098476.6 -2262482.1  7.82%     -   37s
     0     0 -2262482.1    0  494 -2098476.6 -2262482.1  7.82%     -   38s
H    0     0                    -2126028.990 -2262482.1  6.42%     -   40s
     0     2 -2262482.1    0  489 -2126029.0 -2262482.1  6.42%     -   43s
     7    16 -2261624.4    3  564 -2126029.0 -2262305.5  6.41%   517   45s
H   31    40                    -2126054.067 -2262237.3  6.41%   166   47s
H   33    40                    -2126251.593 -2262237.3  6.40%   157   47s
    71    80 -2261224.1    9  543 -2126251.6 -2262159.6  6.39%  79.1   50s
H  104   118                    -2126624.830 -2262113.3  6.37%  56.7   54s
H  114   118                    -2127759.881 -2262113.3  6.31%  52.7   54s
H  117   126                    -2178780.043 -2262113.3  3.82%  51.5   59s
   125   142 -2261034.5   14  519 -2178780.0 -2262113.3  3.82%  48.5   60s
H  142   158                    -2178857.829 -2262113.3  3.82%  43.7   63s
H  144   158                    -2179920.580 -2262113.3  3.77%  43.2   63s
H  146   158                    -2180614.514 -2262113.3  3.74%  42.7   63s
   177   195 -2260753.1   19  499 -2180614.5 -2262113.3  3.74%  36.5   65s
   272   294 -2260283.3   26  477 -2180614.5 -2262113.3  3.74%  25.9   70s
H  366   375                    -2183471.400 -2262113.3  3.60%  20.5   81s
   435   464 -2259483.9   42  428 -2183471.4 -2262113.3  3.60%  17.9   85s
   522   553 -2259334.9   48  409 -2183471.4 -2262113.3  3.60%  15.6   90s
   617   683 -2259306.1   58  398 -2183471.4 -2262113.3  3.60%  13.9   96s
H  852   861                    -2183490.758 -2262113.3  3.60%  11.3  103s
H  854   861                    -2183492.915 -2262113.3  3.60%  11.3  103s
H  856   861                    -2183582.897 -2262113.3  3.60%  11.3  103s
H  859   861                    -2183679.252 -2262113.3  3.59%  11.2  103s
   860   959 -2258371.2   85  344 -2183679.3 -2262113.3  3.59%  11.2  105s
  1202  1323 -2257786.0  125  300 -2183679.3 -2262113.3  3.59%   8.9  110s
  1531  1657 -2257467.7  145  290 -2183679.3 -2262113.3  3.59%   7.6  115s
H 1899  1942                    -2183687.116 -2262113.3  3.59%   6.4  121s
H 1902  1942                    -2183913.525 -2262113.3  3.58%   6.4  121s
H 1906  1942                    -2185992.815 -2262113.3  3.48%   6.4  121s
H 1912  1942                    -2186874.836 -2262113.3  3.44%   6.4  121s
H 1975  2095                    -2187929.260 -2262113.3  3.39%   6.3  124s
  2096  2247 -2256734.7  205  289 -2187929.3 -2262113.3  3.39%   6.0  126s
  2362  2466 -2255283.2  246  285 -2187929.3 -2262113.3  3.39%   5.6  131s
  2588  2725 -2253513.2  265  288 -2187929.3 -2262113.3  3.39%   5.3  136s
  2865  3009 -2252274.3  292  281 -2187929.3 -2262113.3  3.39%   4.9  142s
H 3010  3042                    -2192171.606 -2262113.3  3.19%   4.8  146s
H 3024  3042                    -2192657.073 -2262113.3  3.17%   4.8  146s
  3176  3292 -2249910.0  323  282 -2192657.1 -2262113.3  3.17%   4.6  152s
H 3293  3300                    -2195952.300 -2262113.3  3.01%   4.5  160s
  3422  3592 -2249529.0  351  281 -2195952.3 -2262113.3  3.01%   4.4  167s
  3593  3783 -2248887.0  372  280 -2195952.3 -2262113.3  3.01%   4.3  170s
H 3784  3888                    -2195957.733 -2262113.3  3.01%   4.2  174s
H 3798  3888                    -2195970.687 -2262113.3  3.01%   4.2  174s
H 3854  3888                    -2196472.395 -2262113.3  2.99%   4.2  174s
H 3875  3888                    -2196619.029 -2262113.3  2.98%   4.2  174s
  3889  4136 -2245966.7  432  266 -2196619.0 -2262113.3  2.98%   4.2  178s
H 3978  4136                    -2196750.574 -2262113.3  2.98%   4.1  178s
  4137  4347 -2245450.5  469  264 -2196750.6 -2262113.3  2.98%   4.0  182s
  4348  4579 -2245324.1  488  263 -2196750.6 -2262113.3  2.98%   4.0  185s
  4580  4779 -2244900.7  516  252 -2196750.6 -2262113.3  2.98%   3.9  190s
H 4735  4779                    -2197114.225 -2262113.3  2.96%   3.8  190s
  4780  5094 -2244724.9  550  239 -2197114.2 -2262113.3  2.96%   3.8  195s
  5356  5626 -2244487.6  618  232 -2197114.2 -2262113.3  2.96%   3.7  204s
  5628  5752 -2243313.7  682  238 -2197114.2 -2262113.3  2.96%   3.6  209s
H 5686  5752                    -2197121.015 -2262113.3  2.96%   3.6  209s
  5754  5981 -2243091.6  690  234 -2197121.0 -2262113.3  2.96%   3.6  215s
H 5986  6030                    -2197374.033 -2262113.3  2.95%   3.5  226s
H 5988  6028                    -2198110.443 -2262113.3  2.91%   3.5  226s
H 5998  6023                    -2198468.958 -2262113.3  2.89%   3.5  226s
  6037  6279 -2241349.3  728  229 -2198469.0 -2262113.3  2.89%   3.5  231s
  6305  6409 -2240098.6  782  228 -2198469.0 -2262113.3  2.89%   3.5  238s
H 6390  6404                    -2198570.855 -2262113.3  2.89%   3.5  238s
H 6416  6403                    -2198852.146 -2262113.3  2.88%   3.5  238s
  6440  6727 -2239992.0  797  228 -2198852.1 -2262113.3  2.88%   3.5  243s
  6775  7003 -2237755.8  861  228 -2198852.1 -2262113.3  2.88%   3.5  249s
  7051  7417 -2237081.5  928  225 -2198852.1 -2262113.3  2.88%   3.5  255s
H 7467  7048                    -2198867.443 -2262113.3  2.88%   3.4  262s
  7469  7049 -2245426.8  664  497 -2198867.4 -2262113.3  2.88%   3.4  268s
  7472  7051 -2248619.9  477  531 -2198867.4 -2262113.3  2.88%   3.4  270s
H 7472  6698                    -2198881.402 -2262113.3  2.88%   3.4  270s
H 7475  6365                    -2198893.463 -2262113.3  2.88%   3.4  276s
H 7476  6047                    -2198924.861 -2259146.9  2.74%   3.4  279s
  7478  6048 -2255623.7  246  586 -2198924.9 -2257154.5  2.65%   3.4  280s
H 7486  5750                    -2198960.114 -2256799.4  2.63%   3.4  284s
H 7487  5463                    -2199017.772 -2256799.4  2.63%   3.4  288s
H 7487  5190                    -2199075.513 -2256799.4  2.62%   3.4  288s
H 7487  4930                    -2199083.819 -2256799.4  2.62%   3.4  288s
  7488  4931 -2237941.6  199  535 -2199083.8 -2255664.3  2.57%   3.4  291s
H 7488  4684                    -2199115.738 -2255664.3  2.57%   3.4  291s
  7496  4689 -2254667.2  111  650 -2199115.7 -2254667.2  2.53%   3.4  296s
H 7496  4454                    -2199302.772 -2254667.2  2.52%   3.4  299s
H 7496  4231                    -2199489.903 -2254667.2  2.51%   3.4  299s
H 7496  4019                    -2199517.957 -2254340.0  2.49%   3.4  302s
H 7502  3821                    -2199546.979 -2254225.3  2.49%   3.4  304s
  7503  3822 -2245270.0  679  683 -2199547.0 -2254224.7  2.49%   3.4  306s
  7504  3822 -2246929.7  530  614 -2199547.0 -2254008.5  2.48%   3.4  310s
H 7512  3636                    -2199675.114 -2253887.0  2.46%   3.4  318s
H 7512  3453                    -2199687.901 -2253744.6  2.46%   3.4  322s
  7520  3458 -2250396.9  285  667 -2199687.9 -2253667.4  2.45%   3.4  326s
  7521  3459 -2242746.3  735  584 -2199687.9 -2253560.3  2.45%   3.4  331s
H 7527  3289                    -2199748.389 -2253524.6  2.44%   3.4  334s
  7528  3289 -2253524.6  100  680 -2199748.4 -2253524.6  2.44%   3.4  335s
H 7528  3123                    -2199914.423 -2253524.6  2.44%   3.4  338s
H 7528  2966                    -2199915.047 -2253395.7  2.43%   3.4  342s
  7534  2970 -2253363.8   67  655 -2199915.0 -2253363.8  2.43%   3.4  346s
  7535  2971 -2242418.6  692  577 -2199915.0 -2253301.1  2.43%   3.4  350s
H 7541  2825                    -2199916.296 -2253206.7  2.42%   3.4  359s
  7544  2827 -2243499.4  577  642 -2199916.3 -2253185.4  2.42%   3.4  360s
  7548  2830 -2240854.6  642  609 -2199916.3 -2253153.0  2.42%   3.4  368s
  7552  2832 -2242264.1  563  678 -2199916.3 -2253123.9  2.42%   3.4  371s
H 7552  2689                    -2200011.804 -2253123.9  2.41%   3.4  374s
  7553  2690 -2241767.1  661  612 -2200011.8 -2252970.0  2.41%   3.4  377s
H 7553  2554                    -2200040.845 -2252970.0  2.41%   3.4  377s
  7561  2559 -2252924.5  293  670 -2200040.8 -2252924.5  2.40%   3.4  382s
H 7561  2430                    -2200050.732 -2252924.5  2.40%   3.4  385s
H 7562  2307                    -2200052.517 -2252703.8  2.39%   3.4  389s
  7563  2308 -2248426.3  450  666 -2200052.5 -2252646.6  2.39%   3.4  390s
  7567  2310 -2252474.7   85  622 -2200052.5 -2252474.7  2.38%   3.4  399s
  7571  2313 -2245497.3  658  674 -2200052.5 -2252301.4  2.37%   3.4  400s
  7573  2314 -2250002.0  477  619 -2200052.5 -2252041.5  2.36%   3.4  406s
H 7576  2199                    -2200105.917 -2251938.5  2.36%   3.4  414s
  7579  2201 -2249593.9  386  667 -2200105.9 -2251915.0  2.35%   3.4  415s
  7584  2205 -2251849.1  250  613 -2200105.9 -2251849.1  2.35%   3.4  421s
H 7584  2093                    -2200174.027 -2251849.1  2.35%   3.4  422s
  7589  2096 -2251759.6  167  619 -2200174.0 -2251759.6  2.34%   3.3  427s
  7594  2099 -2251709.7  120  616 -2200174.0 -2251709.7  2.34%   3.3  432s
  7601  2104 -2242010.3  552  671 -2200174.0 -2251679.9  2.34%   3.3  435s
  7605  2107 -2239447.6  872  611 -2200174.0 -2251645.5  2.34%   3.3  442s
H 7606  1999                    -2200193.876 -2251640.8  2.34%   3.3  447s
  7609  2001 -2244404.2  629  668 -2200193.9 -2251636.8  2.34%   3.3  450s
H 7614  1905                    -2200200.130 -2251635.2  2.34%  12.4  458s
  7616  1906 -2251635.2   30  518 -2200200.1 -2251635.2  2.34%  12.4  462s
  7622  1910 -2239664.6  849  608 -2200200.1 -2251598.5  2.34%  12.4  465s
H 7623  1815                    -2200207.307 -2251596.3  2.34%  12.4  468s
  7625  1816 -2241111.7  716  580 -2200207.3 -2251535.8  2.33%  12.4  475s
  7628  1818 -2251519.0  100  619 -2200207.3 -2251519.0  2.33%  12.4  480s
  7630  1819 -2251432.2  224  631 -2200207.3 -2251432.2  2.33%  12.4  485s
  7634  1822 -2251394.2   67  590 -2200207.3 -2251394.2  2.33%  12.4  492s
H 7637  1733                    -2200229.004 -2251373.1  2.32%  12.4  495s
  7640  1735 -2245642.5  438  627 -2200229.0 -2251332.4  2.32%  12.4  501s
H 7642  1649                    -2200231.679 -2251318.9  2.32%  12.4  506s
H 7642  1566                    -2200233.199 -2251318.9  2.32%  12.4  506s
  7647  1570 -2251225.2  290  655 -2200233.2 -2251225.2  2.32%  12.4  511s
  7650  1572 -2248681.5  403  647 -2200233.2 -2251203.3  2.32%  12.4  515s
  7655  1575 -2237128.3  862  669 -2200233.2 -2251168.4  2.31%  12.4  520s
  7657  1576 -2251162.2   53  655 -2200233.2 -2251162.2  2.31%  12.4  525s
H 7657  1496                    -2200300.239 -2251162.2  2.31%  12.4  527s
H 7657  1420                    -2200307.258 -2251159.8  2.31%  12.4  529s
  7660  1422 -2246428.8  353  662 -2200307.3 -2251144.7  2.31%  12.3  530s
H 7662  1352                    -2200404.666 -2251139.5  2.31%  12.3  534s
  7663  1352 -2248426.3  450  647 -2200404.7 -2251139.5  2.31%  12.3  535s
H 7663  1284                    -2200414.466 -2251139.5  2.31%  12.3  537s
H 7664  1220                    -2200419.931 -2251138.3  2.30%  12.3  540s
  7667  1222 -2251130.4   85  655 -2200419.9 -2251130.4  2.30%  12.3  546s
H 7667  1160                    -2200424.946 -2251127.3  2.30%  12.3  549s
  7669  1161 -2245426.8  664  644 -2200424.9 -2251127.2  2.30%  12.3  550s
H 7669  1102                    -2200632.521 -2251127.2  2.29%  12.3  553s
  7670  1103 -2251126.3  324  609 -2200632.5 -2251126.3  2.29%  12.3  557s
  7671  1104 -2245497.3  658  602 -2200632.5 -2251126.3  2.29%  12.3  562s
H 7671  1048                    -2200636.270 -2251126.3  2.29%  12.3  563s
  7672  1048 -2248619.9  477  602 -2200636.3 -2251126.3  2.29%  12.3  576s
  7695  1073 -2250075.5   28  622 -2200636.3 -2250740.2  2.28%  18.7  580s
H 7746  1050                    -2200636.272 -2250734.2  2.28%  18.7  583s
  7771  1085 -2249981.3   33  610 -2200636.3 -2250734.2  2.28%  18.7  585s
H 7805  1035                    -2200637.520 -2250734.2  2.28%  18.6  587s
  7848  1070 -2249860.5   38  585 -2200637.5 -2250734.2  2.28%  18.6  606s
  7916  1157 -2248972.0   42  569 -2200637.5 -2250734.2  2.28%  18.6  611s
  7999  1208 -2249731.5   47  541 -2200637.5 -2250734.2  2.28%  18.5  615s
  8142  1292 -2249644.8   55  501 -2200637.5 -2250734.2  2.28%  18.4  620s
  8277  1399 -2249593.2   63  490 -2200637.5 -2250734.2  2.28%  18.2  627s
  8368  1469 -2249454.8   68  453 -2200637.5 -2250734.2  2.28%  18.2  631s
  8477  1557 -2249202.0   74  445 -2200637.5 -2250734.2  2.28%  18.1  636s
  8612  1656 -2248129.0   82  433 -2200637.5 -2250734.2  2.28%  18.0  642s
  8705  1747 -2249042.9   88  423 -2200637.5 -2250734.2  2.28%  17.9  646s
H 8876  1749                    -2200640.629 -2250734.2  2.28%  17.7  649s
  8929  1847 -2248469.1  101  404 -2200640.6 -2250734.2  2.28%  17.6  652s
  9045  1981 -2248304.4  107  397 -2200640.6 -2250734.2  2.28%  17.5  655s
  9370  2167 -2247795.6  125  391 -2200640.6 -2250734.2  2.28%  17.0  660s
  9676  2370 -2247747.6  140  362 -2200640.6 -2250734.2  2.28%  16.7  667s
  9819  2512 -2247705.5  148  342 -2200640.6 -2250734.2  2.28%  16.6  670s
 10165  2723 -2247559.7  169  309 -2200640.6 -2250734.2  2.28%  16.2  677s
 10336  2846 -2247442.9  178  299 -2200640.6 -2250734.2  2.28%  16.0  680s
 10743  3270 -2246853.1  200  283 -2200640.6 -2250734.2  2.28%  15.6  687s
 10957  3487 -2246834.2  212  269 -2200640.6 -2250734.2  2.28%  15.4  691s
 11174  3720 -2246810.1  228  261 -2200640.6 -2250734.2  2.28%  15.2  695s
 11662  4185 -2246736.3  256  254 -2200640.6 -2250734.2  2.28%  14.7  703s
 11893  4420 -2246671.8  270  252 -2200640.6 -2250734.2  2.28%  14.5  707s
 12129  4636 -2246496.3  288  249 -2200640.6 -2250734.2  2.28%  14.3  711s
 12345  4947 -2246500.7  305  247 -2200640.6 -2250734.2  2.28%  14.1  716s
 12656  5211 -2246489.1  327  234 -2200640.6 -2250734.2  2.28%  13.9  721s
 12920  5512 -2246183.8  346  230 -2200640.6 -2250734.2  2.28%  13.7  726s
 13221  5800 -2246123.6  367  221 -2200640.6 -2250734.2  2.28%  13.5  731s
 13509  6125 -2245855.4  386  216 -2200640.6 -2250734.2  2.28%  13.3  737s
 13834  6412 -2245840.4  404  217 -2200640.6 -2250734.2  2.28%  13.2  742s
 14121  6724 -2245328.4  422  217 -2200640.6 -2250734.2  2.28%  13.1  748s
 14433  7024 -2245197.8  444  211 -2200640.6 -2250734.2  2.28%  13.0  754s
 14733  7407 -2242774.0  462  214 -2200640.6 -2250734.2  2.28%  12.9  761s
 15118  7728 -2244525.9  485  210 -2200640.6 -2250734.2  2.28%  12.7  770s
 15439  8190 -2242613.4  501  209 -2200640.6 -2250734.2  2.28%  12.6  779s
 15903  8612 -2243257.0  529  207 -2200640.6 -2250734.2  2.28%  12.4  786s
 16325  9063 -2241806.4  553  205 -2200640.6 -2250734.2  2.28%  12.2  793s
 16776  9453 -2240978.4  579  204 -2200640.6 -2250734.2  2.28%  12.0  800s
 17166  9947 -2240620.9  601  203 -2200640.6 -2250734.2  2.28%  11.8  807s
 17662 10269 -2240548.8  631  203 -2200640.6 -2250734.2  2.28%  11.7  819s
 17985 10814 -2240499.0  652  202 -2200640.6 -2250734.2  2.28%  11.6  827s
H18530 11285                    -2200650.441 -2250734.2  2.28%  11.4  836s
 19001 11782 -2239516.5  723  202 -2200650.4 -2250734.2  2.28%  11.2  845s
H19363 11782                    -2200656.383 -2250734.2  2.28%  11.1  845s
H19498 12252                    -2200695.546 -2250734.2  2.27%  11.1  858s
H19611 12252                    -2200779.808 -2250734.2  2.27%  11.0  858s
 19968 12752 -2239177.0  786  200 -2200779.8 -2250734.2  2.27%  10.9  871s
 20468 13166 -2238335.1  821  194 -2200779.8 -2250734.2  2.27%  10.7  894s
H20515 13166                    -2200794.915 -2250734.2  2.27%  10.7  894s
H20562 13166                    -2200813.533 -2250734.2  2.27%  10.7  894s
H20610 13166                    -2202321.077 -2250734.2  2.20%  10.7  894s
 20884 13867 -2236619.7  844  191 -2202321.1 -2250734.2  2.20%  10.6  905s
 21589 14662 -2235349.9  883  189 -2202321.1 -2250734.2  2.20%  10.5  915s
H22391 14928                    -2202341.199 -2250734.2  2.20%  10.4  961s
H22438 14923                    -2202716.395 -2250734.2  2.18%  10.4  961s
 22663 15603 -2234835.0  951  184 -2202716.4 -2250734.2  2.18%  10.3  972s
 23477 16377 -2234811.7  996  185 -2202716.4 -2250734.2  2.18%  10.1  986s
H24048 16317                    -2203454.675 -2250734.2  2.15%  10.2  987s
 24253 17437 -2229019.8 1038  184 -2203454.7 -2250734.2  2.15%  10.2  999s
 25373 18602 -2233441.9 1092  180 -2203454.7 -2250734.2  2.15%   9.9 1012s
H25495 18602                    -2203483.571 -2250734.2  2.14%   9.9 1012s
H26564 19285                    -2203506.758 -2250734.2  2.14%   9.7 1036s
H26646 19284                    -2203548.250 -2250734.2  2.14%   9.7 1036s
H26954 19284                    -2203611.017 -2250734.2  2.14%   9.7 1036s
 27321 20326 -2233083.5 1194  177 -2203611.0 -2250734.2  2.14%   9.6 1049s
 28369 21297 -2232763.4 1253  173 -2203611.0 -2250734.2  2.14%   9.9 1066s
H28675 21297                    -2203640.708 -2250734.2  2.14%  10.1 1066s
 29342 22371 -2232543.8 1314  166 -2203640.7 -2250734.2  2.14%  10.0 1079s
 30417 22372 -2233453.2 1156  494 -2203640.7 -2250734.2  2.14%  10.1 1432s
 30419 22373 -2247457.0  300  398 -2203640.7 -2250734.2  2.14%  10.1 1439s
 30420 22374 -2216533.1  882  508 -2203640.7 -2250734.2  2.14%  10.1 1445s
 30428 22379 -2242606.2  594  657 -2203640.7 -2250454.0  2.12%  10.1 1450s
 30432 22382 -2235285.4 1196  703 -2203640.7 -2250410.7  2.12%  10.1 1457s
 30433 22383 -2234861.5  943  630 -2203640.7 -2250148.2  2.11%  10.1 1477s
 30437 22385 -2232954.2 1475  680 -2203640.7 -2250048.7  2.11%  10.1 1487s
 30438 22386 -2214257.1 1708  642 -2203640.7 -2249977.2  2.10%  10.1 1505s
H30438 21266                    -2203644.803 -2249977.2  2.10%  10.1 1508s
H30438 20202                    -2203646.707 -2249977.2  2.10%  10.1 1508s
 30441 20204 -2241522.9  517  712 -2203646.7 -2249929.4  2.10%  10.1 1517s
H30441 19194                    -2203658.062 -2249929.4  2.10%  10.1 1527s
H30441 18233                    -2203661.628 -2249929.4  2.10%  10.1 1527s
 30442 18234 -2225994.0 1395  632 -2203661.6 -2249878.4  2.10%  10.1 1535s
 30447 18237 -2242774.0  464  718 -2203661.6 -2249835.4  2.10%  10.1 1546s
 30448 18238 -2233648.5 1045  648 -2203661.6 -2249775.8  2.09%  10.1 1557s
H30451 17328                    -2203712.309 -2249676.3  2.09%  10.1 1566s
 30453 17329 -2232017.4 1025  692 -2203712.3 -2249660.6  2.09%  10.1 1586s
 30456 17331 -2227811.5  436  764 -2203712.3 -2249649.6  2.08%  10.1 1597s
 30457 17332 -2205677.6 1528  681 -2203712.3 -2249628.7  2.08%  10.1 1607s
 30461 17334 -2230584.0 1246  743 -2203712.3 -2249614.9  2.08%  10.1 1617s
H30461 16466                    -2203716.855 -2249614.9  2.08%  10.1 1626s
 30462 16467 -2248621.2   97  698 -2203716.9 -2249588.4  2.08%  10.1 1635s
H30462 15643                    -2203725.496 -2249588.4  2.08%  10.1 1637s
 30466 15646 -2239277.3  145  783 -2203725.5 -2249568.1  2.08%  10.1 1647s
 30467 15646 -2237765.0  693  716 -2203725.5 -2249552.1  2.08%  10.1 1658s
H30470 14865                    -2203731.932 -2249524.3  2.08%  10.1 1659s
 30471 14866 -2241025.0  756  788 -2203731.9 -2249522.1  2.08%  10.1 1660s
 30473 14867 -2249068.2  114  785 -2203731.9 -2249517.7  2.08%  10.1 1671s
 30474 14868 -2214682.9  849  724 -2203731.9 -2249507.5  2.08%  10.1 1683s
 30476 14869 -2209082.2 1341  768 -2203731.9 -2249501.4  2.08%  10.1 1694s
 30477 14870 -2230430.7  952  731 -2203731.9 -2249441.7  2.07%  10.1 1706s
 30479 14871 -2230029.0 1658  774 -2203731.9 -2249438.2  2.07%  10.1 1717s
 30480 14872 -2232693.5 1474  742 -2203731.9 -2249394.6  2.07%  10.1 1730s
 30482 14873 -2249373.6  100  779 -2203731.9 -2249386.7  2.07%  10.1 1744s
H30482 14128                    -2203783.471 -2249386.7  2.07%  10.1 1757s
 30483 14129 -2243207.2  268  730 -2203783.5 -2249356.5  2.07%  10.1 1769s
H30483 13422                    -2203810.539 -2249356.5  2.07%  10.1 1769s
 30484 13423 -2245172.3  423  766 -2203810.5 -2249352.2  2.07%  10.1 1771s
 30486 13424 -2214501.9 1598  798 -2203810.5 -2249349.1  2.07%  10.1 1781s
H30486 12751                    -2203810.542 -2249349.1  2.07%  10.1 1792s
H30486 12112                    -2203815.555 -2249341.9  2.07%  10.1 1805s
H30489 11508                    -2203819.463 -2249329.0  2.07%  10.1 1818s
 30491 11509 -2241645.7  663  727 -2203819.5 -2249310.4  2.06%  10.1 1853s
 30492 11510 -2236847.2  908  771 -2203819.5 -2249308.0  2.06%  10.1 1858s
 30495 11512 -2237554.7  738  795 -2203819.5 -2249302.5  2.06%  10.1 1874s
H30495 10935                    -2203894.140 -2249302.5  2.06%  10.1 1885s
 30496 10936 -2244440.0  271  716 -2203894.1 -2249260.6  2.06%  10.1 1903s
 30497 10936 -2248085.5  246  783 -2203894.1 -2249244.9  2.06%  10.1 1905s
 30500 10938 -2244400.4  454  802 -2203894.1 -2249227.7  2.06%  10.1 1922s
 30501 10939 -2229855.3  705  758 -2203894.1 -2249208.2  2.06%  10.1 1945s
 30504 10941 -2239273.5  672  802 -2203894.1 -2249173.8  2.05%  10.1 1960s
 30505 10942 -2208686.8 1477  735 -2203894.1 -2249167.8  2.05%  10.1 1975s
 30506 10942 -2247020.5  170  786 -2203894.1 -2249167.4  2.05%  10.1 1989s
 30507 10943 -2243748.3  237  752 -2203894.1 -2249164.0  2.05%  10.1 2010s
 30508 10944 -2216864.4 1433  791 -2203894.1 -2249163.2  2.05%  10.1 2025s
 30509 10944 -2229592.9  636  750 -2203894.1 -2249161.1  2.05%  10.1 2040s
 30510 10945 -2214290.2 1708  789 -2203894.1 -2249160.1  2.05%  10.1 2054s
 30511 10946 -2232604.2 1474  771 -2203894.1 -2249157.9  2.05%  10.1 2066s
H30511 10397                    -2203904.923 -2249156.8  2.05%  10.1 2079s
 30512 10397 -2214461.6  721  798 -2203904.9 -2249156.8  2.05%  10.1 2080s
 30513 10398 -2234807.8 1244  756 -2203904.9 -2249145.5  2.05%  10.1 2112s
H30513  9876                    -2204197.536 -2249145.5  2.04%  10.1 2121s
 30514  9877 -2210404.7 1171  794 -2204197.5 -2249145.4  2.04%  10.1 2132s
 30515  9877 -2232744.2  496  755 -2204197.5 -2249142.6  2.04%  10.1 2144s
 30516  9878 -2247207.7  164  801 -2204197.5 -2249142.0  2.04%  10.1 2161s
 30517  9879 -2233453.2 1156  751 -2204197.5 -2249137.7  2.04%  10.1 2177s
 30519  9880 -2247457.0  300  790 -2204197.5 -2249134.1  2.04%  10.1 2203s
 30520  9881 -2216533.1  882  747 -2204197.5 -2249131.9  2.04%  10.1 2217s
 30521  9881 -2223989.9  938  774 -2204197.5 -2249131.9  2.04%  10.1 2232s
 30522  9882 -2235728.8 1261  749 -2204197.5 -2249130.6  2.04%  10.1 2263s
 30523  9883 -2238504.9  895  790 -2204197.5 -2249129.6  2.04%  10.1 2290s
 30524  9883 -2246164.6  351  757 -2204197.5 -2249128.5  2.04%  10.1 2314s
 30525  9884 -2216684.6 1397  789 -2204197.5 -2249127.7  2.04%  10.1 2330s
H30525  9388                    -2204199.332 -2249127.3  2.04%  10.1 2356s
 30527  9389 -2204777.1 1571  781 -2204199.3 -2249127.2  2.04%  10.1 2368s
 30528  9390 -2242606.2  594  751 -2204199.3 -2249125.1  2.04%  10.1 2396s
 30529  9391 -2235698.4 1086  787 -2204199.3 -2249123.9  2.04%  10.1 2411s
 30530  9391 -2240586.9  620  753 -2204199.3 -2249122.1  2.04%  10.1 2435s
 30531  9392 -2247844.0  103  795 -2204199.3 -2249121.5  2.04%  10.1 2453s
 30532  9393 -2235285.4 1196  764 -2204199.3 -2249120.7  2.04%  10.1 2488s
 30533  9393 -2234861.5  943  794 -2204199.3 -2249119.3  2.04%  10.1 2509s
H30533  8922                    -2204204.408 -2249119.0  2.04%  10.1 2537s
 30535  8924 -2235731.1  147  794 -2204204.4 -2249118.7  2.04%  10.1 2552s
 30536  8924 -2214429.0 1671  773 -2204204.4 -2249118.4  2.04%  10.1 2569s
 30537  8925 -2232954.2 1475  796 -2204204.4 -2249118.2  2.04%  10.1 2597s
H30537  8476                    -2204208.830 -2249113.6  2.04%  10.1 2627s
 30539  8477 -2242129.1  644  799 -2204208.8 -2249112.8  2.04%  10.1 2642s
 30540  8478 -2236198.3  911  757 -2204208.8 -2249112.1  2.04%  10.1 2661s
 30541  8479 -2241522.9  517  793 -2204208.8 -2249112.1  2.04%  10.1 2678s
 30542  8479 -2225994.0 1395  760 -2204208.8 -2249112.0  2.04%  10.1 2716s
 30543  8480 -2240876.9  761  796 -2204208.8 -2249111.8  2.04%  10.1 2734s
 30544  8481 -2248738.8  121  760 -2204208.8 -2249111.4  2.04%  10.1 2750s
 30545  8481 -2243908.7  460  789 -2204208.8 -2249110.6  2.04%  10.1 2766s
H30545  8055                    -2204224.353 -2249110.6  2.04%  10.1 2800s
 30547  8057 -2242774.0  464  796 -2204224.4 -2249110.6  2.04%  10.1 2817s
 30548  8057 -2233648.5 1045  777 -2204224.4 -2249110.6  2.04%  10.1 2835s
 30549  8058 -2223316.7 1832  800 -2204224.4 -2249110.5  2.04%  10.1 2879s
H30549  7653                    -2204273.803 -2249110.4  2.03%  10.1 2939s
 30551  7654 -2225308.7 1551  803 -2204273.8 -2249110.2  2.03%  10.1 2956s
 30552  7655 -2230143.3 1733  761 -2204273.8 -2249109.4  2.03%  10.1 2975s
 30553  7656 -2232017.4 1025  794 -2204273.8 -2249108.2  2.03%  10.1 2995s
H30553  7271                    -2204287.064 -2249108.2  2.03%  10.1 3028s
 30555  7272 -2233893.4  981  794 -2204287.1 -2249108.2  2.03%  10.1 3051s
 30556  7273 -2227811.5  436  770 -2204287.1 -2249107.8  2.03%  10.1 3092s
 30557  7273 -2205677.6 1528  800 -2204287.1 -2249107.8  2.03%  10.1 3128s
 30558  7274 -2233476.2 1083  770 -2204287.1 -2249107.7  2.03%  10.1 3181s
 30559  7275 -2237900.6  416  803 -2204287.1 -2249107.6  2.03%  10.1 3199s
 30560  7275 -2228801.7  711  763 -2204287.1 -2249107.3  2.03%  10.1 3235s
 30561  7276 -2230584.0 1246  799 -2204287.1 -2249107.3  2.03%  10.1 3258s
 30562  7277 -2248621.2   97  776 -2204287.1 -2249107.3  2.03%  10.1 3311s
 30563  7277 -2233584.4 1132  803 -2204287.1 -2249107.3  2.03%  10.1 3332s
 30564  7278 -2216492.6 1441  765 -2204287.1 -2249107.3  2.03%  10.1 3382s
 30565  7279 -2223423.7 1707  795 -2204287.1 -2249107.2  2.03%  10.1 3405s
H30565  6912                    -2204289.699 -2249107.0  2.03%  10.1 3447s
 30567  6913 -2237765.0  693  805 -2204289.7 -2249107.0  2.03%  10.1 3464s
 30568  6914 -2222736.3 1988  761 -2204289.7 -2249106.8  2.03%  10.1 3485s
 30570  6915 -2242307.8  696  763 -2204289.7 -2249106.8  2.03%  10.1 3495s
 30572  6916 -2244697.7  394  779 -2204289.7 -2249106.8  2.03%  10.1 3500s
 30574  6918 -2214682.9  849  767 -2204289.7 -2249106.4  2.03%  10.1 3530s
 30576  6919 -2209082.2 1341  758 -2204289.7 -2249106.4  2.03%  10.1 3537s
 30578  6920 -2249105.5   37  769 -2204289.7 -2249105.5  2.03%  10.1 3555s
 30580  6922 -2232693.5 1474  755 -2204289.7 -2249103.1  2.03%  10.1 3565s
 30581  6922 -2242489.4  639  801 -2204289.7 -2249102.9  2.03%  10.1 3570s
 30582  6923 -2249102.7  100  765 -2204289.7 -2249102.7  2.03%  10.1 3598s

Cutting planes:
  Gomory: 207
  Lift-and-project: 88
  Cover: 153
  Implied bound: 56
  Projected implied bound: 167
  MIR: 1068
  Flow cover: 587
  Zero half: 1
  RLT: 27
  Relax-and-lift: 49

Explored 30582 nodes (489804 simplex iterations) in 3610.70 seconds (1164.23 work units)
Thread count was 16 (of 16 available processors)

Solution count 10: -2.20429e+06 -2.20429e+06 -2.20427e+06 ... -2.20389e+06

Time limit reached
Best objective -2.204289698773e+06, best bound -2.249102680797e+06, gap 2.0330%

