Solver command line: []

Read LP format model from file C:\Users\wlhlm\AppData\Local\Temp\tmp96ftssjk.pyomo.lp
Reading time = 2.52 seconds
objective: 996960 rows, 878399 columns, 2253054 nonzeros
Set parameter MIPGap to value 0.03
Gurobi Optimizer version 12.0.1 build v12.0.1rc0 (win64 - Windows 11.0 (26100.2))

CPU model: Intel(R) Core(TM) Ultra 7 258V, instruction set [SSE2|AVX|AVX2]
Thread count: 8 physical cores, 8 logical processors, using up to 8 threads

Non-default parameters:
MIPGap  0.03

Optimize a model with 996960 rows, 878399 columns and 2253054 nonzeros
Model fingerprint: 0x71d6d1a1
Model has 8783 quadratic constraints
Variable types: 755424 continuous, 122975 integer (105408 binary)
Coefficient statistics:
  Matrix range     [7e-03, 2e+02]
  QMatrix range    [1e+00, 1e+00]
  Objective range  [1e-02, 1e+03]
  Bounds range     [1e+00, 3e+00]
  RHS range        [8e-05, 1e+04]
Presolve removed 788421 rows and 654276 columns
Presolve time: 0.57s
Presolved: 208539 rows, 224123 columns, 650196 nonzeros
Variable types: 143228 continuous, 80895 integer (72111 binary)
Performing another presolve...
Presolve removed 70391 rows and 70392 columns (presolve time = 10s)...
Presolve removed 70391 rows and 70392 columns
Presolve time: 9.87s
Deterministic concurrent LP optimizer: primal and dual simplex
Showing primal log only...


Root simplex log...

Iteration    Objective       Primal Inf.    Dual Inf.      Time
       0    3.5973029e+07   5.455013e+07   5.281471e+13     12s
Concurrent spin time: 0.01s

Solved with dual simplex

Root simplex log...

Iteration    Objective       Primal Inf.    Dual Inf.      Time
   59877    7.8844002e+06   0.000000e+00   0.000000e+00     15s

Root relaxation: objective 7.884400e+06, 59877 iterations, 3.70 seconds (4.83 work units)
Total elapsed time = 15.03s (DegenMoves)

    Nodes    |    Current Node    |     Objective Bounds      |     Work
 Expl Unexpl |  Obj  Depth IntInf | Incumbent    BestBd   Gap | It/Node Time

     0     0 7884400.17    0  729          - 7884400.17      -     -   18s
H    0     0                    8377116.0375 7884400.17  5.88%     -   19s
H    0     0                    8377089.8453 7884400.17  5.88%     -   20s
     0     0 7895570.11    0  929 8377089.85 7895570.11  5.75%     -   24s
     0     0 7898075.62    0  928 8377089.85 7898075.62  5.72%     -   26s
     0     0 7898103.12    0  939 8377089.85 7898103.12  5.72%     -   26s
     0     0 7898103.12    0  941 8377089.85 7898103.12  5.72%     -   26s
     0     0 7906086.13    0  838 8377089.85 7906086.13  5.62%     -   29s
     0     0 7906977.25    0  701 8377089.85 7906977.25  5.61%     -   31s
     0     0 7907018.71    0  702 8377089.85 7907018.71  5.61%     -   31s
     0     0 7907018.71    0  700 8377089.85 7907018.71  5.61%     -   31s
     0     0 7908285.35    0  610 8377089.85 7908285.35  5.60%     -   35s
H    0     0                    8375041.4366 7908959.44  5.57%     -   37s
H    0     0                    8371748.9495 7908959.44  5.53%     -   37s
H    0     0                    8371515.1156 7908959.44  5.53%     -   37s
H    0     0                    8371499.6141 7908959.44  5.53%     -   37s
H    0     0                    8371360.9535 7908959.44  5.52%     -   37s
     0     0 7908959.44    0  601 8371360.95 7908959.44  5.52%     -   37s
     0     0 7908979.39    0  609 8371360.95 7908979.39  5.52%     -   37s
     0     0 7908997.99    0  609 8371360.95 7908997.99  5.52%     -   37s
H    0     0                    8358885.3617 7909002.73  5.38%     -   38s
     0     0 7909002.73    0  613 8358885.36 7909002.73  5.38%     -   38s
H    0     0                    8350379.7543 7909002.81  5.29%     -   38s
H    0     0                    8348694.4226 7909002.81  5.27%     -   38s
     0     0 7909002.81    0  614 8348694.42 7909002.81  5.27%     -   38s
H    0     0                    8347927.7841 7909002.81  5.26%     -   41s
     0     0 7909607.62    0  579 8347927.78 7909607.62  5.25%     -   41s
H    0     0                    8345813.1104 7909776.28  5.22%     -   43s
H    0     0                    8344705.1084 7909776.28  5.21%     -   43s
H    0     0                    8340634.4901 7909776.28  5.17%     -   43s
H    0     0                    8340040.6232 7909776.28  5.16%     -   43s
     0     0 7909776.28    0  567 8340040.62 7909776.28  5.16%     -   43s
     0     0 7909902.19    0  567 8340040.62 7909902.19  5.16%     -   44s
     0     0 7909939.61    0  567 8340040.62 7909939.61  5.16%     -   44s
     0     0 7909939.61    0  567 8340040.62 7909939.61  5.16%     -   44s
     0     0 7910144.60    0  570 8340040.62 7910144.60  5.15%     -   45s
     0     0 7910153.47    0  572 8340040.62 7910153.47  5.15%     -   46s
     0     0 7910156.98    0  574 8340040.62 7910156.98  5.15%     -   47s
     0     0 7910179.14    0  564 8340040.62 7910179.14  5.15%     -   47s
     0     0 7910179.49    0  565 8340040.62 7910179.49  5.15%     -   49s
     0     0 7910202.94    0  563 8340040.62 7910202.94  5.15%     -   49s
H    0     0                    8336203.1853 7910202.94  5.11%     -   51s
     0     0 7910204.25    0  568 8336203.19 7910204.25  5.11%     -   51s
     0     0 7910206.84    0  563 8336203.19 7910206.84  5.11%     -   52s
     0     0 7910206.84    0  426 8336203.19 7910206.84  5.11%     -   54s
H    0     0                    8311239.5775 7910213.46  4.83%     -   56s
H    0     0                    8302041.3380 7910213.46  4.72%     -   56s
H    0     0                    8300917.7906 7910213.46  4.71%     -   56s
H    0     0                    8300306.4143 7910213.46  4.70%     -   56s
H    0     0                    8300303.4292 7910213.46  4.70%     -   56s
H    0     0                    8300300.9952 7910213.46  4.70%     -   57s
H    0     2                    8288161.1996 7910213.46  4.56%     -   61s
     0     2 7910213.46    0  421 8288161.20 7910213.46  4.56%     -   61s
H   63    84                    8273528.8780 7910213.46  4.39%  47.2   72s
H   72    84                    8259831.2926 7910213.46  4.23%  41.6   72s
H   78    84                    8253729.0373 7910213.46  4.16%  38.6   72s
    83   210 7910213.46   12  491 8253729.04 7910213.46  4.16%  36.5   77s
   209   557 7911174.40   22  492 8253729.04 7910213.46  4.16%  16.6   84s
   556   795 7911965.83   65  491 8253729.04 7910213.46  4.16%   7.1   88s
   794  1035 7912756.72   93  461 8253729.04 7910213.46  4.16%   5.8   93s
  1034  1637 7913317.77  119  428 8253729.04 7910213.46  4.16%   6.1  100s
  1636  1765 7915555.66  184  426 8253729.04 7910213.46  4.16%   4.4  106s
  1764  1999 7915555.66  185  426 8253729.04 7910213.46  4.16%   4.2  112s
  1998  2109 7915568.26  186  432 8253729.04 7910213.46  4.16%   4.2  124s
H 1999  2109                    8252922.4993 7910213.46  4.15%   4.2  124s
H 2017  2109                    8251143.4116 7910213.46  4.13%   4.2  124s
  2108  2519 7915568.26  187  432 8251143.41 7910213.46  4.13%   4.2  129s
H 2115  2519                    8244739.2792 7910213.46  4.06%   4.2  129s
H 2151  2519                    8243723.2758 7910213.46  4.05%   4.1  129s
  2518  2527 7916212.59  219  434 8243723.28 7910213.46  4.05%   3.8  141s
  2526  2535 7916448.55  220  435 8243723.28 7910213.46  4.05%   3.8  172s
H 2527  2535                    8161787.0531 7910213.46  3.08%   3.8  172s
H 2529  2535                    8143995.5745 7910213.46  2.87%   3.8  172s

Cutting planes:
  Learned: 91
  Gomory: 181
  Cover: 327
  Implied bound: 214
  MIR: 1354
  Flow cover: 840
  Flow path: 5
  Network: 1
  RLT: 47
  Relax-and-lift: 314

Explored 2534 nodes (93357 simplex iterations) in 172.49 seconds (122.77 work units)
Thread count was 8 (of 8 available processors)

Solution count 10: 8.144e+06 8.16179e+06 8.24372e+06 ... 8.28816e+06

Optimal solution found (tolerance 3.00e-02)
Best objective 8.143995574501e+06, best bound 7.910213455996e+06, gap 2.8706%

