Solver command line: ['/usr/local/bin/gurobi.sh']

Set parameter WLSAccessID
Set parameter WLSSecret
Set parameter LicenseID to value 2606900
Academic license 2606900 - for non-commercial use only - registered to so___@htwk-leipzig.de
Read LP format model from file /var/folders/jf/5sh4zzv94dxbcz8g7tg2jq5h0000gn/T/tmp8vo8jr5j.pyomo.lp
Reading time = 3.87 seconds
objective: 939890 rows, 878399 columns, 2125712 nonzeros
Set parameter TimeLimit to value 5000
Set parameter MIPGap to value 0.08
Gurobi Optimizer version 12.0.1 build v12.0.1rc0 (mac64[rosetta2] - Darwin 24.3.0 24D70)

CPU model: Apple M3
Thread count: 8 physical cores, 8 logical processors, using up to 8 threads

Non-default parameters:
TimeLimit  5000
MIPGap  0.08

Academic license 2606900 - for non-commercial use only - registered to so___@htwk-leipzig.de
Optimize a model with 939890 rows, 878399 columns and 2125712 nonzeros
Model fingerprint: 0x4e16df06
Model has 8783 quadratic constraints
Variable types: 755424 continuous, 122975 integer (105408 binary)
Coefficient statistics:
  Matrix range     [6e-03, 1e+03]
  QMatrix range    [1e+00, 1e+00]
  Objective range  [1e-02, 3e+02]
  Bounds range     [1e+00, 3e+00]
  RHS range        [8e-05, 1e+04]
Presolve removed 773016 rows and 676389 columns
Presolve time: 0.86s
Presolved: 166874 rows, 202010 columns, 553336 nonzeros
Variable types: 131741 continuous, 70269 integer (61485 binary)
Performing another presolve...
Presolve removed 70271 rows and 70271 columns (presolve time = 7s)...
Presolve removed 70271 rows and 70271 columns
Presolve time: 7.49s
Deterministic concurrent LP optimizer: primal and dual simplex
Showing primal log only...


Root simplex log...

Iteration    Objective       Primal Inf.    Dual Inf.      Time
       0    2.2863512e+07   1.077214e+08   8.243202e+13     10s
Concurrent spin time: 8.81s (can be avoided by choosing Method=3)

Solved with dual simplex

Root simplex log...

Iteration    Objective       Primal Inf.    Dual Inf.      Time
   51135   -1.9635539e+06   0.000000e+00   0.000000e+00     20s

Root relaxation: objective -1.963554e+06, 51135 iterations, 10.47 seconds (1.50 work units)
Total elapsed time = 19.84s (DegenMoves)
Total elapsed time = 20.27s (DegenMoves)

    Nodes    |    Current Node    |     Objective Bounds      |     Work
 Expl Unexpl |  Obj  Depth IntInf | Incumbent    BestBd   Gap | It/Node Time

     0     0 -1963553.9    0  581          - -1963553.9      -     -   23s
     0     0 -1954481.4    0  781          - -1954481.4      -     -   59s
     0     0 -1953319.4    0  771          - -1953319.4      -     -   61s
     0     0 -1953317.4    0  774          - -1953317.4      -     -   61s
     0     0 -1953317.4    0  774          - -1953317.4      -     -   61s
     0     0 -1949143.0    0  669          - -1949143.0      -     -   63s
     0     0 -1948702.5    0  682          - -1948702.5      -     -   64s
     0     0 -1948498.7    0  683          - -1948498.7      -     -   64s
     0     0 -1948424.3    0  686          - -1948424.3      -     -   65s
     0     0 -1948424.3    0  688          - -1948424.3      -     -   65s
     0     0 -1947877.6    0  715          - -1947877.6      -     -   66s
     0     0 -1947727.2    0  716          - -1947727.2      -     -   68s
     0     0 -1947702.0    0  722          - -1947702.0      -     -   68s
     0     0 -1947702.0    0  719          - -1947702.0      -     -   68s
     0     0 -1947343.3    0  656          - -1947343.3      -     -   70s
     0     0 -1947323.3    0  670          - -1947323.3      -     -   71s
     0     0 -1947314.4    0  671          - -1947314.4      -     -   72s
     0     0 -1947313.9    0  668          - -1947313.9      -     -   72s
     0     0 -1947207.1    0  647          - -1947207.1      -     -   73s
     0     0 -1947193.6    0  658          - -1947193.6      -     -   74s
     0     0 -1947185.4    0  657          - -1947185.4      -     -   75s
     0     0 -1947185.3    0  658          - -1947185.3      -     -   75s
     0     0 -1947132.9    0  651          - -1947132.9      -     -   76s
     0     0 -1947111.2    0  644          - -1947111.2      -     -   78s
     0     0 -1947111.0    0  652          - -1947111.0      -     -   78s
     0     0 -1947075.9    0  619          - -1947075.9      -     -   79s
     0     0 -1946985.4    0  622          - -1946985.4      -     -   80s
     0     0 -1946985.3    0  628          - -1946985.3      -     -   80s
     0     0 -1946975.4    0  642          - -1946975.4      -     -   81s
     0     0 -1946974.8    0  651          - -1946974.8      -     -   82s
     0     0 -1946973.4    0  650          - -1946973.4      -     -   83s
     0     0 -1946973.3    0  650          - -1946973.3      -     -   83s
     0     0 -1946966.5    0  630          - -1946966.5      -     -   84s
     0     0 -1946966.4    0  493          - -1946966.4      -     -   86s
     0     2 -1946966.4    0  473          - -1946966.4      -     -   98s
    39    52 -1946099.3    6  457          - -1946892.4      -  34.8  100s
   203   220 -1945975.0   19  435          - -1946892.4      -  14.2  105s
   423   443 -1945767.4   38  387          - -1946892.4      -  12.2  110s
   656   718 -1945348.2   60  359          - -1946892.4      -  11.2  115s
  1163  1257 -1944485.5  115  348          - -1946892.4      -   9.6  120s
  1676  1844 -1943423.6  183  332          - -1946892.4      -   8.8  125s
  2270  2395 -1942940.1  236  319          - -1946892.4      -   7.9  130s
  3027  3198 -1942506.7  331  317          - -1946892.4      -   7.1  135s
  3604  3854 -1941754.3  401  313          - -1946892.4      -   7.1  141s
  4048  4283 -1941011.9  451  311          - -1946892.4      -   6.7  145s
  4925  5195 -1939730.2  561  305          - -1946892.4      -   5.9  151s
  5394  5594 -1938940.5  631  306          - -1946892.4      -   5.9  155s
  5810  6043 -1938663.9  665  305          - -1946892.4      -   5.8  160s
  6586  6870 -1938581.8  721  306          - -1946892.4      -   5.6  166s
  7182  7521 -1937736.7  815  307          - -1946892.4      -   5.5  171s
  7523  7523 -1941138.3  473  563          - -1946892.4      -   5.4  221s
  7525  7525 -1942709.9  358  592          - -1946892.4      -   5.4  225s
  7532  7529 -1942968.2  222  530          - -1946342.6      -   5.4  231s
  7537  7533 -1939900.0  461  535          - -1945202.5      -   5.4  235s
  7543  7537 -1940381.9  506  573          - -1944408.4      -   5.4  241s
  7550  7541 -1943980.6  148  580          - -1944180.5      -   5.4  246s
  7554  7544 -1943881.0   10  605          - -1943881.0      -   5.4  253s
  7555  7545 -1935945.7  832  596          - -1943764.4      -   5.4  255s
  7560  7548 -1939733.1  623  621          - -1943695.9      -   5.4  261s
  7565  7551 -1937461.8  847  610          - -1943641.2      -   5.4  265s
  7571  7555 -1943519.5   49  557          - -1943519.5      -   5.4  270s
  7582  7563 -1943263.7  188  586          - -1943457.9      -   5.4  276s
  7587  7566 -1941522.9  445  571          - -1943276.9      -   5.4  280s
  7594  7571 -1942208.3  371  576          - -1943275.7      -   5.3  285s
  7602  7576 -1938943.1  556  587          - -1943230.4      -   5.3  291s
  7606  7579 -1939403.3  603  584          - -1943218.0      -   5.3  295s
  7615  7585 -1938918.9  639  596          - -1943210.9      -   5.3  300s
  7622  7589 -1943192.1  339  595          - -1943192.1      -   5.3  306s
  7628  7593 -1939778.1  569  586          - -1943182.1      -   5.3  310s
  7635  7598 -1943174.1  306  591          - -1943174.1      -   5.3  315s
  7640  7601 -1939830.4  584  603          - -1943162.5      -   5.3  320s
  7646  7605 -1939944.8  490  601          - -1943150.2      -   5.3  325s
  7654  7612 -1943140.0   10 13175          - -1943140.0      -  16.3  330s
  7656  7613 -1943140.0  211  580          - -1943140.0      -  16.3  377s
  7657  7614 -1939944.8  493  735          - -1943140.0      -  16.3  380s
  7668  7621 -1936945.5  775  734          - -1943140.0      -  16.3  386s
  7672  7624 -1938256.7  753  577          - -1943098.9      -  16.3  390s
  7677  7627 -1943087.1  114  591          - -1943087.1      -  16.3  395s
  7682  7631 -1942981.2  188  575          - -1942981.2      -  16.2  400s
  7686  7633 -1936135.0  779  589          - -1942981.2      -  16.2  405s
  7689  7635 -1936941.3  753  583          - -1942981.2      -  16.2  410s
  7696  7640 -1939330.9  589  608          - -1942981.2      -  16.2  416s
  7699  7642 -1938943.1  552  591          - -1942981.2      -  16.2  420s
  7703  7645 -1936382.0  820  586          - -1942981.2      -  16.2  425s
  7708  7648 -1939265.2  624  597          - -1942981.2      -  16.2  430s
  7714  7652 -1939220.8  663  619          - -1942981.2      -  16.2  435s
  7720  7656 -1942981.2  116  629          - -1942981.2      -  16.2  440s
  7722  7657 -1942981.2  339  496          - -1942981.2      -  16.2  445s
  7723  7658 -1941138.3  473  496          - -1942981.2      -  16.2  454s
  7724  7662 -1942239.9   29  485          - -1942965.0      -  36.5  458s
  7726  7665 -1942211.4   30  474          - -1942932.8      -  36.5  460s
H 7729  7279                    1199936.8823 -1942922.9   262%  36.5  460s
H 7730  6923                    1198113.3893 -1942922.9   262%  36.5  463s
  7746  6957 -1941331.0   33  544 1198113.39 -1942895.8   262%  36.9  466s
  7796  6975 -1939562.4   36  544 1198113.39 -1942895.8   262%  36.9  470s
H 7817  6629                    1195360.6820 -1942895.8   263%  36.9  472s
H 7852  6328                    1191039.5406 -1942895.8   263%  36.8  476s
  7892  6355 -1940821.1   42  532 1191039.54 -1942895.8   263%  36.8  480s
H 7893  6041                    1189611.0527 -1942895.8   263%  36.8  480s
H 7895  5744                    1188848.4528 -1942895.8   263%  36.8  480s
H 7898  5460                    1188464.7566 -1942895.8   263%  36.7  480s
H 7931  5220                    1185883.9967 -1942895.8   264%  36.7  484s
  7939  5233 -1940847.5   45  534 1185884.00 -1942895.8   264%  36.7  485s
H 7976  4993                    1184622.6114 -1942895.8   264%  36.7  489s
H 7979  4750                    1182627.1479 -1942895.8   264%  36.7  489s
  7982  4767 -1940755.1   48  530 1182627.15 -1942895.8   264%  36.7  490s
  8028  4789 -1940014.9   50  531 1182627.15 -1942895.8   264%  36.6  496s
  8048  4803 -1940501.2   51  526 1182627.15 -1942895.8   264%  36.7  502s
  8058  4808 -1940738.6   52  528 1182627.15 -1942895.8   264%  36.6  505s
  8086  4832 -1940620.9   53  524 1182627.15 -1942895.8   264%  36.6  511s
  8115  4863 -1940683.7   55  517 1182627.15 -1942895.8   264%  36.6  515s
  8188  4909 -1940322.0   59  511 1182627.15 -1942895.8   264%  36.6  521s
  8242  4947 -1940618.2   63  511 1182627.15 -1942895.8   264%  36.4  527s
  8302  4989 -1940562.8   67  503 1182627.15 -1942895.8   264%  36.4  532s
  8329  5012 -1939908.7   68  500 1182627.15 -1942895.8   264%  36.4  535s
H 8361  4779                    1182611.8032 -1942895.8   264%  36.3  547s
H 8362  4561                    1164641.0102 -1942895.8   267%  36.3  548s
H 8364  4352                    1158386.8776 -1942895.8   268%  36.3  548s
H 8368  4154                    1156299.2818 -1942895.8   268%  36.3  548s
  8369  4196 -1939164.4   71  500 1156299.28 -1942895.8   268%  36.3  550s
  8455  4259 -1939751.9   76  491 1156299.28 -1942895.8   268%  36.3  557s
  8503  4290 -1939906.2   80  482 1156299.28 -1942895.8   268%  36.2  560s
  8611  4359 -1939875.1   87  476 1156299.28 -1942895.8   268%  36.0  566s
  8667  4412 -1938684.0   90  473 1156299.28 -1942895.8   268%  35.9  570s
  8825  4547 -1939691.6  100  452 1156299.28 -1942895.8   268%  35.6  577s
  8926  4654 -1939655.8  107  437 1156299.28 -1942895.8   268%  35.4  580s
  9197  4791 -1939574.4  123  410 1156299.28 -1942895.8   268%  34.9  587s
  9294  4888 -1939567.4  128  398 1156299.28 -1942895.8   268%  34.9  592s
H 9424  4666                    1134800.3088 -1942895.8   271%  34.7  604s
H 9426  4487                    1130013.7154 -1942895.8   272%  34.7  604s
  9432  4630 -1939559.8  137  388 1130013.72 -1942895.8   272%  34.7  608s
  9593  4712 -1939548.5  147  380 1130013.72 -1942895.8   272%  34.4  613s
  9736  4829 -1939505.0  156  374 1130013.72 -1942895.8   272%  34.1  617s
  9909  4955 -1938976.5  164  364 1130013.72 -1942895.8   272%  33.7  621s
 10097  5084 -1939333.5  176  345 1130013.72 -1942895.8   272%  33.4  626s
 10288  5209 -1939312.0  189  325 1130013.72 -1942895.8   272%  33.1  630s
H10477  4985                    1125888.4014 -1942895.8   273%  32.8  641s
H10478  4825                    -1151475.834 -1942895.8  68.7%  32.8  641s
H10483  4670                    -1157526.671 -1942895.8  67.8%  32.8  642s
 10485  4824 -1938235.7  201  314 -1157526.7 -1942895.8  67.8%  32.8  647s
H10508  4672                    -1157807.422 -1942895.8  67.8%  32.7  647s
 10640  4836 -1939206.5  213  307 -1157807.4 -1942895.8  67.8%  32.5  651s
 10850  4935 -1939206.3  225  298 -1157807.4 -1942895.8  67.8%  32.2  657s
 11019  4910 -1939097.3  237  296 -1157807.4 -1942895.8  67.8%  32.0  663s
 11051  5045 -1938901.3  239  298 -1157807.4 -1942895.8  67.8%  31.9  669s
H11120  4884                    -1160071.080 -1942895.8  67.5%  31.8  669s
 11196  4866 -1938852.9  248  292 -1160071.1 -1942895.8  67.5%  31.7  681s
H11197  4736                    -1160256.952 -1942895.8  67.5%  31.7  681s
 11204  4742 -1938454.2  248  291 -1160257.0 -1942895.8  67.5%  31.7  688s
H11206  4616                    -1162136.154 -1942895.8  67.2%  31.7  689s
 11212  4863 -1938852.6  249  291 -1162136.2 -1942895.8  67.2%  31.7  694s
 11461  5053 -1938840.7  265  281 -1162136.2 -1942895.8  67.2%  31.4  699s
 11734  5231 -1938814.6  283  281 -1162136.2 -1942895.8  67.2%  31.2  705s
 12003  5376 -1938594.0  301  279 -1162136.2 -1942895.8  67.2%  31.1  710s
 12238  5306 -1937991.9  318  290 -1162136.2 -1942895.8  67.2%  31.5  723s
H12240  5187                    -1362130.103 -1942895.8  42.6%  31.5  723s
 12246  5363 -1938497.4  319  278 -1362130.1 -1942895.8  42.6%  31.5  728s
 12424  5510 -1937266.7  331  281 -1362130.1 -1942895.8  42.6%  32.3  734s
 12630  5449 -1936389.7  344  279 -1362130.1 -1942895.8  42.6%  33.1  744s
H12638  5343                    -1362303.963 -1942895.8  42.6%  33.1  771s
H12640  5236                    -1362917.959 -1942895.8  42.6%  33.1  772s
H12644  5133                    -1363903.857 -1942895.8  42.5%  33.1  772s
 12646  5425 -1936375.9  345  279 -1363903.9 -1942895.8  42.5%  33.1  778s
 12939  5562 -1938279.2  364  275 -1363903.9 -1942895.8  42.5%  33.7  787s
H13174  5695                    -1368759.039 -1942895.8  41.9%  33.4  796s
H13285  5695                    -1369657.821 -1942895.8  41.9%  33.3  796s
 13467  6120 -1937284.1  398  270 -1369657.8 -1942895.8  41.9%  33.1  804s
 13892  6461 -1937942.8  428  269 -1369657.8 -1942895.8  41.9%  32.6  812s
H14245  6702                    -1370623.769 -1942895.8  41.8%  32.2  822s
H14278  6702                    -1370911.778 -1942895.8  41.7%  32.2  823s
H14313  6702                    -1375047.042 -1942895.8  41.3%  32.2  823s
 14494  7115 -1937312.0  466  266 -1375047.0 -1942895.8  41.3%  32.1  832s
 14907  7497 -1936672.6  494  267 -1375047.0 -1942895.8  41.3%  31.6  842s
 15289  7940 -1936384.5  520  266 -1375047.0 -1942895.8  41.3%  31.3  856s
H15334  7940                    -1376083.753 -1942895.8  41.2%  31.3  857s
H15455  7940                    -1376431.712 -1942895.8  41.2%  31.2  857s
H15510  7940                    -1377297.518 -1942895.8  41.1%  31.1  857s
H15553  7940                    -1377321.368 -1942895.8  41.1%  31.2  857s
H15666  7940                    -1377645.708 -1942895.8  41.0%  31.2  857s
 15734  7972 -1933733.1  551  264 -1377645.7 -1942895.8  41.0%  31.2  873s
H15737  7972                    -1390050.368 -1942895.8  39.8%  31.2  873s
 15766  8575 -1933603.4  553  264 -1390050.4 -1942895.8  39.8%  31.2  886s
 16375  8986 -1930392.2  586  263 -1390050.4 -1942895.8  39.8%  31.4  896s
H16788  8994                    -1504394.667 -1942895.8  29.1%  31.5  911s
 16796  9368 -1933729.0  609  260 -1504394.7 -1942895.8  29.1%  31.5  921s
H16890  9368                    -1504397.819 -1942895.8  29.1%  31.5  921s
H17032  9368                    -1504399.846 -1942895.8  29.1%  31.4  921s
H17085  9368                    -1504421.975 -1942895.8  29.1%  31.3  921s
H17139  9368                    -1505268.404 -1942895.8  29.1%  31.3  921s
 17172  9376 -1934804.4  635  257 -1505268.4 -1942895.8  29.1%  31.3  934s
H17180  9384                    -1505832.716 -1942895.8  29.0%  31.3  951s
H17181  9384                    -1537788.283 -1942895.8  26.3%  31.3  951s
 17188  9687 -1934782.6  636  256 -1537788.3 -1942895.8  26.3%  31.3  962s
H17235  9687                    -1540781.158 -1942895.8  26.1%  31.2  962s
 17493 10309 -1932956.4  659  255 -1540781.2 -1942895.8  26.1%  31.0  973s
 18117 10854 -1934413.1  705  253 -1540781.2 -1942895.8  26.1%  30.7  983s
 18666 11301 -1934243.2  743  245 -1540781.2 -1942895.8  26.1%  30.6  995s
 19117 11812 -1933945.6  773  244 -1540781.2 -1942895.8  26.1%  30.6 1010s
 19632 12355 -1933903.5  805  245 -1540781.2 -1942895.8  26.1%  31.0 1022s
H20195 12767                    -1544124.378 -1942895.8  25.8%  30.7 1035s
 20607 13411 -1933073.8  859  237 -1544124.4 -1942895.8  25.8%  30.5 1059s
 21255 14111 -1932845.9  909  233 -1544124.4 -1942895.8  25.8%  30.2 1073s
 21957 14773 -1932141.4  959  228 -1544124.4 -1942895.8  25.8%  29.7 1087s
 22621 15496 -1930713.5 1002  219 -1544124.4 -1942895.8  25.8%  29.3 1101s
 23348 15504 -1929154.0 1056  215 -1544124.4 -1942895.8  25.8%  28.8 1122s
H23351 15504                    -1548356.238 -1942895.8  25.5%  28.8 1122s
H23352 15504                    -1553408.279 -1942895.8  25.1%  28.8 1122s
H23356 15808                    -1554839.102 -1942895.8  25.0%  28.8 1138s
H23398 15808                    -1554930.924 -1942895.8  25.0%  28.8 1138s
H23442 15808                    -1556786.453 -1942895.8  24.8%  28.7 1139s
 23672 16540 -1924316.4 1077  208 -1556786.5 -1942895.8  24.8%  28.6 1154s
 24410 17356 -1928807.7 1120  203 -1556786.5 -1942895.8  24.8%  28.4 1170s
 25250 17363 -1926978.3 1178  200 -1556786.5 -1942895.8  24.8%  28.0 1191s
H25252 17363                    -1560501.344 -1942895.8  24.5%  28.0 1191s
 25259 18023 -1926978.3 1179  200 -1560501.3 -1942895.8  24.5%  28.0 1207s
 25951 18617 -1924676.9 1216  199 -1560501.3 -1942895.8  24.5%  27.9 1226s
H26545 19222                    -1561698.415 -1942895.8  24.4%  27.7 1246s
H26939 19222                    -1562453.777 -1942895.8  24.3%  27.5 1246s
 27154 20035 -1925385.4 1296  190 -1562453.8 -1942895.8  24.3%  27.4 1266s
 27992 20817 -1924803.9 1346  185 -1562453.8 -1942895.8  24.3%  27.0 1291s
H28792 20825                    -1568461.792 -1942895.8  23.9%  26.9 1321s
 28800 21634 -1924631.5 1397  183 -1568461.8 -1942895.8  23.9%  26.9 1340s
 29617 22476 -1924397.7 1452  183 -1568461.8 -1942895.8  23.9%  27.2 1359s
H30463 22636                    -1571523.121 -1942895.8  23.6%  27.4 1622s
H30523 22636                    -1572993.450 -1942895.8  23.5%  27.4 1623s
H30563 22636                    -1573128.930 -1942895.8  23.5%  27.4 1623s
H30623 23712                    -1584187.034 -1942895.8  22.6%  27.4 1702s
H30760 23712                    -1602725.521 -1942895.8  21.2%  27.4 1702s
H31034 23712                    -1632459.751 -1942895.8  19.0%  27.3 1702s
 31719 24801 -1921806.3 1590  172 -1632459.8 -1942895.8  19.0%  27.0 1723s
H32815 25715                    -1639252.063 -1942895.8  18.5%  26.8 1754s
H32919 25715                    -1639358.519 -1942895.8  18.5%  26.7 1754s
H33051 25715                    -1640310.096 -1942895.8  18.4%  26.8 1754s
H33141 25715                    -1641693.625 -1942895.8  18.3%  26.8 1754s
 33735 26794 -1922828.4 1711  158 -1641693.6 -1942895.8  18.3%  26.7 1779s
H34826 26802                    -1641890.486 -1942895.8  18.3%  26.6 1816s
H34828 26802                    -1642428.972 -1942895.8  18.3%  26.6 1816s
H34829 26802                    -1642887.589 -1942895.8  18.3%  26.6 1816s
H34830 26802                    -1642896.995 -1942895.8  18.3%  26.6 1816s
H34831 26802                    -1645055.272 -1942895.8  18.1%  26.6 1817s
 34834 27860 -1922748.6 1780  158 -1645055.3 -1942895.8  18.1%  26.6 1838s
 35900 28920 -1917767.6 1848  156 -1645055.3 -1942895.8  18.1%  26.3 1859s
 36967 29931 -1921924.1 1917  148 -1645055.3 -1942895.8  18.1%  25.9 1879s
 37990 30904 -1919563.5 1985  148 -1645055.3 -1942895.8  18.1%  25.6 1899s
 38965 30912 -1920101.8 2054  147 -1645055.3 -1942895.8  18.1%  25.3 1926s
H38973 30983                    -1648138.249 -1942895.8  17.9%  25.3 1952s
 39044 31993 -1920101.8 2055  147 -1648138.2 -1942895.8  17.9%  25.3 1973s
 40056 32193 -1916094.3 2115  147 -1648138.2 -1942895.8  17.9%  25.1 1996s
 40256 33227 -1919967.4 2128  146 -1648138.2 -1942895.8  17.9%  25.1 2016s
 41290 33865 -1916762.3 2196  146 -1648138.2 -1942895.8  17.9%  24.7 2038s
H41353 33865                    -1648829.116 -1942895.8  17.8%  24.7 2038s
H41440 33865                    -1648876.082 -1942895.8  17.8%  24.7 2038s
H41829 33865                    -1648879.112 -1942895.8  17.8%  24.6 2038s
 41930 34821 -1918264.8 2233  145 -1648879.1 -1942895.8  17.8%  24.6 2060s
 42886 35798 -1916545.7 2301  149 -1648879.1 -1942895.8  17.8%  24.6 2081s
 43865 36787 -1917551.8 2363  143 -1648879.1 -1942895.8  17.8%  24.6 2101s
 44858 37787 -1916529.1 2424  140 -1648879.1 -1942895.8  17.8%  24.4 2123s
 45864 38871 -1915903.4 2489  137 -1648879.1 -1942895.8  17.8%  24.1 2146s
H46954 39320                    -1657856.551 -1942895.8  17.2%  24.0 2167s
 47415 40265 -1910212.9 2555  137 -1657856.6 -1942895.8  17.2%  24.0 2187s
 48370 41150 -1912898.3 2621  137 -1657856.6 -1942895.8  17.2%  24.0 2206s
 49259 42057 -1912718.3 2684  130 -1657856.6 -1942895.8  17.2%  24.0 2224s
 50176 42929 -1908470.8 2752  133 -1657856.6 -1942895.8  17.2%  24.3 2240s
H51060 42972                    -1663259.483 -1942895.8  16.8%  24.8 2261s
 51109 43897 -1911160.3 2821  129 -1663259.5 -1942895.8  16.8%  24.8 2278s
 52046 44874 -1909751.0 2889  124 -1663259.5 -1942895.8  16.8%  25.2 2295s
 53062 45807 -1909430.5 2958  121 -1663259.5 -1942895.8  16.8%  25.2 2313s
 54005 46365 -1907765.7 3025  115 -1663259.5 -1942895.8  16.8%  25.0 2333s
H54036 46365                    -1868350.192 -1942895.8  3.99%  25.0 2333s
H54246 46365                    -1868546.328 -1942895.8  3.98%  25.0 2333s
H54526 46365                    -1872626.636 -1942895.8  3.75%  25.0 2333s

Cutting planes:
  Learned: 2
  Gomory: 308
  Cover: 407
  Implied bound: 146
  Projected implied bound: 67
  Clique: 3
  MIR: 1027
  Mixing: 8
  StrongCG: 2
  Flow cover: 651
  RLT: 57
  Relax-and-lift: 180

Explored 54565 nodes (1364944 simplex iterations) in 2338.83 seconds (1488.95 work units)
Thread count was 8 (of 8 available processors)

Solution count 10: -1.87263e+06 -1.87263e+06 -1.86855e+06 ... -1.64506e+06

Optimal solution found (tolerance 8.00e-02)
Best objective -1.872626635262e+06, best bound -1.942895802809e+06, gap 3.7524%

