Solver command line: ['C:\\Program Files\\gurobi1102\\win64\\bin\\gurobi.bat']

Set parameter Username
Academic license - for non-commercial use only - expires 2025-07-11
Read LP format model from file C:\Users\PAULWI~1\AppData\Local\Temp\tmp_5uinhmh.pyomo.lp
Reading time = 7.25 seconds
objective: 939890 rows, 878399 columns, 2125712 nonzeros
Set parameter MIPGap to value 0.08
Gurobi Optimizer version 11.0.2 build v11.0.2rc0 (win64 - Windows 10.0 (19045.2))

CPU model: Intel(R) Xeon(R) CPU E5-1607 v2 @ 3.00GHz, instruction set [SSE2|AVX]
Thread count: 4 physical cores, 4 logical processors, using up to 4 threads

Optimize a model with 939890 rows, 878399 columns and 2125712 nonzeros
Model fingerprint: 0x4e16df06
Model has 8783 quadratic constraints
Variable types: 755424 continuous, 122975 integer (105408 binary)
Coefficient statistics:
  Matrix range     [6e-03, 1e+03]
  QMatrix range    [1e+00, 1e+00]
  Objective range  [1e-02, 3e+02]
  Bounds range     [1e+00, 3e+00]
  RHS range        [8e-05, 1e+04]
Presolve removed 764218 rows and 667591 columns
Presolve time: 1.30s
Presolved: 175672 rows, 210808 columns, 570932 nonzeros
Variable types: 140539 continuous, 70269 integer (61485 binary)
Deterministic concurrent LP optimizer: primal and dual simplex
Showing primal log only...


Root simplex log...

Iteration    Objective       Primal Inf.    Dual Inf.      Time
       0    2.2863512e+07   1.077214e+08   8.243267e+13     16s
Concurrent spin time: 15.96s (can be avoided by choosing Method=3)

Solved with dual simplex

Root simplex log...

Iteration    Objective       Primal Inf.    Dual Inf.      Time
   51265   -1.9635539e+06   0.000000e+00   0.000000e+00     34s

Root relaxation: objective -1.963554e+06, 51265 iterations, 19.00 seconds (1.44 work units)
Total elapsed time = 33.98s (DegenMoves)
Total elapsed time = 35.25s (DegenMoves)

    Nodes    |    Current Node    |     Objective Bounds      |     Work
 Expl Unexpl |  Obj  Depth IntInf | Incumbent    BestBd   Gap | It/Node Time

     0     0 -1963553.9    0  583          - -1963553.9      -     -   39s
     0     0 -1954041.7    0  674          - -1954041.7      -     -   88s
     0     0 -1952713.0    0  662          - -1952713.0      -     -   90s
     0     0 -1952710.2    0  661          - -1952710.2      -     -   91s
     0     0 -1952709.8    0  660          - -1952709.8      -     -   91s
     0     0 -1949535.3    0  635          - -1949535.3      -     -   94s
     0     0 -1949310.9    0  665          - -1949310.9      -     -   95s
     0     0 -1949308.9    0  674          - -1949308.9      -     -   96s
     0     0 -1948432.5    0  715          - -1948432.5      -     -   98s
     0     0 -1948395.5    0  714          - -1948395.5      -     -  100s
     0     0 -1948378.7    0  718          - -1948378.7      -     -  100s
     0     0 -1948377.6    0  721          - -1948377.6      -     -  101s
     0     0 -1947959.3    0  669          - -1947959.3      -     -  102s
     0     0 -1947918.9    0  681          - -1947918.9      -     -  104s
     0     0 -1947908.9    0  681          - -1947908.9      -     -  104s
     0     0 -1947908.6    0  682          - -1947908.6      -     -  104s
     0     0 -1947619.7    0  614          - -1947619.7      -     -  106s
     0     0 -1947612.1    0  625          - -1947612.1      -     -  107s
     0     0 -1947611.5    0  623          - -1947611.5      -     -  108s
     0     0 -1947531.9    0  594          - -1947531.9      -     -  109s
     0     0 -1947506.5    0  597          - -1947506.5      -     -  111s
     0     0 -1947506.4    0  607          - -1947506.4      -     -  111s
     0     0 -1947453.6    0  629          - -1947453.6      -     -  112s
     0     0 -1947442.2    0  639          - -1947442.2      -     -  114s
     0     0 -1947441.6    0  646          - -1947441.6      -     -  114s
     0     0 -1947350.6    0  597          - -1947350.6      -     -  116s
     0     0 -1947341.9    0  588          - -1947341.9      -     -  117s
     0     0 -1947337.4    0  600          - -1947337.4      -     -  117s
     0     0 -1947327.7    0  599          - -1947327.7      -     -  118s
     0     0 -1947327.7    0  600          - -1947327.7      -     -  118s
     0     0 -1947319.8    0  593          - -1947319.8      -     -  119s
     0     0 -1947319.0    0  593          - -1947319.0      -     -  120s
     0     0 -1947318.6    0  577          - -1947318.6      -     -  121s
     0     0 -1947309.9    0  440          - -1947309.9      -     -  125s
     0     2 -1947309.9    0  424          - -1947309.9      -     -  140s
    35    40 -1946857.0    7  408          - -1947233.7      -  35.6  145s
    75   104 -1946778.4   14  399          - -1947209.6      -  19.7  152s
   103   130 -1946749.1   20  396          - -1947209.6      -  15.9  155s
   129   171 -1946558.9   24  388          - -1947209.6      -  15.3  160s
   221   275 -1946394.7   44  369          - -1947209.6      -  15.0  169s
   274   325 -1945920.5   58  357          - -1947209.6      -  13.5  175s
   324   390 -1945689.7   68  333          - -1947209.6      -  12.3  180s
   389   504 -1945617.1   80  317          - -1947209.6      -  12.5  185s
   503   597 -1945429.3  106  302          - -1947209.6      -  10.5  190s
   673   795 -1945164.6  147  302          - -1947209.6      -   8.2  199s
   794   926 -1944437.4  178  291          - -1947209.6      -   7.3  204s
   925  1024 -1943680.4  205  285          - -1947209.6      -   6.9  208s
  1023  1111 -1943564.5  223  285          - -1947209.6      -   6.5  213s
  1110  1230 -1943507.6  242  285          - -1947209.6      -   6.3  219s
  1229  1370 -1943105.3  281  284          - -1947209.6      -   6.0  224s
  1369  1490 -1942798.3  316  283          - -1947209.6      -   5.5  229s
  1489  1649 -1942435.8  346  279          - -1947209.6      -   5.3  234s
  1648  1759 -1942254.1  403  278          - -1947209.6      -   5.1  240s
  1758  1888 -1942071.5  438  278          - -1947209.6      -   5.1  245s
  1887  2074 -1941282.1  469  281          - -1947209.6      -   5.2  251s
  2073  2268 -1941026.6  498  275          - -1947209.6      -   5.0  257s
  2267  2403 -1940824.4  525  275          - -1947209.6      -   5.0  263s
  2402  2539 -1940789.7  553  274          - -1947209.6      -   5.0  270s
  2538  2657 -1940531.9  582  270          - -1947209.6      -   4.8  276s
  2658  2828 -1939001.4  611  268          - -1947209.6      -   4.7  283s
  2829  3113 -1937888.3  665  266          - -1947209.6      -   4.9  290s
  3116  3309 -1935571.1  774  266          - -1947209.6      -   4.8  297s
  3314  3471 -1934470.1  822  267          - -1947209.6      -   4.8  305s
  3477  3712 -1934237.2  878  259          - -1947209.6      -   4.8  312s
  3719  4072 -1933566.6  936  255          - -1947209.6      -   4.8  320s
  4080  4270 -1932442.3  968  251          - -1947209.6      -   4.8  329s
  4280  4465 -1932181.5 1008  246          - -1947209.6      -   4.8  338s
  4475  4730 -1932026.8 1047  244          - -1947209.6      -   4.8  347s
  4740  4957 -1931755.8 1093  243          - -1947209.6      -   4.7  356s
  4969  5102 -1930743.3 1190  241          - -1947209.6      -   4.7  366s
  5117  5104 -1943843.4  232  552          - -1947209.6      -   4.8  447s
  5118  5105 -1940522.3  436  641          - -1947209.6      -   4.8  452s
  5120  5106 -1938139.5  707  585          - -1947151.3      -   4.8  455s
  5125  5110 -1934643.0  767  619          - -1947065.2      -   4.8  468s
  5126  5110 -1935314.7  869  526          - -1946334.2      -   4.8  471s
  5130  5113 -1937676.1  761  548          - -1946036.0      -   4.8  483s
  5131  5114 -1945555.2   51  507          - -1945555.2      -   4.8  486s
  5138  5118 -1932002.3 1019  559          - -1945447.2      -   4.8  499s
  5139  5119 -1932905.1 1069  526          - -1944948.6      -   4.8  501s
  5144  5122 -1944739.7  111  550          - -1944841.8      -   4.8  514s
  5145  5123 -1934071.3  736  521          - -1944233.8      -   4.8  516s
  5151  5127 -1940091.6  486  548          - -1944062.5      -   4.8  528s
  5152  5128 -1930345.3 1151  537          - -1943802.7      -   4.8  530s
  5156  5130 -1943707.8  124  565          - -1943707.8      -   4.8  541s
  5161  5134 -1930827.6 1097  596          - -1943575.0      -   4.8  545s
  5164  5136 -1940790.7  438  594          - -1943570.5      -   4.8  554s
  5165  5136 -1942389.5  405  597          - -1943517.4      -   4.8  557s
  5169  5139 -1938192.7  723  604          - -1943461.4      -   4.8  566s
  5173  5142 -1943406.0   37  615          - -1943406.0      -   4.8  570s
  5175  5143 -1932024.5 1024  618          - -1943405.5      -   4.8  578s
  5176  5144 -1942324.0  354  583          - -1943242.7      -   4.8  580s
  5182  5148 -1943226.9   88  604          - -1943226.9      -   4.8  591s
  5185  5150 -1933684.8  904  608          - -1943209.7      -   4.8  603s
  5187  5151 -1941865.9  404  603          - -1943186.3      -   4.8  605s
  5190  5153 -1931915.4 1060  598          - -1943183.7      -   4.8  612s
  5193  5155 -1943177.6  238  594          - -1943177.6      -   4.7  615s
  5195  5156 -1933749.7  900  599          - -1943177.3      -   4.7  621s
  5200  5160 -1935258.1  760  609          - -1943166.3      -   4.7  625s
  5202  5161 -1941496.7  281  610          - -1943166.0      -   4.7  632s
  5206  5164 -1943160.1   94  610          - -1943160.1      -   4.7  641s
  5210  5166 -1938759.3  658  598          - -1943155.3      -   4.7  650s
  5213  5168 -1933332.5 1055  606          - -1943137.4      -   4.7  659s
  5214  5169 -1941669.4  458  604          - -1943137.4      -   4.7  661s
  5218  5172 -1940522.3  436  606          - -1943137.4      -   4.7  669s
  5219  5172 -1935166.4  675  586          - -1943137.4      -   4.7  670s
  5221  5174 -1937868.0  578  597          - -1943137.4      -   4.7  677s
  5225  5176 -1934643.0  767  598          - -1943137.4      -   4.7  686s
  5227  5178 -1943006.4  142  595          - -1943137.4      -   4.7  694s
  5228  5178 -1928595.5 1200  597          - -1943137.4      -   4.7  696s
  5229  5179 -1941382.0  327  593          - -1943137.4      -   4.7  702s
  5234  5184 -1943137.4   72 13175          - -1943137.4      -  20.1  705s
  5235  5184 -1934169.8  829  584          - -1943137.4      -  20.1  781s
  5236  5185 -1933294.3  688  701          - -1943137.4      -  20.0  787s
  5238  5186 -1932002.3 1019  642          - -1943137.4      -  20.0  790s
  5246  5192 -1930999.4  983  707          - -1943135.9      -  20.0  802s
  5247  5192 -1931885.0  898  591          - -1942895.9      -  20.0  805s
  5250  5194 -1938675.7  570  595          - -1942813.3      -  20.0  813s
  5251  5195 -1940091.6  486  592          - -1942759.7      -  20.0  815s
  5254  5197 -1936041.3  860  603          - -1942754.1      -  20.0  823s
  5255  5198 -1940676.9  311  592          - -1942717.3      -  20.0  826s
  5258  5200 -1937420.0  807  601          - -1942676.9      -  20.0  833s
  5259  5200 -1942652.7  113  582          - -1942652.7      -  20.0  836s
  5263  5203 -1940294.2  462  591          - -1942607.4      -  19.9  845s
  5268  5206 -1938626.3  635  593          - -1942488.4      -  19.9  856s
  5271  5208 -1942466.1   32  588          - -1942466.1      -  19.9  868s
  5273  5210 -1942450.9   37  586          - -1942450.9      -  19.9  870s
  5275  5211 -1932024.5 1024  589          - -1942447.9      -  19.9  878s
  5276  5212 -1942324.0  354  572          - -1942437.3      -  19.9  880s
  5279  5214 -1940861.7  433  568          - -1942436.0      -  19.9  888s
  5280  5214 -1941836.4  248  568          - -1942431.2      -  19.9  890s
  5283  5216 -1942412.9  313  565          - -1942412.9      -  19.9  898s
  5284  5217 -1935648.0  662  558          - -1942401.7      -  19.9  900s
  5286  5218 -1932272.5  895  562          - -1942401.7      -  19.9  908s
  5287  5219 -1941865.9  404  567          - -1942401.7      -  19.9  910s
  5289  5220 -1932512.9  886  577          - -1942401.7      -  19.8  919s
  5290  5221 -1931915.4 1060  575          - -1942401.7      -  19.8  920s
  5291  5222 -1941836.8  397  573          - -1942401.7      -  19.8  927s
  5295  5224 -1933749.7  900  570          - -1942378.3      -  19.8  930s
  5297  5226 -1934759.8  935  573          - -1942378.0      -  19.8  936s
  5301  5228 -1937226.1  534  570          - -1942371.2      -  19.8  945s
  5304  5230 -1935313.4  741  562          - -1942363.3      -  19.8  954s
  5305  5231 -1942363.3  290  562          - -1942363.3      -  19.8  955s
  5306  5232 -1942363.3   94  563          - -1942363.3      -  19.8  961s
  5310  5234 -1938759.3  658  573          - -1942363.3      -  19.8  970s
  5313  5236 -1933332.5 1055  570          - -1942361.8      -  19.8  978s
  5317  5240 -1942361.3  232 13175          - -1942361.3      -  33.3  980s
  5319  5241 -1935166.4  675  584          - -1942360.5      -  33.3 1057s
  5320  5242 -1938139.5  707  704          - -1942360.5      -  33.3 1063s
  5321  5243 -1937868.0  578  646          - -1942360.5      -  33.3 1065s
  5327  5247 -1942360.5  142  666          - -1942360.5      -  33.2 1070s
  5329  5248 -1941382.0  327  678          - -1942360.5      -  33.2 1079s
  5330  5249 -1937676.1  761  564          - -1942338.9      -  33.2 1082s
  5331  5249 -1942338.9   51  556          - -1942338.9      -  33.2 1091s
  5334  5251 -1942338.9   72  552          - -1942338.9      -  33.2 1103s
  5335  5252 -1934169.8  829  549          - -1942338.9      -  33.2 1105s
  5336  5253 -1933294.3  688  547          - -1942338.9      -  33.2 1114s
  5337  5253 -1942338.9  186  549          - -1942338.9      -  33.2 1117s
  5339  5255 -1932905.1 1069  552          - -1942338.9      -  33.2 1127s
  5341  5256 -1937355.5  607  552          - -1942314.0      -  33.1 1138s
  5342  5257 -1942314.0  275  548          - -1942314.0      -  33.1 1140s
  5344  5258 -1942314.0  111  552          - -1942314.0      -  33.1 1149s
  5345  5259 -1934071.3  736  547          - -1942307.6      -  33.1 1150s
  5348  5261 -1942299.5  178  542          - -1942299.5      -  33.1 1159s
  5349  5261 -1942296.1   79  538          - -1942296.1      -  33.1 1161s
  5353  5264 -1938775.0  570  543          - -1942296.1      -  33.1 1170s
  5356  5266 -1942293.8  124  545          - -1942293.8      -  33.1 1180s
  5359  5268 -1942291.9  113  547          - -1942291.9      -  33.0 1190s
  5361  5269 -1930827.6 1097  551          - -1942291.1      -  33.0 1201s
  5364  5271 -1940790.7  438  559          - -1942289.8      -  33.0 1211s
  5366  5273 -1938194.2  488  460          - -1942286.5      -  33.0 1224s
  5367  5273 -1931440.9 1034  460          - -1942286.5      -  33.0 1237s
H 5368  5012                    1305761.6867 -1942269.4   249%  61.2 1244s
H 5370  4764                    1297314.6629 -1942250.6   250%  61.2 1254s
  5374  4767 -1941313.4   45  449 1297314.66 -1942250.3   250%  61.2 1255s
  5402  4786 -1940503.7   48  437 1297314.66 -1942144.8   250%  61.2 1260s
H 5431  4566                    -263577.3203 -1942130.3   637%  61.0 1267s
H 5432  4339                    -282711.2092 -1942130.3   587%  61.0 1267s
  5448  4354 -1940601.9   55  426 -282711.21 -1942129.7   587%  60.9 1270s
H 5464  4146                    -293674.0053 -1942129.7   561%  60.8 1274s
H 5465  3941                    -295266.6093 -1942129.7   558%  60.8 1274s
H 5466  3746                    -297669.3990 -1942129.7   552%  60.8 1274s
H 5467  3561                    -310199.0033 -1942129.7   526%  60.8 1274s
  5468  3569 -1940867.4   57  424 -310199.00 -1942129.7   526%  60.8 1276s
  5488  3589 -1940846.8   60  417 -310199.00 -1942129.7   526%  60.7 1280s
H 5528  3433                    -310878.8797 -1942129.7   525%  60.6 1288s
H 5531  3265                    -339687.5708 -1942129.7   472%  60.6 1288s
H 5532  3105                    -374565.3963 -1942129.7   419%  60.6 1289s
H 5534  2955                    -441331.2400 -1942129.7   340%  60.6 1289s
  5535  2966 -1940760.8   67  407 -441331.24 -1942129.7   340%  60.6 1291s
  5565  2988 -1940120.8   70  409 -441331.24 -1942129.7   340%  60.5 1295s
  5595  3011 -1940712.7   74  401 -441331.24 -1942129.7   340%  60.4 1300s
  5632  3035 -1940334.8   78  398 -441331.24 -1942129.7   340%  60.1 1306s
  5665  3060 -1940506.6   82  396 -441331.24 -1942129.7   340%  59.9 1311s
  5704  3088 -1939069.4   87  392 -441331.24 -1942129.7   340%  59.6 1317s
H 5725  2942                    -470126.5520 -1942129.7   313%  59.5 1329s
H 5726  2806                    -471982.8300 -1942129.7   311%  59.5 1329s
H 5727  2676                    -485683.2632 -1942129.7   300%  59.5 1329s
H 5728  2554                    -527086.6156 -1942129.7   268%  59.5 1329s
  5729  2572 -1940329.1   90  387 -527086.62 -1942129.7   268%  59.5 1333s
  5747  2591 -1940275.4   93  387 -527086.62 -1942129.7   268%  59.5 1336s
  5772  2605 -1940382.8   96  386 -527086.62 -1942129.7   268%  59.3 1340s
  5823  2644 -1940327.6  102  370 -527086.62 -1942129.7   268%  59.0 1347s
  5851  2667 -1940337.0  106  369 -527086.62 -1942129.7   268%  58.8 1351s
  5883  2686 -1940294.4  110  363 -527086.62 -1942129.7   268%  58.6 1355s
  5947  2736 -1940204.9  118  353 -527086.62 -1942129.7   268%  58.2 1364s
  5984  2772 -1940259.4  123  346 -527086.62 -1942129.7   268%  58.0 1368s
H 6032  2643                    -1880160.401 -1942129.7  3.30%  57.7 1422s

Cutting planes:
  Gomory: 318
  Cover: 406
  Implied bound: 136
  Projected implied bound: 61
  Clique: 5
  MIR: 902
  Mixing: 11
  StrongCG: 1
  Flow cover: 572
  RLT: 32
  Relax-and-lift: 208

Explored 6036 nodes (347915 simplex iterations) in 1423.33 seconds (465.07 work units)
Thread count was 4 (of 4 available processors)

Solution count 10: -1.88016e+06 -527087 -485683 ... -310199

Optimal solution found (tolerance 8.00e-02)
Best objective -1.880160400993e+06, best bound -1.942129744286e+06, gap 3.2960%

