Solver command line: ['C:\\Program Files\\gurobi1102\\win64\\bin\\gurobi.bat']

Set parameter Username
Academic license - for non-commercial use only - expires 2025-07-11
Read LP format model from file C:\Users\PAULWI~1\AppData\Local\Temp\tmp0_wois0i.pyomo.lp
Reading time = 7.38 seconds
objective: 869618 rows, 816911 columns, 1976385 nonzeros
Set parameter MIPGap to value 0.03
Gurobi Optimizer version 11.0.2 build v11.0.2rc0 (win64 - Windows 10.0 (19045.2))

CPU model: Intel(R) Xeon(R) CPU E5-1607 v2 @ 3.00GHz, instruction set [SSE2|AVX]
Thread count: 4 physical cores, 4 logical processors, using up to 4 threads

Optimize a model with 869618 rows, 816911 columns and 1976385 nonzeros
Model fingerprint: 0xf5e88039
Model has 8783 quadratic constraints
Variable types: 711504 continuous, 105407 integer (87840 binary)
Coefficient statistics:
  Matrix range     [6e-03, 1e+03]
  QMatrix range    [1e+00, 1e+00]
  Objective range  [1e-02, 3e+02]
  Bounds range     [1e+00, 3e+00]
  RHS range        [8e-05, 1e+04]
Presolve removed 702744 rows and 632469 columns
Presolve time: 1.93s
Presolved: 166874 rows, 184442 columns, 518201 nonzeros
Variable types: 114173 continuous, 70269 integer (61485 binary)
Deterministic concurrent LP optimizer: primal and dual simplex
Showing primal log only...


Root simplex log...

Iteration    Objective       Primal Inf.    Dual Inf.      Time
       0    9.0244823e+06   8.134183e+07   8.454562e+13     16s
Concurrent spin time: 0.44s (can be avoided by choosing Method=3)

Solved with dual simplex

Root simplex log...

Iteration    Objective       Primal Inf.    Dual Inf.      Time
   30126   -2.6266830e+06   0.000000e+00   0.000000e+00     17s

Use crossover to convert LP symmetric solution to basic solution...

Root crossover log...

       0 DPushes remaining with DInf 0.0000000e+00                17s

    6017 PPushes remaining with PInf 0.0000000e+00                17s
       0 PPushes remaining with PInf 0.0000000e+00                18s

  Push phase complete: Pinf 0.0000000e+00, Dinf 2.1734006e-10     18s


Root simplex log...

Iteration    Objective       Primal Inf.    Dual Inf.      Time
   43519   -2.6266830e+06   0.000000e+00   0.000000e+00     18s
   43519   -2.6266830e+06   0.000000e+00   0.000000e+00     18s

Root relaxation: objective -2.626683e+06, 43519 iterations, 2.14 seconds (0.78 work units)
Total elapsed time = 17.69s (DegenMoves)

    Nodes    |    Current Node    |     Objective Bounds      |     Work
 Expl Unexpl |  Obj  Depth IntInf | Incumbent    BestBd   Gap | It/Node Time

     0     0 -2626683.0    0  428          - -2626683.0      -     -   21s
     0     0 -2613387.3    0  445          - -2613387.3      -     -   30s
     0     0 -2611611.3    0  423          - -2611611.3      -     -   33s
     0     0 -2611553.6    0  425          - -2611553.6      -     -   33s
     0     0 -2611553.6    0  425          - -2611553.6      -     -   33s
     0     0 -2608784.5    0  390          - -2608784.5      -     -   34s
     0     0 -2608508.4    0  390          - -2608508.4      -     -   35s
     0     0 -2608465.5    0  391          - -2608465.5      -     -   36s
     0     0 -2608465.5    0  395          - -2608465.5      -     -   36s
     0     0 -2608027.3    0  440          - -2608027.3      -     -   39s
     0     0 -2607901.9    0  452          - -2607901.9      -     -   41s
     0     0 -2607872.8    0  456          - -2607872.8      -     -   41s
     0     0 -2607862.9    0  456          - -2607862.9      -     -   42s
     0     0 -2607849.1    0  452          - -2607849.1      -     -   42s
     0     0 -2607847.8    0  456          - -2607847.8      -     -   42s
     0     0 -2607719.2    0  473          - -2607719.2      -     -   47s
     0     0 -2607617.7    0  468          - -2607617.7      -     -   49s
     0     0 -2607595.9    0  474          - -2607595.9      -     -   49s
     0     0 -2607595.9    0  480          - -2607595.9      -     -   49s
     0     0 -2607573.1    0  486          - -2607573.1      -     -   50s
     0     0 -2607561.4    0  486          - -2607561.4      -     -   51s
     0     0 -2607559.8    0  492          - -2607559.8      -     -   51s
     0     0 -2607533.7    0  480          - -2607533.7      -     -   52s
     0     0 -2607465.2    0  477          - -2607465.2      -     -   52s
     0     0 -2607465.2    0  475          - -2607465.2      -     -   53s
     0     0 -2607465.2    0  483          - -2607465.2      -     -   54s
     0     0 -2607465.2    0  481          - -2607465.2      -     -   54s
     0     0 -2607460.4    0  475          - -2607460.4      -     -   55s
     0     0 -2607451.0    0  383          - -2607451.0      -     -   58s
     0     2 -2607451.0    0  369          - -2607451.0      -     -   72s
    15    20 -2605870.7    4  347          - -2607411.3      -  42.1   75s
    51    56 -2606202.8    9  351          - -2607402.0      -  15.0   80s
   100   117 -2606084.3   16  349          - -2607402.0      -  10.6   85s
   170   210 -2606013.9   30  349          - -2607402.0      -   7.6   93s
   209   248 -2605868.2   40  340          - -2607402.0      -   7.3   96s
   247   274 -2605682.3   47  337          - -2607402.0      -   7.5  100s
   327   384 -2605457.8   61  318          - -2607402.0      -   8.9  106s
   456   547 -2605299.1   84  277          - -2607402.0      -  10.1  112s
   546   642 -2605102.3  100  262          - -2607402.0      -   9.9  115s
   714   792 -2604555.4  139  242          - -2607402.0      -   8.4  121s
   877   978 -2604167.4  191  239          - -2607402.0      -   7.4  127s
   977  1105 -2603932.7  208  236          - -2607402.0      -   7.2  130s
  1193  1285 -2602691.2  280  233          - -2607402.0      -   6.8  136s
  1284  1367 -2602563.3  301  234          - -2607402.0      -   6.6  141s
  1366  1487 -2602206.7  314  235          - -2607402.0      -   6.7  146s
  1486  1587 -2602118.5  328  232          - -2607402.0      -   6.6  152s
  1586  1717 -2602019.1  342  232          - -2607402.0      -   6.5  156s
  1716  1836 -2601796.0  363  230          - -2607402.0      -   6.6  161s
  1835  1998 -2601618.6  388  227          - -2607402.0      -   6.6  166s
  1997  2091 -2600613.7  435  229          - -2607402.0      -   6.5  170s
  2200  2310 -2599863.2  488  227          - -2607402.0      -   6.5  179s
  2309  2427 -2599681.5  503  227          - -2607402.0      -   6.6  184s
  2428  2566 -2599229.5  520  227          - -2607402.0      -   6.6  190s
  2567  2716 -2598889.4  543  228          - -2607402.0      -   6.5  199s
  2717  2876 -2598392.9  574  226          - -2607402.0      -   6.3  206s
  2879  3015 -2596667.4  593  226          - -2607402.0      -   6.2  216s
  3020  3234 -2596537.5  630  224          - -2607402.0      -   6.2  223s
  3241  3403 -2595176.0  717  222          - -2607402.0      -   6.0  230s
  3410  3583 -2594925.6  751  214          - -2607402.0      -   5.9  237s
  3590  3756 -2594431.3  797  210          - -2607402.0      -   5.8  245s
  3763  3929 -2594133.4  831  209          - -2607402.0      -   5.7  252s
  3936  4204 -2593754.8  866  209          - -2607402.0      -   5.8  260s
  4213  4429 -2593183.3  910  206          - -2607402.0      -   6.0  268s
  4438  4692 -2592842.3  956  203          - -2607402.0      -   6.0  276s
  4701  4951 -2591941.6 1006  194          - -2607402.0      -   5.9  284s
  4960  5149 -2591549.7 1066  200          - -2607402.0      -   5.8  295s
  5162  5151 -2606074.7  130  437          - -2607402.0      -   5.9  342s
  5163  5152 -2602550.3  303  480          - -2607402.0      -   5.9  347s
  5164  5153 -2604506.4  145  448          - -2607402.0      -   5.9  355s
  5166  5154 -2601890.9  325  468          - -2607402.0      -   5.9  360s
  5168  5155 -2602651.1  272  476          - -2607402.0      -   5.9  375s
  5173  5159 -2599658.8  467  465          - -2606779.4      -   5.9  398s
  5174  5159 -2593532.7  797  464          - -2606430.6      -   5.9  401s
  5178  5162 -2602302.1  420  492          - -2606244.0      -   5.9  406s
  5180  5163 -2596544.8  670  504          - -2606242.5      -   5.9  430s
  5182  5165 -2603175.7  311  495          - -2605850.6      -   5.9  437s
  5185  5167 -2591985.2  955  505          - -2605831.4      -   5.9  465s
  5186  5167 -2601873.4  336  507          - -2605735.6      -   5.9  470s
  5191  5171 -2605603.1   11  516          - -2605603.1      -   5.9  496s
  5193  5172 -2605194.7   44  497          - -2605194.7      -   5.9  510s
  5198  5175 -2605177.0    9  494          - -2605177.0      -   5.9  533s
  5199  5176 -2605014.6   30  480          - -2605014.6      -   5.9  536s
  5204  5179 -2603837.5  219  510          - -2604855.1      -   5.9  555s
  5205  5180 -2591243.7 1105  494          - -2604728.9      -   5.9  560s
  5207  5181 -2604703.5  136  499          - -2604703.5      -   5.9  566s
  5209  5183 -2597405.8  642  506          - -2604702.8      -   5.9  585s
  5214  5186 -2603067.2  352  500          - -2604519.9      -   5.9  607s
  5215  5187 -2601694.9  378  489          - -2604504.4      -   5.9  611s
  5216  5187 -2593066.5  928  494          - -2604496.1      -   5.9  616s
  5219  5189 -2595484.3  801  503          - -2604490.6      -   5.9  620s
  5220  5190 -2593434.7  844  504          - -2604490.5      -   5.9  638s
  5221  5191 -2589267.7  976  504          - -2604485.8      -   5.9  640s
  5225  5193 -2593623.2  925  507          - -2604481.1      -   5.9  659s
  5226  5194 -2601730.5  343  495          - -2604474.6      -   5.9  662s
  5231  5197 -2604329.7  252  506          - -2604466.6      -   5.8  675s
  5235  5200 -2604399.8   12  506          - -2604399.8      -   5.8  689s
  5236  5201 -2599588.4  583  493          - -2604399.8      -   5.8  691s
  5239  5203 -2593187.2  949  477          - -2604394.3      -   5.8  705s
  5241  5204 -2592007.9 1068  471          - -2604377.8      -   5.8  720s
  5245  5207 -2597434.3  684  487          - -2604377.8      -   5.8  739s
  5246  5207 -2602845.0  270  493          - -2604377.8      -   5.8  740s
  5248  5209 -2599994.8  573  486          - -2604377.8      -   5.8  751s
  5251  5211 -2602523.1  247  497          - -2604376.3      -   5.8  762s
  5256  5214 -2603194.8  260  487          - -2604371.0      -   5.8  774s
  5257  5215 -2600772.4  308  486          - -2604367.7      -   5.8  775s
  5259  5216 -2591366.3 1026  495          - -2604355.4      -   5.8  787s
  5261  5217 -2596729.5  562  485          - -2604354.9      -   5.8  799s
  5262  5218 -2604353.9  130  481          - -2604353.9      -   5.8  800s
  5263  5219 -2602550.3  303  481          - -2604353.9      -   5.8  812s
  5264  5219 -2604353.8  145  488          - -2604353.8      -   5.8  817s
  5267  5221 -2604319.3  206  494          - -2604352.6      -   5.8  829s
  5268  5222 -2602651.1  272  496          - -2604352.2      -   5.8  830s
  5269  5223 -2591068.2 1071  501          - -2604352.1      -   5.8  840s
  5273  5225 -2599658.8  467  495          - -2604341.6      -   5.8  852s
  5275  5227 -2600856.4  511  488          - -2604338.7      -   5.8  865s
  5280  5230 -2596544.8  670  491          - -2604333.0      -   5.8  880s
  5285  5233 -2591985.2  955  492          - -2604331.1      -   5.8  892s
  5288  5235 -2604327.4   71  496          - -2604327.4      -   5.8  895s
  5291  5237 -2604326.3   11  502          - -2604326.3      -   5.8  906s
  5297  5242 -2601304.5  478  442          - -2604323.8      -  15.4  941s
  5298  5243 -2604323.8    9  499          - -2604323.8      -  15.4  946s
  5300  5244 -2600287.6  454  459          - -2604323.8      -  15.4  956s
  5306  5248 -2599994.8  579  491          - -2604323.8      -  15.4  972s
  5308  5250 -2604169.3  191  470          - -2604169.3      -  15.4  976s
  5310  5251 -2604169.3  213  479          - -2604169.3      -  15.4  991s
  5312  5252 -2604169.3  114  481          - -2604169.3      -  15.4 1010s
  5315  5254 -2601694.9  378  487          - -2604167.1      -  15.4 1027s
  5317  5256 -2602523.8  237  489          - -2604156.8      -  15.4 1030s
  5321  5258 -2589267.7  976  497          - -2604149.4      -  15.4 1047s
  5324  5260 -2602760.5  398  491          - -2604138.4      -  15.4 1050s
  5325  5261 -2593623.2  925  489          - -2604138.3      -  15.4 1065s
  5327  5262 -2595887.7  651  490          - -2604132.9      -  15.3 1090s
  5329  5264 -2593066.5  930  491          - -2604130.5      -  15.3 1108s
  5330  5264 -2590199.2 1069  488          - -2604126.1      -  15.3 1110s
  5333  5266 -2591913.2 1002  486          - -2604123.0      -  15.3 1131s
  5336  5268 -2599588.4  583  477          - -2604118.9      -  15.3 1148s
  5337  5269 -2590919.6  993  478          - -2604118.9      -  15.3 1150s
  5338  5270 -2604116.7  201  471          - -2604116.7      -  15.3 1155s
  5341  5272 -2592007.9 1068  473          - -2604114.3      -  15.3 1168s
  5342  5272 -2601694.9  400  481          - -2604111.4      -  15.3 1170s
  5344  5274 -2604111.1   62  482          - -2604111.1      -  15.3 1183s
  5346  5275 -2602845.0  270  486          - -2604110.5      -  15.3 1197s
  5348  5276 -2599994.8  573  486          - -2604110.2      -  15.3 1212s
  5351  5278 -2602523.1  247  481          - -2604109.4      -  15.3 1226s
  5354  5280 -2597295.0  567  479          - -2604106.4      -  15.3 1247s
  5356  5282 -2603194.8  260  383          - -2604100.7      -  15.3 1263s
  5357  5282 -2600772.4  308  383          - -2604100.7      -  15.3 1271s
  5360  5289 -2603797.9   26  352          - -2604100.7      -  35.0 1289s
H 5363  5022                    -576174.5810 -2604100.7   352%  35.0 1289s
H 5364  4774                    -630864.0078 -2604100.7   313%  35.0 1291s
  5393  4793 -2603697.0   31  403 -630864.01 -2604084.9   313%  35.2 1295s
  5421  4813 -2603664.6   34  401 -630864.01 -2604075.2   313%  35.2 1301s
H 5422  4574                    -713344.9366 -2604075.2   265%  35.2 1301s
  5447  4593 -2603627.6   38  400 -713344.94 -2604052.8   265%  35.1 1308s
H 5448  4366                    -734232.6482 -2604052.8   255%  35.1 1308s
H 5450  4149                    -1433874.483 -2604052.8  81.6%  35.1 1308s
  5461  4157 -2603630.3   40  400 -1433874.5 -2604051.0  81.6%  35.1 1310s
H 5481  3965                    -1453618.018 -2604031.3  79.1%  35.0 1319s
H 5482  3770                    -1486036.402 -2604031.3  75.2%  35.0 1319s
H 5483  3584                    -1491679.385 -2604031.3  74.6%  35.0 1319s
H 5484  3408                    -1494100.887 -2604030.0  74.3%  35.0 1319s
  5485  3424 -2603623.0   43  391 -1494100.9 -2604030.0  74.3%  35.0 1321s
  5518  3461 -2603620.3   47  386 -1494100.9 -2604025.0  74.3%  34.9 1327s
  5549  3465 -2603611.4   51  379 -1494100.9 -2604025.0  74.3%  34.9 1330s
  5591  3514 -2603545.6   56  380 -1494100.9 -2604025.0  74.3%  35.0 1338s
  5627  3550 -2603389.2   61  361 -1494100.9 -2604025.0  74.3%  35.1 1344s
  5675  3584 -2603412.9   67  344 -1494100.9 -2604025.0  74.3%  35.2 1350s
  5725  3633 -2602730.2   74  342 -1494100.9 -2604025.0  74.3%  35.1 1359s
  5790  3675 -2602690.1   84  328 -1494100.9 -2604025.0  74.3%  35.0 1366s
  5854  3732 -2601978.5   92  317 -1494100.9 -2604025.0  74.3%  34.9 1374s
  5932  3797 -2602537.0  102  291 -1494100.9 -2604025.0  74.3%  34.7 1382s
  6023  3854 -2602527.6  113  278 -1494100.9 -2604025.0  74.3%  34.5 1417s
H 6115  3710                    -1516620.253 -2604025.0  71.7%  34.2 1428s
H 6136  3544                    -1519301.926 -2604025.0  71.4%  34.1 1428s
  6174  3664 -2602513.5  135  258 -1519301.9 -2604025.0  71.4%  33.9 1438s
  6315  3774 -2602484.5  151  242 -1519301.9 -2604025.0  71.4%  33.7 1447s
  6478  3938 -2600554.0  170  237 -1519301.9 -2604025.0  71.4%  33.2 1458s
  6696  4104 -2600753.3  193  235 -1519301.9 -2604025.0  71.4%  32.6 1469s
  6935  4210 -2601662.3  219  229 -1519301.9 -2604025.0  71.4%  31.9 1479s
  7121  4329 -2601633.1  240  215 -1519301.9 -2604025.0  71.4%  31.5 1488s
  7302  4359 -2601344.4  263  213 -1519301.9 -2604025.0  71.4%  31.4 1520s
H 7392  4216                    -1566074.479 -2604025.0  66.3%  31.4 1535s
  7430  4401 -2601316.2  267  211 -1566074.5 -2604025.0  66.3%  31.3 1545s
  7628  4519 -2601260.3  293  208 -1566074.5 -2604025.0  66.3%  31.4 1555s
  7814  4633 -2600917.1  320  198 -1566074.5 -2604025.0  66.3%  31.5 1566s
  7990  4579 -2598669.7  348  200 -1566074.5 -2604025.0  66.3%  31.5 1606s
H 7992  4435                    -1959426.593 -2604025.0  32.9%  31.5 1606s
  7994  4528 -2600896.9  349  203 -1959426.6 -2604025.0  32.9%  31.5 1622s
  8088  4775 -2598318.2  360  199 -1959426.6 -2604025.0  32.9%  31.5 1634s
  8368  4884 -2599760.0  393  193 -1959426.6 -2604025.0  32.9%  31.3 1646s
H 8572  4717                    -1968922.132 -2604025.0  32.3%  31.4 1669s
H 8578  4585                    -1985590.229 -2604025.0  31.1%  31.4 1669s
  8609  4759 -2600286.6  422  192 -1985590.2 -2604025.0  31.1%  31.6 1680s
  8794  4940 -2600070.6  443  192 -1985590.2 -2604025.0  31.1%  32.3 1692s
  9040  5281 -2597471.6  473  196 -1985590.2 -2604025.0  31.1%  33.1 1705s
  9473  5524 -2596864.4  532  192 -1985590.2 -2604025.0  31.1%  32.4 1719s
H 9863  5458                    -2003151.811 -2604025.0  30.0%  31.9 1753s
H 9941  5316                    -2035345.800 -2604025.0  27.9%  31.8 1753s
 10052  5497 -2596187.9  613  186 -2035345.8 -2604025.0  27.9%  31.9 1766s
 10270  5672 -2596378.0  642  186 -2035345.8 -2604025.0  27.9%  32.4 1779s
 10517  6047 -2596347.9  672  188 -2035345.8 -2604025.0  27.9%  32.6 1802s
H10981  5825                    -2058898.648 -2604025.0  26.5%  32.3 1854s
H11026  5798                    -2065728.818 -2604025.0  26.1%  32.3 1883s
H11037  5707                    -2072770.941 -2604025.0  25.6%  32.3 1883s
 11119  6179 -2593927.2  743  181 -2072770.9 -2604025.0  25.6%  32.2 1902s
H11607  6183                    -2112647.270 -2604025.0  23.3%  31.9 1966s
H11609  6183                    -2131710.935 -2604025.0  22.2%  31.9 1966s
 11611  6691 -2592080.9  804  177 -2131710.9 -2604025.0  22.2%  31.9 1982s
 12123  7156 -2592643.5  871  177 -2131710.9 -2604025.0  22.2%  31.2 1997s
 12589  7466 -2591914.8  931  174 -2131710.9 -2604025.0  22.2%  30.4 2010s
 12901  7682 -2591562.4  979  175 -2131710.9 -2604025.0  22.2%  30.4 2024s
 13117  7910 -2591081.4 1015  173 -2131710.9 -2604025.0  22.2%  30.8 2037s
 13348  8193 -2589808.4 1051  175 -2131710.9 -2604025.0  22.2%  31.4 2052s
 13634  8301 -2590870.6 1103  167 -2131710.9 -2604025.0  22.2%  31.9 2085s
H13647  8301                    -2132515.568 -2604025.0  22.1%  31.9 2085s
 13742  8421 -2590966.3 1110  168 -2132515.6 -2604025.0  22.1%  31.9 2126s
 13862  8784 -2590945.7 1125  170 -2132515.6 -2604025.0  22.1%  32.0 2146s
 14227  9282 -2590766.8 1175  158 -2132515.6 -2604025.0  22.1%  32.0 2167s
 14725  9751 -2588860.2 1215  175 -2132515.6 -2604025.0  22.1%  31.7 2187s
 15196 10219 -2589956.1 1270  161 -2132515.6 -2604025.0  22.1%  31.4 2261s
H15310 10219                    -2200441.334 -2604025.0  18.3%  31.3 2261s
 15676 10894 -2588330.9 1327  153 -2200441.3 -2604025.0  18.3%  30.9 2285s
H16353 11000                    -2393628.385 -2604025.0  8.79%  30.1 2341s
H16459 11143                    -2405566.667 -2604025.0  8.25%  30.0 2387s
H16529 11143                    -2405833.104 -2604025.0  8.24%  29.9 2387s
H16564 11143                    -2416656.461 -2604025.0  7.75%  29.9 2388s
 16602 11756 -2588160.8 1477  143 -2416656.5 -2604025.0  7.75%  29.9 2411s
 17216 12350 -2586024.6 1547  140 -2416656.5 -2604025.0  7.75%  29.5 2434s
 17810 12940 -2583970.1 1620  134 -2416656.5 -2604025.0  7.75%  29.2 2457s
 18400 13460 -2584041.2 1686  123 -2416656.5 -2604025.0  7.75%  28.7 2479s
 18920 13906 -2583139.5 1754  120 -2416656.5 -2604025.0  7.75%  28.3 2502s
 19368 14402 -2583053.1 1819  122 -2416656.5 -2604025.0  7.75%  28.1 2522s
 19866 15009 -2581959.2 1882  113 -2416656.5 -2604025.0  7.75%  27.9 2543s
 20479 15577 -2581340.8 1945  107 -2416656.5 -2604025.0  7.75%  27.6 2599s
H21061 15577                    -2451973.107 -2604025.0  6.20%  27.2 2599s
H21062 15577                    -2476046.448 -2604025.0  5.17%  27.2 7047s
 21063 15578 -2584867.3 1279 13175 -2476046.4 -2604025.0  5.17%  27.2 7058s
H21064 14800                    -2476369.804 -2604025.0  5.15%  27.2 7127s
 21065 14800 -2581311.2 1895  442 -2476369.8 -2604025.0  5.15%  27.2 7130s
 21067 14802 -2591395.7  781  456 -2476369.8 -2604025.0  5.15%  27.2 7138s
 21068 14802 -2591739.8 1218  438 -2476369.8 -2604025.0  5.15%  27.2 7164s
 21069 14803 -2599371.2  464  462 -2476369.8 -2604025.0  5.15%  27.2 7165s
 21074 14806 -2581001.0 1972  525 -2476369.8 -2603754.3  5.14%  27.2 7174s
 21075 14807 -2588342.9  876  527 -2476369.8 -2603753.7  5.14%  27.2 7182s
 21076 14808 -2588956.3 1395  529 -2476369.8 -2603753.7  5.14%  27.2 7222s
 21081 14811 -2587191.0 1421  508 -2476369.8 -2603731.1  5.14%  27.2 7225s
 21083 14812 -2596219.9  563  509 -2476369.8 -2603730.8  5.14%  27.2 7278s
 21084 14813 -2594504.9  677  501 -2476369.8 -2603712.9  5.14%  27.2 7280s
 21086 14814 -2585408.1 1840  514 -2476369.8 -2603711.4  5.14%  27.2 7294s
 21087 14815 -2599307.4  465  512 -2476369.8 -2603710.8  5.14%  27.2 7303s
 21088 14816 -2581138.5 1937  514 -2476369.8 -2603710.5  5.14%  27.2 7365s
H21090 14075                    -2477386.890 -2603687.7  5.10%  27.2 7483s
 21092 14076 -2589719.8  922  523 -2477386.9 -2603683.5  5.10%  27.2 7485s
 21095 14078 -2600734.6  385  527 -2477386.9 -2603681.6  5.10%  27.1 7601s
H21095 13374                    -2478403.777 -2603665.9  5.05%  27.1 7603s
 21097 13376 -2601652.5  169  525 -2478403.8 -2603653.3  5.05%  27.1 7617s
H21099 12707                    -2479410.477 -2603648.5  5.01%  27.1 7655s
H21099 12071                    -2480912.906 -2603648.5  4.95%  27.1 7655s
 21101 12072 -2596035.5  569  527 -2480912.9 -2603645.3  4.95%  27.1 7691s
H21101 11468                    -2482198.216 -2603644.4  4.89%  27.1 7692s
 21103 11470 -2598317.0  358  540 -2482198.2 -2603644.2  4.89%  27.1 7734s
 21104 11470 -2581974.3 1875  538 -2482198.2 -2603641.4  4.89%  27.1 7736s
H21108 10899                    -2484140.445 -2603638.0  4.81%  27.1 7777s
 21110 10900 -2596638.0  626  544 -2484140.4 -2603635.6  4.81%  27.1 7811s
 21113 10902 -2590047.3  910  543 -2484140.4 -2603633.7  4.81%  27.1 7838s
H21113 10356                    -2485620.654 -2603626.8  4.75%  27.1 7841s
 21115 10358 -2591129.6 1106  548 -2485620.7 -2603626.8  4.75%  27.1 7868s
 21116 10358 -2594411.4  945  552 -2485620.7 -2603626.8  4.75%  27.1 7870s
 21117 10359 -2584075.9 1708  553 -2485620.7 -2603626.8  4.75%  27.1 7898s
H21117  9840                    -2485706.746 -2603626.8  4.74%  27.1 7900s
H21120  9349                    -2487548.420 -2603624.4  4.67%  27.1 7928s
 21122  9350 -2589128.1 1439  561 -2487548.4 -2603623.9  4.67%  27.1 7930s
H21122  8881                    -2488359.844 -2603623.8  4.63%  27.1 7955s
H21123  8437                    -2489143.890 -2603622.9  4.60%  27.1 7958s
 21125  8438 -2594814.5  578  559 -2489143.9 -2603622.9  4.60%  27.1 7985s
 21127  8440 -2595684.1  747  564 -2489143.9 -2603622.9  4.60%  27.1 8015s
H21127  8017                    -2489697.284 -2603621.8  4.58%  27.1 8017s
H21128  7615                    -2504914.133 -2603621.7  3.94%  27.1 8047s
 21132  7618 -2602167.4  115  586 -2504914.1 -2603619.5  3.94%  27.1 8074s
H21132  7236                    -2505041.478 -2603619.2  3.94%  27.1 8079s
H21133  6874                    -2505311.695 -2603618.5  3.92%  27.1 8079s
H21134  6529                    -2543157.916 -2603618.5  2.38%  27.1 8105s

Cutting planes:
  Gomory: 334
  Cover: 283
  Implied bound: 129
  Projected implied bound: 98
  Clique: 2
  MIR: 793
  Mixing: 9
  StrongCG: 2
  Flow cover: 568
  RLT: 28
  Relax-and-lift: 82

Explored 21134 nodes (618046 simplex iterations) in 8106.40 seconds (1441.60 work units)
Thread count was 4 (of 4 available processors)

Solution count 10: -2.54316e+06 -2.50531e+06 -2.50504e+06 ... -2.48414e+06

Optimal solution found (tolerance 3.00e-02)
Best objective -2.543157915833e+06, best bound -2.603618464057e+06, gap 2.3774%

