Solver command line: ['C:\\Program Files\\gurobi1102\\win64\\bin\\gurobi.bat']

Set parameter Username
Academic license - for non-commercial use only - expires 2025-07-11
Read LP format model from file C:\Users\PAULWI~1\AppData\Local\Temp\tmpt_2bu_cc.pyomo.lp
Reading time = 7.08 seconds
objective: 939890 rows, 878399 columns, 2125712 nonzeros
Set parameter MIPGap to value 0.08
Gurobi Optimizer version 11.0.2 build v11.0.2rc0 (win64 - Windows 10.0 (19045.2))

CPU model: Intel(R) Xeon(R) CPU E5-1607 v2 @ 3.00GHz, instruction set [SSE2|AVX]
Thread count: 4 physical cores, 4 logical processors, using up to 4 threads

Optimize a model with 939890 rows, 878399 columns and 2125712 nonzeros
Model fingerprint: 0xa430024a
Model has 8783 quadratic constraints
Variable types: 755424 continuous, 122975 integer (105408 binary)
Coefficient statistics:
  Matrix range     [6e-03, 1e+03]
  QMatrix range    [1e+00, 1e+00]
  Objective range  [1e-02, 3e+02]
  Bounds range     [1e+00, 3e+00]
  RHS range        [1e-04, 1e+04]
Presolve removed 764218 rows and 667591 columns
Presolve time: 2.30s
Presolved: 175672 rows, 210808 columns, 570932 nonzeros
Variable types: 140539 continuous, 70269 integer (61485 binary)
Deterministic concurrent LP optimizer: primal and dual simplex
Showing primal log only...


Root simplex log...

Iteration    Objective       Primal Inf.    Dual Inf.      Time
       0    2.2783420e+07   1.045080e+08   8.147254e+13     16s
Concurrent spin time: 15.09s (can be avoided by choosing Method=3)

Solved with dual simplex

Root simplex log...

Iteration    Objective       Primal Inf.    Dual Inf.      Time
   50776   -1.9874163e+06   0.000000e+00   0.000000e+00     34s

Root relaxation: objective -1.987416e+06, 50776 iterations, 17.89 seconds (1.41 work units)
Total elapsed time = 33.70s (DegenMoves)
Total elapsed time = 35.35s (DegenMoves)

    Nodes    |    Current Node    |     Objective Bounds      |     Work
 Expl Unexpl |  Obj  Depth IntInf | Incumbent    BestBd   Gap | It/Node Time

     0     0 -1987416.3    0  559          - -1987416.3      -     -   38s
     0     0 -1978035.3    0  641          - -1978035.3      -     -   86s
     0     0 -1976810.0    0  651          - -1976810.0      -     -   88s
     0     0 -1976809.7    0  649          - -1976809.7      -     -   89s
     0     0 -1973069.8    0  649          - -1973069.8      -     -   91s
     0     0 -1972853.8    0  680          - -1972853.8      -     -   92s
     0     0 -1972774.7    0  690          - -1972774.7      -     -   93s
     0     0 -1972771.4    0  686          - -1972771.4      -     -   93s
     0     0 -1972771.4    0  688          - -1972771.4      -     -   93s
     0     0 -1972412.1    0  667          - -1972412.1      -     -   95s
     0     0 -1972371.6    0  660          - -1972371.6      -     -   97s
     0     0 -1972363.9    0  657          - -1972363.9      -     -   97s
     0     0 -1972361.3    0  656          - -1972361.3      -     -   98s
     0     0 -1972180.4    0  635          - -1972180.4      -     -   99s
     0     0 -1972124.0    0  638          - -1972124.0      -     -  101s
     0     0 -1972121.6    0  643          - -1972121.6      -     -  101s
     0     0 -1971981.6    0  641          - -1971981.6      -     -  103s
     0     0 -1971802.3    0  640          - -1971802.3      -     -  104s
     0     0 -1971798.9    0  645          - -1971798.9      -     -  105s
     0     0 -1971773.4    0  621          - -1971773.4      -     -  106s
     0     0 -1971733.4    0  640          - -1971733.4      -     -  107s
     0     0 -1971732.9    0  651          - -1971732.9      -     -  108s
     0     0 -1971520.0    0  620          - -1971520.0      -     -  109s
     0     0 -1971503.1    0  619          - -1971503.1      -     -  110s
     0     0 -1971503.1    0  621          - -1971503.1      -     -  110s
     0     0 -1971391.9    0  589          - -1971391.9      -     -  112s
     0     0 -1971383.6    0  603          - -1971383.6      -     -  112s
     0     0 -1971383.1    0  606          - -1971383.1      -     -  113s
     0     0 -1971375.9    0  594          - -1971375.9      -     -  113s
     0     0 -1971369.5    0  592          - -1971369.5      -     -  114s
     0     0 -1971369.5    0  591          - -1971369.5      -     -  115s
     0     0 -1971362.3    0  449          - -1971362.3      -     -  120s
     0     2 -1971362.3    0  445          - -1971362.3      -     -  140s
    39    48 -1971064.3   10  427          - -1971343.4      -  28.8  145s
    75    96 -1970995.1   17  422          - -1971343.4      -  17.5  150s
   120   146 -1970904.7   24  409          - -1971343.4      -  13.8  156s
   173   206 -1970807.7   33  407          - -1971343.4      -  13.2  163s
   205   239 -1970725.7   40  387          - -1971343.4      -  13.3  166s
   273   311 -1970573.6   54  369          - -1971343.4      -  13.2  173s
   310   344 -1970519.3   62  352          - -1971343.4      -  12.5  177s
   343   427 -1970299.9   69  344          - -1971343.4      -  12.0  181s
   426   514 -1970259.2   86  333          - -1971343.4      -  11.0  185s
   600   677 -1969637.3  130  326          - -1971343.4      -   8.5  192s
   676   748 -1969613.6  148  326          - -1971343.4      -   7.7  196s
   835   948 -1968884.6  192  319          - -1971343.4      -   7.4  203s
   949  1012 -1968603.6  222  317          - -1971343.4      -   6.8  207s
  1013  1092 -1968501.1  239  317          - -1971343.4      -   6.4  211s
  1093  1187 -1968441.4  259  317          - -1971343.4      -   6.0  215s
  1271  1364 -1967707.0  297  313          - -1971343.4      -   6.0  223s
  1365  1478 -1967515.1  309  316          - -1971343.4      -   6.1  227s
  1479  1600 -1967232.5  338  313          - -1971343.4      -   6.0  232s
  1601  1689 -1966734.6  363  313          - -1971343.4      -   5.7  237s
  1690  1763 -1966438.3  382  311          - -1971343.4      -   5.5  241s
  1764  1888 -1966399.7  400  311          - -1971343.4      -   5.4  246s
  1889  1979 -1965765.4  421  306          - -1971343.4      -   5.3  252s
  1980  2091 -1965561.4  436  308          - -1971343.4      -   5.3  257s
  2092  2223 -1965351.5  461  309          - -1971343.4      -   5.2  263s
  2224  2300 -1964939.1  494  309          - -1971343.4      -   5.0  269s
  2315  2422 -1964785.1  518  309          - -1971343.4      -   4.9  276s
  2437  2542 -1964520.8  550  309          - -1971343.4      -   4.7  282s
  2557  2691 -1963775.9  583  310          - -1971343.4      -   4.6  289s
  2706  2779 -1963498.0  622  306          - -1971343.4      -   4.5  296s
  2794  2894 -1963498.0  641  306          - -1971343.4      -   4.5  303s
  2909  3061 -1963159.3  661  288          - -1971343.4      -   4.6  311s
  3076  3291 -1962651.1  696  282          - -1971343.4      -   4.7  320s
  3306  3459 -1962346.5  741  275          - -1971343.4      -   4.6  328s
  3476  3616 -1962243.3  777  270          - -1971343.4      -   4.6  336s
  3633  3789 -1962113.5  807  272          - -1971343.4      -   4.6  345s
  3808  4039 -1961762.0  839  267          - -1971343.4      -   4.6  354s
  4062  4238 -1961522.3  880  265          - -1971343.4      -   4.6  364s
  4263  4590 -1960814.2  920  262          - -1971343.4      -   4.6  373s
  4616  4931 -1959961.8  988  261          - -1971343.4      -   4.5  383s
  4960  5245 -1958941.8 1042  260          - -1971343.4      -   4.4  393s
  5277  5246 -1965920.9  497 13175          - -1971343.4      -   4.4  395s
  5279  5247 -1960480.1  763  541          - -1971343.4      -   4.4  473s
  5280  5248 -1960553.2  903  621          - -1971343.4      -   4.4  478s
  5282  5249 -1958278.3 1157  604          - -1971343.4      -   4.4  481s
  5288  5253 -1968253.1  260  672          - -1971333.6      -   4.4  485s
  5289  5254 -1968348.9  256  673          - -1971333.6      -   4.4  495s
  5294  5257 -1962243.3  773  573          - -1970177.4      -   4.4  500s
  5295  5258 -1965172.3  459  573          - -1970177.4      -   4.4  511s
  5297  5259 -1964384.9  537  544          - -1968769.6      -   4.4  515s
  5301  5262 -1961753.7  862  549          - -1968729.9      -   4.4  527s
  5303  5263 -1962735.7  719  548          - -1968068.3      -   4.4  530s
  5308  5267 -1967164.8  154  551          - -1968044.2      -   4.4  542s
  5310  5268 -1967180.2  147  557          - -1967465.4      -   4.4  545s
  5314  5271 -1960987.0  680  586          - -1967465.4      -   4.4  556s
  5321  5275 -1962459.1  558  558          - -1967092.3      -   4.4  568s
  5322  5276 -1963541.0  425  534          - -1967044.6      -   4.4  570s
  5326  5279 -1959982.3  816  562          - -1967027.2      -   4.4  580s
  5332  5283 -1961201.3  804  577          - -1966995.3      -   4.4  592s
  5334  5284 -1963159.2  666  554          - -1966906.8      -   4.4  595s
  5336  5285 -1962068.8  796  570          - -1966902.9      -   4.4  604s
  5337  5286 -1962243.3  785  557          - -1966896.5      -   4.4  606s
  5340  5288 -1961593.0  799  567          - -1966884.9      -   4.4  618s
  5341  5289 -1965324.5  435  556          - -1966864.8      -   4.4  621s
  5344  5291 -1962111.6  807  549          - -1966864.8      -   4.4  632s
  5345  5291 -1966855.2   69  549          - -1966855.2      -   4.4  635s
  5348  5293 -1966269.7  422  565          - -1966847.1      -   4.4  645s
  5350  5295 -1966839.5  314  563          - -1966839.5      -   4.4  652s
  5353  5297 -1960828.9  890  571          - -1966835.1      -   4.4  660s
  5356  5299 -1961189.1  925  562          - -1966833.4      -   4.4  669s
  5357  5299 -1958084.2 1120  557          - -1966832.4      -   4.4  671s
  5360  5301 -1955299.2 1121  558          - -1966830.8      -   4.4  678s
  5361  5302 -1957402.9  969  550          - -1966826.0      -   4.4  680s
  5363  5303 -1961354.2  910  560          - -1966824.0      -   4.4  687s
  5366  5305 -1966810.8   26  555          - -1966810.8      -   4.4  696s
  5369  5307 -1965172.3  459  565          - -1966806.3      -   4.4  705s
  5372  5309 -1962111.6  807  567          - -1966800.3      -   4.4  714s
  5374  5311 -1958619.6 1058  561          - -1966792.7      -   4.4  715s
  5375  5311 -1962083.2  780  558          - -1966792.7      -   4.4  722s
  5377  5313 -1965920.9  497  559          - -1966783.7      -   4.4  725s
  5378  5313 -1957999.6  910  559          - -1966783.7      -   4.4  732s
  5380  5315 -1960553.2  903  557          - -1966783.7      -   4.4  739s
  5381  5315 -1957692.0 1185  558          - -1966783.1      -   4.4  741s
  5383  5317 -1958001.6  900  560          - -1966779.5      -   4.4  748s
  5384  5317 -1963412.6  500  562          - -1966776.6      -   4.3  750s
  5391  5322 -1965053.9  480  565          - -1966767.3      -   4.3  759s
  5392  5323 -1961836.9  774  556          - -1966757.4      -   4.3  761s
  5399  5327 -1966744.2  369  562          - -1966744.2      -   4.3  770s
  5406  5332 -1960955.6  813  561          - -1966725.2      -   4.3  780s
  5410  5335 -1966705.4  147  555          - -1966705.4      -   4.3  790s
  5414  5337 -1960987.0  680  549          - -1966700.0      -   4.3  799s
  5415  5338 -1966700.0  214  550          - -1966700.0      -   4.3  801s
  5418  5340 -1961926.8  613  553          - -1966697.9      -   4.3  809s
  5419  5341 -1965132.2  491  552          - -1966697.9      -   4.3  810s
  5420  5341 -1960533.7  941  551          - -1966697.8      -   4.3  817s
  5424  5344 -1962999.7  605  558          - -1966664.3      -   4.3  826s
  5426  5345 -1959982.3  816  549          - -1966656.1      -   4.3  835s
  5428  5347 -1966649.3   87  549          - -1966649.3      -   4.3  843s
  5429  5347 -1962622.6  750  421          - -1966649.3      -   4.3  857s
  5430  5348 -1954233.5 1253  495          - -1966649.3      -   4.3  865s
  5434  5351 -1963159.2  666  514          - -1966649.3      -   4.3  875s
  5440  5356 -1961593.0  799  575          - -1966649.3      -  20.0  953s
  5441  5357 -1965324.5  435  630          - -1966649.3      -  20.0  958s
  5443  5358 -1966649.3   61  590          - -1966649.3      -  20.0  961s
  5448  5362 -1966269.7  422  635          - -1966641.0      -  20.0  965s
  5452  5364 -1962797.2  676  638          - -1966639.7      -  20.0  975s
  5457  5368 -1958084.2 1120  521          - -1966440.9      -  20.0  980s
  5458  5368 -1964082.2  499  521          - -1966440.9      -  20.0  987s
  5459  5369 -1961836.9  775  520          - -1966407.1      -  20.0  990s
  5464  5372 -1966285.3  197  514          - -1966285.3      -  20.0  999s
  5465  5373 -1962732.0  697  515          - -1966238.2      -  20.0 1001s
  5468  5375 -1962256.5  664  515          - -1966213.3      -  19.9 1009s
  5469  5376 -1965172.3  459  515          - -1966118.6      -  19.9 1011s
  5474  5379 -1958619.6 1058  517          - -1966078.3      -  19.9 1020s
  5478  5382 -1957999.6  910  519          - -1966043.3      -  19.9 1031s
  5481  5384 -1957692.0 1185  533          - -1966040.9      -  19.9 1040s
  5485  5386 -1962624.5  744  538          - -1966027.6      -  19.9 1049s
  5486  5387 -1959253.7  796  534          - -1966018.9      -  19.9 1051s
  5487  5388 -1958893.2  976  533          - -1966018.9      -  19.9 1058s
  5491  5390 -1965053.9  480  528          - -1966004.0      -  19.9 1060s
  5492  5391 -1961836.9  774  528          - -1966003.9      -  19.9 1066s
  5497  5394 -1964384.9  537  539          - -1965993.6      -  19.8 1070s
  5498  5395 -1958627.0 1097  539          - -1965993.6      -  19.8 1077s
  5501  5397 -1961753.7  862  543          - -1965991.5      -  19.8 1087s
  5504  5399 -1963412.6  504  543          - -1965985.9      -  19.8 1097s
  5509  5402 -1962389.0  727  551          - -1965975.5      -  19.8 1107s
  5511  5404 -1965257.0  505  543          - -1965973.2      -  19.8 1117s
  5513  5405 -1963238.9  663  542          - -1965973.2      -  19.8 1127s
  5517  5408 -1965270.6  354  544          - -1965971.0      -  19.8 1138s
  5519  5409 -1965132.2  491  547          - -1965969.2      -  19.8 1148s
  5523  5413 -1965965.5  274 13175          - -1965965.5      -  32.7 1150s
  5525  5414 -1957765.2 1092  575          - -1965965.5      -  32.7 1226s
  5526  5415 -1959982.3  816  608          - -1965965.5      -  32.7 1232s
  5529  5417 -1962622.6  750  615          - -1965965.5      -  32.7 1236s
  5536  5422 -1962068.8  796  639          - -1965965.5      -  32.6 1240s
  5538  5423 -1965965.5  306  641          - -1965965.5      -  32.6 1250s
  5541  5425 -1965324.5  435  515          - -1965947.4      -  32.6 1261s
  5544  5427 -1962111.6  807  513          - -1965947.4      -  32.6 1273s
  5545  5428 -1965947.4   69  514          - -1965947.4      -  32.6 1275s
  5548  5430 -1965947.4  422  505          - -1965947.4      -  32.5 1284s
  5549  5430 -1954066.3 1285  513          - -1965947.4      -  32.5 1285s
  5550  5431 -1965947.4  314  513          - -1965947.4      -  32.5 1293s
  5551  5432 -1958262.6 1096  516          - -1965946.8      -  32.5 1295s
  5552  5432 -1962797.2  676  521          - -1965946.8      -  32.5 1302s
  5555  5434 -1965946.8  343  527          - -1965946.8      -  32.5 1311s
  5558  5436 -1964082.2  499  528          - -1965945.0      -  32.5 1320s
  5561  5438 -1957402.9  969  532          - -1965943.8      -  32.5 1330s
  5563  5440 -1961354.2  910  419          - -1965943.6      -  32.5 1344s
  5564  5440 -1965943.6  197  419          - -1965943.6      -  32.5 1363s
  5565  5444 -1965028.1   34  409          - -1965943.4      -  59.3 1371s
H 5567  5174                    1822218.3408 -1965943.3   208%  59.3 1375s
H 5569  4915                    1288771.3377 -1965941.5   253%  59.3 1375s
H 5572  4672                    1283352.4218 -1965939.4   253%  59.3 1378s
  5583  4680 -1964953.0   37  425 1283352.42 -1965905.0   253%  59.2 1380s
  5611  4699 -1964850.2   41  415 1283352.42 -1965849.2   253%  59.1 1385s
H 5635  4481                    -264318.9354 -1965829.6   644%  59.0 1392s
  5647  4497 -1964743.2   45  410 -264318.94 -1965829.6   644%  58.9 1395s
  5680  4519 -1964712.8   50  399 -264318.94 -1965829.6   644%  58.7 1400s
  5712  4548 -1964682.7   54  395 -264318.94 -1965829.6   644%  58.5 1406s
  5756  4573 -1964677.2   59  382 -264318.94 -1965829.6   644%  58.2 1411s
  5792  4604 -1964673.5   64  367 -264318.94 -1965829.6   644%  58.0 1418s
  5815  4607 -1964423.2   66  369 -264318.94 -1965829.6   644%  58.0 1423s
H 5816  4384                    -281901.7360 -1965829.6   597%  58.0 1423s
H 5819  4172                    -356954.1590 -1965829.6   451%  58.0 1423s
  5825  4192 -1964671.9   68  360 -356954.16 -1965829.6   451%  57.9 1426s
  5868  4226 -1964631.2   73  357 -356954.16 -1965829.6   451%  57.8 1433s
  5895  4237 -1964304.8   76  353 -356954.16 -1965829.6   451%  57.6 1436s
  5917  4257 -1963990.5   78  357 -356954.16 -1965829.6   451%  57.6 1440s
  5969  4296 -1964284.7   85  351 -356954.16 -1965829.6   451%  57.4 1448s
  6001  4314 -1964232.5   89  349 -356954.16 -1965829.6   451%  57.2 1452s
  6030  4340 -1964205.7   92  344 -356954.16 -1965829.6   451%  57.0 1456s
  6066  4368 -1964229.4   97  339 -356954.16 -1965829.6   451%  56.7 1461s
H 6106  4167                    -417955.1264 -1965829.6   370%  56.5 1469s
  6119  4209 -1964225.5  103  334 -417955.13 -1965829.6   370%  56.4 1476s
  6166  4245 -1964216.4  109  319 -417955.13 -1965829.6   370%  56.0 1481s
  6221  4280 -1964214.7  115  310 -417955.13 -1965829.6   370%  55.6 1486s
  6275  4326 -1964209.2  123  304 -417955.13 -1965829.6   370%  55.3 1496s
H 6338  4115                    -773584.2811 -1965829.6   154%  54.9 1496s
  6339  4180 -1964116.6  131  304 -773584.28 -1965829.6   154%  54.9 1502s
  6404  4160 infeasible  139      -773584.28 -1965829.6   154%  54.5 1593s
H 6406  3979                    -920820.0259 -1965829.6   113%  54.5 1593s
H 6408  3806                    -954756.1364 -1965829.6   106%  54.5 1593s
H 6410  3658                    -985832.9634 -1965829.6  99.4%  54.5 1602s
  6426  3720 -1964067.0  142  300 -985832.96 -1965829.6  99.4%  54.4 1608s
  6499  3772 -1964021.8  151  295 -985832.96 -1965829.6  99.4%  54.0 1614s
  6577  3825 -1964020.4  161  288 -985832.96 -1965829.6  99.4%  53.6 1621s
  6656  3900 -1964012.2  171  288 -985832.96 -1965829.6  99.4%  53.1 1628s
  6760  3990 -1963994.6  183  283 -985832.96 -1965829.6  99.4%  52.5 1635s
  6884  4033 -1962777.5  199  283 -985832.96 -1965829.6  99.4%  51.8 1655s
H 6901  3873                    -1021926.755 -1965829.6  92.4%  51.7 1655s
H 6929  3715                    -1043503.466 -1965829.6  88.4%  51.5 1655s
  6971  3815 -1963290.6  208  280 -1043503.5 -1965829.6  88.4%  51.3 1663s
  7087  3899 -1963827.5  222  278 -1043503.5 -1965829.6  88.4%  50.7 1671s
  7209  4001 -1963279.6  238  283 -1043503.5 -1965829.6  88.4%  50.1 1679s
  7352  4066 -1962476.9  256  283 -1043503.5 -1965829.6  88.4%  49.4 1687s
  7465  4152 -1962346.8  274  278 -1043503.5 -1965829.6  88.4%  49.0 1695s
  7588  4233 -1959766.3  293  276 -1043503.5 -1965829.6  88.4%  48.7 1704s
  7712  4331 -1961207.6  310  272 -1043503.5 -1965829.6  88.4%  48.3 1713s
  7852  4369 -1959660.7  320  285 -1043503.5 -1965829.6  88.4%  47.8 1737s
H 7892  4215                    -1207922.978 -1965829.6  62.7%  47.7 1737s
  7937  4361 -1960678.1  330  279 -1207923.0 -1965829.6  62.7%  47.5 1748s
  8100  4499 -1960623.1  349  277 -1207923.0 -1965829.6  62.7%  47.0 1758s
  8292  4617 -1960603.3  377  276 -1207923.0 -1965829.6  62.7%  46.3 1768s
  8476  4773 -1960603.3  406  276 -1207923.0 -1965829.6  62.7%  45.7 1778s
  8693  4935 -1960551.5  430  274 -1207923.0 -1965829.6  62.7%  45.0 1789s
H 8928  4728                    -1249038.869 -1965829.6  57.4%  44.4 1862s
H 8931  4601                    -1541875.935 -1965829.6  27.5%  44.4 1862s
H 8932  4525                    -1554654.684 -1965829.6  26.4%  44.4 1885s
H 8933  4410                    -1560649.937 -1965829.6  26.0%  44.4 1885s
H 8976  4288                    -1574242.456 -1965829.6  24.9%  44.2 1885s
  8978  4508 -1960484.4  454  267 -1574242.5 -1965829.6  24.9%  44.2 1898s
  9199  4619 -1959990.9  481  269 -1574242.5 -1965829.6  24.9%  43.8 1910s
  9385  4783 -1959902.3  502  260 -1574242.5 -1965829.6  24.9%  43.6 1923s
  9611  4947 -1959614.4  531  260 -1574242.5 -1965829.6  24.9%  43.1 1936s
  9852  5101 -1959558.5  568  251 -1574242.5 -1965829.6  24.9%  42.7 1949s
 10086  5259 -1959512.0  596  246 -1574242.5 -1965829.6  24.9%  42.4 1964s
 10332  5402 -1959390.0  626  234 -1574242.5 -1965829.6  24.9%  41.8 1979s
 10561  5519 -1959353.4  654  230 -1574242.5 -1965829.6  24.9%  41.4 1994s
H10754  5355                    -1621999.578 -1965829.6  21.2%  41.8 2083s
H10757  5256                    -1632774.993 -1965829.6  20.4%  41.8 2083s
 10758  5808 -1959202.5  673  229 -1632775.0 -1965829.6  20.4%  41.8 2160s
H10822  5696                    -1658208.549 -1965829.6  18.6%  41.9 2160s
H11310  5700                    -1686193.877 -1965829.6  16.6%  42.6 2225s
H11311  5700                    -1688059.434 -1965829.6  16.5%  42.6 2225s
 11314  6224 -1958421.2  742  228 -1688059.4 -1965829.6  16.5%  42.6 2249s
 11452  6224 -1958407.4  766  226 -1688059.4 -1965829.6  16.5%  42.2 2250s
 11838  6610 -1956076.0  811  225 -1688059.4 -1965829.6  16.5%  41.8 2268s
 12226  6945 -1954294.2  857  219 -1688059.4 -1965829.6  16.5%  41.1 2285s
 12588  7275 -1956867.0  898  214 -1688059.4 -1965829.6  16.5%  40.6 2303s
 12926  7629 -1956369.0  935  201 -1688059.4 -1965829.6  16.5%  40.1 2322s
 13285  8011 -1954822.1  980  198 -1688059.4 -1965829.6  16.5%  39.4 2340s
 13680  8365 -1952975.7 1028  195 -1688059.4 -1965829.6  16.5%  38.9 2360s
 14036  8730 -1952882.1 1074  188 -1688059.4 -1965829.6  16.5%  38.3 2380s
 14409  9149 -1948324.5 1118  191 -1688059.4 -1965829.6  16.5%  38.1 2402s
 14828  9576 -1952442.6 1174  185 -1688059.4 -1965829.6  16.5%  37.6 2423s
 15257  9985 -1951990.9 1234  184 -1688059.4 -1965829.6  16.5%  37.0 2446s
 15666 10312 -1951546.2 1286  181 -1688059.4 -1965829.6  16.5%  36.5 2513s
H15737 10312                    -1704509.837 -1965829.6  15.3%  36.4 2513s
H15993 10316                    -1918942.197 -1965829.6  2.44%  36.2 2613s
H15994 10316                    -1921713.175 -1965829.6  2.30%  36.2 2614s

Cutting planes:
  Gomory: 327
  Cover: 368
  Implied bound: 121
  Projected implied bound: 59
  Clique: 4
  MIR: 801
  Mixing: 9
  StrongCG: 2
  Flow cover: 513
  RLT: 42
  Relax-and-lift: 176

Explored 15997 nodes (578462 simplex iterations) in 2614.52 seconds (1180.43 work units)
Thread count was 4 (of 4 available processors)

Solution count 10: -1.92171e+06 -1.91894e+06 -1.70451e+06 ... -1.56065e+06

Optimal solution found (tolerance 8.00e-02)
Best objective -1.921713175094e+06, best bound -1.965829613361e+06, gap 2.2957%

