Solver command line: ['/usr/local/bin/gurobi.sh']

Set parameter WLSAccessID
Set parameter WLSSecret
Set parameter LicenseID to value 2606900
Academic license 2606900 - for non-commercial use only - registered to so___@htwk-leipzig.de
Read LP format model from file /var/folders/jf/5sh4zzv94dxbcz8g7tg2jq5h0000gn/T/tmp5dppdtu5.pyomo.lp
Reading time = 3.94 seconds
objective: 939890 rows, 878399 columns, 2143280 nonzeros
Set parameter TimeLimit to value 2000
Set parameter MIPGap to value 0.08
Gurobi Optimizer version 12.0.1 build v12.0.1rc0 (mac64[rosetta2] - Darwin 24.3.0 24D70)

CPU model: Apple M3
Thread count: 8 physical cores, 8 logical processors, using up to 8 threads

Non-default parameters:
TimeLimit  2000
MIPGap  0.08

Academic license 2606900 - for non-commercial use only - registered to so___@htwk-leipzig.de
Optimize a model with 939890 rows, 878399 columns and 2143280 nonzeros
Model fingerprint: 0x8f994bdc
Model has 8783 quadratic constraints
Variable types: 755424 continuous, 122975 integer (105408 binary)
Coefficient statistics:
  Matrix range     [6e-03, 1e+03]
  QMatrix range    [1e+00, 1e+00]
  Objective range  [1e-02, 4e+02]
  Bounds range     [1e+00, 3e+00]
  RHS range        [8e-05, 1e+04]
Presolve removed 773016 rows and 676389 columns
Presolve time: 0.84s
Presolved: 166874 rows, 202010 columns, 553336 nonzeros
Variable types: 131741 continuous, 70269 integer (61485 binary)
Performing another presolve...
Presolve removed 70271 rows and 70271 columns (presolve time = 8s)...
Presolve removed 70271 rows and 70271 columns
Presolve time: 8.45s
Deterministic concurrent LP optimizer: primal and dual simplex
Showing primal log only...


Root simplex log...

Iteration    Objective       Primal Inf.    Dual Inf.      Time
       0    9.3483876e+06   1.208185e+08   8.411129e+13     11s
Concurrent spin time: 11.04s (can be avoided by choosing Method=3)

Solved with dual simplex

Root simplex log...

Iteration    Objective       Primal Inf.    Dual Inf.      Time
   50942   -8.7688733e+06   0.000000e+00   0.000000e+00     23s

Root relaxation: objective -8.768873e+06, 50942 iterations, 12.93 seconds (1.56 work units)
Total elapsed time = 23.23s (DegenMoves)

    Nodes    |    Current Node    |     Objective Bounds      |     Work
 Expl Unexpl |  Obj  Depth IntInf | Incumbent    BestBd   Gap | It/Node Time

     0     0 -8768873.3    0  432          - -8768873.3      -     -   26s
     0     0 -8765997.4    0  557          - -8765997.4      -     -   62s
     0     0 -8765380.0    0  544          - -8765380.0      -     -   64s
     0     0 -8765379.9    0  548          - -8765379.9      -     -   64s
     0     0 -8763293.0    0  514          - -8763293.0      -     -   66s
     0     0 -8763167.5    0  526          - -8763167.5      -     -   66s
     0     0 -8763159.9    0  522          - -8763159.9      -     -   67s
     0     0 -8763159.9    0  521          - -8763159.9      -     -   67s
     0     0 -8763048.5    0  520          - -8763048.5      -     -   69s
     0     0 -8763000.0    0  533          - -8763000.0      -     -   70s
     0     0 -8762997.9    0  528          - -8762997.9      -     -   71s
     0     0 -8762997.9    0  529          - -8762997.9      -     -   71s
     0     0 -8762879.8    0  540          - -8762879.8      -     -   72s
     0     0 -8762860.2    0  541          - -8762860.2      -     -   73s
     0     0 -8762856.0    0  549          - -8762856.0      -     -   73s
     0     0 -8762855.5    0  549          - -8762855.5      -     -   73s
     0     0 -8762766.1    0  512          - -8762766.1      -     -   74s
     0     0 -8762759.7    0  517          - -8762759.7      -     -   75s
     0     0 -8762758.8    0  522          - -8762758.8      -     -   75s
     0     0 -8762679.7    0  509          - -8762679.7      -     -   76s
     0     0 -8762667.2    0  521          - -8762667.2      -     -   77s
     0     0 -8762660.9    0  513          - -8762660.9      -     -   77s
     0     0 -8762660.1    0  516          - -8762660.1      -     -   78s
     0     0 -8762637.3    0  494          - -8762637.3      -     -   78s
     0     0 -8762629.7    0  496          - -8762629.7      -     -   79s
     0     0 -8762626.8    0  509          - -8762626.8      -     -   79s
     0     0 -8762626.8    0  506          - -8762626.8      -     -   80s
     0     0 -8762603.6    0  490          - -8762603.6      -     -   81s
     0     0 -8762592.9    0  501          - -8762592.9      -     -   81s
     0     0 -8762592.9    0  498          - -8762592.9      -     -   82s
     0     0 -8762592.9    0  505          - -8762592.9      -     -   83s
     0     0 -8762592.9    0  505          - -8762592.9      -     -   83s
     0     0 -8762592.9    0  398          - -8762592.9      -     -   86s
     0     2 -8762592.9    0  387          - -8762592.9      -     -   99s
     7    16 -8762505.5    3  465          - -8762580.7      -   241  100s
   137   366 -8762387.3   13  461          - -8762578.3      -  27.1  108s
   365   877 -8762292.2   31  451          - -8762578.3      -  14.3  118s
   876  1901 -8761826.3   88  451          - -8762578.3      -   8.5  127s
  1900  2447 -8760349.6  208  355          - -8762578.3      -   6.6  132s
  2446  3182 -8759272.6  263  355          - -8762578.3      -   6.5  138s
  3181  3862 -8758752.1  315  348          - -8762578.3      -   5.8  144s
  3861  4259 -8758105.9  360  349          - -8762578.3      -   5.4  149s
  4258  4678 -8757804.7  397  333          - -8762578.3      -   5.5  154s
  4677  5171 -8757680.5  442  324          - -8762578.3      -   5.5  160s
  5170  5651 -8757281.5  486  322          - -8762578.3      -   5.5  166s
  5650  6277 -8757233.2  523  322          - -8762578.3      -   5.6  172s
  6276  6658 -8756823.7  595  323          - -8762578.3      -   5.4  177s
  6657  7001 -8756556.3  625  318          - -8762578.3      -   5.7  181s
  7000  7445 -8756297.4  659  303          - -8762578.3      -   6.0  187s
  7447  7447 -8760608.5  192  420          - -8762578.3      -   6.1  237s
  7448  7448 -8756137.3  695  556          - -8762578.3      -   6.1  240s
  7454  7452 -8756845.6  560  461          - -8762266.1      -   6.1  245s
  7460  7456 -8756600.6  763  459          - -8761857.2      -   6.1  250s
  7468  7461 -8760906.2  154  506          - -8761616.6      -   6.1  256s
  7472  7464 -8757203.2  523  485          - -8761510.5      -   6.1  264s
  7473  7465 -8760443.3  202  505          - -8761471.1      -   6.1  266s
  7478  7468 -8761423.0   46  495          - -8761423.0      -   6.1  270s
  7482  7471 -8759015.6  320  512          - -8761401.1      -   6.1  278s
  7484  7472 -8760387.5  196  519          - -8761393.5      -   6.1  284s
  7485  7473 -8759128.5  304  508          - -8761389.1      -   6.1  285s
  7488  7475 -8760905.4  144  524          - -8761387.3      -   6.0  290s
  7496  7481 -8757143.6  546  420          - -8761360.1      -  14.9  343s
  7497  7482 -8761360.1   63  498          - -8761360.1      -  14.9  346s
  7503  7486 -8757208.2  527  555          - -8761360.1      -  14.9  351s
  7506  7488 -8756637.7  615  501          - -8761360.1      -  14.9  356s
  7509  7490 -8757903.8  644  507          - -8761360.1      -  14.9  361s
  7511  7491 -8758761.5  309  511          - -8761360.1      -  14.9  366s
  7514  7493 -8761360.1   19  506          - -8761360.1      -  14.9  370s
  7517  7495 -8757746.1  422  520          - -8761360.1      -  14.9  375s
  7521  7498 -8761360.1   61  408          - -8761360.1      -  14.9  385s
  7522  7499 -8757226.1  650  408          - -8761360.1      -  14.9  394s
H 7523  7126                    -6816067.085 -8761360.1  28.5%  32.3  397s
H 7525  6773                    -6816546.137 -8761360.1  28.5%  32.3  399s
  7529  6779 -8761115.1   31  388 -6816546.1 -8761349.8  28.5%  32.3  400s
  7545  6841 -8760542.3   33  409 -6816546.1 -8761343.4  28.5%  32.4  405s
H 7604  6557                    -7848246.290 -8761343.4  11.6%  32.5  413s
  7678  6715 -8760439.4   38  400 -7848246.3 -8761343.4  11.6%  32.6  425s
  7860  6976 -8760371.4   50  381 -7848246.3 -8761343.4  11.6%  32.2  446s
H 8061  6587                    -7849897.245 -8761343.4  11.6%  32.2  446s
H 8182  6690                    -7886220.548 -8761343.4  11.1%  32.2  479s
H 8286  6365                    -7890564.982 -8761343.4  11.0%  32.0  479s
H 8337  6072                    -7896588.231 -8761343.4  11.0%  31.9  480s
H 8523  5747                    -7911595.234 -8761343.4  10.7%  31.7  480s
  8631  6468 -8760184.5   97  310 -7911595.2 -8761343.4  10.7%  31.5  509s
  9442  6968 -8760054.2  147  271 -7911595.2 -8761343.4  10.7%  30.1  532s
H10214  6650                    -7945681.186 -8761343.4  10.3%  28.7  553s
H10398  6353                    -7962506.943 -8761343.4  10.0%  28.5  554s
 10403  7079 -8759829.5  195  261 -7962506.9 -8761343.4  10.0%  28.5  573s
H11131  6620                    -7993492.828 -8761343.4  9.61%  27.9  597s
H11137  6405                    -8005254.949 -8761343.4  9.44%  27.9  597s
 11139  6620 -8759810.5  243  260 -8005254.9 -8761343.4  9.44%  27.9  617s
H11355  6353                    -8103567.455 -8761343.4  8.12%  27.7  642s
 11363  6766 -8759802.4  257  259 -8103567.5 -8761343.4  8.12%  27.6  661s
H11387  6565                    -8129645.139 -8761343.4  7.77%  27.6  661s
H11474  6353                    -8131580.858 -8761343.4  7.74%  27.5  661s
H11751  6087                    -8135962.849 -8761343.4  7.69%  27.2  661s

Cutting planes:
  Learned: 2
  Gomory: 287
  Cover: 255
  Implied bound: 119
  Projected implied bound: 52
  Clique: 2
  MIR: 570
  Mixing: 4
  StrongCG: 1
  Flow cover: 307
  RLT: 21
  Relax-and-lift: 121

Explored 11779 nodes (319498 simplex iterations) in 661.74 seconds (328.43 work units)
Thread count was 8 (of 8 available processors)

Solution count 10: -8.13596e+06 -8.13158e+06 -8.12965e+06 ... -7.89659e+06

Optimal solution found (tolerance 8.00e-02)
Best objective -8.135962848984e+06, best bound -8.761343354093e+06, gap 7.6866%

