Solver command line: []

Read LP format model from file C:\Users\wlhlm\AppData\Local\Temp\tmp4autkmcm.pyomo.lp
Reading time = 2.63 seconds
objective: 967944 rows, 875999 columns, 2168046 nonzeros
Set parameter MIPGap to value 0.02
Gurobi Optimizer version 12.0.1 build v12.0.1rc0 (win64 - Windows 11.0 (26100.2))

CPU model: Intel(R) Core(TM) Ultra 7 258V, instruction set [SSE2|AVX|AVX2]
Thread count: 8 physical cores, 8 logical processors, using up to 8 threads

Non-default parameters:
MIPGap  0.02

Optimize a model with 967944 rows, 875999 columns and 2168046 nonzeros
Model fingerprint: 0xd2f68761
Model has 8759 quadratic constraints
Variable types: 753360 continuous, 122639 integer (105120 binary)
Coefficient statistics:
  Matrix range     [6e-03, 2e+02]
  QMatrix range    [1e+00, 1e+00]
  Objective range  [1e-02, 5e+02]
  Bounds range     [1e+00, 3e+00]
  RHS range        [8e-05, 1e+04]
Presolve removed 774312 rows and 656082 columns
Presolve time: 0.62s
Presolved: 193632 rows, 219917 columns, 612600 nonzeros
Variable types: 145423 continuous, 74494 integer (65734 binary)
Performing another presolve...
Presolve removed 70079 rows and 70079 columns (presolve time = 9s)...
Presolve removed 70079 rows and 70079 columns
Presolve time: 9.42s
Deterministic concurrent LP optimizer: primal and dual simplex
Showing primal log only...


Root simplex log...

Iteration    Objective       Primal Inf.    Dual Inf.      Time
       0    2.7622518e+07   7.041373e+06   8.024969e+13     11s
Concurrent spin time: 0.00s

Solved with dual simplex

Root simplex log...

Iteration    Objective       Primal Inf.    Dual Inf.      Time
   39704    9.1966161e+05   0.000000e+00   0.000000e+00     14s

Root relaxation: objective 9.196616e+05, 39704 iterations, 3.38 seconds (4.85 work units)
Total elapsed time = 14.20s (DegenMoves)
Total elapsed time = 15.07s (DegenMoves)

    Nodes    |    Current Node    |     Objective Bounds      |     Work
 Expl Unexpl |  Obj  Depth IntInf | Incumbent    BestBd   Gap | It/Node Time

     0     0 919661.607    0  542          - 919661.607      -     -   17s
H    0     0                    1562120.3562 919661.607  41.1%     -   19s
     0     0 925842.643    0  510 1562120.36 925842.643  40.7%     -   24s
     0     0 926807.037    0  495 1562120.36 926807.037  40.7%     -   25s
     0     0 926839.136    0  496 1562120.36 926839.136  40.7%     -   25s
     0     0 926839.136    0  497 1562120.36 926839.136  40.7%     -   26s
     0     0 929479.775    0  481 1562120.36 929479.775  40.5%     -   27s
     0     0 930535.682    0  453 1562120.36 930535.682  40.4%     -   27s
     0     0 930553.949    0  452 1562120.36 930553.949  40.4%     -   27s
     0     0 930588.091    0  449 1562120.36 930588.091  40.4%     -   27s
     0     0 930588.178    0  449 1562120.36 930588.178  40.4%     -   28s
     0     0 930932.097    0  479 1562120.36 930932.097  40.4%     -   30s
H    0     0                    1547439.1468 931127.449  39.8%     -   31s
H    0     0                    1533026.2090 931127.449  39.3%     -   31s
H    0     0                    1527264.0638 931127.449  39.0%     -   31s
H    0     0                    1527154.1018 931127.449  39.0%     -   31s
H    0     0                    1525366.2218 931127.449  39.0%     -   31s
     0     0 931127.449    0  489 1525366.22 931127.449  39.0%     -   31s
     0     0 931132.565    0  480 1525366.22 931132.565  39.0%     -   32s
     0     0 931132.565    0  481 1525366.22 931132.565  39.0%     -   32s
H    0     0                    1494535.5412 931132.565  37.7%     -   34s
H    0     0                    1493664.9019 931132.565  37.7%     -   34s
H    0     0                    1492523.2895 931132.565  37.6%     -   34s
H    0     0                    1492102.0298 931132.565  37.6%     -   34s
H    0     0                    1491863.6024 931132.565  37.6%     -   34s
H    0     0                    1491863.5917 931183.321  37.6%     -   34s
     0     0 931183.321    0  471 1491863.59 931183.321  37.6%     -   35s
H    0     0                    1472997.5818 931183.321  36.8%     -   36s
     0     0 931315.467    0  471 1472997.58 931315.467  36.8%     -   36s
     0     0 931408.425    0  481 1472997.58 931408.425  36.8%     -   36s
     0     0 931414.367    0  488 1472997.58 931414.367  36.8%     -   36s
     0     0 931425.829    0  487 1472997.58 931425.829  36.8%     -   36s
     0     0 931426.791    0  488 1472997.58 931426.791  36.8%     -   37s
     0     0 931467.042    0  479 1472997.58 931467.042  36.8%     -   38s
     0     0 931470.829    0  492 1472997.58 931470.829  36.8%     -   38s
     0     0 931480.635    0  494 1472997.58 931480.635  36.8%     -   38s
     0     0 931481.064    0  492 1472997.58 931481.064  36.8%     -   38s
     0     0 931496.327    0  486 1472997.58 931496.327  36.8%     -   39s
H    0     0                    1449688.5521 931500.262  35.7%     -   40s
     0     0 931500.262    0  491 1449688.55 931500.262  35.7%     -   40s
     0     0 931500.905    0  491 1449688.55 931500.905  35.7%     -   40s
     0     0 931503.949    0  492 1449688.55 931503.949  35.7%     -   41s
     0     0 931503.949    0  492 1449688.55 931503.949  35.7%     -   41s
     0     0 931503.952    0  492 1449688.55 931503.952  35.7%     -   42s
H    0     0                    1437121.4533 931503.954  35.2%     -   43s
H    0     0                    1436182.1531 931503.954  35.1%     -   43s
H    0     0                    1435463.4291 931503.954  35.1%     -   43s
H    0     0                    1435445.5938 931503.954  35.1%     -   43s
H    0     0                    1435156.0305 931503.954  35.1%     -   44s
H    0     0                    1435145.5074 931503.954  35.1%     -   44s
     0     0 931503.957    0  491 1435145.51 931503.957  35.1%     -   44s
     0     0 931503.966    0  397 1435145.51 931503.966  35.1%     -   46s
     0     2 931503.966    0  387 1435145.51 931503.966  35.1%     -   48s
    15    24 931761.638    4  415 1435145.51 931507.587  35.1%   112   50s
H   47    56                    1432633.4666 931507.587  35.0%  47.2   54s
H   48    56                    1430791.6798 931507.587  34.9%  46.3   54s
H   49    56                    1419393.7278 931507.587  34.4%  45.5   54s
H   53    56                    1417342.4775 931507.587  34.3%  43.2   54s
    71    89 932150.707    8  407 1417342.48 931507.587  34.3%  33.8   55s
   227   238 932038.954   20  406 1417342.48 931507.587  34.3%  13.0   60s
H  310   323                    1412414.8951 931507.587  34.0%  10.1   63s
H  313   323                    1411202.5649 931507.587  34.0%  10.0   63s
H  319   323                    1410658.5065 931507.587  34.0%   9.9   63s
   399   415 932097.195   33  407 1410658.51 931507.587  34.0%   8.3   65s
   546   625 932206.952   51  405 1410658.51 931507.587  34.0%   6.4   70s
H  925   934                    1399660.5208 931507.587  33.4%   4.3   78s
H  931   934                    1396384.6353 931507.587  33.3%   4.2   78s
H  941   950                    1156894.6615 931507.587  19.5%   4.2   94s
H  946   950                    1146525.7212 931507.587  18.8%   4.2   94s
  1066  1167 932995.119  111  404 1146525.72 931507.587  18.8%   3.9   95s
  1663  1778 933367.448  179  401 1146525.72 931507.587  18.8%   4.0  100s
H 2062  2068                    1146521.9272 931507.587  18.8%   3.8  104s
H 2067  2076                    1146507.0889 931507.587  18.8%   3.8  110s
H 2068  2076                    1144102.7249 931507.587  18.6%   3.8  110s
H 2070  2076                    1142053.9305 931507.587  18.4%   3.8  110s
  2399  2510 934665.013  257  404 1142053.93 931507.587  18.4%   4.3  115s
  2787  2936 934787.463  292  389 1142053.93 931507.587  18.4%   4.6  122s
  2935  3109 934787.463  304  390 1142053.93 931507.587  18.4%   4.8  126s
H 2973  3109                    1118046.3699 931507.587  16.7%   4.8  126s
  3300  3517 934811.181  345  388 1118046.37 931507.587  16.7%   4.6  130s
  3854  4062 935033.183  397  391 1118046.37 931507.587  16.7%   5.0  135s
  4061  4070 935060.649  415  388 1118046.37 931507.587  16.7%   5.0  141s
H 4062  4070                    1118011.3030 931507.587  16.7%   5.0  141s
H 4063  4070                    1117661.9547 931507.587  16.7%   5.0  141s
H 4067  4070                    1016986.3744 931507.587  8.41%   5.0  141s
H 4069  4078                    1016713.5396 931507.587  8.38%   5.0  146s
H 4072  4078                    1015701.6885 931507.587  8.29%   5.0  146s
H 4074  4078                    1015692.9491 931507.587  8.29%   5.0  146s
  4384  4568 935462.003  445  325 1015692.95 931507.587  8.29%   5.9  151s
  4801  5070 935706.322  491  326 1015692.95 931507.587  8.29%   6.4  155s
  5496  5656 935903.723  554  310 1015692.95 931507.587  8.29%   6.5  161s
  5894  6006 936502.232  608  302 1015692.95 931507.587  8.29%   6.6  168s
H 5907  6006                    1015044.5925 931507.587  8.23%   6.6  168s
  6006  6376 936664.285  620  292 1015044.59 931507.587  8.23%   6.6  171s
  6376  6711 937362.076  665  290 1015044.59 931507.587  8.23%   6.5  175s
  7140  7242 937556.197  767  285 1015044.59 931507.587  8.23%   6.0  186s
H 7148  7242                    1014003.1895 931507.587  8.14%   6.0  186s
H 7242  7242                    1009894.4175 931507.587  7.76%   6.0  193s
H 7242  7242                    1009328.0275 931507.587  7.71%   6.0  195s
H 7242  7242                    1009159.5534 931507.587  7.69%   6.0  195s
H 7242  7242                    1008879.2697 931507.587  7.67%   6.0  196s
H 7242  7242                    1008212.0739 931507.587  7.61%   6.0  198s
H 7242  7242                    1007527.7880 931507.587  7.55%   6.0  200s
  7243  7243 934901.830  370 15347 1007527.79 931507.587  7.55%   6.0  207s
H 7244  6881                    1007526.8850 931507.587  7.55%   6.0  215s
  7247  6883 934986.197  463  467 1007526.89 931507.587  7.55%   6.0  220s
  7253  6887 935118.551   78  440 1007526.89 932262.007  7.47%   6.0  225s
  7262  6893 935023.701  386  506 1007526.89 932924.132  7.40%   6.0  230s
H 7265  6550                    1007288.3918 932975.537  7.38%   6.0  232s
H 7266  6222                    1006972.5263 933189.459  7.33%   6.0  234s
H 7266  5911                    1006779.6362 933189.459  7.31%   6.0  234s
  7269  5913 936266.073  618  493 1006779.64 933268.456  7.30%   6.0  235s
  7277  5919 936100.229  615  502 1006779.64 933757.460  7.25%   6.0  240s
  7283  5923 933994.542  239  508 1006779.64 933818.099  7.25%   6.0  245s
H 7286  5628                    1002969.4575 933842.677  6.89%   5.9  251s
H 7291  5348                    1002387.3331 933850.342  6.84%   5.9  255s
H 7292  5081                    1002337.7021 933863.221  6.83%   5.9  257s
H 7292  4826                    1000435.5047 933863.221  6.65%   5.9  257s
H 7292  4584                    1000421.2758 933863.221  6.65%   5.9  257s
H 7292  4354                    1000404.3504 933863.221  6.65%   5.9  257s
  7298  4358 937288.865  672  555 1000404.35 933890.598  6.65%   5.9  260s
  7304  4362 937820.729  738  544 1000404.35 933933.259  6.64%   5.9  266s
H 7304  4143                    999223.74063 933974.236  6.53%   5.9  268s
  7309  4146 934679.158  309  526 999223.741 933974.236  6.53%   5.9  270s
  7316  4151 935328.699   70  521 999223.741 934139.889  6.51%   5.9  275s
H 7316  3942                    999221.45085 934255.723  6.50%   5.9  277s
  7322  3946 935737.524  546  528 999221.451 934293.412  6.50%   5.9  280s
  7329  3950 937043.312  614  536 999221.451 934314.036  6.50%   5.9  286s
H 7329  3751                    999218.59163 934328.769  6.49%   5.9  288s
H 7329  3562                    999183.57851 934328.769  6.49%   5.9  288s
H 7329  3383                    999181.76147 934328.769  6.49%   5.9  288s
  7333  3386 935498.985  525  522 999181.761 934341.904  6.49%   5.9  290s
  7340  3391 934377.579  216  524 999181.761 934377.579  6.49%   5.9  295s
  7344  3393 936603.621  646  521 999181.761 934385.350  6.48%   5.9  300s
  7348  3396 935044.484   67  526 999181.761 934390.108  6.48%   5.9  305s
H 7353  3227                    999181.70009 934398.427  6.48%   5.9  310s
  7358  3231 935716.352   85  524 999181.700 934398.727  6.48%   5.9  315s
  7359  3231 934399.921   42  520 999181.700 934399.921  6.48%   5.9  323s
  7361  3233 934856.315  356  521 999181.700 934400.623  6.48%   5.9  325s
  7369  3239 936266.073  618  554 999181.700 934400.727  6.48%  14.2  338s
  7370  3240 935072.080   69  537 999181.700 934400.727  6.48%  14.2  340s
H 7380  3084                    998546.84801 934402.759  6.42%  14.2  344s
  7382  3085 937050.131  638  486 998546.848 934404.361  6.42%  14.2  345s
H 7386  2933                    998286.85629 934406.853  6.40%  14.2  348s
H 7386  2786                    998179.86364 934406.853  6.39%  14.2  348s
H 7387  2647                    997500.62817 934516.576  6.31%  14.2  350s
H 7389  2516                    997471.23164 934517.612  6.31%  14.2  354s
H 7389  2390                    997358.34068 934517.612  6.30%  14.2  354s
  7391  2391 935397.123  508  509 997358.341 934527.428  6.30%  14.2  355s
H 7391  2271                    997318.03763 934550.560  6.29%  14.2  355s
H 7392  2158                    997218.71315 934550.656  6.28%  14.2  357s
  7399  2162 934605.038  106  522 997218.713 934605.038  6.28%  14.2  361s
  7405  2166 934621.686  173  528 997218.713 934621.686  6.28%  14.2  366s
H 7409  2059                    997149.79115 934631.741  6.27%  14.1  371s
  7412  2061 934989.081  404  508 997149.791 934632.642  6.27%  14.1  375s
  7418  2065 934806.564  306  503 997149.791 934661.598  6.27%  14.1  380s
  7422  2068 935737.524  546  507 997149.791 934666.651  6.27%  14.1  385s
H 7423  1964                    996805.95391 934671.301  6.23%  14.1  385s
  7430  1969 934675.605  138  497 996805.954 934675.605  6.23%  14.1  391s
  7436  1973 934700.378  182  493 996805.954 934700.378  6.23%  14.1  395s
  7442  1977 935478.330   80  507 996805.954 934705.331  6.23%  14.1  402s
H 7447  1880                    996739.99590 934722.327  6.22%  14.1  407s
H 7447  1784                    996475.94238 934722.327  6.20%  14.1  407s
  7452  1788 934741.656  227  504 996475.942 934741.656  6.20%  14.1  410s
  7457  1791 937150.287  602  504 996475.942 934749.273  6.19%  14.1  415s
H 7460  1702                    996457.73877 934761.284  6.19%  14.1  419s
H 7460  1615                    996455.22346 934761.284  6.19%  14.1  419s
  7461  1616 934856.315  356  500 996455.223 934761.284  6.19%  14.0  421s
  7466  1619 934764.263  194  510 996455.223 934764.263  6.19%  14.0  425s
  7473  1624 934767.717  154  508 996455.223 934767.717  6.19%  14.0  430s
  7477  1626 936100.229  615  510 996455.223 934767.886  6.19%  14.0  435s
H 7478  1544                    996233.47871 934767.966  6.17%  14.0  439s
H 7478  1465                    996204.02993 934767.966  6.17%  14.0  439s
H 7478  1390                    996198.41177 934767.966  6.17%  14.0  439s
  7480  1391 934767.990  154  506 996198.412 934767.990  6.17%  14.0  441s
  7486  1396 934768.022  192  542 996198.412 934768.022  6.17%  21.7  453s
  7487  1397 937419.097  719  507 996198.412 934768.022  6.17%  21.7  455s
H 7496  1332                    996189.04473 934768.022  6.17%  21.7  458s
  7504  1337 937820.729  738  452 996189.045 934770.133  6.17%  21.6  460s
  7508  1340 935958.460  602  492 996189.045 934779.356  6.16%  21.6  465s
  7512  1343 935012.381  404  500 996189.045 935012.381  6.14%  21.6  470s
  7517  1346 935122.363  405  489 996189.045 935122.363  6.13%  21.6  476s
  7521  1349 935144.174  157  497 996189.045 935144.174  6.13%  21.6  481s
  7524  1351 935152.859  215  499 996189.045 935152.859  6.13%  21.6  485s
  7529  1354 937043.312  614  508 996189.045 935188.850  6.12%  21.6  491s
H 7530  1287                    996177.80841 935194.868  6.12%  21.6  492s
H 7530  1222                    996136.60857 935194.868  6.12%  21.6  492s
  7532  1223 937717.454  734  511 996136.609 935194.868  6.12%  21.6  495s
H 7532  1161                    995820.74313 935196.393  6.09%  21.6  497s
  7536  1164 935197.317  182  510 995820.743 935197.317  6.09%  21.5  501s
  7540  1166 935209.547  216  500 995820.743 935209.547  6.09%  21.5  506s
  7542  1168 935478.330   80  501 995820.743 935209.553  6.09%  21.5  510s
  7546  1170 935211.932  135  503 995820.743 935211.932  6.09%  21.5  515s
H 7546  1110                    995670.30128 935212.131  6.07%  21.5  516s
  7548  1112 935212.131   67  499 995670.301 935212.131  6.07%  21.5  521s
  7550  1113 935212.131  342  500 995670.301 935212.131  6.07%  21.5  527s
  7554  1116 935215.112   25  501 995670.301 935215.112  6.07%  21.5  532s
  7558  1118 935716.352   85  513 995670.301 935215.438  6.07%  21.5  536s
  7561  1120 935218.724  356  512 995670.301 935218.724  6.07%  21.5  540s
  7565  1123 935225.948  199  510 995670.301 935225.948  6.07%  21.5  545s
H 7565  1065                    995670.24141 935225.948  6.07%  21.5  552s
  7567  1066 935225.948  318  437 995670.241 935225.948  6.07%  21.5  556s
H 7567  1012                    993837.53977 935225.948  5.90%  21.5  565s
  7573  1018 935225.948  154 15347 993837.540 935225.948  5.90%  30.1  570s
  7575  1019 935225.948  310  525 993837.540 935225.948  5.90%  30.1  579s
  7576  1020 935225.948  393  532 993837.540 935225.948  5.90%  30.1  581s
H 7582   972                    993825.24567 935225.948  5.90%  30.0  584s
  7585   974 935762.546   98  497 993825.246 935225.948  5.90%  30.0  585s
  7596   981 935225.948  361  501 993825.246 935225.948  5.90%  30.0  590s
  7600   984 935257.149  270  497 993825.246 935257.149  5.89%  30.0  595s
  7604   987 937820.729  738  491 993825.246 935301.125  5.89%  30.0  600s
  7611   991 935304.471  244  500 993825.246 935304.471  5.89%  29.9  606s
  7614   993 935339.666  315  499 993825.246 935339.666  5.88%  29.9  610s
  7619   997 935383.177  132  494 993825.246 935383.177  5.88%  29.9  615s
H 7620   946                    993814.00935 935385.606  5.88%  29.9  618s
  7622   948 935737.524  546  492 993814.009 935385.622  5.88%  29.9  620s
  7626   950 935386.017   99  493 993814.009 935386.017  5.88%  29.9  625s
H 7626   902                    993814.00753 935395.811  5.88%  29.9  626s
  7632   906 937717.454  734  492 993814.008 935399.684  5.88%  29.8  630s
  7635   908 935400.005  191  488 993814.008 935400.005  5.88%  29.8  644s
H 7635   862                    993801.52455 935400.026  5.88%  29.8  645s
H 7637   819                    993698.72510 935400.119  5.87%  29.8  652s
H 7637   777                    993646.05882 935400.119  5.86%  29.8  652s
  7640   779 935403.150  216  485 993646.059 935403.150  5.86%  29.8  655s
H 7641   739                    993522.15622 935403.150  5.85%  29.8  657s
  7643   741 935403.150  370  393 993522.156 935403.150  5.85%  29.8  663s
  7645   742 935403.150  450  398 993522.156 935403.150  5.85%  29.8  668s
  7650   746 935403.150  342  546 993522.156 935403.150  5.85%  38.1  678s
  7651   747 935813.772  597  520 993522.156 935403.150  5.85%  38.1  680s
  7661   754 935403.150  356  487 993522.156 935403.150  5.85%  38.0  685s
  7670   760 935411.613   69  487 993522.156 935411.613  5.85%  38.0  690s
H 7672   722                    993510.91990 935459.309  5.84%  38.0  695s
  7677   725 936100.229  615  484 993510.920 935511.611  5.84%  37.9  700s
  7682   729 937050.131  638  486 993510.920 935532.589  5.84%  37.9  705s
  7688   733 935687.201  461  489 993510.920 935572.942  5.83%  37.9  710s
  7697   739 935586.539  439  490 993510.920 935586.539  5.83%  37.8  715s
  7700   741 935618.134  270  491 993510.920 935618.134  5.83%  37.8  720s
  7702   742 935619.263   84  495 993510.920 935619.263  5.83%  37.8  725s
  7703   743 935619.263  333  386 993510.920 935619.263  5.83%  37.8  731s
  7706   745 935804.917  615  448 993510.920 935619.263  5.83%  37.8  736s
  7710   747 937885.425  761  445 993510.920 935627.835  5.83%  37.8  740s
  7714   750 935628.913  315  453 993510.920 935628.913  5.83%  37.8  746s
  7717   752 935633.052  405  464 993510.920 935633.052  5.83%  37.7  751s
  7720   754 935637.131  338  468 993510.920 935637.131  5.83%  37.7  755s
H 7721   716                    993169.48471 935638.011  5.79%  37.7  756s
H 7721   679                    993100.88616 935638.011  5.79%  37.7  756s
H 7722   644                    993098.64199 935638.019  5.79%  37.7  758s
  7725   646 935638.945  271  469 993098.642 935638.945  5.79%  37.7  760s
  7727   648 937646.151  688  469 993098.642 935638.989  5.79%  37.7  774s
  7729   649 937043.312  614  461 993098.642 935639.383  5.79%  37.7  776s
  7737   655 935639.748  255  538 993098.642 935639.748  5.79%  45.6  788s
  7738   656 935639.748   83  514 993098.642 935639.748  5.79%  45.6  790s
  7747   662 935639.748  463  499 993098.642 935639.748  5.79%  45.6  795s
  7755   667 935651.615  237  503 993098.642 935651.615  5.78%  45.5  801s
  7757   669 937150.287  602  499 993098.642 935651.615  5.78%  45.5  805s
  7761   671 935658.753  356  510 993098.642 935658.753  5.78%  45.5  810s
  7764   673 935658.753  316  525 993098.642 935658.753  5.78%  45.5  815s
H 7765   639                    993098.62812 935659.462  5.78%  45.5  818s
  7768   641 935659.702  204  521 993098.628 935659.702  5.78%  45.5  820s
H 7771   611                    993069.21261 935664.370  5.78%  45.4  826s
H 7773   580                    993067.84778 935664.433  5.78%  45.4  829s
H 7773   551                    993065.87646 935664.433  5.78%  45.4  829s
H 7773   522                    993015.31302 935664.433  5.78%  45.4  829s
H 7773   496                    993012.49900 935664.433  5.78%  45.4  831s
H 7775   472                    992974.52020 935664.969  5.77%  45.4  832s
H 7775   448                    992713.14310 935664.969  5.75%  45.4  832s
H 7775   425                    992317.24418 935664.969  5.71%  45.4  834s
  7777   426 936100.229  615  413 992317.244 935664.969  5.71%  45.4  840s
H 7778   405                    991624.02918 935664.969  5.64%  45.4  846s
  7780   406 935664.969  154  457 991624.029 935664.969  5.64%  45.4  852s
  7782   407 937050.131  638  420 991624.029 935664.969  5.64%  45.4  864s
H 7782   385                    990643.65878 935664.969  5.55%  45.4  865s
H 7782   365                    990635.79394 935664.969  5.55%  45.4  866s
H 7783   349                    990635.16970 935664.969  5.55%  53.7  874s
  7786   354 935934.013   56  415 990635.170 935667.977  5.55%  53.8  875s
  7838   393 940016.282   61  420 990635.170 935690.662  5.55%  53.7  883s
H 7839   374                    990107.68681 935690.662  5.50%  53.6  883s
  7878   401 940205.664   64  421 990107.687 935690.662  5.50%  53.4  885s
  7957   460 940104.592   69  401 990107.687 935690.662  5.50%  53.3  890s
H 8019   475                    989616.34819 935690.662  5.45%  53.2  894s
  8024   489 940145.507   74  402 989616.348 935690.662  5.45%  53.2  895s
  8074   525 940525.252   77  401 989616.348 935690.662  5.45%  53.3  900s
  8144   565 940235.973   82  396 989616.348 935690.662  5.45%  53.2  905s
  8195   604 940246.374   85  395 989616.348 935690.662  5.45%  53.1  910s
  8238   624 940370.197   87  384 989616.348 935690.662  5.45%  52.9  917s
H 8240   607                    989525.85597 935690.662  5.44%  52.9  917s
  8273   643 940615.823   89  382 989525.856 935690.662  5.44%  52.8  920s
  8341   700 940449.396   93  381 989525.856 935690.662  5.44%  52.6  925s
  8449   748 940780.146   99  370 989525.856 935690.662  5.44%  52.6  934s
  8458   775 940453.613  100  373 989525.856 935690.662  5.44%  52.5  940s
  8488   773 940619.259  100  369 989525.856 935690.662  5.44%  52.5  945s
  8496   778 940458.712  101  365 989525.856 935690.662  5.44%  52.5  951s
H 8497   763                    989525.80535 935690.662  5.44%  52.5  951s
H 8502   746                    989522.74190 935690.662  5.44%  52.5  952s
H 8503   732                    989502.13485 935690.662  5.44%  52.5  952s
  8560   835 940476.316  104  361 989502.135 935690.662  5.44%  52.3  955s
  8753  1047 940644.377  116  354 989502.135 935690.662  5.44%  51.7  961s
  8940  1259 943698.538  127  336 989502.135 935690.662  5.44%  50.9  966s
  9146  1478 940535.043  140  322 989502.135 935690.662  5.44%  50.3  972s
  9376  1676 940582.843  152  311 989502.135 935690.662  5.44%  49.9  977s
  9459  1811 940644.349  158  311 989502.135 935690.662  5.44%  50.2  980s
  9610  1819 940647.223  167  307 989502.135 935690.662  5.44%  50.0  992s
H 9618  1827                    987607.77280 935690.662  5.26%  49.9 1015s
H 9621  1827                    987537.33915 935690.662  5.25%  49.9 1015s
H 9626  1835                    987537.33814 935690.662  5.25%  49.9 1026s
H 9633  1835                    987537.33102 935690.662  5.25%  49.9 1026s
  9781  2107 940650.697  177  291 987537.331 935690.662  5.25%  49.8 1032s
  9908  2253 940681.478  184  285 987537.331 935690.662  5.25%  49.5 1036s
 10239  2593 940803.483  202  262 987537.331 935690.662  5.25%  48.4 1043s
 10422  2749 940768.493  214  244 987537.331 935690.662  5.25%  47.8 1046s
 10728  2907 940828.139  235  239 987537.331 935690.662  5.25%  47.7 1062s
 10736  2915 941937.934  235  236 987537.331 935690.662  5.25%  47.7 1084s
H10739  2915                    987226.78956 935690.662  5.22%  47.7 1084s
H10743  2915                    986131.89002 935690.662  5.12%  47.7 1084s
H10744  3047                    984657.68394 935690.662  4.97%  47.7 1091s
H10849  3047                    983334.81518 935690.662  4.85%  47.6 1091s
 10876  3274 940828.139  245  239 983334.815 935690.662  4.85%  47.6 1095s
 11107  3465 940886.462  260  241 983334.815 935690.662  4.85%  47.3 1100s
 11300  3684 940943.962  271  238 983334.815 935690.662  4.85%  47.8 1105s
 11519  3902 941736.433  286  236 983334.815 935690.662  4.85%  47.7 1110s
H11743  4002                    982477.03955 935690.662  4.76%  48.1 1123s
H11752  4002                    981512.98184 935690.662  4.67%  48.3 1123s
 11843  4215 941847.181  305  235 981512.982 935690.662  4.67%  48.6 1127s
 12058  4508 941847.181  318  235 981512.982 935690.662  4.67%  50.0 1132s
 12351  4755 941877.367  336  228 981512.982 935690.662  4.67%  50.4 1137s
 12598  4973 942711.570  351  224 981512.982 935690.662  4.67%  50.4 1143s
 12816  5291 942006.294  365  224 981512.982 935690.662  4.67%  49.8 1149s
 13134  5598 942020.399  383  227 981512.982 935690.662  4.67%  49.3 1155s
H13441  5803                    981128.16954 935690.662  4.63%  48.9 1170s
H13471  5803                    979680.05737 935690.662  4.49%  48.8 1170s
 13646  6103 942259.031  417  217 979680.057 935690.662  4.49%  48.6 1177s
 13946  6111 942225.629  434  213 979680.057 935690.662  4.49%  47.7 1192s
H13949  6111                    979679.80457 935690.662  4.49%  47.7 1192s
 13954  6321 942514.312  434  214 979679.805 935690.662  4.49%  47.7 1199s
 14164  6707 942736.835  444  214 979679.805 935690.662  4.49%  47.3 1206s
 14550  6901 943544.308  458  218 979679.805 935690.662  4.49%  46.5 1227s
H14551  6901                    978539.67321 935690.662  4.38%  46.5 1227s
H14591  6901                    978069.46646 935690.662  4.33%  46.5 1227s
H14619  6901                    978057.16588 935690.662  4.33%  46.5 1227s
H14709  6901                    977658.26117 935690.662  4.29%  46.4 1227s
H14744  6909                    977658.23350 935690.662  4.29%  46.3 1252s
 14752  6956 942471.162  466  213 977658.233 935690.662  4.29%  46.4 1299s
 14799  7276 942471.162  468  213 977658.233 935690.662  4.29%  46.5 1309s
 15119  7717 944569.577  485  215 977658.233 935690.662  4.29%  47.3 1322s
 15562  8138 947050.706  529  213 977658.233 935690.662  4.29%  48.8 1332s
H15993  8146                    977656.89499 935690.662  4.29%  49.2 1360s
H16001  8294                    977189.97555 935690.662  4.25%  49.2 1381s
H16020  8294                    976906.49136 935690.662  4.22%  49.2 1381s
H16062  8294                    976669.61884 935690.662  4.20%  49.1 1381s
 16149  8704 946134.727  579  211 976669.619 935690.662  4.20%  49.1 1392s
 16559  9147 944917.841  603  205 976669.619 935690.662  4.20%  49.4 1405s
 17007  9674 944713.694  630  204 976669.619 935690.662  4.20%  49.2 1415s
 17534  9682 944818.178  658  206 976669.619 935690.662  4.20%  48.6 1442s
H17542  9690                    976633.89497 935690.662  4.19%  48.6 1471s
H17546  9690                    976632.34717 935690.662  4.19%  48.6 1471s
H17550  9932                    976429.34086 935690.662  4.17%  48.6 1496s
H17590  9932                    976315.40201 935690.662  4.16%  48.7 1496s
H17751  9932                    975312.35935 935690.662  4.06%  48.5 1496s
 17792 10448 944978.432  679  211 975312.359 935690.662  4.06%  48.5 1506s
 18308 11045 945395.308  714  198 975312.359 935690.662  4.06%  47.9 1516s
 18905 11576 945629.609  746  195 975312.359 935690.662  4.06%  47.0 1526s
 19436 12119 947553.559  778  193 975312.359 935690.662  4.06%  46.0 1537s
 19979 12633 946789.012  815  192 975312.359 935690.662  4.06%  45.0 1548s
 20493 13316 946727.836  846  192 975312.359 935690.662  4.06%  44.4 1558s
 21176 13676 945942.326  884  186 975312.359 935690.662  4.06%  43.5 1595s
H21536 13684                    974898.41741 935690.662  4.02%  43.2 1632s
H21538 13684                    974828.92051 935690.662  4.01%  43.2 1632s
 21544 14309 947814.455  906  181 974828.921 935690.662  4.01%  43.2 1654s
H21697 14309                    974813.94793 935690.662  4.01%  43.0 1654s
 22169 15058 946307.527  937  175 974813.948 935690.662  4.01%  42.5 1670s
 22918 15066 946484.773  993  175 974813.948 935690.662  4.01%  42.1 1725s
H22920 15066                    974781.83425 935690.662  4.01%  42.1 1725s
H22921 15066                    974649.30607 935690.662  4.00%  42.1 1725s
H22926 15496                    973142.67977 935690.662  3.85%  42.1 1762s
 23356 16164 946578.996 1025  170 973142.680 935690.662  3.85%  42.7 1779s
 24052 16899 946879.630 1082  166 973142.680 935690.662  3.85%  44.1 1798s
 24849 17585 947275.103 1136  166 973142.680 935690.662  3.85%  43.7 1834s
 25537 18329 947265.001 1177  166 973142.680 935690.662  3.85%  43.1 1853s
 26299 19056 947750.373 1223  157 973142.680 935690.662  3.85%  43.1 1875s
 27047 19064 947679.348 1264  153 973142.680 935690.662  3.85%  43.1 1975s
H27055 19072                    971384.41642 935690.662  3.67%  43.1 2046s
 27063 19923 947682.213 1265  153 971384.416 935690.662  3.67%  43.1 2071s
 27915 20519 947887.870 1314  154 971384.416 935690.662  3.67%  43.1 2129s
H28050 20519                    970854.91681 935690.662  3.62%  43.0 2129s
H28134 20519                    970850.17122 935690.662  3.62%  42.9 2129s
H28361 20519                    970800.31369 935690.662  3.62%  42.6 2129s
H28511 20724                    970770.92522 935690.662  3.61%  42.4 2318s
H28516 20724                    970701.46161 935690.662  3.61%  42.4 2318s
 28716 21644 947954.165 1358  152 970701.462 935690.662  3.61%  42.3 2341s
 29637 21645 937000.674  290 15347 970701.462 935690.662  3.61%  41.7 2691s
 29639 21646 940063.341  375  544 970701.462 935690.662  3.61%  41.7 2702s
 29640 21647 946583.119 1367  573 970701.462 935690.662  3.61%  41.7 2706s
 29644 21650 945114.762 1177  515 970701.462 937476.510  3.42%  41.7 2710s
H29650 20571                    970517.45054 937586.017  3.39%  41.7 2715s
 29655 20574 943668.989  719  538 970517.451 937605.186  3.39%  41.7 2728s
 29657 20575 937639.886   70  542 970517.451 937639.886  3.39%  41.7 2730s
 29660 20577 943051.922  351  556 970517.451 937641.931  3.39%  41.7 2742s
H29660 19547                    970428.18422 937648.659  3.38%  41.7 2743s
 29663 19549 939335.455  390  561 970428.184 937651.070  3.38%  41.7 2755s
 29667 19552 939043.758  397  588 970428.184 937666.072  3.38%  41.7 2769s
 29668 19553 949121.587 1177  590 970428.184 937670.735  3.38%  41.7 2771s
 29672 19555 940553.878  510  590 970428.184 937677.760  3.37%  41.7 2789s
H29672 18577                    970254.39897 937700.185  3.36%  41.7 2789s
 29673 18578 947438.452 1154  586 970254.399 937700.185  3.36%  41.7 2791s
H29673 17648                    970173.24777 937705.116  3.35%  41.7 2791s
 29677 17651 944553.162 1148  604 970173.248 937706.132  3.35%  41.7 2802s
 29679 17652 949318.210 1254  615 970173.248 937718.367  3.35%  41.7 2805s
 29683 17655 944014.836  853  622 970173.248 937722.626  3.34%  41.7 2821s
H29687 16774                    970082.14653 937726.308  3.34%  41.7 2833s
 29688 16775 943401.941  698  623 970082.147 937726.308  3.34%  41.7 2835s
 29693 16778 942841.199  589  622 970082.147 937739.150  3.33%  41.6 2853s
 29695 16780 946278.663 1226  634 970082.147 937739.579  3.33%  41.6 2855s
 29697 16781 938541.452  376  638 970082.147 937739.711  3.33%  41.6 2867s
 29699 16782 943163.059 1008  636 970082.147 937740.124  3.33%  41.6 2879s
 29700 16783 938214.801  602  643 970082.147 937740.917  3.33%  41.6 2880s
 29702 16784 943916.297 1003  641 970082.147 937741.077  3.33%  41.6 2890s
H29702 15943                    970081.52229 937742.045  3.33%  41.6 2898s
 29706 15946 939014.442  261  642 970081.522 937742.045  3.33%  41.6 2908s
 29708 15947 945080.822  566  641 970081.522 937743.661  3.33%  41.6 2910s
 29710 15949 942847.446  970  642 970081.522 937744.303  3.33%  41.6 2921s
H29710 15151                    970081.52200 937761.609  3.33%  41.6 2925s
 29711 15151 943596.664 1038  651 970081.522 937761.609  3.33%  41.6 2932s
 29712 15152 942452.642  693  656 970081.522 937761.609  3.33%  41.6 2944s
 29713 15153 938208.195  140  640 970081.522 937761.609  3.33%  41.6 2945s
 29715 15154 941989.144  682  636 970081.522 937761.609  3.33%  41.6 2954s
 29716 15155 937761.609  109  645 970081.522 937761.609  3.33%  41.6 2956s
 29717 15155 942469.361  744  646 970081.522 937761.609  3.33%  41.6 2964s
 29718 15156 944035.416  877  646 970081.522 937761.609  3.33%  41.6 2966s
 29719 15157 946001.459 1303  649 970081.522 937761.609  3.33%  41.6 2974s
 29720 15157 946587.382  827  651 970081.522 937761.609  3.33%  41.6 2977s
 29721 15158 947249.228  891  647 970081.522 937761.609  3.33%  41.6 2987s
 29723 15159 946018.780 1243  651 970081.522 937761.609  3.33%  41.6 3001s
 29725 15161 939648.139  638  653 970081.522 937761.609  3.33%  41.6 3020s
 29727 15162 946505.543 1263  652 970081.522 937761.609  3.33%  41.6 3036s
 29728 15163 946226.886 1373  652 970081.522 937761.609  3.33%  41.6 3053s
 29729 15163 947919.359 1035  654 970081.522 937761.609  3.33%  41.6 3062s
 29731 15165 943464.174  785  652 970081.522 937761.609  3.33%  41.6 3072s
 29733 15166 939315.368  331  655 970081.522 937761.609  3.33%  41.6 3084s
 29734 15167 948048.275  933  655 970081.522 937761.609  3.33%  41.6 3085s
 29735 15167 947451.401  759  656 970081.522 937761.609  3.33%  41.6 3094s
H29735 14407                    970042.28986 937761.609  3.33%  41.6 3113s
 29737 14409 937761.609  290  557 970042.290 937761.609  3.33%  41.6 3123s
 29738 14409 948272.906  995  486 970042.290 937761.609  3.33%  41.6 3149s
 29739 14410 940063.341  375  541 970042.290 937761.609  3.33%  41.6 3162s
H29739 13687                    970004.41067 937761.609  3.32%  41.6 3169s
 29741 13688 946091.873  535  563 970004.411 937761.609  3.32%  41.6 3178s
 29743 13690 950013.019  882  576 970004.411 937761.609  3.32%  41.6 3188s
 29745 13691 940466.774  526  579 970004.411 937761.609  3.32%  41.6 3198s
 29746 13692 946677.789 1327  512 970004.411 937761.609  3.32%  41.6 3221s
 29747 13692 947271.289 1160  558 970004.411 937761.609  3.32%  41.6 3237s
H29747 13006                    969826.76599 937761.609  3.31%  41.6 3252s
 29750 13008 943247.192  965  582 969826.766 937761.609  3.31%  41.6 3262s
 29754 13011 943633.759  932  598 969826.766 937761.609  3.31%  41.6 3273s
 29757 13013 937763.692   70  599 969826.766 937763.692  3.31%  41.6 3275s
 29758 13014 937763.692  104  598 969826.766 937763.692  3.31%  41.6 3301s
 29760 13015 943051.922  351  601 969826.766 937763.801  3.31%  41.6 3321s
 29762 13016 946001.459 1304  596 969826.766 937763.994  3.31%  41.5 3333s
 29764 13018 941725.478  587  601 969826.766 937764.516  3.31%  41.5 3335s
 29765 13018 946058.399 1032  603 969826.766 937764.516  3.31%  41.5 3345s
 29767 13020 939043.758  397  604 969826.766 937765.253  3.31%  41.5 3357s
 29769 13021 940602.287  323  601 969826.766 937765.253  3.31%  41.5 3375s
H29769 12368                    969657.14412 937765.253  3.29%  41.5 3380s
H29769 11747                    969612.24614 937765.253  3.28%  41.5 3381s
 29770 11748 953695.545 1096  604 969612.246 937765.253  3.28%  41.5 3399s
 29772 11749 940553.878  510  604 969612.246 937765.298  3.28%  41.5 3412s
 29775 11751 944724.170 1163  605 969612.246 937766.305  3.28%  41.5 3415s
 29777 11752 944553.162 1148  606 969612.246 937766.464  3.28%  41.5 3429s
 29778 11753 941427.042  581  603 969612.246 937767.138  3.28%  41.5 3430s
 29779 11754 949318.210 1254  599 969612.246 937767.157  3.28%  41.5 3443s
 29781 11755 943314.206  988  601 969612.246 937767.384  3.28%  41.5 3460s
 29784 11757 948222.499 1434  605 969612.246 937767.815  3.28%  41.5 3478s
 29786 11758 942738.076  406  606 969612.246 937768.281  3.28%  41.5 3491s
 29789 11760 944277.248  974  618 969612.246 937769.681  3.28%  41.5 3503s
 29791 11762 944033.683 1083  619 969612.246 937769.681  3.28%  41.5 3517s
H29791 11171                    969601.83425 937769.681  3.28%  41.5 3525s
H29791 10610                    969558.22130 937769.681  3.28%  41.5 3526s
 29793 10611 942841.199  589  619 969558.221 937769.681  3.28%  41.5 3537s
 29795 10612 946278.663 1226  618 969558.221 937769.681  3.28%  41.5 3548s
H29795 10079                    969532.22397 937769.681  3.28%  41.5 3590s
 29797 10081 938541.452  376  577 969532.224 937769.681  3.28%  41.5 3605s
H29797  9574                    968245.65873 937769.681  3.15%  41.5 3618s
 29798  9574 946799.785 1447  528 968245.659 937769.681  3.15%  41.5 3630s
 29799  9575 943163.059 1008  581 968245.659 937769.681  3.15%  41.5 3640s
H29799  9094                    968172.05056 937769.681  3.14%  41.5 3645s
H29799  8636                    968034.19364 937769.681  3.13%  41.5 3646s
 29800  8637 938214.801  602  586 968034.194 937769.681  3.13%  41.5 3657s
 29802  8638 943916.297 1003  605 968034.194 937769.760  3.13%  41.5 3669s
 29803  8639 937773.629  174  601 968034.194 937770.242  3.13%  41.5 3671s
 29805  8640 947110.888 1279  616 968034.194 937770.773  3.13%  41.5 3685s
 29808  8642 945080.822  566  617 968034.194 937773.967  3.13%  41.5 3698s
 29810  8643 942847.446  970  614 968034.194 937774.129  3.13%  41.5 3711s
 29812  8645 942452.642  693  614 968034.194 937774.131  3.13%  41.5 3727s
 29814  8646 946364.337 1149  614 968034.194 937774.131  3.13%  41.5 3743s
H29814  8211                    967848.04149 937774.131  3.11%  41.5 3781s
H29814  7798                    967846.05528 937774.131  3.11%  41.5 3791s
 29816  7799 937774.131  109  589 967846.055 937774.131  3.11%  41.5 3804s
 29817  7800 942469.361  744  538 967846.055 937774.131  3.11%  41.5 3832s
 29818  7801 944035.416  877  579 967846.055 937774.131  3.11%  41.5 3844s
H29818  7407                    967784.28525 937774.374  3.10%  41.5 3892s
H29818  7034                    967784.17176 937774.374  3.10%  41.5 3912s
 29819  7034 946001.459 1303  559 967784.172 937774.374  3.10%  41.5 3918s
H29819  6679                    967694.31855 937774.384  3.09%  41.5 3919s
H29819  6342                    967671.19486 937774.384  3.09%  41.5 3919s
H29819  6022                    967526.89035 937774.384  3.08%  41.5 3919s
H29819  5718                    967508.22708 937774.384  3.07%  41.5 3919s
H29819  5429                    967420.20924 937774.384  3.06%  41.5 3919s
 29820  5430 946587.382  827  595 967420.209 937774.384  3.06%  41.5 3930s
 29825  5433 939648.139  638  625 967420.209 937775.120  3.06%  41.5 3943s
 29827  5435 946505.543 1263  631 967420.209 937775.120  3.06%  41.5 3955s
 29829  5436 947919.359 1035  639 967420.209 937775.120  3.06%  41.5 3969s
 29830  5437 941628.350  643  558 967420.209 937775.120  3.06%  41.5 4014s
 29831  5437 943464.174  785  596 967420.209 937775.120  3.06%  41.5 4034s
 29832  5438 948276.721 1055  561 967420.209 937775.120  3.06%  41.5 4055s
 29833  5439 939315.368  331  593 967420.209 937775.120  3.06%  41.5 4069s
H29833  5164                    967394.24982 937775.121  3.06%  41.5 4093s
H29833  4902                    967126.30385 937775.121  3.03%  41.5 4114s
 29834  4902 948048.275  933  572 967126.304 937775.121  3.03%  41.4 4121s
 29835  4903 947451.401  759  607 967126.304 937775.121  3.03%  41.4 4133s
 29836  4904 948121.502 1415  611 967126.304 937775.121  3.03%  41.4 4135s
 29837  4904 937775.121  290  624 967126.304 937775.121  3.03%  41.4 4146s
 29838  4905 948272.906  995  566 967126.304 937775.121  3.03%  41.4 4173s
 29839  4906 940063.341  375  599 967126.304 937775.121  3.03%  41.4 4188s
 29841  4907 946091.873  535  616 967126.304 937775.121  3.03%  41.4 4207s
H29841  4658                    967109.99823 937775.121  3.03%  41.4 4280s
 29843  4659 950013.019  882  593 967109.998 937775.121  3.03%  41.4 4324s
 29844  4660 945114.762 1177  577 967109.998 937775.121  3.03%  41.4 4357s
 29849  4664 945932.367  714  540 967109.998 937775.121  3.03%  45.1 4368s
 29850  4665 943247.192  965  519 967109.998 937775.121  3.03%  45.1 4371s
 29854  4668 943633.759  932  575 967109.998 937775.121  3.03%  45.0 4375s
 29864  4674 941725.478  587  631 967109.998 937775.121  3.03%  45.0 4380s
 29868  4677 949121.587 1177  600 967109.998 937780.674  3.03%  45.0 4392s
 29872  4680 940553.878  510  608 967109.998 937845.981  3.03%  45.0 4395s
 29873  4680 947438.452 1154  608 967109.998 937845.984  3.03%  45.0 4404s
 29874  4681 946229.646  863  614 967109.998 937860.076  3.02%  45.0 4406s
 29875  4682 944724.170 1163  615 967109.998 937860.153  3.02%  45.0 4416s
H29879  4449                    967108.74975 937905.548  3.02%  45.0 4430s
H29879  4226                    967102.70811 937905.548  3.02%  45.0 4430s
 29883  4229 944014.836  853  638 967102.708 937924.602  3.02%  45.0 4444s
 29884  4230 948222.499 1434  635 967102.708 937928.460  3.02%  45.0 4445s
H29884  4018                    967096.99929 937928.460  3.02%  45.0 4457s
H29886  3817                    966586.76101 937929.041  2.96%  45.0 4472s
H29889  3627                    966585.50876 937930.677  2.96%  45.0 4484s
 29891  3628 944033.683 1083  655 966585.509 937933.367  2.96%  45.0 4488s
 29895  3631 946278.663 1226  658 966585.509 937934.159  2.96%  45.0 4500s
H29896  3450                    966585.17056 937934.223  2.96%  45.0 4501s
 29897  3450 938541.452  376  655 966585.171 937934.223  2.96%  45.0 4513s
 29898  3451 946799.785 1447  660 966585.171 937934.223  2.96%  45.0 4515s
H29898  3277                    966583.92208 937934.223  2.96%  45.0 4515s
 29899  3278 943163.059 1008  662 966583.922 937934.223  2.96%  45.0 4527s
 29900  3278 938214.801  602  510 966583.922 937934.223  2.96%  45.0 4550s
 29901  3279 944109.700  883  564 966583.922 937934.223  2.96%  45.0 4558s
 29902  3280 943916.297 1003  535 966583.922 937934.239  2.96%  45.0 4579s
 29903  3280 937934.323  174  575 966583.922 937934.323  2.96%  45.0 4589s
 29904  3281 943435.344  530  599 966583.922 937934.649  2.96%  45.0 4590s
 29906  3282 939014.442  261  604 966583.922 937934.908  2.96%  45.0 4601s
 29907  3283 940178.874  479  600 966583.922 937935.961  2.96%  45.0 4606s
 29910  3285 942847.446  970  617 966583.922 937936.281  2.96%  45.0 4617s
 29912  3286 942452.642  693  623 966583.922 937938.231  2.96%  45.0 4620s
 29913  3287 938208.195  140  629 966583.922 937938.243  2.96%  45.0 4629s
 29914  3288 946364.337 1149  620 966583.922 937938.361  2.96%  45.0 4631s
 29916  3289 937938.707  109  623 966583.922 937938.707  2.96%  45.0 4639s
 29917  3290 942469.361  744  624 966583.922 937938.716  2.96%  45.0 4640s
 29918  3290 944035.416  877  625 966583.922 937938.716  2.96%  44.9 4648s
 29920  3292 946587.382  827  622 966583.922 937946.980  2.96%  44.9 4662s
 29922  3293 945650.709  743  626 966583.922 937946.980  2.96%  44.9 4671s
H29922  3128                    966551.95053 937946.980  2.96%  44.9 4681s
 29923  3129 946018.780 1243  524 966551.951 937946.980  2.96%  44.9 4699s
 29924  3129 943558.656  996  570 966551.951 937946.980  2.96%  44.9 4708s
 29926  3131 944278.575  702  606 966551.951 937946.980  2.96%  44.9 4710s
H29926  2973                    966522.73963 937946.980  2.96%  44.9 4718s
H29927  2823                    966381.74836 937946.980  2.94%  44.9 4722s
 29929  2825 947919.359 1035  617 966381.748 937946.980  2.94%  44.9 4730s
 29931  2826 943464.174  785  622 966381.748 937946.980  2.94%  44.9 4740s
 29933  2827 939315.368  331  624 966381.748 937946.980  2.94%  44.9 4750s
 29935  2829 947451.401  759  623 966381.748 937946.980  2.94%  44.9 4759s
 29936  2829 948121.502 1415  627 966381.748 937946.980  2.94%  44.9 4760s
 29937  2830 937946.980  290  628 966381.748 937946.980  2.94%  44.9 4769s
 29938  2831 948272.906  995  627 966381.748 937946.980  2.94%  44.9 4770s
 29939  2831 940063.341  375  631 966381.748 937946.980  2.94%  44.9 4778s
H29939  2688                    966381.74670 937946.980  2.94%  44.9 4791s
 29940  2689 946583.119 1367  628 966381.747 937946.980  2.94%  44.9 4812s
H29940  2553                    966222.77041 937946.980  2.93%  44.9 4812s
H29940  2423                    966198.79627 937946.980  2.92%  44.9 4812s
H29940  2301                    966068.99913 937946.980  2.91%  44.9 4820s
 29943  2303 950013.019  882  629 966068.999 937946.980  2.91%  44.9 4829s
 29944  2304 945114.762 1177  627 966068.999 937946.980  2.91%  44.9 4830s
 29945  2304 940466.774  526  624 966068.999 937946.980  2.91%  44.9 4838s
 29947  2306 947271.289 1160  625 966068.999 937946.980  2.91%  44.9 4848s
 29949  2307 945932.367  714  630 966068.999 937946.980  2.91%  44.9 4857s
H29949  2190                    966057.90853 937946.980  2.91%  44.9 4867s
H29949  2078                    966048.03210 937946.980  2.91%  44.9 4867s
 29950  2079 943247.192  965  532 966048.032 937946.980  2.91%  44.9 4877s
 29951  2079 939359.372  495  583 966048.032 937946.980  2.91%  44.9 4885s
H29951  1974                    965983.73372 937946.980  2.90%  44.9 4912s
H29951  1873                    965820.78555 937946.980  2.89%  44.9 4917s
 29952  1874 948999.707 1407  545 965820.786 937946.980  2.89%  44.9 4928s
 29953  1875 937946.980  266  578 965820.786 937946.980  2.89%  44.9 4937s
 29957  1877 937946.980   70  613 965820.786 937946.980  2.89%  44.9 4947s
 29959  1879 947354.025  954  619 965820.786 937946.980  2.89%  44.9 4957s
 29961  1880 937946.980   96  613 965820.786 937946.980  2.89%  44.9 4968s
 29963  1881 939335.455  390  611 965820.786 937946.980  2.89%  44.9 4978s
 29965  1883 946058.399 1032  619 965820.786 937946.980  2.89%  44.9 4987s
 29966  1883 940214.991  328  620 965820.786 937946.980  2.89%  44.9 5021s
H29966  1787                    965684.12317 937946.980  2.87%  44.9 5030s
H29966  1696                    965420.88908 937946.980  2.85%  44.9 5030s
H29966  1609                    965142.83026 937946.980  2.82%  44.9 5030s
H29968  1528                    965075.15739 937946.980  2.81%  44.9 5032s
 29969  1528 940602.287  323  624 965075.157 937946.980  2.81%  44.9 5043s
 29971  1530 939138.071  401  630 965075.157 937946.980  2.81%  44.9 5055s
 29972  1530 940553.878  510  550 965075.157 937946.980  2.81%  44.9 5077s
 29973  1531 947438.452 1154  587 965075.157 937946.980  2.81%  44.9 5087s
 29974  1532 946229.646  863  556 965075.157 937946.980  2.81%  44.9 5100s
H29974  1453                    965074.38656 937946.980  2.81%  44.9 5110s
H29974  1379                    965071.53525 937946.980  2.81%  44.9 5111s
H29974  1308                    964995.70497 937946.980  2.80%  44.9 5111s
 29977  1310 944553.162 1148  605 964995.705 937946.980  2.80%  44.9 5122s
 29980  1312 937946.980  176  601 964995.705 937946.980  2.80%  44.9 5133s
 29982  1313 941481.623  537  598 964995.705 937946.980  2.80%  44.9 5135s
 29983  1314 944014.836  853  596 964995.705 937946.980  2.80%  44.9 5145s
 29985  1315 943504.154 1019  602 964995.705 937946.980  2.80%  44.8 5156s
H29986  1248                    964992.58377 937946.980  2.80%  44.8 5167s
H29987  1183                    964805.81686 937946.980  2.78%  44.8 5178s
H29987  1121                    964805.49140 937946.980  2.78%  44.8 5178s
 29988  1122 943401.941  698  534 964805.491 937946.980  2.78%  44.8 5189s
H29988  1064                    963371.75004 937946.980  2.64%  44.8 5189s
 29989  1065 944277.248  974  566 963371.750 937946.980  2.64%  44.8 5198s
 29990  1065 945901.353 1257  554 963371.750 937946.980  2.64%  44.8 5219s
 29991  1066 944033.683 1083  577 963371.750 937946.980  2.64%  44.8 5229s
 29992  1067 940393.963  353  566 963371.750 937946.980  2.64%  44.8 5296s
 29993  1067 942841.199  589  585 963371.750 937946.980  2.64%  44.8 5309s
 29994  1068 938115.284  350  555 963371.750 937946.980  2.64%  44.8 5316s
 29997  1070 938541.452  376  602 963371.750 937946.980  2.64%  44.8 5321s
 29998  1071 946799.785 1447  558 963371.750 937946.980  2.64%  44.8 5329s
 29999  1071 943163.059 1008  588 963371.750 937946.980  2.64%  44.8 5331s
 30002  1073 943916.297 1003  560 963371.750 937946.980  2.64%  44.8 5340s
 30005  1075 947110.888 1279  594 963371.750 937946.980  2.64%  44.8 5346s
 30006  1076 939014.442  261  559 963371.750 937946.980  2.64%  44.8 5350s
 30008  1077 945080.822  566  559 963371.750 937946.980  2.64%  44.8 5360s
 30009  1078 948507.740 1214  551 963371.750 937946.980  2.64%  44.8 5367s
H30009  1021                    963281.87967 937946.980  2.63%  44.8 5372s
 30010  1022 942847.446  970  551 963281.880 937946.980  2.63%  44.8 5389s
 30011  1025 938234.110   77  546 963281.880 937946.980  2.63%  48.6 5392s
 30021  1034 937946.980   79  566 963281.880 937946.980  2.63%  48.6 5395s
 30057  1062 939274.178   83  546 963281.880 937948.526  2.63%  48.6 5401s
H30065  1015                    963261.83434 937948.526  2.63%  48.6 5405s
H30091   980                    963117.63490 937948.526  2.61%  48.6 5416s
 30142  1021 940559.342   88  535 963117.635 937948.526  2.61%  48.6 5421s
 30194  1056 939279.900   92  519 963117.635 937948.526  2.61%  48.5 5425s
 30239  1086 940392.395   94  510 963117.635 937948.526  2.61%  48.5 5430s
 30295  1117 939319.051   98  510 963117.635 937948.526  2.61%  48.5 5435s
 30340  1146 939321.661  101  509 963117.635 937948.526  2.61%  48.5 5441s
 30348  1151 939746.149  101  506 963117.635 937948.526  2.61%  48.5 5465s
H30351  1102                    963072.68962 937948.526  2.61%  48.5 5465s
H30353  1054                    962977.11040 937948.526  2.60%  48.5 5465s
 30380  1077 939435.109  103  502 962977.110 937948.526  2.60%  48.5 5470s
H30388  1040                    962935.36886 937948.526  2.59%  48.5 5495s
H30390   997                    962772.53778 937948.526  2.58%  48.5 5495s
 30420  1019 939344.161  106  504 962772.538 937948.526  2.58%  48.4 5500s
H30428   984                    962772.44712 937948.526  2.58%  48.4 5525s
H30429   947                    962769.97260 937948.526  2.58%  48.4 5525s
H30431   910                    962765.83157 937948.526  2.58%  48.4 5525s
H30432   876                    962752.67060 937948.526  2.58%  48.4 5525s
 30463   901 939817.457  108  495 962752.671 937948.526  2.58%  48.4 5536s
 30471   906 939366.710  109  495 962752.671 937948.526  2.58%  48.4 5555s
H30473   873                    962751.42225 937948.526  2.58%  48.4 5555s
H30475   842                    962709.85778 937948.526  2.57%  48.4 5555s
 30512   901 940232.554  111  491 962709.858 937948.526  2.57%  48.4 5560s
 30590   950 939405.494  116  474 962709.858 937948.526  2.57%  48.3 5565s
 30670  1006 939468.507  121  463 962709.858 937948.526  2.57%  48.3 5571s
 30756  1068 939429.999  127  459 962709.858 937948.526  2.57%  48.2 5576s
 30802  1101 939465.887  130  461 962709.858 937948.526  2.57%  48.2 5580s
 30900  1168 939672.953  135  439 962709.858 937948.526  2.57%  48.2 5586s
 30950  1202 939515.377  138  443 962709.858 937948.526  2.57%  48.2 5590s
 31058  1280 939512.988  145  435 962709.858 937948.526  2.57%  48.1 5597s
 31115  1325 939529.860  148  440 962709.858 937948.526  2.57%  48.1 5601s
 31179  1369 939540.065  152  435 962709.858 937948.526  2.57%  48.0 5605s
 31244  1355 939541.037  156  435 962709.858 937948.526  2.57%  48.0 5619s
 31252  1361 940738.302  156  435 962709.858 937948.526  2.57%  48.0 5647s
 31260  1366 939541.222  157  435 962709.858 937948.526  2.57%  48.0 5660s
H31262  1336                    962696.94202 937948.526  2.57%  48.0 5660s
 31343  1462 939734.011  162  432 962696.942 937948.526  2.57%  47.9 5669s
 31429  1506 939736.375  168  436 962696.942 937948.526  2.57%  47.8 5674s
 31503  1573 939750.019  172  433 962696.942 937948.526  2.57%  47.8 5679s
 31597  1674 939800.978  178  423 962696.942 937948.526  2.57%  47.7 5685s
 31698  1773 939809.090  184  404 962696.942 937948.526  2.57%  47.6 5690s
 31801  1881 939812.254  191  399 962696.942 937948.526  2.57%  47.6 5696s
 31909  1964 939961.051  197  385 962696.942 937948.526  2.57%  47.6 5702s
 31994  1972 939968.553  202  381 962696.942 937948.526  2.57%  47.5 5715s
 32002  1980 939833.642  203  374 962696.942 937948.526  2.57%  47.5 5743s
H32003  1980                    962672.49719 937948.526  2.57%  47.5 5743s
H32006  1980                    962671.87831 937948.526  2.57%  47.5 5743s
 32010  2077 939844.421  203  371 962671.878 937948.526  2.57%  47.5 5750s
 32111  2227 940038.016  209  372 962671.878 937948.526  2.57%  47.4 5757s
 32267  2395 939896.767  219  358 962671.878 937948.526  2.57%  47.3 5764s
 32437  2491 939910.477  228  336 962671.878 937948.526  2.57%  47.2 5777s
H32533  2540                    962627.97768 937948.526  2.56%  47.2 5797s
 32584  2707 940098.919  237  323 962627.978 937948.526  2.56%  47.1 5805s
 32761  2889 940410.946  250  314 962627.978 937948.526  2.56%  47.0 5814s
 32947  3083 940012.369  261  300 962627.978 937948.526  2.56%  46.9 5823s
 33149  3297 940249.078  273  278 962627.978 937948.526  2.56%  46.8 5832s
 33377  3520 940186.854  287  267 962627.978 937948.526  2.56%  46.6 5841s
 33602  3528 940576.624  302  261 962627.978 937948.526  2.56%  46.4 5861s
 33610  3536 941047.062  302  267 962627.978 937948.526  2.56%  46.4 5883s
H33612  3536                    962481.84331 937948.526  2.55%  46.4 5883s
 33618  3777 940603.685  303  261 962481.843 937948.526  2.55%  46.4 5893s
 33865  4028 942421.206  317  260 962481.843 937948.526  2.55%  46.2 5903s
 34118  4036 940802.170  334  259 962481.843 937948.526  2.55%  46.0 5924s
H34124  4036                    962393.69253 937948.526  2.54%  46.0 5925s
 34126  4263 940817.180  334  257 962393.693 937948.526  2.54%  46.0 5935s
 34355  4492 940996.353  351  260 962393.693 937948.526  2.54%  46.1 5946s
 34584  4789 942099.282  368  253 962393.693 937948.526  2.54%  46.5 5957s
 34881  5073 941091.715  385  251 962393.693 937948.526  2.54%  46.6 5970s
 35167  5081 941609.584  399  250 962393.693 937948.526  2.54%  46.8 5999s
 35175  5089 941129.074  400  250 962393.693 937948.526  2.54%  46.8 6027s
H35176  5089                    961886.24207 937948.526  2.49%  46.8 6027s
 35183  5298 941616.157  400  250 961886.242 937948.526  2.49%  46.8 6042s
 35392  5339 942106.812  414  250 961886.242 937948.526  2.49%  47.1 6085s
 35435  5540 942437.659  417  251 961886.242 937948.526  2.49%  47.2 6111s
 35636  5824 943429.688  428  250 961886.242 937948.526  2.49%  47.7 6124s
 35924  6219 941366.828  445  249 961886.242 937948.526  2.49%  48.3 6136s
 36335  6227 943463.479  470  247 961886.242 937948.526  2.49%  49.1 6170s
H36338  6227                    961886.14907 937948.526  2.49%  49.1 6170s
 36343  6681 944563.759  470  245 961886.149 937948.526  2.49%  49.1 6183s
 36809  6688 943474.316  501  247 961886.149 937948.526  2.49%  49.3 6234s
H36818  6696                    961596.29071 937948.526  2.46%  49.3 6278s
 36826  7239 943475.030  502  247 961596.291 937948.526  2.46%  49.3 6292s
 37379  7787 943637.204  545  236 961596.291 937948.526  2.46%  49.2 6307s
 37939  7795 945337.672  577  238 961596.291 937948.526  2.46%  48.8 6363s
 37947  7803 943804.074  578  238 961596.291 937948.526  2.46%  48.8 6404s
H37948  7803                    961322.89156 937948.526  2.43%  48.8 6404s
 37955  7811 947069.314  578  238 961322.892 937948.526  2.43%  48.8 6446s
H37958  7811                    961158.30658 937948.526  2.41%  48.8 6446s
 37963  8410 943804.074  579  238 961158.307 937948.526  2.41%  48.8 6462s
 38568  9125 944197.473  611  232 961158.307 937948.526  2.41%  48.3 6478s
 39287  9844 944804.723  654  223 961158.307 937948.526  2.41%  47.9 6494s
 40006 10555 944706.115  699  215 961158.307 937948.526  2.41%  47.5 6511s
 40719 10563 944909.069  735  213 961158.307 937948.526  2.41%  47.0 6576s
H40720 10563                    961156.67847 937948.526  2.41%  47.0 6576s
H40723 10563                    961151.64834 937948.526  2.41%  47.0 6576s
 40727 11270 945797.682  735  220 961151.648 937948.526  2.41%  47.0 6595s
 41438 11936 945850.859  774  210 961151.648 937948.526  2.41%  46.6 6615s
 42126 12694 945709.379  818  211 961151.648 937948.526  2.41%  46.4 6634s
 42892 13489 945850.351  863  202 961151.648 937948.526  2.41%  46.2 6653s
 43693 14274 945834.886  903  207 961151.648 937948.526  2.41%  45.7 6674s
 44488 15180 947475.984  947  197 961151.648 937948.526  2.41%  45.4 6704s
 45405 15862 948613.529 1005  188 961151.648 937948.526  2.41%  45.7 6723s
H46093 15870                    961053.54915 937948.526  2.40%  45.8 6804s
 46101 16535 949128.826 1050  187 961053.549 937948.526  2.40%  45.8 6824s
 46790 17248 949658.638 1091  177 961053.549 937948.526  2.40%  45.8 6847s
 47549 18115 949707.195 1129  179 961053.549 937948.526  2.40%  45.8 6867s
 48430 19020 950801.558 1186  174 961053.549 937948.526  2.40%  45.6 6888s
 49341 19901 951275.854 1239  178 961053.549 937948.526  2.40%  45.2 6909s
 50238 19909 950156.596 1297  171 961053.549 937948.526  2.40%  44.8 6992s
H50242 19909                    960227.12642 937948.526  2.32%  44.8 6992s
 50246 20669 950530.461 1297  171 960227.126 937948.526  2.32%  44.8 7020s
 51041 20677 950688.392 1344  171 960227.126 937948.526  2.32%  44.7 7121s
H51048 20677                    960227.01292 937948.526  2.32%  44.7 7121s
 51049 21091 950677.971 1345  168 960227.013 937948.526  2.32%  44.7 7141s
 51481 21099 950711.435 1372  164 960227.013 937948.526  2.32%  44.4 7258s
 51489 21158 950715.031 1372  163 960227.013 937948.526  2.32%  44.4 7369s
H51495 21158                    960225.76444 937948.526  2.32%  44.4 7369s
 51548 22012 950715.031 1374  163 960225.764 937948.526  2.32%  44.3 7391s
 52423 22851 950720.592 1432  155 960225.764 937948.526  2.32%  44.0 7418s
 53284 23724 951506.663 1489  155 960225.764 937948.526  2.32%  43.7 7442s
 54174 24594 950982.028 1547  151 960225.764 937948.526  2.32%  43.3 7470s
 55078 25422 953192.889 1604  148 960225.764 937948.526  2.32%  42.7 7497s
 55932 25430 952475.506 1662  147 960225.764 937948.526  2.32%  42.3 7601s
 55940 25526 956245.571 1662  149 960225.764 937948.526  2.32%  42.3 7695s
 56046 26065 952539.970 1663  147 960225.764 937948.526  2.32%  42.3 7729s
 56587 26896 952880.787 1696  146 960225.764 937948.526  2.32%  42.1 7764s
 57439 26903 953020.552 1751  144 960225.764 937948.526  2.32%  41.7 7911s
 57448 26958 953020.552 1752  144 960225.764 937948.526  2.32%  41.7 8045s
H57503 26940                    960107.78308 937948.526  2.31%  41.7 8045s
 57509 27712 953020.552 1766  143 960107.783 937948.526  2.31%  41.7 8076s
 58410 27719 953103.066 1821  137 960107.783 937948.526  2.31%  41.3 8211s
 58419 27727 953103.066 1822  137 960107.783 937954.834  2.31%  41.3 8350s
H58420 27720                    960091.55284 937954.834  2.31%  41.3 8350s
 58427 28578 953103.066 1822  137 960091.553 937954.834  2.31%  41.3 8386s
 59288 29487 953149.487 1873  135 960091.553 937954.834  2.31%  40.9 8423s
 60208 30301 953353.890 1930  126 960091.553 937954.834  2.31%  40.6 8454s
 61030 30993 955285.346 1968  127 960091.553 937954.834  2.31%  40.3 8484s
 61725 31768 954336.688 2002  126 960091.553 937954.834  2.31%  40.3 8516s
 62523 32532 954491.169 2044  128 960091.553 937954.834  2.31%  40.0 8550s
 63345 33272 955293.136 2101  126 960091.553 937954.834  2.31%  39.8 8603s
 64125 33542 955070.183 2158  125 960091.553 937954.878  2.31%  39.6 8641s
 64395 34266 956351.367 2180  128 960091.553 937954.878  2.31%  39.5 8685s
 65123 35053 958274.624 2222  129 960091.553 937954.878  2.31%  39.3 8731s
 65924 35870 955588.246 2273  122 960091.553 937954.878  2.31%  39.1 8774s
 66745 36724 956067.042 2315  121 960091.553 937954.878  2.31%  38.9 8821s
 67606 37550 956888.799 2367  118 960091.553 937954.878  2.31%  38.8 8869s
 67918 37550 955599.597 2386  115 960091.553 937954.878  2.31%  38.7 8870s
 68441 37558 956940.691 2408  118 960091.553 937954.878  2.31%  38.8 9205s
H68449 37522                    959977.31619 937954.878  2.29%  38.8 9588s
H68450 37513                    959966.08060 937954.878  2.29%  38.8 9588s
 68457 38279 956940.691 2409  118 959966.081 937954.878  2.29%  38.8 9652s
 69278 39035 958555.629 2456  121 959966.081 937954.878  2.29%  38.6 9720s
 70072 39774 958395.638 2506  116 959966.081 937954.878  2.29%  38.6 9799s
 70843 40433 958492.128 2545  115 959966.081 937954.878  2.29%  38.5 9870s
 71627 41208 959237.201 2581  116 959966.081 937954.878  2.29%  38.5 9961s
 72504 42012 959662.055 2637  112 959966.081 937954.878  2.29%  38.2 10061s
 73330 42746 959787.833 2685  110 959966.081 937954.878  2.29%  37.9 10163s
 74118 43537 938435.452  104  505 959966.081 937954.878  2.29%  37.7 10281s
 74909 44429 938985.765  168  352 959966.081 937954.878  2.29%  37.5 10392s
 75829 45315 939817.128  237  309 959966.081 937954.878  2.29%  37.4 10496s
 76721 46163 940097.651  285  253 959966.081 937954.878  2.29%  37.3 10592s
 77582 47071 940263.890  364  218 959966.081 937954.878  2.29%  37.0 10685s
 78490 47079 941926.013  434  218 959966.081 937954.878  2.29%  36.7 10949s
H78498 46820                    959857.89712 937954.878  2.28%  36.7 11195s
H78502 46519                    959803.77820 937954.878  2.28%  36.7 11195s
 78506 46675 941922.994  437  220 959803.778 937954.878  2.28%  36.7 11382s
 78698 46681 942012.809  445  218 959803.778 937954.878  2.28%  36.6 11632s
H78701 46011                    959524.11867 937954.878  2.25%  36.6 11632s
H78704 45976                    959516.14902 937954.878  2.25%  36.6 11632s
 78706 46847 942012.809  446  218 959516.149 937954.878  2.25%  36.6 11687s
 79577 47767 943974.654  490  220 959516.149 937954.878  2.25%  36.4 11742s
 80497 47775 944507.190  600  205 959516.149 937954.878  2.25%  36.1 11988s
H80503 47775                    959516.14881 937954.878  2.25%  36.1 11988s
 80505 48661 944508.220  600  216 959516.149 937954.878  2.25%  36.1 12342s
 81393 49374 944996.786  682  204 959516.149 937954.878  2.25%  35.8 12579s
 82116 50288 945467.496  775  193 959516.149 937954.878  2.25%  35.6 12603s
 83036 51208 945834.976  875  188 959516.149 937954.878  2.25%  35.4 12622s
 83956 52124 946492.526  976  184 959516.149 937954.878  2.25%  35.2 12648s
 84876 53042 946906.931 1058  183 959516.149 937954.878  2.25%  34.9 12668s
 85796 53962 947420.408 1129  166 959516.149 937954.878  2.25%  34.7 12689s
 86716 54876 947561.122 1216  162 959516.149 937954.878  2.25%  34.4 12710s
 87636 55788 947887.670 1300  162 959516.149 937954.878  2.25%  34.1 12732s
 88556 56708 949967.722 1386  159 959516.149 937954.878  2.25%  33.9 12757s
 89476 57439 950353.227 1416  159 959516.149 937954.878  2.25%  33.6 12774s
 90207 57994 950626.008 1437  157 959516.149 937954.878  2.25%  33.4 12826s
 90794 58002 951758.923 1451  155 959516.149 937954.878  2.25%  33.3 12908s
 90802 58010 951758.923 1449  155 959516.149 937954.878  2.25%  33.3 13007s
 90810 58787 951758.923 1452  155 959516.149 937954.878  2.25%  33.3 13047s
 91593 59627 952946.668 1536  154 959516.149 937954.878  2.25%  33.1 13068s
 92433 60479 953544.618 1582  152 959516.149 937954.878  2.25%  33.0 13092s
 93287 61297 953642.216 1608  147 959516.149 937954.878  2.25%  32.7 13119s
H94112 61319                    959499.27361 937954.878  2.25%  32.6 13132s
 94153 61327 953699.096 1651  137 959499.274 937954.878  2.25%  32.6 13249s
 94161 61335 953699.096 1652  137 959499.274 937954.878  2.25%  32.6 13399s
H94168 61052                    959406.00184 937954.878  2.24%  32.6 13399s
 94169 61879 953699.096 1653  137 959406.002 937954.878  2.24%  32.6 13425s
 95000 62686 954014.216 1711  135 959406.002 937954.878  2.24%  32.4 13446s
 95807 63529 954334.577 1746  134 959406.002 937954.878  2.24%  32.1 13476s
 96650 64355 954411.230 1750  134 959406.002 937954.878  2.24%  31.9 13502s
 97478 65214 954451.740 1767  121 959406.002 937954.878  2.24%  31.8 13527s
 98349 66015 954451.740 1782  122 959406.002 937954.878  2.24%  31.5 13551s
 99150 66751 955801.104 1816  121 959406.002 937954.878  2.24%  31.3 13574s
 99894 66759 956067.356 1815  122 959406.002 937954.878  2.24%  31.2 13700s
H99896 66759                    959405.05483 937954.878  2.24%  31.2 13700s
 99902 67403 955971.730 1814  121 959405.055 937954.878  2.24%  31.2 13732s
 100622 67411 956179.607 1830  119 959405.055 937954.878  2.24%  31.1 13880s
H100625 67411                    959405.04140 937954.878  2.24%  31.1 13880s
 100630 68212 956179.607 1832  119 959405.041 937954.878  2.24%  31.1 13906s
 101458 68974 956244.441 1873  120 959405.041 937954.878  2.24%  30.9 13942s
 102244 69705 957234.998 1918  119 959405.041 937954.878  2.24%  30.7 13973s
 102982 70625 957324.742 1959  118 959405.041 937954.878  2.24%  30.6 14041s
 103902 71460 957587.784 1977  120 959405.041 937954.878  2.24%  30.5 14099s
 104763 72249 958251.406 1989  119 959405.041 937954.878  2.24%  30.3 14147s
 105562 73028 958304.710 1997  119 959405.041 937954.878  2.24%  30.2 14218s
H106372 73036                    959404.80473 937954.878  2.24%  30.0 60862s
H106375 73036                    959404.55840 937954.878  2.24%  30.0 60862s
H106377 73036                    959404.18004 937954.878  2.24%  30.0 60862s
 106380 73831 958431.438 2033  118 959404.180 937954.878  2.24%  30.0 254999s
 107202 74606 958434.591 2036  118 959404.180 937958.217  2.24%  29.8 255050s
H107977 74537                    959364.45497 937958.217  2.23%  29.6 255260s
 107985 75312 958439.388 2043  119 959364.455 937958.217  2.23%  29.6 255310s
 108763 76114 958472.062 2047  118 959364.455 937958.217  2.23%  29.6 255369s
 109567 76865 958482.002 2049  118 959364.455 937958.217  2.23%  29.4 255423s
 110320 77728 958782.934 2101  118 959364.455 937958.217  2.23%  29.4 255478s
 111196 78141 959081.330 2119  118 959364.455 937958.217  2.23%  29.2 255541s
 111656 78149 959100.432 2149  116 959364.455 937958.217  2.23%  29.1 256655s
 111664 78157 959100.432 2149  116 959364.455 937958.217  2.23%  29.1 257588s
 111672 78165 959100.432 2150  117 959364.455 937958.217  2.23%  29.1 258654s
H111673 78165                    959364.45427 937958.217  2.23%  29.1 258654s
H111677 78158                    959360.75141 937958.217  2.23%  29.1 258654s
 111680 78874 959100.432 2150  116 959360.751 937958.217  2.23%  29.1 258768s

Cutting planes:
  Learned: 1
  Gomory: 311
  Cover: 500
  Implied bound: 100
  Projected implied bound: 283
  MIR: 809
  Mixing: 10
  StrongCG: 2
  Flow cover: 786
  Network: 2
  RLT: 39
  Relax-and-lift: 117

Explored 112407 nodes (3312237 simplex iterations) in 258771.16 seconds (5554.18 work units)
Thread count was 8 (of 8 available processors)

Solution count 10: 959361 959364 959364 ... 959499

Solve interrupted
Best objective 9.593607514089e+05, best bound 9.379582167014e+05, gap 2.2309%

