Solver command line: []

Read LP format model from file C:\Users\wlhlm\AppData\Local\Temp\tmp0mf6_57c.pyomo.lp
Reading time = 2.35 seconds
objective: 976704 rows, 875999 columns, 2194326 nonzeros
Set parameter MIPGap to value 0.02
Gurobi Optimizer version 12.0.1 build v12.0.1rc0 (win64 - Windows 11.0 (26100.2))

CPU model: Intel(R) Core(TM) Ultra 7 258V, instruction set [SSE2|AVX|AVX2]
Thread count: 8 physical cores, 8 logical processors, using up to 8 threads

Non-default parameters:
MIPGap  0.02

Optimize a model with 976704 rows, 875999 columns and 2194326 nonzeros
Model fingerprint: 0xb6a4647e
Model has 8759 quadratic constraints
Variable types: 753360 continuous, 122639 integer (105120 binary)
Coefficient statistics:
  Matrix range     [6e-03, 2e+02]
  QMatrix range    [1e+00, 1e+00]
  Objective range  [1e-02, 5e+02]
  Bounds range     [1e+00, 3e+00]
  RHS range        [8e-05, 1e+04]
Presolve removed 774320 rows and 647322 columns
Presolve time: 0.55s
Presolved: 202384 rows, 228677 columns, 630097 nonzeros
Variable types: 154183 continuous, 74494 integer (65734 binary)
Performing another presolve...
Presolve removed 70080 rows and 70081 columns (presolve time = 6s)...
Presolve removed 70080 rows and 70081 columns
Presolve time: 5.96s
Deterministic concurrent LP optimizer: primal and dual simplex
Showing primal log only...


Root simplex log...

Iteration    Objective       Primal Inf.    Dual Inf.      Time
       0    2.4471546e+07   6.583599e+06   5.396835e+13      8s
   79139    7.2266038e+06   4.122575e+03   4.413339e+09     10s
Concurrent spin time: 0.01s

Solved with dual simplex

Root simplex log...

Iteration    Objective       Primal Inf.    Dual Inf.      Time
   37663    9.1059500e+05   0.000000e+00   0.000000e+00     10s
Extra simplex iterations after uncrush: 2

Root relaxation: objective 9.105950e+05, 37663 iterations, 3.05 seconds (5.06 work units)
Total elapsed time = 10.35s (DegenMoves)

    Nodes    |    Current Node    |     Objective Bounds      |     Work
 Expl Unexpl |  Obj  Depth IntInf | Incumbent    BestBd   Gap | It/Node Time

     0     0 910594.998    0  558          - 910594.998      -     -   13s
H    0     0                    1554954.4098 910594.998  41.4%     -   15s
H    0     0                    1541661.6856 910594.998  40.9%     -   17s
H    0     0                    1540100.4993 917729.263  40.4%     -   20s
     0     0 917729.263    0  500 1540100.50 917729.263  40.4%     -   20s
     0     0 919098.046    0  495 1540100.50 919098.046  40.3%     -   21s
     0     0 919225.123    0  498 1540100.50 919225.123  40.3%     -   22s
     0     0 919225.123    0  498 1540100.50 919225.123  40.3%     -   22s
     0     0 921505.370    0  491 1540100.50 921505.370  40.2%     -   23s
     0     0 921901.894    0  446 1540100.50 921901.894  40.1%     -   24s
     0     0 921970.605    0  438 1540100.50 921970.605  40.1%     -   24s
     0     0 921977.573    0  434 1540100.50 921977.573  40.1%     -   24s
     0     0 921977.573    0  434 1540100.50 921977.573  40.1%     -   24s
     0     0 922444.105    0  471 1540100.50 922444.105  40.1%     -   27s
H    0     0                    1530796.9493 922542.995  39.7%     -   28s
H    0     0                    1530683.2325 922542.995  39.7%     -   28s
H    0     0                    1526007.6160 922542.995  39.5%     -   28s
     0     0 922542.995    0  469 1526007.62 922542.995  39.5%     -   28s
     0     0 922545.539    0  480 1526007.62 922545.539  39.5%     -   28s
     0     0 922553.577    0  475 1526007.62 922553.577  39.5%     -   28s
     0     0 922553.577    0  478 1526007.62 922553.577  39.5%     -   28s
H    0     0                    1495855.6999 922553.577  38.3%     -   30s
H    0     0                    1492445.2940 922553.577  38.2%     -   30s
H    0     0                    1490387.6212 922625.363  38.1%     -   30s
H    0     0                    1490093.3303 922625.363  38.1%     -   30s
     0     0 922625.363    0  464 1490093.33 922625.363  38.1%     -   30s
H    0     0                    1483079.8182 922625.363  37.8%     -   31s
H    0     0                    1479482.1015 922625.363  37.6%     -   31s
H    0     0                    1478415.9650 922625.363  37.6%     -   31s
H    0     0                    1477785.1027 922625.363  37.6%     -   31s
     0     0 922649.840    0  463 1477785.10 922649.840  37.6%     -   31s
     0     0 922687.700    0  468 1477785.10 922687.700  37.6%     -   31s
     0     0 922689.692    0  471 1477785.10 922689.692  37.6%     -   32s
     0     0 922708.350    0  465 1477785.10 922708.350  37.6%     -   32s
     0     0 922708.837    0  468 1477785.10 922708.837  37.6%     -   33s
     0     0 922709.828    0  467 1477785.10 922709.828  37.6%     -   33s
H    0     0                    1470892.7808 922712.852  37.3%     -   34s
H    0     0                    1468711.3721 922712.852  37.2%     -   34s
H    0     0                    1468687.6510 922712.852  37.2%     -   34s
H    0     0                    1468665.9429 922712.852  37.2%     -   35s
     0     0 922712.852    0  467 1468665.94 922712.852  37.2%     -   35s
     0     0 922712.852    0  465 1468665.94 922712.852  37.2%     -   35s
     0     0 922712.852    0  469 1468665.94 922712.852  37.2%     -   36s
     0     0 922712.852    0  465 1468665.94 922712.852  37.2%     -   36s
     0     0 922712.852    0  386 1468665.94 922712.852  37.2%     -   38s
H    0     0                    1461688.4440 922712.852  36.9%     -   39s
H    0     0                    1453066.3079 922712.852  36.5%     -   39s
H    0     0                    1452959.1653 922712.852  36.5%     -   39s
H    0     0                    1452832.7057 922712.852  36.5%     -   39s
H    0     0                    1452816.7472 922712.852  36.5%     -   39s
H    0     0                    1452703.7698 922712.852  36.5%     -   39s
H    0     0                    1452583.2791 922712.852  36.5%     -   40s
H    0     0                    1452470.3017 922712.852  36.5%     -   40s
H    0     0                    1452470.1676 922712.852  36.5%     -   40s
     0     2 922712.852    0  368 1452470.17 922712.852  36.5%     -   41s
    39    48 923591.920    6  393 1452470.17 922728.210  36.5%  52.7   45s
H   51    57                    1429651.3883 922728.210  35.5%  43.0   46s
H   74    81                    1429498.2134 922728.210  35.5%  34.1   47s
H   75    81                    1429335.8622 922728.210  35.4%  33.7   47s
H   76    81                    1429318.9924 922728.210  35.4%  33.3   47s
   138   160 923592.909   14  384 1429318.99 922728.210  35.4%  21.4   50s
   296   305 923592.909   25  386 1429318.99 922728.210  35.4%  11.4   57s
H  298   305                    1426626.0375 922728.210  35.3%  11.4   57s
H  302   305                    1425075.6027 922728.210  35.3%  11.3   57s
H  303   305                    1414317.0772 922728.210  34.8%  11.2   57s
   411   448 923592.909   33  388 1414317.08 922728.210  34.8%   9.0   60s
   716   844 923683.538   58  389 1414317.08 922728.210  34.8%   7.9   65s
H  931  1018                    1410590.1328 922728.210  34.6%   7.7   67s
  1025  1034 923803.322   99  390 1410590.13 922728.210  34.6%   7.4   96s
H 1026  1034                    1401472.1042 922728.210  34.2%   7.4   96s
  1129  1138 923890.091  118  389 1401472.10 922728.210  34.2%   8.3  100s
H 1130  1138                    1385493.9452 922728.210  33.4%   8.3  100s
H 1273  1291                    1372297.5165 922728.210  32.8%   7.8  103s
H 1276  1291                    1368138.4814 922728.210  32.6%   7.8  103s
  1290  1448 923951.926  134  374 1368138.48 922728.210  32.6%   7.7  105s
  2007  2150 925224.269  217  374 1368138.48 922728.210  32.6%   5.7  110s
  2329  2338 925681.928  246  372 1368138.48 922728.210  32.6%   5.7  118s
H 2333  2338                    1365671.8802 922728.210  32.4%   5.7  118s
H 2337  2355                    1357950.5051 922728.210  32.0%   5.7  120s
H 2341  2355                    1344425.1734 922728.210  31.4%   5.7  120s
H 2347  2355                    1341249.8004 922728.210  31.2%   5.9  120s
  2738  2788 925703.660  295  372 1341249.80 922728.210  31.2%   6.4  125s
  3269  3436 926017.392  345  374 1341249.80 922728.210  31.2%   6.2  130s
  3435  3444 926066.653  367  372 1341249.80 922728.210  31.2%   6.0  135s
H 3441  3444                    1337195.7864 922728.210  31.0%   6.0  135s
H 3443  3474                    1321715.4497 922728.210  30.2%   6.0  138s
H 3450  3474                    1312015.1645 922728.210  29.7%   6.0  138s
H 3452  3474                    1310174.6197 922728.210  29.6%   6.0  138s
  3629  3817 926072.863  387  370 1310174.62 922728.210  29.6%   6.5  141s
  4065  4242 926528.344  427  369 1310174.62 922728.210  29.6%   6.9  146s
  4438  4605 926612.032  461  356 1310174.62 922728.210  29.6%   7.1  150s
H 5024  5043                    1285983.7570 922728.210  28.2%   7.3  159s
H 5025  5043                    1278041.4736 922728.210  27.8%   7.3  159s
  5042  5258 926756.975  520  335 1278041.47 922728.210  27.8%   7.3  161s
  5257  5568 926890.321  537  337 1278041.47 922728.210  27.8%   7.3  165s
  5881  6098 927061.598  608  328 1278041.47 922728.210  27.8%   7.5  173s
H 5907  6098                    1255655.9464 922728.210  26.5%   7.5  173s
  6097  6450 927232.327  632  324 1255655.95 922728.210  26.5%   7.4  176s
  6449  6881 927237.865  678  324 1255655.95 922728.210  26.5%   7.6  180s
  6880  7449 927237.865  722  325 1255655.95 922728.210  26.5%   7.2  185s
H 7448  7449                    1251472.7923 922728.210  26.3%   6.8  192s
H 7448  7449                    1247264.2168 922728.210  26.0%   6.8  193s
H 7448  7449                    1232179.8220 922728.210  25.1%   6.8  194s
H 7448  7449                    1218332.9096 922728.210  24.3%   6.8  196s
H 7448  7449                    1208791.0722 922728.210  23.7%   6.8  198s
H 7448  7449                    1207904.8315 922728.210  23.6%   6.8  199s
H 7448  7449                    1204473.9213 922728.210  23.4%   6.8  201s
H 7448  7449                    1174786.4501 922728.210  21.5%   6.8  204s
  7449  7450 923432.494   38 15347 1174786.45 922728.210  21.5%   6.8  210s
H 7450  7078                    1174781.3630 922728.210  21.5%   6.8  219s
  7452  7079 927196.691  505  530 1174781.36 922728.210  21.5%   6.8  221s
  7458  7083 926651.878  523  452 1174781.36 922922.776  21.4%   6.8  226s
  7462  7086 924012.154   60  456 1174781.36 923545.732  21.4%   6.7  230s
H 7467  6734                    1174141.3606 923980.280  21.3%   6.7  235s
H 7467  6397                    1172435.3853 923980.280  21.2%   6.7  235s
H 7467  6077                    1172411.6581 923980.280  21.2%   6.7  235s
H 7468  5774                    1172342.9025 924008.830  21.2%   6.7  236s
  7475  5778 924132.585   43  480 1172342.90 924132.585  21.2%   6.7  241s
H 7479  5491                    1170195.0669 924166.739  21.0%   6.7  245s
H 7479  5216                    1170140.5462 924166.739  21.0%   6.7  245s
  7485  5220 925931.387  184  513 1170140.55 924289.127  21.0%   6.7  250s
  7491  5224 927239.430  685  526 1170140.55 924312.960  21.0%   6.7  255s
H 7491  4962                    1158400.9930 924380.277  20.2%   6.7  258s
  7493  4963 926017.392  331  505 1158400.99 924380.277  20.2%   6.7  261s
  7498  4967 926389.598  596  518 1158400.99 924386.278  20.2%   6.7  265s
  7503  4970 927208.795  483  517 1158400.99 924407.233  20.2%   6.7  270s
H 7509  4724                    1152742.9142 924557.408  19.8%   6.7  273s
H 7509  4487                    1151700.2267 924557.408  19.7%   6.7  273s
H 7509  4262                    1151333.2736 924557.408  19.7%   6.7  273s
H 7510  4049                    1151215.7510 924662.937  19.7%   6.7  273s
  7511  4049 925808.330  349  504 1151215.75 924665.126  19.7%   6.7  275s
  7517  4053 926548.054  496  519 1151215.75 924690.413  19.7%   6.7  280s
  7524  4058 927337.304  631  513 1151215.75 924716.888  19.7%   6.7  285s
  7530  4062 925566.769  119  508 1151215.75 924735.753  19.7%   6.7  292s
  7535  4065 925016.168  153  515 1151215.75 925016.168  19.6%   6.7  298s
  7537  4067 927814.744  561  506 1151215.75 925044.646  19.6%   6.7  300s
  7541  4069 925880.263  181  511 1151215.75 925051.295  19.6%   6.7  305s
  7546  4073 925778.544  313  506 1151215.75 925055.466  19.6%   6.7  310s
H 7552  3871                    1146463.3702 925073.505  19.3%   6.7  315s
H 7552  3676                    1145817.6731 925073.505  19.3%   6.7  316s
H 7552  3490                    1145736.6802 925073.505  19.3%   6.7  316s
H 7552  3314                    1145485.4521 925073.505  19.2%   6.7  316s
H 7552  3147                    1145391.6423 925073.505  19.2%   6.7  317s
H 7552  2988                    1144820.2972 925073.505  19.2%   6.7  317s
H 7552  2836                    1144798.4378 925073.505  19.2%   6.7  317s
H 7552  2693                    1144723.0616 925073.505  19.2%   6.7  318s
H 7552  2557                    1144721.3304 925073.505  19.2%   6.7  319s
H 7552  2427                    1144619.2722 925073.505  19.2%   6.7  319s
  7557  2430 926123.614  404  499 1144619.27 925074.921  19.2%   6.7  321s
  7563  2434 926837.372  203  504 1144619.27 925086.939  19.2%   6.7  325s
  7571  2439 925089.468  136  504 1144619.27 925089.468  19.2%   6.7  331s
  7576  2443 925093.207   72  508 1144619.27 925093.207  19.2%   6.6  335s
  7582  2447 926812.511  539  501 1144619.27 925093.921  19.2%   6.6  341s
  7589  2452 925996.345  316  583 1144619.27 925094.094  19.2%  14.3  354s
  7590  2453 926095.679  435  519 1144619.27 925094.094  19.2%  14.3  357s
  7595  2456 926467.665  609  448 1144619.27 925094.094  19.2%  14.3  360s
H 7599  2335                    1143862.3737 925161.265  19.1%  14.3  363s
  7602  2337 928007.146  172  462 1143862.37 925167.881  19.1%  14.3  365s
  7607  2340 927211.126  589  459 1143862.37 925210.124  19.1%  14.3  370s
  7614  2345 925221.055  129  477 1143862.37 925221.055  19.1%  14.2  376s
  7620  2349 926949.880  521  481 1143862.37 925236.585  19.1%  14.2  380s
  7626  2353 927237.865  681  482 1143862.37 925241.312  19.1%  14.2  386s
H 7626  2235                    1142518.1029 925244.501  19.0%  14.2  388s
H 7626  2123                    1135601.2076 925244.501  18.5%  14.2  388s
H 7626  2016                    1134464.6689 925244.501  18.4%  14.2  389s
H 7626  1914                    1134394.4152 925244.501  18.4%  14.2  390s
  7632  1918 926746.717  240  478 1134394.42 925246.114  18.4%  14.2  395s
  7636  1921 926423.549  336  477 1134394.42 925272.454  18.4%  14.2  401s
  7641  1924 925880.263  181  481 1134394.42 925272.454  18.4%  14.2  405s
  7643  1925 927195.127  173  480 1134394.42 925272.615  18.4%  14.2  410s
  7646  1927 925778.544  313  484 1134394.42 925272.648  18.4%  14.2  415s
  7649  1929 925272.999   38  387 1134394.42 925272.999  18.4%  14.2  425s
  7656  1935 926850.573  296  534 1134394.42 925274.875  18.4%  21.4  437s
  7658  1937 926651.878  523  476 1134394.42 925274.875  18.4%  21.4  440s
H 7666  1844                    1133724.3829 925274.875  18.4%  21.4  444s
  7668  1845 927379.720  624  465 1133724.38 925275.222  18.4%  21.4  445s
  7675  1850 925286.668   43  463 1133724.38 925286.668  18.4%  21.4  450s
H 7675  1757                    1133640.1076 925286.668  18.4%  21.4  452s
  7679  1760 925288.194   32  479 1133640.11 925288.194  18.4%  21.4  455s
H 7681  1673                    1132442.3680 925288.734  18.3%  21.4  460s
H 7681  1589                    1132110.1557 925288.734  18.3%  21.4  460s
H 7681  1509                    1131676.9427 925288.734  18.2%  21.4  460s
  7687  1513 926644.646  433  478 1131676.94 925295.617  18.2%  21.4  466s
H 7687  1437                    1131412.7139 925299.273  18.2%  21.4  468s
H 7687  1364                    1129380.6313 925299.273  18.1%  21.4  468s
H 7687  1295                    1129189.0824 925299.273  18.1%  21.4  468s
H 7687  1230                    1128941.2869 925299.273  18.0%  21.4  468s
  7689  1231 925996.345  316  468 1128941.29 925299.299  18.0%  21.3  470s
H 7693  1172                    1126996.8919 925302.685  17.9%  21.3  477s
H 7693  1112                    1125357.9969 925302.685  17.8%  21.3  477s
H 7693  1056                    1125214.4776 925302.685  17.8%  21.3  477s
H 7693  1003                    1125213.2087 925302.685  17.8%  21.3  477s
H 7693   952                    1125032.2784 925302.685  17.8%  21.3  478s
H 7693   904                    1125032.2756 925302.685  17.8%  21.3  478s
H 7693   858                    1125004.5616 925302.685  17.8%  21.3  479s
  7697   861 928028.283  601  469 1125004.56 925303.237  17.8%  21.3  481s
  7701   863 925306.321  278  472 1125004.56 925306.321  17.8%  21.3  485s
  7704   865 926108.515  442  482 1125004.56 925323.520  17.7%  21.3  490s
  7713   871 927271.219  214  502 1125004.56 925395.924  17.7%  21.3  496s

Cutting planes:
  Learned: 1
  Gomory: 266
  Cover: 316
  Implied bound: 122
  Projected implied bound: 168
  MIR: 706
  Mixing: 12
  Flow cover: 536
  RLT: 34
  Relax-and-lift: 104

Explored 7714 nodes (269517 simplex iterations) in 502.25 seconds (408.47 work units)
Thread count was 8 (of 8 available processors)

Solution count 10: 1.125e+06 1.12503e+06 1.12503e+06 ... 1.12938e+06

Solve interrupted
Best objective 1.125004561560e+06, best bound 9.253964772887e+05, gap 17.7429%

