Solver command line: []

Read LP format model from file C:\Users\wlhlm\AppData\Local\Temp\tmpzfpqu12m.pyomo.lp
Reading time = 2.55 seconds
objective: 979392 rows, 878399 columns, 2200350 nonzeros
Set parameter MIPGap to value 0.02
Gurobi Optimizer version 12.0.1 build v12.0.1rc0 (win64 - Windows 11.0 (26100.2))

CPU model: Intel(R) Core(TM) Ultra 7 258V, instruction set [SSE2|AVX|AVX2]
Thread count: 8 physical cores, 8 logical processors, using up to 8 threads

Non-default parameters:
MIPGap  0.02

Optimize a model with 979392 rows, 878399 columns and 2200350 nonzeros
Model fingerprint: 0x94357cf6
Model has 8783 quadratic constraints
Variable types: 755424 continuous, 122975 integer (105408 binary)
Coefficient statistics:
  Matrix range     [6e-03, 2e+02]
  QMatrix range    [1e+00, 1e+00]
  Objective range  [1e-02, 4e+02]
  Bounds range     [1e+00, 3e+00]
  RHS range        [8e-05, 1e+04]
Presolve removed 776478 rows and 649120 columns
Presolve time: 0.70s
Presolved: 202914 rows, 229279 columns, 631766 nonzeros
Variable types: 154593 continuous, 74686 integer (65902 binary)
Performing another presolve...
Presolve removed 70272 rows and 70273 columns (presolve time = 6s)...
Presolve removed 70272 rows and 70273 columns
Presolve time: 6.09s
Deterministic concurrent LP optimizer: primal and dual simplex
Showing primal log only...


Root simplex log...

Iteration    Objective       Primal Inf.    Dual Inf.      Time
       0    2.1263412e+07   6.180761e+06   5.376779e+13      8s
   71143    1.2710131e+07   4.305965e+03   3.520827e+09     10s
Concurrent spin time: 0.02s

Solved with dual simplex

Root simplex log...

Iteration    Objective       Primal Inf.    Dual Inf.      Time
   53942    7.5438169e+06   0.000000e+00   0.000000e+00     11s
Extra simplex iterations after uncrush: 1

Root relaxation: objective 7.543817e+06, 53942 iterations, 3.05 seconds (4.55 work units)
Total elapsed time = 10.64s (DegenMoves)

    Nodes    |    Current Node    |     Objective Bounds      |     Work
 Expl Unexpl |  Obj  Depth IntInf | Incumbent    BestBd   Gap | It/Node Time

     0     0 7543816.90    0  537          - 7543816.90      -     -   13s
H    0     0                    7934038.9620 7543816.90  4.92%     -   16s
H    0     0                    7932628.5357 7548376.88  4.84%     -   21s
     0     0 7548376.88    0  638 7932628.54 7548376.88  4.84%     -   22s
     0     0 7549088.72    0  618 7932628.54 7549088.72  4.83%     -   23s
     0     0 7549140.45    0  613 7932628.54 7549140.45  4.83%     -   24s
     0     0 7550099.30    0  590 7932628.54 7550099.30  4.82%     -   25s
     0     0 7550298.45    0  497 7932628.54 7550298.45  4.82%     -   25s
     0     0 7550347.34    0  487 7932628.54 7550347.34  4.82%     -   26s
     0     0 7550393.77    0  483 7932628.54 7550393.77  4.82%     -   26s
     0     0 7550396.94    0  487 7932628.54 7550396.94  4.82%     -   26s
     0     0 7550396.96    0  487 7932628.54 7550396.96  4.82%     -   26s
     0     0 7550825.58    0  487 7932628.54 7550825.58  4.81%     -   29s
H    0     0                    7928270.2846 7550939.04  4.76%     -   30s
H    0     0                    7925829.1963 7550939.04  4.73%     -   30s
     0     0 7550939.04    0  483 7925829.20 7550939.04  4.73%     -   30s
     0     0 7550957.55    0  479 7925829.20 7550957.55  4.73%     -   30s
     0     0 7550958.03    0  480 7925829.20 7550958.03  4.73%     -   30s
H    0     0                    7920192.9619 7550958.03  4.66%     -   32s
     0     0 7551158.87    0  480 7920192.96 7551158.87  4.66%     -   33s
H    0     0                    7910477.2758 7551165.83  4.54%     -   33s
     0     0 7551240.39    0  467 7910477.28 7551240.39  4.54%     -   34s
     0     0 7551248.88    0  475 7910477.28 7551248.88  4.54%     -   34s
     0     0 7551254.26    0  468 7910477.28 7551254.26  4.54%     -   34s
     0     0 7551257.17    0  471 7910477.28 7551257.17  4.54%     -   34s
     0     0 7551257.25    0  468 7910477.28 7551257.25  4.54%     -   34s
     0     0 7551260.67    0  473 7910477.28 7551260.67  4.54%     -   35s
     0     0 7551261.67    0  475 7910477.28 7551261.67  4.54%     -   36s
     0     0 7551270.38    0  484 7910477.28 7551270.38  4.54%     -   36s
     0     0 7551274.25    0  485 7910477.28 7551274.25  4.54%     -   37s
     0     0 7551274.38    0  487 7910477.28 7551274.38  4.54%     -   37s
     0     0 7551278.97    0  490 7910477.28 7551278.97  4.54%     -   37s
     0     0 7551279.67    0  492 7910477.28 7551279.67  4.54%     -   38s
     0     0 7551280.89    0  488 7910477.28 7551280.89  4.54%     -   38s
     0     0 7551280.89    0  398 7910477.28 7551280.89  4.54%     -   39s
H    0     0                    7908160.9812 7551280.89  4.51%     -   41s
H    0     0                    7898431.9446 7551280.89  4.40%     -   42s
H    0     0                    7892890.4474 7551280.89  4.33%     -   42s
H    0     0                    7891863.3910 7551280.89  4.32%     -   42s
H    0     0                    7891652.6621 7551280.89  4.31%     -   42s
H    0     0                    7891567.0716 7551280.89  4.31%     -   42s
H    0     0                    7891548.0682 7551280.89  4.31%     -   42s
     0     2 7551280.89    0  386 7891548.07 7551280.89  4.31%     -   44s
     1     4 7551421.83    1  378 7891548.07 7551280.89  4.31%   502   45s
H   51    56                    7891539.8376 7551304.75  4.31%  45.4   48s
H   53    56                    7891537.6712 7551304.75  4.31%  43.9   48s
    87    96 7552985.15    9  407 7891537.67 7551304.75  4.31%  32.1   50s
H  117   133                    7885934.6346 7551304.75  4.24%  31.4   53s
H  121   133                    7885700.0987 7551304.75  4.24%  31.0   53s
H  125   133                    7876362.2472 7551304.75  4.13%  30.5   53s
   173   182 7552823.30   16  410 7876362.25 7551304.75  4.13%  26.9   55s
   349   358 7552870.86   32  401 7876362.25 7551304.75  4.13%  15.3   61s
H  351   358                    7874849.3196 7551304.75  4.11%  15.2   61s
H  352   358                    7873185.2869 7551304.75  4.09%  15.2   61s
   496   518 7552913.51   45  398 7873185.29 7551304.75  4.09%  11.8   65s
   916   946 7552995.11   89  393 7873185.29 7551304.75  4.09%   7.7   70s
  1315  1324 7553021.64  126  389 7873185.29 7551304.75  4.09%   7.4   75s
  1323  1332 7553025.25  127  389 7873185.29 7551304.75  4.09%   7.4  104s
H 1326  1332                    7661416.3699 7551304.75  1.44%   7.4  104s

Cutting planes:
  Learned: 6
  Gomory: 214
  Cover: 313
  Implied bound: 148
  MIR: 1018
  Flow cover: 531
  Network: 3
  RLT: 24
  Relax-and-lift: 223

Explored 1331 nodes (76846 simplex iterations) in 104.83 seconds (105.91 work units)
Thread count was 8 (of 8 available processors)

Solution count 10: 7.66142e+06 7.87319e+06 7.87485e+06 ... 7.89157e+06

Optimal solution found (tolerance 2.00e-02)
Best objective 7.661416369942e+06, best bound 7.551304746115e+06, gap 1.4372%

